#
# There is insufficient memory for the Java Runtime Environment to continue.
# Native memory allocation (malloc) failed to allocate 1048576 bytes for AllocateHeap
# Possible reasons:
#   The system is out of physical RAM or swap space
#   The process is running with CompressedOops enabled, and the Java Heap may be blocking the growth of the native heap
# Possible solutions:
#   Reduce memory load on the system
#   Increase physical memory or swap space
#   Check if swap backing store is full
#   Decrease Java heap size (-Xmx/-Xms)
#   Decrease number of Java threads
#   Decrease Java thread stack sizes (-Xss)
#   Set larger code cache with -XX:ReservedCodeCacheSize=
#   JVM is running with Zero Based Compressed Oops mode in which the Java heap is
#     placed in the first 32GB address space. The Java Heap base address is the
#     maximum limit for the native heap growth. Please use -XX:HeapBaseMinAddress
#     to set the Java Heap base and to place the Java Heap above 32GB virtual address.
# This output file may be truncated or incomplete.
#
#  Out of Memory Error (memory/allocation.inline.hpp:61), pid=55776, tid=0x0000000000010e50
#
# JRE version:  (8.0_291-b10) (build )
# Java VM: Java HotSpot(TM) 64-Bit Server VM (25.291-b10 mixed mode windows-amd64 compressed oops)
# Failed to write core dump. Minidumps are not enabled by default on client versions of Windows
#

---------------  T H R E A D  ---------------

Current thread (0x000002abc05c1000):  JavaThread "Unknown thread" [_thread_in_vm, id=69200, stack(0x000000d4a8400000,0x000000d4a8500000)]

Stack: [0x000000d4a8400000,0x000000d4a8500000]
Native frames: (J=compiled Java code, j=interpreted, Vv=VM code, C=native code)
V  [jvm.dll+0x32ea19]
V  [jvm.dll+0x275462]
V  [jvm.dll+0x27610d]
V  [jvm.dll+0x26cb45]
V  [jvm.dll+0x509d]
V  [jvm.dll+0x3d2f93]
V  [jvm.dll+0x3d39a8]
V  [jvm.dll+0xfcaff]
V  [jvm.dll+0x209dfb]
V  [jvm.dll+0x238827]
V  [jvm.dll+0x1625b6]
C  [java.exe+0x2312]
C  [java.exe+0x15f54]
C  [KERNEL32.DLL+0x17614]
C  [ntdll.dll+0x526a1]


---------------  P R O C E S S  ---------------

Java Threads: ( => current thread )

Other Threads:

=>0x000002abc05c1000 (exited) JavaThread "Unknown thread" [_thread_in_vm, id=69200, stack(0x000000d4a8400000,0x000000d4a8500000)]

VM state:not at safepoint (normal execution)

VM Mutex/Monitor currently owned by a thread: None

heap address: 0x00000006c3e00000, size: 4034 MB, Compressed Oops mode: Zero based, Oop shift amount: 3
Narrow klass base: 0x0000000000000000, Narrow klass shift: 3
Compressed class space size: 1073741824 Address: 0x00000007c0000000

Heap:
 PSYoungGen      total 75776K, used 1300K [0x000000076bf80000, 0x0000000771400000, 0x00000007c0000000)
  eden space 65024K, 2% used [0x000000076bf80000,0x000000076c0c51f8,0x000000076ff00000)
  from space 10752K, 0% used [0x0000000770980000,0x0000000770980000,0x0000000771400000)
  to   space 10752K, 0% used [0x000000076ff00000,0x000000076ff00000,0x0000000770980000)
 ParOldGen       total 173568K, used 0K [0x00000006c3e00000, 0x00000006ce780000, 0x000000076bf80000)
  object space 173568K, 0% used [0x00000006c3e00000,0x00000006c3e00000,0x00000006ce780000)
 Metaspace       used 778K, capacity 4480K, committed 4480K, reserved 1056768K
  class space    used 76K, capacity 384K, committed 384K, reserved 1048576K

Card table byte_map: [0x000002abd1370000,0x000002abd1b60000] byte_map_base: 0x000002abcdd51000

Marking Bits: (ParMarkBitMap*) 0x000000005b7d7fe0
 Begin Bits: [0x000002abd20b0000, 0x000002abd5fb8000)
 End Bits:   [0x000002abd5fb8000, 0x000002abd9ec0000)

Polling page: 0x000002abc07d0000

CodeCache: size=245760Kb used=328Kb max_used=328Kb free=245431Kb
 bounds [0x000002abc1fb0000, 0x000002abc2220000, 0x000002abd0fb0000]
 total_blobs=58 nmethods=0 adapters=38
 compilation: enabled

Compilation events (0 events):
No events

GC Heap History (0 events):
No events

Deoptimization events (0 events):
No events

Classes redefined (0 events):
No events

Internal exceptions (0 events):
No events

Events (10 events):
Event: 0.153 loading class java/lang/Short
Event: 0.153 loading class java/lang/Short done
Event: 0.153 loading class java/lang/Integer
Event: 0.154 loading class java/lang/Integer done
Event: 0.154 loading class java/lang/Long
Event: 0.154 loading class java/lang/Long done
Event: 0.155 loading class java/lang/NullPointerException
Event: 0.155 loading class java/lang/NullPointerException done
Event: 0.155 loading class java/lang/ArithmeticException
Event: 0.155 loading class java/lang/ArithmeticException done


Dynamic libraries:
0x00007ff6e6180000 - 0x00007ff6e61c7000 	C:\UFPE\miningframework\main\jdk1.8.0_291\bin\java.exe
0x00007ffc06450000 - 0x00007ffc06648000 	C:\WINDOWS\SYSTEM32\ntdll.dll
0x00007ffc04640000 - 0x00007ffc046ff000 	C:\WINDOWS\System32\KERNEL32.DLL
0x00007ffc03f30000 - 0x00007ffc04202000 	C:\WINDOWS\System32\KERNELBASE.dll
0x00007ffc04b40000 - 0x00007ffc04bee000 	C:\WINDOWS\System32\ADVAPI32.dll
0x00007ffc04aa0000 - 0x00007ffc04b3e000 	C:\WINDOWS\System32\msvcrt.dll
0x00007ffc06370000 - 0x00007ffc0640c000 	C:\WINDOWS\System32\sechost.dll
0x00007ffc051f0000 - 0x00007ffc05315000 	C:\WINDOWS\System32\RPCRT4.dll
0x00007ffc05040000 - 0x00007ffc051e1000 	C:\WINDOWS\System32\USER32.dll
0x00007ffc03cd0000 - 0x00007ffc03cf2000 	C:\WINDOWS\System32\win32u.dll
0x00007ffc04ff0000 - 0x00007ffc0501b000 	C:\WINDOWS\System32\GDI32.dll
0x00007ffc03d00000 - 0x00007ffc03e0f000 	C:\WINDOWS\System32\gdi32full.dll
0x00007ffc04360000 - 0x00007ffc043fd000 	C:\WINDOWS\System32\msvcp_win.dll
0x00007ffc04210000 - 0x00007ffc04310000 	C:\WINDOWS\System32\ucrtbase.dll
0x00007ffbeb6e0000 - 0x00007ffbeb97a000 	C:\WINDOWS\WinSxS\amd64_microsoft.windows.common-controls_6595b64144ccf1df_6.0.19041.1110_none_60b5254171f9507e\COMCTL32.dll
0x00007ffc04bf0000 - 0x00007ffc04c22000 	C:\WINDOWS\System32\IMM32.DLL
0x00007ffbc3980000 - 0x00007ffbc3995000 	C:\UFPE\miningframework\main\jdk1.8.0_291\jre\bin\vcruntime140.dll
0x00007ffbb3730000 - 0x00007ffbb37cb000 	C:\UFPE\miningframework\main\jdk1.8.0_291\jre\bin\msvcp140.dll
0x000000005aff0000 - 0x000000005b850000 	C:\UFPE\miningframework\main\jdk1.8.0_291\jre\bin\server\jvm.dll
0x00007ffc04a90000 - 0x00007ffc04a98000 	C:\WINDOWS\System32\PSAPI.DLL
0x00007ffbeeb30000 - 0x00007ffbeeb39000 	C:\WINDOWS\SYSTEM32\WSOCK32.dll
0x00007ffbf9390000 - 0x00007ffbf93b7000 	C:\WINDOWS\SYSTEM32\WINMM.dll
0x00007ffbfa720000 - 0x00007ffbfa72a000 	C:\WINDOWS\SYSTEM32\VERSION.dll
0x00007ffc05500000 - 0x00007ffc0556b000 	C:\WINDOWS\System32\WS2_32.dll
0x00007ffc02360000 - 0x00007ffc02372000 	C:\WINDOWS\SYSTEM32\kernel.appcore.dll
0x00007ffbd28e0000 - 0x00007ffbd28f0000 	C:\UFPE\miningframework\main\jdk1.8.0_291\jre\bin\verify.dll
0x00007ffbbe8e0000 - 0x00007ffbbe90b000 	C:\UFPE\miningframework\main\jdk1.8.0_291\jre\bin\java.dll
0x00007ffbbe8c0000 - 0x00007ffbbe8d8000 	C:\UFPE\miningframework\main\jdk1.8.0_291\jre\bin\zip.dll
0x00007ffc01fe0000 - 0x00007ffc021c4000 	C:\WINDOWS\SYSTEM32\dbghelp.dll
0x00007ffc04400000 - 0x00007ffc04482000 	C:\WINDOWS\System32\bcryptPrimitives.dll

VM Arguments:
java_command: <unknown>
java_class_path (initial): .
Launcher Type: SUN_STANDARD

Environment Variables:
JAVA_HOME=C:\Program Files\Java\jdk1.8.0_291
PATH=C:\Program Files\Common Files\Oracle\Java\javapath;C:\Program Files (x86)\Common Files\Oracle\Java\javapath;C:\Windows\system32;C:\Windows;C:\Windows\System32\Wbem;C:\Windows\System32\WindowsPowerShell\v1.0\;C:\Windows\System32\OpenSSH\;C:\Program Files (x86)\NVIDIA Corporation\PhysX\Common;C:\Program Files\NVIDIA Corporation\NVIDIA NvDLISR;C:\Program Files (x86)\Groovy\bin;C:\Program Files (x86)\GnuWin32\bin;C:\UFPE\maven\apache-maven-3.6.3\bin;C:\WINDOWS\system32;C:\WINDOWS;C:\WINDOWS\System32\Wbem;C:\WINDOWS\System32\WindowsPowerShell\v1.0\;C:\WINDOWS\System32\OpenSSH\;C:\Program Files\Git\cmd;C:\Program Files\dotnet\;C:\Users\leona\AppData\Local\Microsoft\WindowsApps;C:\Program Files\Java\jdk-11.0.15\bin;C:\UFPE\maven\apache-maven-3.6.3\bin;C:\Users\leona\AppData\Local\GitHubDesktop\bin;C:\Users\leona\AppData\Local\Programs\Microsoft VS Code\bin;C:\Program Files\JetBrains\IntelliJ IDEA Community Edition 2020.2.3\bin;;C:\Program Files (x86)\GnuWin32\bin;C:\Users\leona\AppData\Local\Microsoft\WindowsApps;C:\flutter\flutter\bin;C:\gradle\bin;
USERNAME=leona
OS=Windows_NT
PROCESSOR_IDENTIFIER=Intel64 Family 6 Model 142 Stepping 12, GenuineIntel



---------------  S Y S T E M  ---------------

OS: Windows 10.0 , 64 bit Build 19041 (10.0.19041.2364)

CPU:total 8 (initial active 8) (4 cores per cpu, 2 threads per core) family 6 model 142 stepping 12, cmov, cx8, fxsr, mmx, sse, sse2, sse3, ssse3, sse4.1, sse4.2, popcnt, avx, avx2, aes, clmul, erms, 3dnowpref, lzcnt, ht, tsc, tscinvbit, bmi1, bmi2, adx

Memory: 4k page, physical 16521856k(1832636k free), swap 45574012k(5932k free)

vm_info: Java HotSpot(TM) 64-Bit Server VM (25.291-b10) for windows-amd64 JRE (1.8.0_291-b10), built on Apr  9 2021 00:02:00 by "java_re" with MS VC++ 15.9 (VS2017)

time: Fri Dec 30 15:49:42 2022
timezone: Hora Padrão de Buenos Aires
elapsed time: 0.175542 seconds (0d 0h 0m 0s)

