#
# There is insufficient memory for the Java Runtime Environment to continue.
# Native memory allocation (malloc) failed to allocate 1376976 bytes for Chunk::new
# Possible reasons:
#   The system is out of physical RAM or swap space
#   The process is running with CompressedOops enabled, and the Java Heap may be blocking the growth of the native heap
# Possible solutions:
#   Reduce memory load on the system
#   Increase physical memory or swap space
#   Check if swap backing store is full
#   Decrease Java heap size (-Xmx/-Xms)
#   Decrease number of Java threads
#   Decrease Java thread stack sizes (-Xss)
#   Set larger code cache with -XX:ReservedCodeCacheSize=
#   JVM is running with Zero Based Compressed Oops mode in which the Java heap is
#     placed in the first 32GB address space. The Java Heap base address is the
#     maximum limit for the native heap growth. Please use -XX:HeapBaseMinAddress
#     to set the Java Heap base and to place the Java Heap above 32GB virtual address.
# This output file may be truncated or incomplete.
#
#  Out of Memory Error (allocation.cpp:389), pid=157540, tid=0x00000000000250b0
#
# JRE version: Java(TM) SE Runtime Environment (8.0_251-b08) (build 1.8.0_251-b08)
# Java VM: Java HotSpot(TM) 64-Bit Server VM (25.251-b08 mixed mode windows-amd64 compressed oops)
# Failed to write core dump. Minidumps are not enabled by default on client versions of Windows
#

---------------  T H R E A D  ---------------

Current thread (0x000000001e3dc800):  JavaThread "C2 CompilerThread0" daemon [_thread_in_native, id=151728, stack(0x000000001ecd0000,0x000000001edd0000)]

Stack: [0x000000001ecd0000,0x000000001edd0000]
[error occurred during error reporting (printing stack bounds), id 0xc0000005]

Native frames: (J=compiled Java code, j=interpreted, Vv=VM code, C=native code)


Current CompileTask:
C2:   8395 2614       4       org.eclipse.jdt.internal.compiler.lookup.BinaryTypeBinding::createMethod (1613 bytes)


---------------  P R O C E S S  ---------------

Java Threads: ( => current thread )
  0x000000001e478800 JavaThread "Service Thread" daemon [_thread_blocked, id=141332, stack(0x000000001f0d0000,0x000000001f1d0000)]
  0x000000001e3e9800 JavaThread "C1 CompilerThread3" daemon [_thread_blocked, id=153048, stack(0x000000001efd0000,0x000000001f0d0000)]
  0x000000001e3e2800 JavaThread "C2 CompilerThread2" daemon [_thread_blocked, id=153636, stack(0x000000001eed0000,0x000000001efd0000)]
  0x000000001e3df800 JavaThread "C2 CompilerThread1" daemon [_thread_blocked, id=150176, stack(0x000000001edd0000,0x000000001eed0000)]
=>0x000000001e3dc800 JavaThread "C2 CompilerThread0" daemon [_thread_in_native, id=151728, stack(0x000000001ecd0000,0x000000001edd0000)]
  0x000000001e3d9800 JavaThread "Attach Listener" daemon [_thread_blocked, id=153876, stack(0x000000001ebd0000,0x000000001ecd0000)]
  0x000000001e3d7000 JavaThread "Signal Dispatcher" daemon [_thread_blocked, id=152040, stack(0x000000001ead0000,0x000000001ebd0000)]
  0x0000000002cee800 JavaThread "Finalizer" daemon [_thread_blocked, id=158212, stack(0x000000001e8b0000,0x000000001e9b0000)]
  0x000000001e3d0800 JavaThread "Reference Handler" daemon [_thread_blocked, id=154380, stack(0x000000001e7b0000,0x000000001e8b0000)]
  0x0000000002bf2800 JavaThread "main" [_thread_in_vm, id=152568, stack(0x0000000002af0000,0x0000000002bf0000)]

Other Threads:
  0x000000001c5d9000 VMThread [stack: 0x000000001e2b0000,0x000000001e3b0000] [id=157472]
  0x000000001e402000 WatcherThread [stack: 0x000000001f1d0000,0x000000001f2d0000] [id=154936]

VM state:not at safepoint (normal execution)

VM Mutex/Monitor currently owned by a thread: None

heap address: 0x00000006c3e00000, size: 4034 MB, Compressed Oops mode: Zero based, Oop shift amount: 3
Narrow klass base: 0x0000000000000000, Narrow klass shift: 3
Compressed class space size: 1073741824 Address: 0x00000007c0000000

Heap:
 PSYoungGen      total 1371136K, used 445781K [0x000000076bf80000, 0x00000007c0000000, 0x00000007c0000000)
  eden space 1365504K, 32% used [0x000000076bf80000,0x0000000786fcd740,0x00000007bf500000)
  from space 5632K, 55% used [0x00000007bfa80000,0x00000007bfd88000,0x00000007c0000000)
  to   space 5632K, 0% used [0x00000007bf500000,0x00000007bf500000,0x00000007bfa80000)
 ParOldGen       total 173568K, used 15458K [0x00000006c3e00000, 0x00000006ce780000, 0x000000076bf80000)
  object space 173568K, 8% used [0x00000006c3e00000,0x00000006c4d18900,0x00000006ce780000)
 Metaspace       used 18187K, capacity 18492K, committed 18688K, reserved 1067008K
  class space    used 1665K, capacity 1766K, committed 1792K, reserved 1048576K

Card table byte_map: [0x00000000120b0000,0x00000000128a0000] byte_map_base: 0x000000000ea91000

Marking Bits: (ParMarkBitMap*) 0x0000000074c9af90
 Begin Bits: [0x00000000135f0000, 0x00000000174f8000)
 End Bits:   [0x00000000174f8000, 0x000000001b400000)

Polling page: 0x0000000002910000

CodeCache: size=245760Kb used=14264Kb max_used=14278Kb free=231495Kb
 bounds [0x0000000002cf0000, 0x0000000003af0000, 0x0000000011cf0000]
 total_blobs=3311 nmethods=2886 adapters=336
 compilation: enabled

Compilation events (10 events):
Event: 8.371 Thread 0x000000001e3e9800 nmethod 2880 0x0000000003ade510 code [0x0000000003ade6e0, 0x0000000003adf128]
Event: 8.371 Thread 0x000000001e3e9800 2884       3       org.eclipse.jdt.internal.compiler.ClassFile::addFieldAttributes (357 bytes)
Event: 8.373 Thread 0x000000001e3e9800 nmethod 2884 0x0000000003adf910 code [0x0000000003adfc80, 0x0000000003ae1f28]
Event: 8.373 Thread 0x000000001e3e9800 2881       3       org.eclipse.jdt.internal.compiler.ClassFile::addFieldInfo (264 bytes)
Event: 8.374 Thread 0x000000001e3e9800 nmethod 2881 0x0000000003add390 code [0x0000000003add5a0, 0x0000000003adde58]
Event: 8.374 Thread 0x000000001e3e9800 2886       3       org.eclipse.jdt.internal.compiler.lookup.FieldBinding::isDeprecated (15 bytes)
Event: 8.374 Thread 0x000000001e3e9800 nmethod 2886 0x0000000003add010 code [0x0000000003add160, 0x0000000003add310]
Event: 8.374 Thread 0x000000001e3e9800 2887       3       org.eclipse.jdt.internal.compiler.lookup.FieldBinding::genericSignature (21 bytes)
Event: 8.375 Thread 0x000000001e3e9800 nmethod 2887 0x0000000003adcb50 code [0x0000000003adccc0, 0x0000000003adcf48]
Event: 8.388 Thread 0x000000001e3df800 nmethod 2885 0x0000000003ae7c90 code [0x0000000003ae7e40, 0x0000000003ae8c68]

GC Heap History (10 events):
Event: 2.432 GC heap before
{Heap before GC invocations=10 (full 0):
 PSYoungGen      total 525824K, used 521856K [0x000000076bf80000, 0x000000079f780000, 0x00000007c0000000)
  eden space 519680K, 100% used [0x000000076bf80000,0x000000078bb00000,0x000000078bb00000)
  from space 6144K, 35% used [0x000000078bb00000,0x000000078bd20000,0x000000078c100000)
  to   space 6144K, 0% used [0x000000079f180000,0x000000079f180000,0x000000079f780000)
 ParOldGen       total 173568K, used 4467K [0x00000006c3e00000, 0x00000006ce780000, 0x000000076bf80000)
  object space 173568K, 2% used [0x00000006c3e00000,0x00000006c425cdf8,0x00000006ce780000)
 Metaspace       used 9252K, capacity 9454K, committed 9728K, reserved 1058816K
  class space    used 954K, capacity 1001K, committed 1024K, reserved 1048576K
Event: 2.438 GC heap after
Heap after GC invocations=10 (full 0):
 PSYoungGen      total 836608K, used 2560K [0x000000076bf80000, 0x000000079f680000, 0x00000007c0000000)
  eden space 831488K, 0% used [0x000000076bf80000,0x000000076bf80000,0x000000079eb80000)
  from space 5120K, 50% used [0x000000079f180000,0x000000079f400000,0x000000079f680000)
  to   space 5632K, 0% used [0x000000079eb80000,0x000000079eb80000,0x000000079f100000)
 ParOldGen       total 173568K, used 5515K [0x00000006c3e00000, 0x00000006ce780000, 0x000000076bf80000)
  object space 173568K, 3% used [0x00000006c3e00000,0x00000006c4362df8,0x00000006ce780000)
 Metaspace       used 9252K, capacity 9454K, committed 9728K, reserved 1058816K
  class space    used 954K, capacity 1001K, committed 1024K, reserved 1048576K
}
Event: 3.161 GC heap before
{Heap before GC invocations=11 (full 0):
 PSYoungGen      total 836608K, used 834048K [0x000000076bf80000, 0x000000079f680000, 0x00000007c0000000)
  eden space 831488K, 100% used [0x000000076bf80000,0x000000079eb80000,0x000000079eb80000)
  from space 5120K, 50% used [0x000000079f180000,0x000000079f400000,0x000000079f680000)
  to   space 5632K, 0% used [0x000000079eb80000,0x000000079eb80000,0x000000079f100000)
 ParOldGen       total 173568K, used 5515K [0x00000006c3e00000, 0x00000006ce780000, 0x000000076bf80000)
  object space 173568K, 3% used [0x00000006c3e00000,0x00000006c4362df8,0x00000006ce780000)
 Metaspace       used 9275K, capacity 9454K, committed 9728K, reserved 1058816K
  class space    used 954K, capacity 1001K, committed 1024K, reserved 1048576K
Event: 3.167 GC heap after
Heap after GC invocations=11 (full 0):
 PSYoungGen      total 837120K, used 2272K [0x000000076bf80000, 0x00000007bde00000, 0x00000007c0000000)
  eden space 831488K, 0% used [0x000000076bf80000,0x000000076bf80000,0x000000079eb80000)
  from space 5632K, 40% used [0x000000079eb80000,0x000000079edb8020,0x000000079f100000)
  to   space 5632K, 0% used [0x00000007bd880000,0x00000007bd880000,0x00000007bde00000)
 ParOldGen       total 173568K, used 8013K [0x00000006c3e00000, 0x00000006ce780000, 0x000000076bf80000)
  object space 173568K, 4% used [0x00000006c3e00000,0x00000006c45d3460,0x00000006ce780000)
 Metaspace       used 9275K, capacity 9454K, committed 9728K, reserved 1058816K
  class space    used 954K, capacity 1001K, committed 1024K, reserved 1048576K
}
Event: 3.722 GC heap before
{Heap before GC invocations=12 (full 0):
 PSYoungGen      total 837120K, used 833760K [0x000000076bf80000, 0x00000007bde00000, 0x00000007c0000000)
  eden space 831488K, 100% used [0x000000076bf80000,0x000000079eb80000,0x000000079eb80000)
  from space 5632K, 40% used [0x000000079eb80000,0x000000079edb8020,0x000000079f100000)
  to   space 5632K, 0% used [0x00000007bd880000,0x00000007bd880000,0x00000007bde00000)
 ParOldGen       total 173568K, used 8013K [0x00000006c3e00000, 0x00000006ce780000, 0x000000076bf80000)
  object space 173568K, 4% used [0x00000006c3e00000,0x00000006c45d3460,0x00000006ce780000)
 Metaspace       used 9277K, capacity 9454K, committed 9728K, reserved 1058816K
  class space    used 954K, capacity 1001K, committed 1024K, reserved 1048576K
Event: 3.727 GC heap after
Heap after GC invocations=12 (full 0):
 PSYoungGen      total 1336320K, used 1792K [0x000000076bf80000, 0x00000007bde00000, 0x00000007c0000000)
  eden space 1330688K, 0% used [0x000000076bf80000,0x000000076bf80000,0x00000007bd300000)
  from space 5632K, 31% used [0x00000007bd880000,0x00000007bda40000,0x00000007bde00000)
  to   space 5632K, 0% used [0x00000007bd300000,0x00000007bd300000,0x00000007bd880000)
 ParOldGen       total 173568K, used 10186K [0x00000006c3e00000, 0x00000006ce780000, 0x000000076bf80000)
  object space 173568K, 5% used [0x00000006c3e00000,0x00000006c47f2ac0,0x00000006ce780000)
 Metaspace       used 9277K, capacity 9454K, committed 9728K, reserved 1058816K
  class space    used 954K, capacity 1001K, committed 1024K, reserved 1048576K
}
Event: 4.744 GC heap before
{Heap before GC invocations=13 (full 0):
 PSYoungGen      total 1336320K, used 1332480K [0x000000076bf80000, 0x00000007bde00000, 0x00000007c0000000)
  eden space 1330688K, 100% used [0x000000076bf80000,0x00000007bd300000,0x00000007bd300000)
  from space 5632K, 31% used [0x00000007bd880000,0x00000007bda40000,0x00000007bde00000)
  to   space 5632K, 0% used [0x00000007bd300000,0x00000007bd300000,0x00000007bd880000)
 ParOldGen       total 173568K, used 10186K [0x00000006c3e00000, 0x00000006ce780000, 0x000000076bf80000)
  object space 173568K, 5% used [0x00000006c3e00000,0x00000006c47f2ac0,0x00000006ce780000)
 Metaspace       used 9320K, capacity 9518K, committed 9728K, reserved 1058816K
  class space    used 954K, capacity 1001K, committed 1024K, reserved 1048576K
Event: 4.750 GC heap after
Heap after GC invocations=13 (full 0):
 PSYoungGen      total 1336320K, used 3664K [0x000000076bf80000, 0x00000007c0000000, 0x00000007c0000000)
  eden space 1330688K, 0% used [0x000000076bf80000,0x000000076bf80000,0x00000007bd300000)
  from space 5632K, 65% used [0x00000007bd300000,0x00000007bd694030,0x00000007bd880000)
  to   space 5632K, 0% used [0x00000007bfa80000,0x00000007bfa80000,0x00000007c0000000)
 ParOldGen       total 173568K, used 11906K [0x00000006c3e00000, 0x00000006ce780000, 0x000000076bf80000)
  object space 173568K, 6% used [0x00000006c3e00000,0x00000006c49a0ac0,0x00000006ce780000)
 Metaspace       used 9320K, capacity 9518K, committed 9728K, reserved 1058816K
  class space    used 954K, capacity 1001K, committed 1024K, reserved 1048576K
}
Event: 5.624 GC heap before
{Heap before GC invocations=14 (full 0):
 PSYoungGen      total 1336320K, used 1334352K [0x000000076bf80000, 0x00000007c0000000, 0x00000007c0000000)
  eden space 1330688K, 100% used [0x000000076bf80000,0x00000007bd300000,0x00000007bd300000)
  from space 5632K, 65% used [0x00000007bd300000,0x00000007bd694030,0x00000007bd880000)
  to   space 5632K, 0% used [0x00000007bfa80000,0x00000007bfa80000,0x00000007c0000000)
 ParOldGen       total 173568K, used 11906K [0x00000006c3e00000, 0x00000006ce780000, 0x000000076bf80000)
  object space 173568K, 6% used [0x00000006c3e00000,0x00000006c49a0ac0,0x00000006ce780000)
 Metaspace       used 9323K, capacity 9518K, committed 9728K, reserved 1058816K
  class space    used 954K, capacity 1001K, committed 1024K, reserved 1048576K
Event: 5.631 GC heap after
Heap after GC invocations=14 (full 0):
 PSYoungGen      total 1371136K, used 3104K [0x000000076bf80000, 0x00000007c0000000, 0x00000007c0000000)
  eden space 1365504K, 0% used [0x000000076bf80000,0x000000076bf80000,0x00000007bf500000)
  from space 5632K, 55% used [0x00000007bfa80000,0x00000007bfd88000,0x00000007c0000000)
  to   space 5632K, 0% used [0x00000007bf500000,0x00000007bf500000,0x00000007bfa80000)
 ParOldGen       total 173568K, used 15458K [0x00000006c3e00000, 0x00000006ce780000, 0x000000076bf80000)
  object space 173568K, 8% used [0x00000006c3e00000,0x00000006c4d18900,0x00000006ce780000)
 Metaspace       used 9323K, capacity 9518K, committed 9728K, reserved 1058816K
  class space    used 954K, capacity 1001K, committed 1024K, reserved 1048576K
}

Deoptimization events (10 events):
Event: 7.545 Thread 0x0000000002bf2800 Uncommon trap: reason=class_check action=maybe_recompile pc=0x0000000003046bd8 method=java.util.stream.ReduceOps$3ReducingSink.accept(Ljava/lang/Object;)V @ 9
Event: 7.587 Thread 0x0000000002bf2800 Uncommon trap: reason=unstable_if action=reinterpret pc=0x000000000314d08c method=java.util.regex.Pattern.RemoveQEQuoting()V @ 41
Event: 7.970 Thread 0x0000000002bf2800 Uncommon trap: reason=unstable_if action=reinterpret pc=0x000000000387bf24 method=org.eclipse.jdt.internal.compiler.parser.Scanner.getNextToken0()I @ 2095
Event: 8.026 Thread 0x0000000002bf2800 Uncommon trap: reason=unstable_if action=reinterpret pc=0x00000000038be46c method=java.util.zip.ZipFile$ZipEntryIterator.hasNext()Z @ 25
Event: 8.030 Thread 0x0000000002bf2800 Uncommon trap: reason=unstable_if action=reinterpret pc=0x00000000038c3cac method=java.util.zip.ZipFile$ZipEntryIterator.hasNext()Z @ 25
Event: 8.072 Thread 0x0000000002bf2800 Uncommon trap: reason=unstable_if action=reinterpret pc=0x0000000003802464 method=org.eclipse.jdt.internal.compiler.parser.Scanner.getNextToken()I @ 80
Event: 8.074 Thread 0x0000000002bf2800 Uncommon trap: reason=unstable_if action=reinterpret pc=0x0000000003797cb0 method=sun.net.www.ParseUtil.encodePath(Ljava/lang/String;Z)Ljava/lang/String; @ 109
Event: 8.083 Thread 0x0000000002bf2800 Uncommon trap: reason=unloaded action=reinterpret pc=0x0000000003859ef4 method=org.eclipse.jdt.internal.compiler.parser.Parser.consumeToken(I)V @ 1326
Event: 8.352 Thread 0x0000000002bf2800 Uncommon trap: reason=unstable_if action=reinterpret pc=0x0000000003861d2c method=org.eclipse.jdt.internal.compiler.util.Util.getLineNumber(I[III)I @ 50
Event: 8.356 Thread 0x0000000002bf2800 Uncommon trap: reason=predicate action=maybe_recompile pc=0x00000000036f0614 method=java.util.ArrayList.indexOf(Ljava/lang/Object;)I @ 44

Classes redefined (0 events):
No events

Internal exceptions (10 events):
Event: 0.298 Thread 0x0000000002bf2800 Exception <a 'java/security/PrivilegedActionException'> (0x000000076cb722c0) thrown at [C:\jenkins\workspace\8-2-build-windows-amd64-cygwin\jdk8u251\737\hotspot\src\share\vm\prims\jvm.cpp, line 1502]
Event: 0.298 Thread 0x0000000002bf2800 Exception <a 'java/security/PrivilegedActionException'> (0x000000076cb726b8) thrown at [C:\jenkins\workspace\8-2-build-windows-amd64-cygwin\jdk8u251\737\hotspot\src\share\vm\prims\jvm.cpp, line 1502]
Event: 0.516 Thread 0x0000000002bf2800 Implicit null exception at 0x00000000030085d1 to 0x00000000030085fd
Event: 5.951 Thread 0x0000000002bf2800 Implicit null exception at 0x00000000030516e0 to 0x0000000003051ad9
Event: 7.702 Thread 0x0000000002bf2800 Exception <a 'java/io/FileNotFoundException'> (0x0000000782229018) thrown at [C:\jenkins\workspace\8-2-build-windows-amd64-cygwin\jdk8u251\737\hotspot\src\share\vm\prims\jni.cpp, line 710]
Event: 7.939 Thread 0x0000000002bf2800 Exception <a 'java/lang/ArrayIndexOutOfBoundsException'> (0x0000000783025ba0) thrown at [C:\jenkins\workspace\8-2-build-windows-amd64-cygwin\jdk8u251\737\hotspot\src\share\vm\runtime\sharedRuntime.cpp, line 605]
Event: 7.939 Thread 0x0000000002bf2800 Exception <a 'java/lang/ArrayIndexOutOfBoundsException'> (0x0000000783025de0) thrown at [C:\jenkins\workspace\8-2-build-windows-amd64-cygwin\jdk8u251\737\hotspot\src\share\vm\runtime\sharedRuntime.cpp, line 605]
Event: 7.939 Thread 0x0000000002bf2800 Exception <a 'java/lang/ArrayIndexOutOfBoundsException'> (0x0000000783026020) thrown at [C:\jenkins\workspace\8-2-build-windows-amd64-cygwin\jdk8u251\737\hotspot\src\share\vm\runtime\sharedRuntime.cpp, line 605]
Event: 7.982 Thread 0x0000000002bf2800 Exception <a 'java/lang/ArrayIndexOutOfBoundsException': 259057> (0x00000007831c6d90) thrown at [C:\jenkins\workspace\8-2-build-windows-amd64-cygwin\jdk8u251\737\hotspot\src\share\vm\interpreter\interpreterRuntime.cpp, line 368]
Event: 7.994 Thread 0x0000000002bf2800 Exception <a 'java/lang/IncompatibleClassChangeError': Found class java.lang.Object, but interface was expected> (0x000000078321ae90) thrown at [C:\jenkins\workspace\8-2-build-windows-amd64-cygwin\jdk8u251\737\hotspot\src\share\vm\interpreter\linkResolver

Events (10 events):
Event: 8.385 loading class org/eclipse/jdt/core/dom/Type
Event: 8.385 loading class org/eclipse/jdt/core/dom/Type done
Event: 8.386 loading class org/eclipse/jdt/core/dom/ArrayType
Event: 8.386 loading class org/eclipse/jdt/core/dom/ArrayType done
Event: 8.386 loading class org/eclipse/jdt/core/dom/NodeEventHandler
Event: 8.386 loading class org/eclipse/jdt/core/dom/NodeEventHandler done
Event: 8.387 loading class org/eclipse/jdt/core/dom/InternalASTRewrite
Event: 8.387 loading class org/eclipse/jdt/core/dom/InternalASTRewrite done
Event: 8.388 loading class org/eclipse/jdt/core/dom/ASTConverter
Event: 8.388 loading class org/eclipse/jdt/core/dom/ASTConverter done


Dynamic libraries:
0x00007ff7939c0000 - 0x00007ff7939f7000 	C:\Program Files\Java\jdk1.8.0_251\bin\java.exe
0x00007ffd09a30000 - 0x00007ffd09c28000 	C:\WINDOWS\SYSTEM32\ntdll.dll
0x00007ffd08070000 - 0x00007ffd0812f000 	C:\WINDOWS\System32\KERNEL32.DLL
0x00007ffd07540000 - 0x00007ffd07812000 	C:\WINDOWS\System32\KERNELBASE.dll
0x00007ffd085a0000 - 0x00007ffd0864e000 	C:\WINDOWS\System32\ADVAPI32.dll
0x00007ffd089c0000 - 0x00007ffd08a5e000 	C:\WINDOWS\System32\msvcrt.dll
0x00007ffd08650000 - 0x00007ffd086ec000 	C:\WINDOWS\System32\sechost.dll
0x00007ffd07d10000 - 0x00007ffd07e35000 	C:\WINDOWS\System32\RPCRT4.dll
0x00007ffd08e70000 - 0x00007ffd09011000 	C:\WINDOWS\System32\USER32.dll
0x00007ffd073d0000 - 0x00007ffd073f2000 	C:\WINDOWS\System32\win32u.dll
0x00007ffd07f70000 - 0x00007ffd07f9b000 	C:\WINDOWS\System32\GDI32.dll
0x00007ffd07120000 - 0x00007ffd0722f000 	C:\WINDOWS\System32\gdi32full.dll
0x00007ffd07820000 - 0x00007ffd078bd000 	C:\WINDOWS\System32\msvcp_win.dll
0x00007ffd07230000 - 0x00007ffd07330000 	C:\WINDOWS\System32\ucrtbase.dll
0x00007ffce8280000 - 0x00007ffce851a000 	C:\WINDOWS\WinSxS\amd64_microsoft.windows.common-controls_6595b64144ccf1df_6.0.19041.1110_none_60b5254171f9507e\COMCTL32.dll
0x00007ffd07ad0000 - 0x00007ffd07b02000 	C:\WINDOWS\System32\IMM32.DLL
0x0000000075ee0000 - 0x0000000075fb2000 	C:\Program Files\Java\jdk1.8.0_251\jre\bin\msvcr100.dll
0x0000000074470000 - 0x0000000074d1b000 	C:\Program Files\Java\jdk1.8.0_251\jre\bin\server\jvm.dll
0x00007ffd07e40000 - 0x00007ffd07e48000 	C:\WINDOWS\System32\PSAPI.DLL
0x00007ffcecb50000 - 0x00007ffcecb59000 	C:\WINDOWS\SYSTEM32\WSOCK32.dll
0x00007ffd01200000 - 0x00007ffd01227000 	C:\WINDOWS\SYSTEM32\WINMM.dll
0x00007ffcfd9c0000 - 0x00007ffcfd9ca000 	C:\WINDOWS\SYSTEM32\VERSION.dll
0x00007ffd097d0000 - 0x00007ffd0983b000 	C:\WINDOWS\System32\WS2_32.dll
0x00007ffcf8240000 - 0x00007ffcf824f000 	C:\Program Files\Java\jdk1.8.0_251\jre\bin\verify.dll
0x00007ffcd0830000 - 0x00007ffcd0859000 	C:\Program Files\Java\jdk1.8.0_251\jre\bin\java.dll
0x00007ffcefb40000 - 0x00007ffcefb56000 	C:\Program Files\Java\jdk1.8.0_251\jre\bin\zip.dll
0x00007ffd09020000 - 0x00007ffd09765000 	C:\WINDOWS\System32\SHELL32.dll
0x00007ffd04d00000 - 0x00007ffd05492000 	C:\WINDOWS\SYSTEM32\windows.storage.dll
0x00007ffd08b10000 - 0x00007ffd08e65000 	C:\WINDOWS\System32\combase.dll
0x00007ffd06b80000 - 0x00007ffd06bb0000 	C:\WINDOWS\SYSTEM32\Wldp.dll
0x00007ffd07ec0000 - 0x00007ffd07f6d000 	C:\WINDOWS\System32\SHCORE.dll
0x00007ffd07e50000 - 0x00007ffd07ea5000 	C:\WINDOWS\System32\shlwapi.dll
0x00007ffd07060000 - 0x00007ffd0707f000 	C:\WINDOWS\SYSTEM32\profapi.dll
0x00007ffce5da0000 - 0x00007ffce5dba000 	C:\Program Files\Java\jdk1.8.0_251\jre\bin\net.dll
0x00007ffd068e0000 - 0x00007ffd0694a000 	C:\WINDOWS\system32\mswsock.dll
0x00007ffcd6df0000 - 0x00007ffcd6e02000 	C:\Program Files\Java\jdk1.8.0_251\jre\bin\nio.dll

VM Arguments:
java_command: s3m.jar C:\UFPE\miningframework\SOOTAnalysisOutput\hive\b3914c37aa6df1e4a3536ebe9f277a765f3eadff\org\apache\hadoop\hive\conf\HiveConf\left.java C:\UFPE\miningframework\SOOTAnalysisOutput\hive\b3914c37aa6df1e4a3536ebe9f277a765f3eadff\org\apache\hadoop\hive\conf\HiveConf\base.java C:\UFPE\miningframework\SOOTAnalysisOutput\hive\b3914c37aa6df1e4a3536ebe9f277a765f3eadff\org\apache\hadoop\hive\conf\HiveConf\right.java -o C:\UFPE\miningframework\SOOTAnalysisOutput\hive\b3914c37aa6df1e4a3536ebe9f277a765f3eadff\org\apache\hadoop\hive\conf\HiveConf\InsertionLevelInitializationBlockHandler.java --handle-initialization-blocks false --handle-initialization-blocks-multiple-blocks true
java_class_path (initial): s3m.jar
Launcher Type: SUN_STANDARD

Environment Variables:
JAVA_HOME=C:\Program Files\Java\jdk1.8.0_291
PATH=C:\Program Files\Common Files\Oracle\Java\javapath;C:\Program Files (x86)\Common Files\Oracle\Java\javapath;C:\Windows\system32;C:\Windows;C:\Windows\System32\Wbem;C:\Windows\System32\WindowsPowerShell\v1.0\;C:\Windows\System32\OpenSSH\;C:\Program Files (x86)\NVIDIA Corporation\PhysX\Common;C:\Program Files\NVIDIA Corporation\NVIDIA NvDLISR;C:\Program Files (x86)\Groovy\bin;C:\Program Files (x86)\GnuWin32\bin;C:\UFPE\maven\apache-maven-3.6.3\bin;C:\WINDOWS\system32;C:\WINDOWS;C:\WINDOWS\System32\Wbem;C:\WINDOWS\System32\WindowsPowerShell\v1.0\;C:\WINDOWS\System32\OpenSSH\;C:\Program Files\Git\cmd;C:\Program Files\dotnet\;C:\Users\leona\AppData\Local\Microsoft\WindowsApps;C:\Program Files\Java\jdk-11.0.15\bin;C:\UFPE\maven\apache-maven-3.6.3\bin;C:\Users\leona\AppData\Local\GitHubDesktop\bin;C:\Users\leona\AppData\Local\Programs\Microsoft VS Code\bin;C:\Program Files\JetBrains\IntelliJ IDEA Community Edition 2020.2.3\bin;;C:\Program Files (x86)\GnuWin32\bin;C:\Users\leona\AppData\Local\Microsoft\WindowsApps;C:\flutter\flutter\bin;C:\gradle\bin;
USERNAME=leona
OS=Windows_NT
PROCESSOR_IDENTIFIER=Intel64 Family 6 Model 142 Stepping 12, GenuineIntel



---------------  S Y S T E M  ---------------

OS: Windows 10.0 , 64 bit Build 19041 (10.0.19041.2546)

CPU:total 8 (initial active 8) (4 cores per cpu, 2 threads per core) family 6 model 142 stepping 12, cmov, cx8, fxsr, mmx, sse, sse2, sse3, ssse3, sse4.1, sse4.2, popcnt, avx, avx2, aes, clmul, erms, 3dnowpref, lzcnt, ht, tsc, tscinvbit, bmi1, bmi2, adx

Memory: 4k page, physical 16521856k(961656k free), swap 45574012k(4860k free)

vm_info: Java HotSpot(TM) 64-Bit Server VM (25.251-b08) for windows-amd64 JRE (1.8.0_251-b08), built on Mar 12 2020 06:31:49 by "" with MS VC++ 10.0 (VS2010)

time: Tue Mar 07 00:50:03 2023
timezone: Hora Padrão de Buenos Aires
elapsed time: 8 seconds (0d 0h 0m 8s)

