#
# There is insufficient memory for the Java Runtime Environment to continue.
# Native memory allocation (malloc) failed to allocate 540976 bytes for Chunk::new
# Possible reasons:
#   The system is out of physical RAM or swap space
#   The process is running with CompressedOops enabled, and the Java Heap may be blocking the growth of the native heap
# Possible solutions:
#   Reduce memory load on the system
#   Increase physical memory or swap space
#   Check if swap backing store is full
#   Decrease Java heap size (-Xmx/-Xms)
#   Decrease number of Java threads
#   Decrease Java thread stack sizes (-Xss)
#   Set larger code cache with -XX:ReservedCodeCacheSize=
#   JVM is running with Zero Based Compressed Oops mode in which the Java heap is
#     placed in the first 32GB address space. The Java Heap base address is the
#     maximum limit for the native heap growth. Please use -XX:HeapBaseMinAddress
#     to set the Java Heap base and to place the Java Heap above 32GB virtual address.
# This output file may be truncated or incomplete.
#
#  Out of Memory Error (allocation.cpp:389), pid=126964, tid=0x00000000000218e4
#
# JRE version: Java(TM) SE Runtime Environment (8.0_251-b08) (build 1.8.0_251-b08)
# Java VM: Java HotSpot(TM) 64-Bit Server VM (25.251-b08 mixed mode windows-amd64 compressed oops)
# Failed to write core dump. Minidumps are not enabled by default on client versions of Windows
#

---------------  T H R E A D  ---------------

Current thread (0x000000001e00f800):  JavaThread "C2 CompilerThread1" daemon [_thread_in_native, id=137444, stack(0x000000001ea00000,0x000000001eb00000)]

Stack: [0x000000001ea00000,0x000000001eb00000]
[error occurred during error reporting (printing stack bounds), id 0xc0000005]

Native frames: (J=compiled Java code, j=interpreted, Vv=VM code, C=native code)


Current CompileTask:
C2:   8557 3238       4       org.eclipse.jdt.internal.compiler.parser.Scanner::getNextToken (144 bytes)


---------------  P R O C E S S  ---------------

Java Threads: ( => current thread )
  0x000000001e0a0800 JavaThread "Service Thread" daemon [_thread_blocked, id=147252, stack(0x000000001ed00000,0x000000001ee00000)]
  0x000000001e018800 JavaThread "C1 CompilerThread3" daemon [_thread_in_native, id=155016, stack(0x000000001ec00000,0x000000001ed00000)]
  0x000000001e010800 JavaThread "C2 CompilerThread2" daemon [_thread_in_native, id=155756, stack(0x000000001eb00000,0x000000001ec00000)]
=>0x000000001e00f800 JavaThread "C2 CompilerThread1" daemon [_thread_in_native, id=137444, stack(0x000000001ea00000,0x000000001eb00000)]
  0x000000001e00d800 JavaThread "C2 CompilerThread0" daemon [_thread_in_native, id=149640, stack(0x000000001e900000,0x000000001ea00000)]
  0x000000001e00a000 JavaThread "Attach Listener" daemon [_thread_blocked, id=158256, stack(0x000000001e800000,0x000000001e900000)]
  0x000000001e006000 JavaThread "Signal Dispatcher" daemon [_thread_blocked, id=157380, stack(0x000000001e700000,0x000000001e800000)]
  0x0000000002908000 JavaThread "Finalizer" daemon [_thread_blocked, id=151148, stack(0x000000001e4e0000,0x000000001e5e0000)]
  0x000000001e000800 JavaThread "Reference Handler" daemon [_thread_blocked, id=157148, stack(0x000000001e3e0000,0x000000001e4e0000)]
  0x0000000002812800 JavaThread "main" [_thread_in_Java, id=110712, stack(0x0000000002700000,0x0000000002800000)]

Other Threads:
  0x000000001c1f9000 VMThread [stack: 0x000000001dee0000,0x000000001dfe0000] [id=158852]
  0x000000001e0a2800 WatcherThread [stack: 0x000000001ee00000,0x000000001ef00000] [id=152288]

VM state:not at safepoint (normal execution)

VM Mutex/Monitor currently owned by a thread:  ([mutex/lock_event])
[0x000000000280d4c0] CodeCache_lock - owner thread: 0x000000001e010800

heap address: 0x00000006c3e00000, size: 4034 MB, Compressed Oops mode: Zero based, Oop shift amount: 3
Narrow klass base: 0x0000000000000000, Narrow klass shift: 3
Compressed class space size: 1073741824 Address: 0x00000007c0000000

Heap:
 PSYoungGen      total 1335808K, used 300787K [0x000000076bf80000, 0x00000007c0000000, 0x00000007c0000000)
  eden space 1331200K, 22% used [0x000000076bf80000,0x000000077e0d4c80,0x00000007bd380000)
  from space 4608K, 97% used [0x00000007bd380000,0x00000007bd7e8000,0x00000007bd800000)
  to   space 5120K, 0% used [0x00000007bfb00000,0x00000007bfb00000,0x00000007c0000000)
 ParOldGen       total 173568K, used 15245K [0x00000006c3e00000, 0x00000006ce780000, 0x000000076bf80000)
  object space 173568K, 8% used [0x00000006c3e00000,0x00000006c4ce3668,0x00000006ce780000)
 Metaspace       used 19706K, capacity 20034K, committed 20352K, reserved 1067008K
  class space    used 1755K, capacity 1843K, committed 1920K, reserved 1048576K

Card table byte_map: [0x0000000011cd0000,0x00000000124c0000] byte_map_base: 0x000000000e6b1000

Marking Bits: (ParMarkBitMap*) 0x0000000074c9af90
 Begin Bits: [0x0000000013210000, 0x0000000017118000)
 End Bits:   [0x0000000017118000, 0x000000001b020000)

Polling page: 0x0000000000860000

CodeCache: size=245760Kb used=14793Kb max_used=14793Kb free=230966Kb
 bounds [0x0000000002910000, 0x00000000037a0000, 0x0000000011910000]
 total_blobs=3471 nmethods=3047 adapters=333
 compilation: enabled

Compilation events (10 events):
Event: 8.538 Thread 0x000000001e018800 nmethod 3439 0x0000000003778e10 code [0x0000000003778fa0, 0x00000000037793a8]
Event: 8.538 Thread 0x000000001e018800 3447       1       org.eclipse.jdt.internal.compiler.ASTVisitor::visit (2 bytes)
Event: 8.538 Thread 0x000000001e018800 nmethod 3447 0x0000000003779590 code [0x00000000037796e0, 0x00000000037797f0]
Event: 8.544 Thread 0x000000001e018800 3448       3       java.util.Arrays::rangeCheck (74 bytes)
Event: 8.545 Thread 0x000000001e018800 nmethod 3448 0x0000000003779850 code [0x0000000003779aa0, 0x000000000377a7e8]
Event: 8.545 Thread 0x000000001e018800 3449       3       org.eclipse.jdt.internal.compiler.lookup.MemberTypeBinding::constantPoolName (49 bytes)
Event: 8.546 Thread 0x000000001e018800 nmethod 3449 0x000000000377add0 code [0x000000000377af60, 0x000000000377b4e8]
Event: 8.546 Thread 0x000000001e018800 3450       3       java.util.TimSort::pushRun (31 bytes)
Event: 8.546 Thread 0x000000001e018800 nmethod 3450 0x000000000377b650 code [0x000000000377b7c0, 0x000000000377b970]
Event: 8.547 Thread 0x000000001e018800 3451       3       org.eclipse.jdt.core.dom.ASTConverter::setQualifiedNameNameAndSourceRanges (442 bytes)

GC Heap History (10 events):
Event: 3.037 GC heap before
{Heap before GC invocations=9 (full 0):
 PSYoungGen      total 524800K, used 522528K [0x000000076bf80000, 0x000000078c480000, 0x00000007c0000000)
  eden space 520192K, 100% used [0x000000076bf80000,0x000000078bb80000,0x000000078bb80000)
  from space 4608K, 50% used [0x000000078c000000,0x000000078c248000,0x000000078c480000)
  to   space 4608K, 0% used [0x000000078bb80000,0x000000078bb80000,0x000000078c000000)
 ParOldGen       total 173568K, used 3177K [0x00000006c3e00000, 0x00000006ce780000, 0x000000076bf80000)
  object space 173568K, 1% used [0x00000006c3e00000,0x00000006c411a750,0x00000006ce780000)
 Metaspace       used 9292K, capacity 9518K, committed 9728K, reserved 1058816K
  class space    used 953K, capacity 1001K, committed 1024K, reserved 1048576K
Event: 3.045 GC heap after
Heap after GC invocations=9 (full 0):
 PSYoungGen      total 524800K, used 3488K [0x000000076bf80000, 0x000000079f580000, 0x00000007c0000000)
  eden space 520192K, 0% used [0x000000076bf80000,0x000000076bf80000,0x000000078bb80000)
  from space 4608K, 75% used [0x000000078bb80000,0x000000078bee8000,0x000000078c000000)
  to   space 4608K, 0% used [0x000000079f100000,0x000000079f100000,0x000000079f580000)
 ParOldGen       total 173568K, used 3993K [0x00000006c3e00000, 0x00000006ce780000, 0x000000076bf80000)
  object space 173568K, 2% used [0x00000006c3e00000,0x00000006c41e6750,0x00000006ce780000)
 Metaspace       used 9292K, capacity 9518K, committed 9728K, reserved 1058816K
  class space    used 953K, capacity 1001K, committed 1024K, reserved 1048576K
}
Event: 3.563 GC heap before
{Heap before GC invocations=10 (full 0):
 PSYoungGen      total 524800K, used 523680K [0x000000076bf80000, 0x000000079f580000, 0x00000007c0000000)
  eden space 520192K, 100% used [0x000000076bf80000,0x000000078bb80000,0x000000078bb80000)
  from space 4608K, 75% used [0x000000078bb80000,0x000000078bee8000,0x000000078c000000)
  to   space 4608K, 0% used [0x000000079f100000,0x000000079f100000,0x000000079f580000)
 ParOldGen       total 173568K, used 3993K [0x00000006c3e00000, 0x00000006ce780000, 0x000000076bf80000)
  object space 173568K, 2% used [0x00000006c3e00000,0x00000006c41e6750,0x00000006ce780000)
 Metaspace       used 9343K, capacity 9582K, committed 9728K, reserved 1058816K
  class space    used 953K, capacity 1001K, committed 1024K, reserved 1048576K
Event: 3.569 GC heap after
Heap after GC invocations=10 (full 0):
 PSYoungGen      total 836608K, used 3952K [0x000000076bf80000, 0x000000079f680000, 0x00000007c0000000)
  eden space 832000K, 0% used [0x000000076bf80000,0x000000076bf80000,0x000000079ec00000)
  from space 4608K, 85% used [0x000000079f100000,0x000000079f4dc030,0x000000079f580000)
  to   space 5120K, 0% used [0x000000079ec00000,0x000000079ec00000,0x000000079f100000)
 ParOldGen       total 173568K, used 5501K [0x00000006c3e00000, 0x00000006ce780000, 0x000000076bf80000)
  object space 173568K, 3% used [0x00000006c3e00000,0x00000006c435f7c0,0x00000006ce780000)
 Metaspace       used 9343K, capacity 9582K, committed 9728K, reserved 1058816K
  class space    used 953K, capacity 1001K, committed 1024K, reserved 1048576K
}
Event: 4.259 GC heap before
{Heap before GC invocations=11 (full 0):
 PSYoungGen      total 836608K, used 835952K [0x000000076bf80000, 0x000000079f680000, 0x00000007c0000000)
  eden space 832000K, 100% used [0x000000076bf80000,0x000000079ec00000,0x000000079ec00000)
  from space 4608K, 85% used [0x000000079f100000,0x000000079f4dc030,0x000000079f580000)
  to   space 5120K, 0% used [0x000000079ec00000,0x000000079ec00000,0x000000079f100000)
 ParOldGen       total 173568K, used 5501K [0x00000006c3e00000, 0x00000006ce780000, 0x000000076bf80000)
  object space 173568K, 3% used [0x00000006c3e00000,0x00000006c435f7c0,0x00000006ce780000)
 Metaspace       used 9349K, capacity 9582K, committed 9728K, reserved 1058816K
  class space    used 953K, capacity 1001K, committed 1024K, reserved 1048576K
Event: 4.267 GC heap after
Heap after GC invocations=11 (full 0):
 PSYoungGen      total 837120K, used 2688K [0x000000076bf80000, 0x00000007bdd80000, 0x00000007c0000000)
  eden space 832000K, 0% used [0x000000076bf80000,0x000000076bf80000,0x000000079ec00000)
  from space 5120K, 52% used [0x000000079ec00000,0x000000079eea0000,0x000000079f100000)
  to   space 5120K, 0% used [0x00000007bd880000,0x00000007bd880000,0x00000007bdd80000)
 ParOldGen       total 173568K, used 9415K [0x00000006c3e00000, 0x00000006ce780000, 0x000000076bf80000)
  object space 173568K, 5% used [0x00000006c3e00000,0x00000006c4731e28,0x00000006ce780000)
 Metaspace       used 9349K, capacity 9582K, committed 9728K, reserved 1058816K
  class space    used 953K, capacity 1001K, committed 1024K, reserved 1048576K
}
Event: 4.848 GC heap before
{Heap before GC invocations=12 (full 0):
 PSYoungGen      total 837120K, used 834688K [0x000000076bf80000, 0x00000007bdd80000, 0x00000007c0000000)
  eden space 832000K, 100% used [0x000000076bf80000,0x000000079ec00000,0x000000079ec00000)
  from space 5120K, 52% used [0x000000079ec00000,0x000000079eea0000,0x000000079f100000)
  to   space 5120K, 0% used [0x00000007bd880000,0x00000007bd880000,0x00000007bdd80000)
 ParOldGen       total 173568K, used 9415K [0x00000006c3e00000, 0x00000006ce780000, 0x000000076bf80000)
  object space 173568K, 5% used [0x00000006c3e00000,0x00000006c4731e28,0x00000006ce780000)
 Metaspace       used 9363K, capacity 9582K, committed 9728K, reserved 1058816K
  class space    used 953K, capacity 1001K, committed 1024K, reserved 1048576K
Event: 4.855 GC heap after
Heap after GC invocations=12 (full 0):
 PSYoungGen      total 1335296K, used 3296K [0x000000076bf80000, 0x00000007bdc80000, 0x00000007c0000000)
  eden space 1331200K, 0% used [0x000000076bf80000,0x000000076bf80000,0x00000007bd380000)
  from space 4096K, 80% used [0x00000007bd880000,0x00000007bdbb8020,0x00000007bdc80000)
  to   space 4608K, 0% used [0x00000007bd380000,0x00000007bd380000,0x00000007bd800000)
 ParOldGen       total 173568K, used 12051K [0x00000006c3e00000, 0x00000006ce780000, 0x000000076bf80000)
  object space 173568K, 6% used [0x00000006c3e00000,0x00000006c49c4ec8,0x00000006ce780000)
 Metaspace       used 9363K, capacity 9582K, committed 9728K, reserved 1058816K
  class space    used 953K, capacity 1001K, committed 1024K, reserved 1048576K
}
Event: 6.117 GC heap before
{Heap before GC invocations=13 (full 0):
 PSYoungGen      total 1335296K, used 1334496K [0x000000076bf80000, 0x00000007bdc80000, 0x00000007c0000000)
  eden space 1331200K, 100% used [0x000000076bf80000,0x00000007bd380000,0x00000007bd380000)
  from space 4096K, 80% used [0x00000007bd880000,0x00000007bdbb8020,0x00000007bdc80000)
  to   space 4608K, 0% used [0x00000007bd380000,0x00000007bd380000,0x00000007bd800000)
 ParOldGen       total 173568K, used 12051K [0x00000006c3e00000, 0x00000006ce780000, 0x000000076bf80000)
  object space 173568K, 6% used [0x00000006c3e00000,0x00000006c49c4ec8,0x00000006ce780000)
 Metaspace       used 9369K, capacity 9582K, committed 9728K, reserved 1058816K
  class space    used 953K, capacity 1001K, committed 1024K, reserved 1048576K
Event: 6.126 GC heap after
Heap after GC invocations=13 (full 0):
 PSYoungGen      total 1335808K, used 4512K [0x000000076bf80000, 0x00000007c0000000, 0x00000007c0000000)
  eden space 1331200K, 0% used [0x000000076bf80000,0x000000076bf80000,0x00000007bd380000)
  from space 4608K, 97% used [0x00000007bd380000,0x00000007bd7e8000,0x00000007bd800000)
  to   space 5120K, 0% used [0x00000007bfb00000,0x00000007bfb00000,0x00000007c0000000)
 ParOldGen       total 173568K, used 15245K [0x00000006c3e00000, 0x00000006ce780000, 0x000000076bf80000)
  object space 173568K, 8% used [0x00000006c3e00000,0x00000006c4ce3668,0x00000006ce780000)
 Metaspace       used 9369K, capacity 9582K, committed 9728K, reserved 1058816K
  class space    used 953K, capacity 1001K, committed 1024K, reserved 1048576K
}

Deoptimization events (10 events):
Event: 7.948 Thread 0x0000000002812800 Uncommon trap: reason=predicate action=maybe_recompile pc=0x0000000002ef90ac method=org.eclipse.jdt.internal.compiler.parser.Scanner.scanIdentifierOrKeyword()I @ 33
Event: 8.124 Thread 0x0000000002812800 Uncommon trap: reason=unstable_if action=reinterpret pc=0x0000000002dcf030 method=java.util.regex.Pattern.range(Ljava/util/regex/Pattern$BitClass;)Ljava/util/regex/Pattern$CharProperty; @ 8
Event: 8.125 Thread 0x0000000002812800 Uncommon trap: reason=unstable_if action=reinterpret pc=0x0000000002dc2d4c method=java.util.regex.Pattern.range(Ljava/util/regex/Pattern$BitClass;)Ljava/util/regex/Pattern$CharProperty; @ 8
Event: 8.125 Thread 0x0000000002812800 Uncommon trap: reason=bimorphic action=maybe_recompile pc=0x0000000002d12e5c method=java.util.regex.Pattern$BmpCharProperty.match(Ljava/util/regex/Matcher;ILjava/lang/CharSequence;)Z @ 16
Event: 8.125 Thread 0x0000000002812800 Uncommon trap: reason=bimorphic action=maybe_recompile pc=0x0000000002d12e5c method=java.util.regex.Pattern$BmpCharProperty.match(Ljava/util/regex/Matcher;ILjava/lang/CharSequence;)Z @ 16
Event: 8.167 Thread 0x0000000002812800 Uncommon trap: reason=null_check action=make_not_entrant pc=0x00000000032a0bf8 method=de.ovgu.cide.fstgen.ast.FSTNode.equals(Ljava/lang/Object;)Z @ 1
Event: 8.191 Thread 0x0000000002812800 Uncommon trap: reason=unstable_if action=reinterpret pc=0x000000000305ab04 method=org.eclipse.jdt.internal.compiler.parser.Scanner.getNextToken()I @ 23
Event: 8.191 Thread 0x0000000002812800 Uncommon trap: reason=unstable_if action=reinterpret pc=0x0000000002f221ec method=org.eclipse.jdt.internal.compiler.parser.Scanner.pushLineSeparator()V @ 217
Event: 8.192 Thread 0x0000000002812800 Uncommon trap: reason=unstable_if action=reinterpret pc=0x00000000034eaa18 method=org.eclipse.jdt.internal.compiler.parser.Scanner.internalScanIdentifierOrKeyword(II[C)I @ 2275
Event: 8.269 Thread 0x0000000002812800 Uncommon trap: reason=unstable_if action=reinterpret pc=0x0000000002c74428 method=org.eclipse.jdt.internal.compiler.lookup.Scope.getTypeOrPackage([CIZ)Lorg/eclipse/jdt/internal/compiler/lookup/Binding; @ 753

Classes redefined (0 events):
No events

Internal exceptions (10 events):
Event: 0.386 Thread 0x0000000002812800 Exception <a 'java/security/PrivilegedActionException'> (0x000000076c8bad78) thrown at [C:\jenkins\workspace\8-2-build-windows-amd64-cygwin\jdk8u251\737\hotspot\src\share\vm\prims\jvm.cpp, line 1502]
Event: 0.388 Thread 0x0000000002812800 Exception <a 'java/security/PrivilegedActionException'> (0x000000076c8bf058) thrown at [C:\jenkins\workspace\8-2-build-windows-amd64-cygwin\jdk8u251\737\hotspot\src\share\vm\prims\jvm.cpp, line 1502]
Event: 0.388 Thread 0x0000000002812800 Exception <a 'java/security/PrivilegedActionException'> (0x000000076c8bf450) thrown at [C:\jenkins\workspace\8-2-build-windows-amd64-cygwin\jdk8u251\737\hotspot\src\share\vm\prims\jvm.cpp, line 1502]
Event: 6.548 Thread 0x0000000002812800 Exception <a 'java/io/FileNotFoundException'> (0x0000000774d9a5c8) thrown at [C:\jenkins\workspace\8-2-build-windows-amd64-cygwin\jdk8u251\737\hotspot\src\share\vm\prims\jni.cpp, line 710]
Event: 6.864 Thread 0x0000000002812800 Exception <a 'java/lang/ArrayIndexOutOfBoundsException'> (0x00000007759c3cb0) thrown at [C:\jenkins\workspace\8-2-build-windows-amd64-cygwin\jdk8u251\737\hotspot\src\share\vm\runtime\sharedRuntime.cpp, line 605]
Event: 6.885 Thread 0x0000000002812800 Exception <a 'java/lang/IncompatibleClassChangeError': Found class java.lang.Object, but interface was expected> (0x0000000775a1e140) thrown at [C:\jenkins\workspace\8-2-build-windows-amd64-cygwin\jdk8u251\737\hotspot\src\share\vm\interpreter\linkResolver
Event: 8.167 Thread 0x0000000002812800 Implicit null exception at 0x00000000032a098f to 0x00000000032a0be9
Event: 8.190 Thread 0x0000000002812800 Exception <a 'java/io/FileNotFoundException'> (0x000000077a6fe1c0) thrown at [C:\jenkins\workspace\8-2-build-windows-amd64-cygwin\jdk8u251\737\hotspot\src\share\vm\prims\jni.cpp, line 710]
Event: 8.220 Thread 0x0000000002812800 Exception <a 'java/lang/ArrayIndexOutOfBoundsException'> (0x000000077a74eae8) thrown at [C:\jenkins\workspace\8-2-build-windows-amd64-cygwin\jdk8u251\737\hotspot\src\share\vm\runtime\sharedRuntime.cpp, line 605]
Event: 8.269 Thread 0x0000000002812800 Implicit null exception at 0x0000000002c7142c to 0x0000000002c743f9

Events (10 events):
Event: 8.541 Thread 0x0000000002812800 DEOPT PACKING pc=0x0000000002b1c8b8 sp=0x00000000027fe690
Event: 8.541 Thread 0x0000000002812800 DEOPT UNPACKING pc=0x0000000002957890 sp=0x00000000027fe3f8 mode 0
Event: 8.542 Thread 0x0000000002812800 DEOPT PACKING pc=0x0000000002b1c8b8 sp=0x00000000027fe690
Event: 8.542 Thread 0x0000000002812800 DEOPT UNPACKING pc=0x0000000002957890 sp=0x00000000027fe3f8 mode 0
Event: 8.543 Thread 0x0000000002812800 DEOPT PACKING pc=0x0000000002b1c8b8 sp=0x00000000027fe690
Event: 8.543 Thread 0x0000000002812800 DEOPT UNPACKING pc=0x0000000002957890 sp=0x00000000027fe3f8 mode 0
Event: 8.544 Thread 0x0000000002812800 DEOPT PACKING pc=0x0000000002b1c8b8 sp=0x00000000027fe690
Event: 8.544 Thread 0x0000000002812800 DEOPT UNPACKING pc=0x0000000002957890 sp=0x00000000027fe3f8 mode 0
Event: 8.549 Thread 0x0000000002812800 DEOPT PACKING pc=0x000000000336146c sp=0x00000000027fe940
Event: 8.549 Thread 0x0000000002812800 DEOPT UNPACKING pc=0x0000000002957890 sp=0x00000000027fe628 mode 0


Dynamic libraries:
0x00007ff7939c0000 - 0x00007ff7939f7000 	C:\Program Files\Java\jdk1.8.0_251\bin\java.exe
0x00007ffd09a30000 - 0x00007ffd09c28000 	C:\WINDOWS\SYSTEM32\ntdll.dll
0x00007ffd08070000 - 0x00007ffd0812f000 	C:\WINDOWS\System32\KERNEL32.DLL
0x00007ffd07540000 - 0x00007ffd07812000 	C:\WINDOWS\System32\KERNELBASE.dll
0x00007ffd085a0000 - 0x00007ffd0864e000 	C:\WINDOWS\System32\ADVAPI32.dll
0x00007ffd089c0000 - 0x00007ffd08a5e000 	C:\WINDOWS\System32\msvcrt.dll
0x00007ffd08650000 - 0x00007ffd086ec000 	C:\WINDOWS\System32\sechost.dll
0x00007ffd07d10000 - 0x00007ffd07e35000 	C:\WINDOWS\System32\RPCRT4.dll
0x00007ffd08e70000 - 0x00007ffd09011000 	C:\WINDOWS\System32\USER32.dll
0x00007ffd073d0000 - 0x00007ffd073f2000 	C:\WINDOWS\System32\win32u.dll
0x00007ffd07f70000 - 0x00007ffd07f9b000 	C:\WINDOWS\System32\GDI32.dll
0x00007ffd07120000 - 0x00007ffd0722f000 	C:\WINDOWS\System32\gdi32full.dll
0x00007ffd07820000 - 0x00007ffd078bd000 	C:\WINDOWS\System32\msvcp_win.dll
0x00007ffd07230000 - 0x00007ffd07330000 	C:\WINDOWS\System32\ucrtbase.dll
0x00007ffce8280000 - 0x00007ffce851a000 	C:\WINDOWS\WinSxS\amd64_microsoft.windows.common-controls_6595b64144ccf1df_6.0.19041.1110_none_60b5254171f9507e\COMCTL32.dll
0x00007ffd07ad0000 - 0x00007ffd07b02000 	C:\WINDOWS\System32\IMM32.DLL
0x0000000075ee0000 - 0x0000000075fb2000 	C:\Program Files\Java\jdk1.8.0_251\jre\bin\msvcr100.dll
0x0000000074470000 - 0x0000000074d1b000 	C:\Program Files\Java\jdk1.8.0_251\jre\bin\server\jvm.dll
0x00007ffd07e40000 - 0x00007ffd07e48000 	C:\WINDOWS\System32\PSAPI.DLL
0x00007ffd01200000 - 0x00007ffd01227000 	C:\WINDOWS\SYSTEM32\WINMM.dll
0x00007ffcecb50000 - 0x00007ffcecb59000 	C:\WINDOWS\SYSTEM32\WSOCK32.dll
0x00007ffcfd9c0000 - 0x00007ffcfd9ca000 	C:\WINDOWS\SYSTEM32\VERSION.dll
0x00007ffd097d0000 - 0x00007ffd0983b000 	C:\WINDOWS\System32\WS2_32.dll
0x00007ffcf8240000 - 0x00007ffcf824f000 	C:\Program Files\Java\jdk1.8.0_251\jre\bin\verify.dll
0x00007ffcd0830000 - 0x00007ffcd0859000 	C:\Program Files\Java\jdk1.8.0_251\jre\bin\java.dll
0x00007ffcefb40000 - 0x00007ffcefb56000 	C:\Program Files\Java\jdk1.8.0_251\jre\bin\zip.dll
0x00007ffd09020000 - 0x00007ffd09765000 	C:\WINDOWS\System32\SHELL32.dll
0x00007ffd04d00000 - 0x00007ffd05492000 	C:\WINDOWS\SYSTEM32\windows.storage.dll
0x00007ffd08b10000 - 0x00007ffd08e65000 	C:\WINDOWS\System32\combase.dll
0x00007ffd06b80000 - 0x00007ffd06bb0000 	C:\WINDOWS\SYSTEM32\Wldp.dll
0x00007ffd07ec0000 - 0x00007ffd07f6d000 	C:\WINDOWS\System32\SHCORE.dll
0x00007ffd07e50000 - 0x00007ffd07ea5000 	C:\WINDOWS\System32\shlwapi.dll
0x00007ffd07060000 - 0x00007ffd0707f000 	C:\WINDOWS\SYSTEM32\profapi.dll
0x00007ffce5da0000 - 0x00007ffce5dba000 	C:\Program Files\Java\jdk1.8.0_251\jre\bin\net.dll
0x00007ffd068e0000 - 0x00007ffd0694a000 	C:\WINDOWS\system32\mswsock.dll
0x00007ffcd6df0000 - 0x00007ffcd6e02000 	C:\Program Files\Java\jdk1.8.0_251\jre\bin\nio.dll

VM Arguments:
java_command: s3m.jar C:\UFPE\miningframework\SOOTAnalysisOutput\hive\7f3ba41332bc7cbcab56c72a4e1f623fa884316a\org\apache\hadoop\hive\ql\exec\Utilities\left.java C:\UFPE\miningframework\SOOTAnalysisOutput\hive\7f3ba41332bc7cbcab56c72a4e1f623fa884316a\org\apache\hadoop\hive\ql\exec\Utilities\base.java C:\UFPE\miningframework\SOOTAnalysisOutput\hive\7f3ba41332bc7cbcab56c72a4e1f623fa884316a\org\apache\hadoop\hive\ql\exec\Utilities\right.java -o C:\UFPE\miningframework\SOOTAnalysisOutput\hive\7f3ba41332bc7cbcab56c72a4e1f623fa884316a\org\apache\hadoop\hive\ql\exec\Utilities\InsertionLevelInitializationBlockHandler.java --handle-initialization-blocks false --handle-initialization-blocks-multiple-blocks true
java_class_path (initial): s3m.jar
Launcher Type: SUN_STANDARD

Environment Variables:
JAVA_HOME=C:\Program Files\Java\jdk1.8.0_291
PATH=C:\Program Files\Common Files\Oracle\Java\javapath;C:\Program Files (x86)\Common Files\Oracle\Java\javapath;C:\Windows\system32;C:\Windows;C:\Windows\System32\Wbem;C:\Windows\System32\WindowsPowerShell\v1.0\;C:\Windows\System32\OpenSSH\;C:\Program Files (x86)\NVIDIA Corporation\PhysX\Common;C:\Program Files\NVIDIA Corporation\NVIDIA NvDLISR;C:\Program Files (x86)\Groovy\bin;C:\Program Files (x86)\GnuWin32\bin;C:\UFPE\maven\apache-maven-3.6.3\bin;C:\WINDOWS\system32;C:\WINDOWS;C:\WINDOWS\System32\Wbem;C:\WINDOWS\System32\WindowsPowerShell\v1.0\;C:\WINDOWS\System32\OpenSSH\;C:\Program Files\Git\cmd;C:\Program Files\dotnet\;C:\Users\leona\AppData\Local\Microsoft\WindowsApps;C:\Program Files\Java\jdk-11.0.15\bin;C:\UFPE\maven\apache-maven-3.6.3\bin;C:\Users\leona\AppData\Local\GitHubDesktop\bin;C:\Users\leona\AppData\Local\Programs\Microsoft VS Code\bin;C:\Program Files\JetBrains\IntelliJ IDEA Community Edition 2020.2.3\bin;;C:\Program Files (x86)\GnuWin32\bin;C:\Users\leona\AppData\Local\Microsoft\WindowsApps;C:\flutter\flutter\bin;C:\gradle\bin;
USERNAME=leona
OS=Windows_NT
PROCESSOR_IDENTIFIER=Intel64 Family 6 Model 142 Stepping 12, GenuineIntel



---------------  S Y S T E M  ---------------

OS: Windows 10.0 , 64 bit Build 19041 (10.0.19041.2546)

CPU:total 8 (initial active 8) (4 cores per cpu, 2 threads per core) family 6 model 142 stepping 12, cmov, cx8, fxsr, mmx, sse, sse2, sse3, ssse3, sse4.1, sse4.2, popcnt, avx, avx2, aes, clmul, erms, 3dnowpref, lzcnt, ht, tsc, tscinvbit, bmi1, bmi2, adx

Memory: 4k page, physical 16521856k(999144k free), swap 45574012k(6108k free)

vm_info: Java HotSpot(TM) 64-Bit Server VM (25.251-b08) for windows-amd64 JRE (1.8.0_251-b08), built on Mar 12 2020 06:31:49 by "" with MS VC++ 10.0 (VS2010)

time: Tue Mar 07 02:05:42 2023
timezone: Hora Padrão de Buenos Aires
elapsed time: 8 seconds (0d 0h 0m 8s)

