#
# There is insufficient memory for the Java Runtime Environment to continue.
# Native memory allocation (malloc) failed to allocate 1049776 bytes for Chunk::new
# Possible reasons:
#   The system is out of physical RAM or swap space
#   The process is running with CompressedOops enabled, and the Java Heap may be blocking the growth of the native heap
# Possible solutions:
#   Reduce memory load on the system
#   Increase physical memory or swap space
#   Check if swap backing store is full
#   Decrease Java heap size (-Xmx/-Xms)
#   Decrease number of Java threads
#   Decrease Java thread stack sizes (-Xss)
#   Set larger code cache with -XX:ReservedCodeCacheSize=
#   JVM is running with Zero Based Compressed Oops mode in which the Java heap is
#     placed in the first 32GB address space. The Java Heap base address is the
#     maximum limit for the native heap growth. Please use -XX:HeapBaseMinAddress
#     to set the Java Heap base and to place the Java Heap above 32GB virtual address.
# This output file may be truncated or incomplete.
#
#  Out of Memory Error (allocation.cpp:389), pid=158280, tid=0x0000000000026954
#
# JRE version: Java(TM) SE Runtime Environment (8.0_251-b08) (build 1.8.0_251-b08)
# Java VM: Java HotSpot(TM) 64-Bit Server VM (25.251-b08 mixed mode windows-amd64 compressed oops)
# Failed to write core dump. Minidumps are not enabled by default on client versions of Windows
#

---------------  T H R E A D  ---------------

Current thread (0x000000001e7cc000):  JavaThread "C2 CompilerThread0" daemon [_thread_in_native, id=158036, stack(0x000000001f0c0000,0x000000001f1c0000)]

Stack: [0x000000001f0c0000,0x000000001f1c0000]
[error occurred during error reporting (printing stack bounds), id 0xc0000005]

Native frames: (J=compiled Java code, j=interpreted, Vv=VM code, C=native code)


Current CompileTask:
C2:   4991 1846       4       br.ufpe.cin.generated.Java18MergeParser::RelationalExpression (71 bytes)


---------------  P R O C E S S  ---------------

Java Threads: ( => current thread )
  0x000000001e863000 JavaThread "Service Thread" daemon [_thread_blocked, id=155016, stack(0x000000001f4c0000,0x000000001f5c0000)]
  0x000000001e7de000 JavaThread "C1 CompilerThread3" daemon [_thread_blocked, id=147596, stack(0x000000001f3c0000,0x000000001f4c0000)]
  0x000000001e7d7000 JavaThread "C2 CompilerThread2" daemon [_thread_in_native, id=150992, stack(0x000000001f2c0000,0x000000001f3c0000)]
  0x000000001e7ce800 JavaThread "C2 CompilerThread1" daemon [_thread_in_native, id=156680, stack(0x000000001f1c0000,0x000000001f2c0000)]
=>0x000000001e7cc000 JavaThread "C2 CompilerThread0" daemon [_thread_in_native, id=158036, stack(0x000000001f0c0000,0x000000001f1c0000)]
  0x000000001e7c9000 JavaThread "Attach Listener" daemon [_thread_blocked, id=159652, stack(0x000000001efc0000,0x000000001f0c0000)]
  0x000000001e7c7000 JavaThread "Signal Dispatcher" daemon [_thread_blocked, id=158732, stack(0x000000001eec0000,0x000000001efc0000)]
  0x000000001e7c1800 JavaThread "Finalizer" daemon [_thread_blocked, id=151148, stack(0x000000001eca0000,0x000000001eda0000)]
  0x000000001e7c0800 JavaThread "Reference Handler" daemon [_thread_blocked, id=136840, stack(0x000000001eba0000,0x000000001eca0000)]
  0x0000000002fd2800 JavaThread "main" [_thread_in_Java, id=150668, stack(0x0000000002ed0000,0x0000000002fd0000)]

Other Threads:
  0x000000001c9b9800 VMThread [stack: 0x000000001e6a0000,0x000000001e7a0000] [id=138804]
  0x000000001e87d800 WatcherThread [stack: 0x000000001f5c0000,0x000000001f6c0000] [id=156804]

VM state:not at safepoint (normal execution)

VM Mutex/Monitor currently owned by a thread: None

heap address: 0x00000006c3e00000, size: 4034 MB, Compressed Oops mode: Zero based, Oop shift amount: 3
Narrow klass base: 0x0000000000000000, Narrow klass shift: 3
Compressed class space size: 1073741824 Address: 0x00000007c0000000

Heap:
 PSYoungGen      total 837120K, used 769384K [0x000000076bf80000, 0x00000007bdd00000, 0x00000007c0000000)
  eden space 830976K, 92% used [0x000000076bf80000,0x000000079ab92e50,0x000000079eb00000)
  from space 6144K, 54% used [0x000000079eb00000,0x000000079ee471d0,0x000000079f100000)
  to   space 5632K, 0% used [0x00000007bd780000,0x00000007bd780000,0x00000007bdd00000)
 ParOldGen       total 173568K, used 10336K [0x00000006c3e00000, 0x00000006ce780000, 0x000000076bf80000)
  object space 173568K, 5% used [0x00000006c3e00000,0x00000006c48183d8,0x00000006ce780000)
 Metaspace       used 9425K, capacity 9646K, committed 9728K, reserved 1058816K
  class space    used 953K, capacity 1001K, committed 1024K, reserved 1048576K

Card table byte_map: [0x0000000012490000,0x0000000012c80000] byte_map_base: 0x000000000ee71000

Marking Bits: (ParMarkBitMap*) 0x0000000074c9af90
 Begin Bits: [0x00000000139d0000, 0x00000000178d8000)
 End Bits:   [0x00000000178d8000, 0x000000001b7e0000)

Polling page: 0x0000000000fd0000

CodeCache: size=245760Kb used=9295Kb max_used=9320Kb free=236464Kb
 bounds [0x00000000030d0000, 0x0000000003a00000, 0x00000000120d0000]
 total_blobs=2190 nmethods=1834 adapters=269
 compilation: enabled

Compilation events (10 events):
Event: 4.843 Thread 0x000000001e7d7000 nmethod 1836 0x00000000039d0f90 code [0x00000000039d1420, 0x00000000039d4bd0]
Event: 4.843 Thread 0x000000001e7d7000 1845       4       br.ufpe.cin.generated.Java18MergeParser::ShiftExpression (71 bytes)
Event: 4.859 Thread 0x000000001e7cc000 nmethod 1822 0x00000000039e1fd0 code [0x00000000039e2c40, 0x00000000039e8bc0]
Event: 4.860 Thread 0x000000001e7cc000 1846       4       br.ufpe.cin.generated.Java18MergeParser::RelationalExpression (71 bytes)
Event: 4.931 Thread 0x000000001e7de000 1848       3       br.ufpe.cin.generated.Java18MergeParser::ReturnStatement (464 bytes)
Event: 4.933 Thread 0x000000001e7de000 nmethod 1848 0x00000000039c7cd0 code [0x00000000039c7f60, 0x00000000039c9268]
Event: 4.936 Thread 0x000000001e7de000 1849       3       br.ufpe.cin.generated.Java18MergeParser::PrimitiveType (349 bytes)
Event: 4.937 Thread 0x000000001e7de000 nmethod 1849 0x000000000399e990 code [0x000000000399eca0, 0x000000000399fdb8]
Event: 4.983 Thread 0x000000001e7d7000 nmethod 1845 0x00000000039f3c50 code [0x00000000039f40a0, 0x00000000039f76f0]
Event: 4.983 Thread 0x000000001e7d7000 1847       4       br.ufpe.cin.generated.Java18MergeParser::jj_3R_127 (50 bytes)

GC Heap History (10 events):
Event: 2.183 GC heap before
{Heap before GC invocations=7 (full 0):
 PSYoungGen      total 264704K, used 264677K [0x000000076bf80000, 0x000000077c880000, 0x00000007c0000000)
  eden space 259584K, 100% used [0x000000076bf80000,0x000000077bd00000,0x000000077bd00000)
  from space 5120K, 99% used [0x000000077c280000,0x000000077c7794d0,0x000000077c780000)
  to   space 5632K, 0% used [0x000000077bd00000,0x000000077bd00000,0x000000077c280000)
 ParOldGen       total 173568K, used 120K [0x00000006c3e00000, 0x00000006ce780000, 0x000000076bf80000)
  object space 173568K, 0% used [0x00000006c3e00000,0x00000006c3e1e000,0x00000006ce780000)
 Metaspace       used 9356K, capacity 9582K, committed 9728K, reserved 1058816K
  class space    used 953K, capacity 1001K, committed 1024K, reserved 1048576K
Event: 2.192 GC heap after
Heap after GC invocations=7 (full 0):
 PSYoungGen      total 265216K, used 2016K [0x000000076bf80000, 0x000000078c680000, 0x00000007c0000000)
  eden space 259584K, 0% used [0x000000076bf80000,0x000000076bf80000,0x000000077bd00000)
  from space 5632K, 35% used [0x000000077bd00000,0x000000077bef8000,0x000000077c280000)
  to   space 6144K, 0% used [0x000000078c080000,0x000000078c080000,0x000000078c680000)
 ParOldGen       total 173568K, used 3973K [0x00000006c3e00000, 0x00000006ce780000, 0x000000076bf80000)
  object space 173568K, 2% used [0x00000006c3e00000,0x00000006c41e1550,0x00000006ce780000)
 Metaspace       used 9356K, capacity 9582K, committed 9728K, reserved 1058816K
  class space    used 953K, capacity 1001K, committed 1024K, reserved 1048576K
}
Event: 2.462 GC heap before
{Heap before GC invocations=8 (full 0):
 PSYoungGen      total 265216K, used 261600K [0x000000076bf80000, 0x000000078c680000, 0x00000007c0000000)
  eden space 259584K, 100% used [0x000000076bf80000,0x000000077bd00000,0x000000077bd00000)
  from space 5632K, 35% used [0x000000077bd00000,0x000000077bef8000,0x000000077c280000)
  to   space 6144K, 0% used [0x000000078c080000,0x000000078c080000,0x000000078c680000)
 ParOldGen       total 173568K, used 3973K [0x00000006c3e00000, 0x00000006ce780000, 0x000000076bf80000)
  object space 173568K, 2% used [0x00000006c3e00000,0x00000006c41e1550,0x00000006ce780000)
 Metaspace       used 9361K, capacity 9582K, committed 9728K, reserved 1058816K
  class space    used 953K, capacity 1001K, committed 1024K, reserved 1048576K
Event: 2.466 GC heap after
Heap after GC invocations=8 (full 0):
 PSYoungGen      total 525312K, used 2432K [0x000000076bf80000, 0x000000078c680000, 0x00000007c0000000)
  eden space 519168K, 0% used [0x000000076bf80000,0x000000076bf80000,0x000000078ba80000)
  from space 6144K, 39% used [0x000000078c080000,0x000000078c2e0000,0x000000078c680000)
  to   space 6144K, 0% used [0x000000078ba80000,0x000000078ba80000,0x000000078c080000)
 ParOldGen       total 173568K, used 4421K [0x00000006c3e00000, 0x00000006ce780000, 0x000000076bf80000)
  object space 173568K, 2% used [0x00000006c3e00000,0x00000006c4251550,0x00000006ce780000)
 Metaspace       used 9361K, capacity 9582K, committed 9728K, reserved 1058816K
  class space    used 953K, capacity 1001K, committed 1024K, reserved 1048576K
}
Event: 3.140 GC heap before
{Heap before GC invocations=9 (full 0):
 PSYoungGen      total 525312K, used 521600K [0x000000076bf80000, 0x000000078c680000, 0x00000007c0000000)
  eden space 519168K, 100% used [0x000000076bf80000,0x000000078ba80000,0x000000078ba80000)
  from space 6144K, 39% used [0x000000078c080000,0x000000078c2e0000,0x000000078c680000)
  to   space 6144K, 0% used [0x000000078ba80000,0x000000078ba80000,0x000000078c080000)
 ParOldGen       total 173568K, used 4421K [0x00000006c3e00000, 0x00000006ce780000, 0x000000076bf80000)
  object space 173568K, 2% used [0x00000006c3e00000,0x00000006c4251550,0x00000006ce780000)
 Metaspace       used 9377K, capacity 9582K, committed 9728K, reserved 1058816K
  class space    used 953K, capacity 1001K, committed 1024K, reserved 1048576K
Event: 3.147 GC heap after
Heap after GC invocations=9 (full 0):
 PSYoungGen      total 525312K, used 3296K [0x000000076bf80000, 0x000000079f700000, 0x00000007c0000000)
  eden space 519168K, 0% used [0x000000076bf80000,0x000000076bf80000,0x000000078ba80000)
  from space 6144K, 53% used [0x000000078ba80000,0x000000078bdb8000,0x000000078c080000)
  to   space 6144K, 0% used [0x000000079f100000,0x000000079f100000,0x000000079f700000)
 ParOldGen       total 173568K, used 5277K [0x00000006c3e00000, 0x00000006ce780000, 0x000000076bf80000)
  object space 173568K, 3% used [0x00000006c3e00000,0x00000006c4327550,0x00000006ce780000)
 Metaspace       used 9377K, capacity 9582K, committed 9728K, reserved 1058816K
  class space    used 953K, capacity 1001K, committed 1024K, reserved 1048576K
}
Event: 3.557 GC heap before
{Heap before GC invocations=10 (full 0):
 PSYoungGen      total 525312K, used 522464K [0x000000076bf80000, 0x000000079f700000, 0x00000007c0000000)
  eden space 519168K, 100% used [0x000000076bf80000,0x000000078ba80000,0x000000078ba80000)
  from space 6144K, 53% used [0x000000078ba80000,0x000000078bdb8000,0x000000078c080000)
  to   space 6144K, 0% used [0x000000079f100000,0x000000079f100000,0x000000079f700000)
 ParOldGen       total 173568K, used 5277K [0x00000006c3e00000, 0x00000006ce780000, 0x000000076bf80000)
  object space 173568K, 3% used [0x00000006c3e00000,0x00000006c4327550,0x00000006ce780000)
 Metaspace       used 9382K, capacity 9646K, committed 9728K, reserved 1058816K
  class space    used 953K, capacity 1001K, committed 1024K, reserved 1048576K
Event: 3.565 GC heap after
Heap after GC invocations=10 (full 0):
 PSYoungGen      total 837120K, used 3424K [0x000000076bf80000, 0x000000079f700000, 0x00000007c0000000)
  eden space 830976K, 0% used [0x000000076bf80000,0x000000076bf80000,0x000000079eb00000)
  from space 6144K, 55% used [0x000000079f100000,0x000000079f458000,0x000000079f700000)
  to   space 6144K, 0% used [0x000000079eb00000,0x000000079eb00000,0x000000079f100000)
 ParOldGen       total 173568K, used 6862K [0x00000006c3e00000, 0x00000006ce780000, 0x000000076bf80000)
  object space 173568K, 3% used [0x00000006c3e00000,0x00000006c44b3af0,0x00000006ce780000)
 Metaspace       used 9382K, capacity 9646K, committed 9728K, reserved 1058816K
  class space    used 953K, capacity 1001K, committed 1024K, reserved 1048576K
}
Event: 4.329 GC heap before
{Heap before GC invocations=11 (full 0):
 PSYoungGen      total 837120K, used 834400K [0x000000076bf80000, 0x000000079f700000, 0x00000007c0000000)
  eden space 830976K, 100% used [0x000000076bf80000,0x000000079eb00000,0x000000079eb00000)
  from space 6144K, 55% used [0x000000079f100000,0x000000079f458000,0x000000079f700000)
  to   space 6144K, 0% used [0x000000079eb00000,0x000000079eb00000,0x000000079f100000)
 ParOldGen       total 173568K, used 6862K [0x00000006c3e00000, 0x00000006ce780000, 0x000000076bf80000)
  object space 173568K, 3% used [0x00000006c3e00000,0x00000006c44b3af0,0x00000006ce780000)
 Metaspace       used 9391K, capacity 9646K, committed 9728K, reserved 1058816K
  class space    used 953K, capacity 1001K, committed 1024K, reserved 1048576K
Event: 4.339 GC heap after
Heap after GC invocations=11 (full 0):
 PSYoungGen      total 837120K, used 3356K [0x000000076bf80000, 0x00000007bdd00000, 0x00000007c0000000)
  eden space 830976K, 0% used [0x000000076bf80000,0x000000076bf80000,0x000000079eb00000)
  from space 6144K, 54% used [0x000000079eb00000,0x000000079ee471d0,0x000000079f100000)
  to   space 5632K, 0% used [0x00000007bd780000,0x00000007bd780000,0x00000007bdd00000)
 ParOldGen       total 173568K, used 10336K [0x00000006c3e00000, 0x00000006ce780000, 0x000000076bf80000)
  object space 173568K, 5% used [0x00000006c3e00000,0x00000006c48183d8,0x00000006ce780000)
 Metaspace       used 9391K, capacity 9646K, committed 9728K, reserved 1058816K
  class space    used 953K, capacity 1001K, committed 1024K, reserved 1048576K
}

Deoptimization events (10 events):
Event: 2.673 Thread 0x0000000002fd2800 Uncommon trap: reason=unstable_if action=reinterpret pc=0x00000000037db71c method=br.ufpe.cin.generated.Java18MergeParser.jj_3R_276()Z @ 6
Event: 2.674 Thread 0x0000000002fd2800 Uncommon trap: reason=unstable_if action=reinterpret pc=0x0000000003702bac method=br.ufpe.cin.generated.Java18MergeParserTokenManager.jjMoveNfa_0(II)I @ 396
Event: 2.674 Thread 0x0000000002fd2800 Uncommon trap: reason=unstable_if action=reinterpret pc=0x00000000037e3150 method=br.ufpe.cin.generated.Java18MergeParser.jj_3R_348()Z @ 6
Event: 2.750 Thread 0x0000000002fd2800 Uncommon trap: reason=unstable_if action=reinterpret pc=0x000000000379bd08 method=br.ufpe.cin.generated.Java18MergeParser.jj_3R_347()Z @ 6
Event: 3.178 Thread 0x0000000002fd2800 Uncommon trap: reason=unstable_if action=reinterpret pc=0x00000000037152fc method=br.ufpe.cin.generated.Java18MergeParser.jj_3R_285()Z @ 6
Event: 3.179 Thread 0x0000000002fd2800 Uncommon trap: reason=unstable_if action=reinterpret pc=0x00000000038225e4 method=br.ufpe.cin.generated.Java18MergeParser.jj_3R_192()Z @ 6
Event: 4.381 Thread 0x0000000002fd2800 Uncommon trap: reason=unstable_if action=reinterpret pc=0x000000000389d1a0 method=br.ufpe.cin.generated.Java18MergeParser.jj_3R_276()Z @ 6
Event: 4.381 Thread 0x0000000002fd2800 Uncommon trap: reason=unstable_if action=reinterpret pc=0x0000000003851ba0 method=br.ufpe.cin.generated.Java18MergeParser.jj_3R_276()Z @ 6
Event: 4.441 Thread 0x0000000002fd2800 Uncommon trap: reason=unstable_if action=reinterpret pc=0x00000000037950a4 method=br.ufpe.cin.generated.Java18MergeParser.jj_3R_163()Z @ 6
Event: 4.687 Thread 0x0000000002fd2800 Uncommon trap: reason=unstable_if action=reinterpret pc=0x00000000039a650c method=br.ufpe.cin.generated.Java18MergeParser.jj_3R_190()Z @ 6

Classes redefined (0 events):
No events

Internal exceptions (10 events):
Event: 0.035 Thread 0x0000000002fd2800 Exception <a 'java/lang/NoSuchMethodError': Method sun.misc.Unsafe.defineClass(Ljava/lang/String;[BII)Ljava/lang/Class; name or signature does not match> (0x000000076bf87cc0) thrown at [C:\jenkins\workspace\8-2-build-windows-amd64-cygwin\jdk8u251\737\hots
Event: 0.035 Thread 0x0000000002fd2800 Exception <a 'java/lang/NoSuchMethodError': Method sun.misc.Unsafe.prefetchRead(Ljava/lang/Object;J)V name or signature does not match> (0x000000076bf87fa8) thrown at [C:\jenkins\workspace\8-2-build-windows-amd64-cygwin\jdk8u251\737\hotspot\src\share\vm\p
Event: 0.167 Thread 0x0000000002fd2800 Exception <a 'java/lang/NoSuchFieldError': method resolution failed> (0x000000076c2506d8) thrown at [C:\jenkins\workspace\8-2-build-windows-amd64-cygwin\jdk8u251\737\hotspot\src\share\vm\prims\methodHandles.cpp, line 1167]
Event: 0.168 Thread 0x0000000002fd2800 Exception <a 'java/lang/NoSuchFieldError': method resolution failed> (0x000000076c25dad8) thrown at [C:\jenkins\workspace\8-2-build-windows-amd64-cygwin\jdk8u251\737\hotspot\src\share\vm\prims\methodHandles.cpp, line 1167]
Event: 0.255 Thread 0x0000000002fd2800 Exception <a 'java/lang/ArrayIndexOutOfBoundsException'> (0x000000076c4607b0) thrown at [C:\jenkins\workspace\8-2-build-windows-amd64-cygwin\jdk8u251\737\hotspot\src\share\vm\runtime\sharedRuntime.cpp, line 605]
Event: 0.255 Thread 0x0000000002fd2800 Exception <a 'java/lang/ArrayIndexOutOfBoundsException'> (0x000000076c4616b8) thrown at [C:\jenkins\workspace\8-2-build-windows-amd64-cygwin\jdk8u251\737\hotspot\src\share\vm\runtime\sharedRuntime.cpp, line 605]
Event: 0.362 Thread 0x0000000002fd2800 Exception <a 'java/security/PrivilegedActionException'> (0x000000076cd26e08) thrown at [C:\jenkins\workspace\8-2-build-windows-amd64-cygwin\jdk8u251\737\hotspot\src\share\vm\prims\jvm.cpp, line 1502]
Event: 0.362 Thread 0x0000000002fd2800 Exception <a 'java/security/PrivilegedActionException'> (0x000000076cd27200) thrown at [C:\jenkins\workspace\8-2-build-windows-amd64-cygwin\jdk8u251\737\hotspot\src\share\vm\prims\jvm.cpp, line 1502]
Event: 0.363 Thread 0x0000000002fd2800 Exception <a 'java/security/PrivilegedActionException'> (0x000000076cd2b4e0) thrown at [C:\jenkins\workspace\8-2-build-windows-amd64-cygwin\jdk8u251\737\hotspot\src\share\vm\prims\jvm.cpp, line 1502]
Event: 0.363 Thread 0x0000000002fd2800 Exception <a 'java/security/PrivilegedActionException'> (0x000000076cd2b8d8) thrown at [C:\jenkins\workspace\8-2-build-windows-amd64-cygwin\jdk8u251\737\hotspot\src\share\vm\prims\jvm.cpp, line 1502]

Events (10 events):
Event: 4.381 Thread 0x0000000002fd2800 DEOPT UNPACKING pc=0x000000000311583b sp=0x0000000002fcd488 mode 2
Event: 4.381 Thread 0x0000000002fd2800 Uncommon trap: trap_request=0xffffff65 fr.pc=0x0000000003851ba0
Event: 4.381 Thread 0x0000000002fd2800 DEOPT PACKING pc=0x0000000003851ba0 sp=0x0000000002fcd230
Event: 4.381 Thread 0x0000000002fd2800 DEOPT UNPACKING pc=0x000000000311583b sp=0x0000000002fcd118 mode 2
Event: 4.441 Thread 0x0000000002fd2800 Uncommon trap: trap_request=0xffffff65 fr.pc=0x00000000037950a4
Event: 4.441 Thread 0x0000000002fd2800 DEOPT PACKING pc=0x00000000037950a4 sp=0x0000000002fcdc10
Event: 4.441 Thread 0x0000000002fd2800 DEOPT UNPACKING pc=0x000000000311583b sp=0x0000000002fcdae8 mode 2
Event: 4.687 Thread 0x0000000002fd2800 Uncommon trap: trap_request=0xffffff65 fr.pc=0x00000000039a650c
Event: 4.687 Thread 0x0000000002fd2800 DEOPT PACKING pc=0x00000000039a650c sp=0x0000000002fcd530
Event: 4.687 Thread 0x0000000002fd2800 DEOPT UNPACKING pc=0x000000000311583b sp=0x0000000002fcd370 mode 2


Dynamic libraries:
0x00007ff7939c0000 - 0x00007ff7939f7000 	C:\Program Files\Java\jdk1.8.0_251\bin\java.exe
0x00007ffd09a30000 - 0x00007ffd09c28000 	C:\WINDOWS\SYSTEM32\ntdll.dll
0x00007ffd08070000 - 0x00007ffd0812f000 	C:\WINDOWS\System32\KERNEL32.DLL
0x00007ffd07540000 - 0x00007ffd07812000 	C:\WINDOWS\System32\KERNELBASE.dll
0x00007ffd085a0000 - 0x00007ffd0864e000 	C:\WINDOWS\System32\ADVAPI32.dll
0x00007ffd089c0000 - 0x00007ffd08a5e000 	C:\WINDOWS\System32\msvcrt.dll
0x00007ffd08650000 - 0x00007ffd086ec000 	C:\WINDOWS\System32\sechost.dll
0x00007ffd07d10000 - 0x00007ffd07e35000 	C:\WINDOWS\System32\RPCRT4.dll
0x00007ffd08e70000 - 0x00007ffd09011000 	C:\WINDOWS\System32\USER32.dll
0x00007ffd073d0000 - 0x00007ffd073f2000 	C:\WINDOWS\System32\win32u.dll
0x00007ffd07f70000 - 0x00007ffd07f9b000 	C:\WINDOWS\System32\GDI32.dll
0x00007ffd07120000 - 0x00007ffd0722f000 	C:\WINDOWS\System32\gdi32full.dll
0x00007ffd07820000 - 0x00007ffd078bd000 	C:\WINDOWS\System32\msvcp_win.dll
0x00007ffd07230000 - 0x00007ffd07330000 	C:\WINDOWS\System32\ucrtbase.dll
0x00007ffce8280000 - 0x00007ffce851a000 	C:\WINDOWS\WinSxS\amd64_microsoft.windows.common-controls_6595b64144ccf1df_6.0.19041.1110_none_60b5254171f9507e\COMCTL32.dll
0x00007ffd07ad0000 - 0x00007ffd07b02000 	C:\WINDOWS\System32\IMM32.DLL
0x0000000075ee0000 - 0x0000000075fb2000 	C:\Program Files\Java\jdk1.8.0_251\jre\bin\msvcr100.dll
0x0000000074470000 - 0x0000000074d1b000 	C:\Program Files\Java\jdk1.8.0_251\jre\bin\server\jvm.dll
0x00007ffd07e40000 - 0x00007ffd07e48000 	C:\WINDOWS\System32\PSAPI.DLL
0x00007ffd01200000 - 0x00007ffd01227000 	C:\WINDOWS\SYSTEM32\WINMM.dll
0x00007ffcecb50000 - 0x00007ffcecb59000 	C:\WINDOWS\SYSTEM32\WSOCK32.dll
0x00007ffcfd9c0000 - 0x00007ffcfd9ca000 	C:\WINDOWS\SYSTEM32\VERSION.dll
0x00007ffd097d0000 - 0x00007ffd0983b000 	C:\WINDOWS\System32\WS2_32.dll
0x00007ffcf8240000 - 0x00007ffcf824f000 	C:\Program Files\Java\jdk1.8.0_251\jre\bin\verify.dll
0x00007ffcd0830000 - 0x00007ffcd0859000 	C:\Program Files\Java\jdk1.8.0_251\jre\bin\java.dll
0x00007ffcefb40000 - 0x00007ffcefb56000 	C:\Program Files\Java\jdk1.8.0_251\jre\bin\zip.dll
0x00007ffd09020000 - 0x00007ffd09765000 	C:\WINDOWS\System32\SHELL32.dll
0x00007ffd04d00000 - 0x00007ffd05492000 	C:\WINDOWS\SYSTEM32\windows.storage.dll
0x00007ffd08b10000 - 0x00007ffd08e65000 	C:\WINDOWS\System32\combase.dll
0x00007ffd06b80000 - 0x00007ffd06bb0000 	C:\WINDOWS\SYSTEM32\Wldp.dll
0x00007ffd07ec0000 - 0x00007ffd07f6d000 	C:\WINDOWS\System32\SHCORE.dll
0x00007ffd07e50000 - 0x00007ffd07ea5000 	C:\WINDOWS\System32\shlwapi.dll
0x00007ffd07060000 - 0x00007ffd0707f000 	C:\WINDOWS\SYSTEM32\profapi.dll
0x00007ffce5da0000 - 0x00007ffce5dba000 	C:\Program Files\Java\jdk1.8.0_251\jre\bin\net.dll
0x00007ffd068e0000 - 0x00007ffd0694a000 	C:\WINDOWS\system32\mswsock.dll
0x00007ffcd6df0000 - 0x00007ffcd6e02000 	C:\Program Files\Java\jdk1.8.0_251\jre\bin\nio.dll

VM Arguments:
java_command: s3m.jar C:\UFPE\miningframework\SOOTAnalysisOutput\hive\52383033822b87b02853eaaf15db1b2904617615\org\apache\hadoop\hive\metastore\ObjectStore\left.java C:\UFPE\miningframework\SOOTAnalysisOutput\hive\52383033822b87b02853eaaf15db1b2904617615\org\apache\hadoop\hive\metastore\ObjectStore\base.java C:\UFPE\miningframework\SOOTAnalysisOutput\hive\52383033822b87b02853eaaf15db1b2904617615\org\apache\hadoop\hive\metastore\ObjectStore\right.java -o C:\UFPE\miningframework\SOOTAnalysisOutput\hive\52383033822b87b02853eaaf15db1b2904617615\org\apache\hadoop\hive\metastore\ObjectStore\InsertionLevelInitializationBlockHandler.java --handle-initialization-blocks false --handle-initialization-blocks-multiple-blocks true
java_class_path (initial): s3m.jar
Launcher Type: SUN_STANDARD

Environment Variables:
JAVA_HOME=C:\Program Files\Java\jdk1.8.0_291
PATH=C:\Program Files\Common Files\Oracle\Java\javapath;C:\Program Files (x86)\Common Files\Oracle\Java\javapath;C:\Windows\system32;C:\Windows;C:\Windows\System32\Wbem;C:\Windows\System32\WindowsPowerShell\v1.0\;C:\Windows\System32\OpenSSH\;C:\Program Files (x86)\NVIDIA Corporation\PhysX\Common;C:\Program Files\NVIDIA Corporation\NVIDIA NvDLISR;C:\Program Files (x86)\Groovy\bin;C:\Program Files (x86)\GnuWin32\bin;C:\UFPE\maven\apache-maven-3.6.3\bin;C:\WINDOWS\system32;C:\WINDOWS;C:\WINDOWS\System32\Wbem;C:\WINDOWS\System32\WindowsPowerShell\v1.0\;C:\WINDOWS\System32\OpenSSH\;C:\Program Files\Git\cmd;C:\Program Files\dotnet\;C:\Users\leona\AppData\Local\Microsoft\WindowsApps;C:\Program Files\Java\jdk-11.0.15\bin;C:\UFPE\maven\apache-maven-3.6.3\bin;C:\Users\leona\AppData\Local\GitHubDesktop\bin;C:\Users\leona\AppData\Local\Programs\Microsoft VS Code\bin;C:\Program Files\JetBrains\IntelliJ IDEA Community Edition 2020.2.3\bin;;C:\Program Files (x86)\GnuWin32\bin;C:\Users\leona\AppData\Local\Microsoft\WindowsApps;C:\flutter\flutter\bin;C:\gradle\bin;
USERNAME=leona
OS=Windows_NT
PROCESSOR_IDENTIFIER=Intel64 Family 6 Model 142 Stepping 12, GenuineIntel



---------------  S Y S T E M  ---------------

OS: Windows 10.0 , 64 bit Build 19041 (10.0.19041.2546)

CPU:total 8 (initial active 8) (4 cores per cpu, 2 threads per core) family 6 model 142 stepping 12, cmov, cx8, fxsr, mmx, sse, sse2, sse3, ssse3, sse4.1, sse4.2, popcnt, avx, avx2, aes, clmul, erms, 3dnowpref, lzcnt, ht, tsc, tscinvbit, bmi1, bmi2, adx

Memory: 4k page, physical 16521856k(1347836k free), swap 45574012k(6164k free)

vm_info: Java HotSpot(TM) 64-Bit Server VM (25.251-b08) for windows-amd64 JRE (1.8.0_251-b08), built on Mar 12 2020 06:31:49 by "" with MS VC++ 10.0 (VS2010)

time: Tue Mar 07 01:45:57 2023
timezone: Hora Padrão de Buenos Aires
elapsed time: 4 seconds (0d 0h 0m 4s)

