#
# There is insufficient memory for the Java Runtime Environment to continue.
# Native memory allocation (malloc) failed to allocate 32744 bytes for ChunkPool::allocate
# Possible reasons:
#   The system is out of physical RAM or swap space
#   The process is running with CompressedOops enabled, and the Java Heap may be blocking the growth of the native heap
# Possible solutions:
#   Reduce memory load on the system
#   Increase physical memory or swap space
#   Check if swap backing store is full
#   Decrease Java heap size (-Xmx/-Xms)
#   Decrease number of Java threads
#   Decrease Java thread stack sizes (-Xss)
#   Set larger code cache with -XX:ReservedCodeCacheSize=
#   JVM is running with Zero Based Compressed Oops mode in which the Java heap is
#     placed in the first 32GB address space. The Java Heap base address is the
#     maximum limit for the native heap growth. Please use -XX:HeapBaseMinAddress
#     to set the Java Heap base and to place the Java Heap above 32GB virtual address.
# This output file may be truncated or incomplete.
#
#  Out of Memory Error (allocation.cpp:272), pid=153256, tid=0x0000000000026f58
#
# JRE version: Java(TM) SE Runtime Environment (8.0_251-b08) (build 1.8.0_251-b08)
# Java VM: Java HotSpot(TM) 64-Bit Server VM (25.251-b08 mixed mode windows-amd64 compressed oops)
# Failed to write core dump. Minidumps are not enabled by default on client versions of Windows
#

---------------  T H R E A D  ---------------

Current thread (0x000000001e054800):  JavaThread "C2 CompilerThread1" daemon [_thread_in_native, id=159576, stack(0x000000001ea40000,0x000000001eb40000)]

Stack: [0x000000001ea40000,0x000000001eb40000]
[error occurred during error reporting (printing stack bounds), id 0xc0000005]

Native frames: (J=compiled Java code, j=interpreted, Vv=VM code, C=native code)


Current CompileTask:
C2:   8222 3193   !   4       org.eclipse.jdt.internal.compiler.parser.Scanner::getNextToken0 (3678 bytes)


---------------  P R O C E S S  ---------------

Java Threads: ( => current thread )
  0x000000001e0e9000 JavaThread "Service Thread" daemon [_thread_blocked, id=151632, stack(0x000000001ed40000,0x000000001ee40000)]
  0x000000001e065000 JavaThread "C1 CompilerThread3" daemon [_thread_in_vm, id=154360, stack(0x000000001ec40000,0x000000001ed40000)]
  0x000000001e055000 JavaThread "C2 CompilerThread2" daemon [_thread_in_native, id=156336, stack(0x000000001eb40000,0x000000001ec40000)]
=>0x000000001e054800 JavaThread "C2 CompilerThread1" daemon [_thread_in_native, id=159576, stack(0x000000001ea40000,0x000000001eb40000)]
  0x000000001e04d800 JavaThread "C2 CompilerThread0" daemon [_thread_in_native, id=159452, stack(0x000000001e940000,0x000000001ea40000)]
  0x000000001e04a800 JavaThread "Attach Listener" daemon [_thread_blocked, id=156140, stack(0x000000001e840000,0x000000001e940000)]
  0x000000001e048000 JavaThread "Signal Dispatcher" daemon [_thread_blocked, id=150324, stack(0x000000001e740000,0x000000001e840000)]
  0x0000000002908000 JavaThread "Finalizer" daemon [_thread_blocked, id=145900, stack(0x000000001e520000,0x000000001e620000)]
  0x000000001e040800 JavaThread "Reference Handler" daemon [_thread_blocked, id=145652, stack(0x000000001e420000,0x000000001e520000)]
  0x0000000002812800 JavaThread "main" [_thread_in_Java, id=158924, stack(0x0000000002710000,0x0000000002810000)]

Other Threads:
  0x000000001c249000 VMThread [stack: 0x000000001df20000,0x000000001e020000] [id=154968]
  0x000000001e10c000 WatcherThread [stack: 0x000000001ee40000,0x000000001ef40000] [id=159312]

VM state:not at safepoint (normal execution)

VM Mutex/Monitor currently owned by a thread:  ([mutex/lock_event])
[0x000000000270d6c0] Patching_lock - owner thread: 0x0000000000000000
[0x0000000002810e50] CompiledIC_lock - owner thread: 0x0000000000000000

heap address: 0x00000006c3e00000, size: 4034 MB, Compressed Oops mode: Zero based, Oop shift amount: 3
Narrow klass base: 0x0000000000000000, Narrow klass shift: 3
Compressed class space size: 1073741824 Address: 0x00000007c0000000

Heap:
 PSYoungGen      total 1333760K, used 300279K [0x000000076bf80000, 0x00000007c0000000, 0x00000007c0000000)
  eden space 1329152K, 22% used [0x000000076bf80000,0x000000077e055c18,0x00000007bd180000)
  from space 4608K, 97% used [0x00000007bd180000,0x00000007bd5e8000,0x00000007bd600000)
  to   space 5120K, 0% used [0x00000007bfb00000,0x00000007bfb00000,0x00000007c0000000)
 ParOldGen       total 173568K, used 15197K [0x00000006c3e00000, 0x00000006ce780000, 0x000000076bf80000)
  object space 173568K, 8% used [0x00000006c3e00000,0x00000006c4cd7608,0x00000006ce780000)
 Metaspace       used 19583K, capacity 19906K, committed 20352K, reserved 1069056K
  class space    used 1766K, capacity 1843K, committed 1920K, reserved 1048576K

Card table byte_map: [0x0000000011cd0000,0x00000000124c0000] byte_map_base: 0x000000000e6b1000

Marking Bits: (ParMarkBitMap*) 0x0000000074c9af90
 Begin Bits: [0x0000000013210000, 0x0000000017118000)
 End Bits:   [0x0000000017118000, 0x000000001b020000)

Polling page: 0x0000000002670000

CodeCache: size=245760Kb used=16325Kb max_used=16325Kb free=229434Kb
 bounds [0x0000000002910000, 0x0000000003910000, 0x0000000011910000]
 total_blobs=3708 nmethods=3284 adapters=335
 compilation: enabled

Compilation events (10 events):
Event: 8.210 Thread 0x000000001e065000 nmethod 3304 0x00000000038fb390 code [0x00000000038fb500, 0x00000000038fb848]
Event: 8.210 Thread 0x000000001e065000 3305       3       org.eclipse.jdt.internal.compiler.ast.LocalDeclaration::isTypeNameVar (22 bytes)
Event: 8.211 Thread 0x000000001e065000 nmethod 3305 0x00000000038fb910 code [0x00000000038fba80, 0x00000000038fbd28]
Event: 8.211 Thread 0x000000001e065000 3307       3       org.eclipse.jdt.internal.compiler.lookup.Scope::computeCompatibleMethod (580 bytes)
Event: 8.215 Thread 0x000000001e065000 nmethod 3307 0x00000000038fbe10 code [0x00000000038fc220, 0x00000000038ff2f8]
Event: 8.215 Thread 0x000000001e065000 3311       3       org.eclipse.jdt.internal.compiler.lookup.PackageBinding::clearMissingTagBit (24 bytes)
Event: 8.216 Thread 0x000000001e065000 nmethod 3311 0x0000000003900710 code [0x0000000003900880, 0x0000000003900a90]
Event: 8.216 Thread 0x000000001e065000 3310       3       org.eclipse.jdt.internal.compiler.lookup.UnresolvedReferenceBinding::setResolvedType (61 bytes)
Event: 8.216 Thread 0x000000001e065000 nmethod 3310 0x0000000003900b90 code [0x0000000003900d20, 0x0000000003901238]
Event: 8.216 Thread 0x000000001e065000 3312       3       org.eclipse.jdt.internal.compiler.lookup.Scope::findMemberType (715 bytes)

GC Heap History (10 events):
Event: 3.064 GC heap before
{Heap before GC invocations=9 (full 0):
 PSYoungGen      total 523776K, used 521472K [0x000000076bf80000, 0x000000078c380000, 0x00000007c0000000)
  eden space 519168K, 100% used [0x000000076bf80000,0x000000078ba80000,0x000000078ba80000)
  from space 4608K, 50% used [0x000000078bf00000,0x000000078c140000,0x000000078c380000)
  to   space 4608K, 0% used [0x000000078ba80000,0x000000078ba80000,0x000000078bf00000)
 ParOldGen       total 173568K, used 3189K [0x00000006c3e00000, 0x00000006ce780000, 0x000000076bf80000)
  object space 173568K, 1% used [0x00000006c3e00000,0x00000006c411d760,0x00000006ce780000)
 Metaspace       used 9384K, capacity 9614K, committed 9856K, reserved 1058816K
  class space    used 967K, capacity 1033K, committed 1152K, reserved 1048576K
Event: 3.072 GC heap after
Heap after GC invocations=9 (full 0):
 PSYoungGen      total 523776K, used 3488K [0x000000076bf80000, 0x000000079f400000, 0x00000007c0000000)
  eden space 519168K, 0% used [0x000000076bf80000,0x000000076bf80000,0x000000078ba80000)
  from space 4608K, 75% used [0x000000078ba80000,0x000000078bde8000,0x000000078bf00000)
  to   space 4608K, 0% used [0x000000079ef80000,0x000000079ef80000,0x000000079f400000)
 ParOldGen       total 173568K, used 3981K [0x00000006c3e00000, 0x00000006ce780000, 0x000000076bf80000)
  object space 173568K, 2% used [0x00000006c3e00000,0x00000006c41e3760,0x00000006ce780000)
 Metaspace       used 9384K, capacity 9614K, committed 9856K, reserved 1058816K
  class space    used 967K, capacity 1033K, committed 1152K, reserved 1048576K
}
Event: 3.580 GC heap before
{Heap before GC invocations=10 (full 0):
 PSYoungGen      total 523776K, used 522656K [0x000000076bf80000, 0x000000079f400000, 0x00000007c0000000)
  eden space 519168K, 100% used [0x000000076bf80000,0x000000078ba80000,0x000000078ba80000)
  from space 4608K, 75% used [0x000000078ba80000,0x000000078bde8000,0x000000078bf00000)
  to   space 4608K, 0% used [0x000000079ef80000,0x000000079ef80000,0x000000079f400000)
 ParOldGen       total 173568K, used 3981K [0x00000006c3e00000, 0x00000006ce780000, 0x000000076bf80000)
  object space 173568K, 2% used [0x00000006c3e00000,0x00000006c41e3760,0x00000006ce780000)
 Metaspace       used 9434K, capacity 9678K, committed 9856K, reserved 1058816K
  class space    used 967K, capacity 1033K, committed 1152K, reserved 1048576K
Event: 3.586 GC heap after
Heap after GC invocations=10 (full 0):
 PSYoungGen      total 835072K, used 4000K [0x000000076bf80000, 0x000000079f500000, 0x00000007c0000000)
  eden space 830464K, 0% used [0x000000076bf80000,0x000000076bf80000,0x000000079ea80000)
  from space 4608K, 86% used [0x000000079ef80000,0x000000079f368020,0x000000079f400000)
  to   space 5120K, 0% used [0x000000079ea80000,0x000000079ea80000,0x000000079ef80000)
 ParOldGen       total 173568K, used 5469K [0x00000006c3e00000, 0x00000006ce780000, 0x000000076bf80000)
  object space 173568K, 3% used [0x00000006c3e00000,0x00000006c4357760,0x00000006ce780000)
 Metaspace       used 9434K, capacity 9678K, committed 9856K, reserved 1058816K
  class space    used 967K, capacity 1033K, committed 1152K, reserved 1048576K
}
Event: 4.334 GC heap before
{Heap before GC invocations=11 (full 0):
 PSYoungGen      total 835072K, used 834464K [0x000000076bf80000, 0x000000079f500000, 0x00000007c0000000)
  eden space 830464K, 100% used [0x000000076bf80000,0x000000079ea80000,0x000000079ea80000)
  from space 4608K, 86% used [0x000000079ef80000,0x000000079f368020,0x000000079f400000)
  to   space 5120K, 0% used [0x000000079ea80000,0x000000079ea80000,0x000000079ef80000)
 ParOldGen       total 173568K, used 5469K [0x00000006c3e00000, 0x00000006ce780000, 0x000000076bf80000)
  object space 173568K, 3% used [0x00000006c3e00000,0x00000006c4357760,0x00000006ce780000)
 Metaspace       used 9441K, capacity 9678K, committed 9856K, reserved 1058816K
  class space    used 967K, capacity 1033K, committed 1152K, reserved 1048576K
Event: 4.341 GC heap after
Heap after GC invocations=11 (full 0):
 PSYoungGen      total 835584K, used 2656K [0x000000076bf80000, 0x00000007bdb80000, 0x00000007c0000000)
  eden space 830464K, 0% used [0x000000076bf80000,0x000000076bf80000,0x000000079ea80000)
  from space 5120K, 51% used [0x000000079ea80000,0x000000079ed18000,0x000000079ef80000)
  to   space 5120K, 0% used [0x00000007bd680000,0x00000007bd680000,0x00000007bdb80000)
 ParOldGen       total 173568K, used 9375K [0x00000006c3e00000, 0x00000006ce780000, 0x000000076bf80000)
  object space 173568K, 5% used [0x00000006c3e00000,0x00000006c4727dc8,0x00000006ce780000)
 Metaspace       used 9441K, capacity 9678K, committed 9856K, reserved 1058816K
  class space    used 967K, capacity 1033K, committed 1152K, reserved 1048576K
}
Event: 4.923 GC heap before
{Heap before GC invocations=12 (full 0):
 PSYoungGen      total 835584K, used 833120K [0x000000076bf80000, 0x00000007bdb80000, 0x00000007c0000000)
  eden space 830464K, 100% used [0x000000076bf80000,0x000000079ea80000,0x000000079ea80000)
  from space 5120K, 51% used [0x000000079ea80000,0x000000079ed18000,0x000000079ef80000)
  to   space 5120K, 0% used [0x00000007bd680000,0x00000007bd680000,0x00000007bdb80000)
 ParOldGen       total 173568K, used 9375K [0x00000006c3e00000, 0x00000006ce780000, 0x000000076bf80000)
  object space 173568K, 5% used [0x00000006c3e00000,0x00000006c4727dc8,0x00000006ce780000)
 Metaspace       used 9454K, capacity 9678K, committed 9856K, reserved 1058816K
  class space    used 967K, capacity 1033K, committed 1152K, reserved 1048576K
Event: 4.929 GC heap after
Heap after GC invocations=12 (full 0):
 PSYoungGen      total 1333248K, used 3280K [0x000000076bf80000, 0x00000007bda80000, 0x00000007c0000000)
  eden space 1329152K, 0% used [0x000000076bf80000,0x000000076bf80000,0x00000007bd180000)
  from space 4096K, 80% used [0x00000007bd680000,0x00000007bd9b4030,0x00000007bda80000)
  to   space 4608K, 0% used [0x00000007bd180000,0x00000007bd180000,0x00000007bd600000)
 ParOldGen       total 173568K, used 11995K [0x00000006c3e00000, 0x00000006ce780000, 0x000000076bf80000)
  object space 173568K, 6% used [0x00000006c3e00000,0x00000006c49b6e68,0x00000006ce780000)
 Metaspace       used 9454K, capacity 9678K, committed 9856K, reserved 1058816K
  class space    used 967K, capacity 1033K, committed 1152K, reserved 1048576K
}
Event: 6.093 GC heap before
{Heap before GC invocations=13 (full 0):
 PSYoungGen      total 1333248K, used 1332432K [0x000000076bf80000, 0x00000007bda80000, 0x00000007c0000000)
  eden space 1329152K, 100% used [0x000000076bf80000,0x00000007bd180000,0x00000007bd180000)
  from space 4096K, 80% used [0x00000007bd680000,0x00000007bd9b4030,0x00000007bda80000)
  to   space 4608K, 0% used [0x00000007bd180000,0x00000007bd180000,0x00000007bd600000)
 ParOldGen       total 173568K, used 11995K [0x00000006c3e00000, 0x00000006ce780000, 0x000000076bf80000)
  object space 173568K, 6% used [0x00000006c3e00000,0x00000006c49b6e68,0x00000006ce780000)
 Metaspace       used 9461K, capacity 9678K, committed 9856K, reserved 1058816K
  class space    used 967K, capacity 1033K, committed 1152K, reserved 1048576K
Event: 6.102 GC heap after
Heap after GC invocations=13 (full 0):
 PSYoungGen      total 1333760K, used 4512K [0x000000076bf80000, 0x00000007c0000000, 0x00000007c0000000)
  eden space 1329152K, 0% used [0x000000076bf80000,0x000000076bf80000,0x00000007bd180000)
  from space 4608K, 97% used [0x00000007bd180000,0x00000007bd5e8000,0x00000007bd600000)
  to   space 5120K, 0% used [0x00000007bfb00000,0x00000007bfb00000,0x00000007c0000000)
 ParOldGen       total 173568K, used 15197K [0x00000006c3e00000, 0x00000006ce780000, 0x000000076bf80000)
  object space 173568K, 8% used [0x00000006c3e00000,0x00000006c4cd7608,0x00000006ce780000)
 Metaspace       used 9461K, capacity 9678K, committed 9856K, reserved 1058816K
  class space    used 967K, capacity 1033K, committed 1152K, reserved 1048576K
}

Deoptimization events (10 events):
Event: 7.942 Thread 0x0000000002812800 Uncommon trap: reason=bimorphic action=maybe_recompile pc=0x0000000002d2b91c method=java.util.regex.Pattern$BmpCharProperty.match(Ljava/util/regex/Matcher;ILjava/lang/CharSequence;)Z @ 16
Event: 7.942 Thread 0x0000000002812800 Uncommon trap: reason=bimorphic action=maybe_recompile pc=0x0000000002d2b91c method=java.util.regex.Pattern$BmpCharProperty.match(Ljava/util/regex/Matcher;ILjava/lang/CharSequence;)Z @ 16
Event: 7.987 Thread 0x0000000002812800 Uncommon trap: reason=null_check action=make_not_entrant pc=0x0000000003291338 method=de.ovgu.cide.fstgen.ast.FSTNode.equals(Ljava/lang/Object;)Z @ 1
Event: 8.010 Thread 0x0000000002812800 Uncommon trap: reason=unstable_if action=reinterpret pc=0x0000000003499d24 method=org.eclipse.jdt.internal.compiler.parser.Scanner.getNextToken()I @ 23
Event: 8.010 Thread 0x0000000002812800 Uncommon trap: reason=unstable_if action=reinterpret pc=0x0000000003829af4 method=org.eclipse.jdt.internal.compiler.parser.Scanner.pushLineSeparator()V @ 217
Event: 8.011 Thread 0x0000000002812800 Uncommon trap: reason=unstable_if action=reinterpret pc=0x0000000003801474 method=org.eclipse.jdt.internal.compiler.parser.Scanner.internalScanIdentifierOrKeyword(II[C)I @ 2275
Event: 8.085 Thread 0x0000000002812800 Uncommon trap: reason=unstable_if action=reinterpret pc=0x00000000037142c0 method=org.eclipse.jdt.internal.compiler.lookup.Scope.getTypeOrPackage([CIZ)Lorg/eclipse/jdt/internal/compiler/lookup/Binding; @ 753
Event: 8.088 Thread 0x0000000002812800 Uncommon trap: reason=unstable_if action=reinterpret pc=0x000000000371df48 method=org.eclipse.jdt.internal.compiler.lookup.Scope.getBinding([CILorg/eclipse/jdt/internal/compiler/lookup/InvocationSite;Z)Lorg/eclipse/jdt/internal/compiler/lookup/Binding; @ 
Event: 8.092 Thread 0x0000000002812800 Uncommon trap: reason=unloaded action=reinterpret pc=0x0000000003569b80 method=org.eclipse.jdt.internal.compiler.parser.Parser.consumeToken(I)V @ 1518
Event: 8.126 Thread 0x0000000002812800 Uncommon trap: reason=unstable_if action=reinterpret pc=0x00000000036ee0f4 method=org.eclipse.jdt.internal.compiler.lookup.LookupEnvironment.getCachedType([[C)Lorg/eclipse/jdt/internal/compiler/lookup/ReferenceBinding; @ 26

Classes redefined (0 events):
No events

Internal exceptions (10 events):
Event: 0.375 Thread 0x0000000002812800 Exception <a 'java/security/PrivilegedActionException'> (0x000000076c8bf350) thrown at [C:\jenkins\workspace\8-2-build-windows-amd64-cygwin\jdk8u251\737\hotspot\src\share\vm\prims\jvm.cpp, line 1502]
Event: 0.376 Thread 0x0000000002812800 Exception <a 'java/security/PrivilegedActionException'> (0x000000076c8c3630) thrown at [C:\jenkins\workspace\8-2-build-windows-amd64-cygwin\jdk8u251\737\hotspot\src\share\vm\prims\jvm.cpp, line 1502]
Event: 0.376 Thread 0x0000000002812800 Exception <a 'java/security/PrivilegedActionException'> (0x000000076c8c3a28) thrown at [C:\jenkins\workspace\8-2-build-windows-amd64-cygwin\jdk8u251\737\hotspot\src\share\vm\prims\jvm.cpp, line 1502]
Event: 6.507 Thread 0x0000000002812800 Exception <a 'java/io/FileNotFoundException'> (0x0000000775cba978) thrown at [C:\jenkins\workspace\8-2-build-windows-amd64-cygwin\jdk8u251\737\hotspot\src\share\vm\prims\jni.cpp, line 710]
Event: 6.810 Thread 0x0000000002812800 Exception <a 'java/lang/ArrayIndexOutOfBoundsException'> (0x00000007768e7fe0) thrown at [C:\jenkins\workspace\8-2-build-windows-amd64-cygwin\jdk8u251\737\hotspot\src\share\vm\runtime\sharedRuntime.cpp, line 605]
Event: 6.830 Thread 0x0000000002812800 Exception <a 'java/lang/IncompatibleClassChangeError': Found class java.lang.Object, but interface was expected> (0x0000000776942470) thrown at [C:\jenkins\workspace\8-2-build-windows-amd64-cygwin\jdk8u251\737\hotspot\src\share\vm\interpreter\linkResolver
Event: 7.987 Thread 0x0000000002812800 Implicit null exception at 0x00000000032910cf to 0x0000000003291329
Event: 8.009 Thread 0x0000000002812800 Exception <a 'java/io/FileNotFoundException'> (0x000000077b619f88) thrown at [C:\jenkins\workspace\8-2-build-windows-amd64-cygwin\jdk8u251\737\hotspot\src\share\vm\prims\jni.cpp, line 710]
Event: 8.041 Thread 0x0000000002812800 Exception <a 'java/lang/ArrayIndexOutOfBoundsException'> (0x000000077b66a748) thrown at [C:\jenkins\workspace\8-2-build-windows-amd64-cygwin\jdk8u251\737\hotspot\src\share\vm\runtime\sharedRuntime.cpp, line 605]
Event: 8.085 Thread 0x0000000002812800 Implicit null exception at 0x000000000371132a to 0x0000000003714289

Events (10 events):
Event: 8.106 Thread 0x0000000002812800 DEOPT UNPACKING pc=0x0000000002957890 sp=0x000000000280ea78 mode 0
Event: 8.113 Thread 0x0000000002812800 DEOPT PACKING pc=0x00000000034d95af sp=0x000000000280eca0
Event: 8.113 Thread 0x0000000002812800 DEOPT UNPACKING pc=0x0000000002957890 sp=0x000000000280ea78 mode 0
Event: 8.126 Thread 0x0000000002812800 Uncommon trap: trap_request=0xffffff65 fr.pc=0x00000000036ee0f4
Event: 8.126 Thread 0x0000000002812800 DEOPT PACKING pc=0x00000000036ee0f4 sp=0x000000000280e5c0
Event: 8.126 Thread 0x0000000002812800 DEOPT UNPACKING pc=0x000000000295583b sp=0x000000000280e3b8 mode 2
Event: 8.182 Thread 0x0000000002812800 DEOPT PACKING pc=0x00000000035967b6 sp=0x000000000280e450
Event: 8.182 Thread 0x0000000002812800 DEOPT UNPACKING pc=0x0000000002957890 sp=0x000000000280e158 mode 0
Event: 8.216 Thread 0x0000000002812800 DEOPT PACKING pc=0x00000000035b04c3 sp=0x000000000280e0c0
Event: 8.216 Thread 0x0000000002812800 DEOPT UNPACKING pc=0x0000000002957890 sp=0x000000000280de78 mode 0


Dynamic libraries:
0x00007ff7939c0000 - 0x00007ff7939f7000 	C:\Program Files\Java\jdk1.8.0_251\bin\java.exe
0x00007ffd09a30000 - 0x00007ffd09c28000 	C:\WINDOWS\SYSTEM32\ntdll.dll
0x00007ffd08070000 - 0x00007ffd0812f000 	C:\WINDOWS\System32\KERNEL32.DLL
0x00007ffd07540000 - 0x00007ffd07812000 	C:\WINDOWS\System32\KERNELBASE.dll
0x00007ffd085a0000 - 0x00007ffd0864e000 	C:\WINDOWS\System32\ADVAPI32.dll
0x00007ffd089c0000 - 0x00007ffd08a5e000 	C:\WINDOWS\System32\msvcrt.dll
0x00007ffd08650000 - 0x00007ffd086ec000 	C:\WINDOWS\System32\sechost.dll
0x00007ffd07d10000 - 0x00007ffd07e35000 	C:\WINDOWS\System32\RPCRT4.dll
0x00007ffd08e70000 - 0x00007ffd09011000 	C:\WINDOWS\System32\USER32.dll
0x00007ffd073d0000 - 0x00007ffd073f2000 	C:\WINDOWS\System32\win32u.dll
0x00007ffd07f70000 - 0x00007ffd07f9b000 	C:\WINDOWS\System32\GDI32.dll
0x00007ffd07120000 - 0x00007ffd0722f000 	C:\WINDOWS\System32\gdi32full.dll
0x00007ffd07820000 - 0x00007ffd078bd000 	C:\WINDOWS\System32\msvcp_win.dll
0x00007ffd07230000 - 0x00007ffd07330000 	C:\WINDOWS\System32\ucrtbase.dll
0x00007ffce8280000 - 0x00007ffce851a000 	C:\WINDOWS\WinSxS\amd64_microsoft.windows.common-controls_6595b64144ccf1df_6.0.19041.1110_none_60b5254171f9507e\COMCTL32.dll
0x00007ffd07ad0000 - 0x00007ffd07b02000 	C:\WINDOWS\System32\IMM32.DLL
0x0000000075ee0000 - 0x0000000075fb2000 	C:\Program Files\Java\jdk1.8.0_251\jre\bin\msvcr100.dll
0x0000000074470000 - 0x0000000074d1b000 	C:\Program Files\Java\jdk1.8.0_251\jre\bin\server\jvm.dll
0x00007ffd07e40000 - 0x00007ffd07e48000 	C:\WINDOWS\System32\PSAPI.DLL
0x00007ffcecb50000 - 0x00007ffcecb59000 	C:\WINDOWS\SYSTEM32\WSOCK32.dll
0x00007ffd01200000 - 0x00007ffd01227000 	C:\WINDOWS\SYSTEM32\WINMM.dll
0x00007ffcfd9c0000 - 0x00007ffcfd9ca000 	C:\WINDOWS\SYSTEM32\VERSION.dll
0x00007ffd097d0000 - 0x00007ffd0983b000 	C:\WINDOWS\System32\WS2_32.dll
0x00007ffcf8240000 - 0x00007ffcf824f000 	C:\Program Files\Java\jdk1.8.0_251\jre\bin\verify.dll
0x00007ffcd0830000 - 0x00007ffcd0859000 	C:\Program Files\Java\jdk1.8.0_251\jre\bin\java.dll
0x00007ffcefb40000 - 0x00007ffcefb56000 	C:\Program Files\Java\jdk1.8.0_251\jre\bin\zip.dll
0x00007ffd09020000 - 0x00007ffd09765000 	C:\WINDOWS\System32\SHELL32.dll
0x00007ffd04d00000 - 0x00007ffd05492000 	C:\WINDOWS\SYSTEM32\windows.storage.dll
0x00007ffd08b10000 - 0x00007ffd08e65000 	C:\WINDOWS\System32\combase.dll
0x00007ffd06b80000 - 0x00007ffd06bb0000 	C:\WINDOWS\SYSTEM32\Wldp.dll
0x00007ffd07ec0000 - 0x00007ffd07f6d000 	C:\WINDOWS\System32\SHCORE.dll
0x00007ffd07e50000 - 0x00007ffd07ea5000 	C:\WINDOWS\System32\shlwapi.dll
0x00007ffd07060000 - 0x00007ffd0707f000 	C:\WINDOWS\SYSTEM32\profapi.dll
0x00007ffce5da0000 - 0x00007ffce5dba000 	C:\Program Files\Java\jdk1.8.0_251\jre\bin\net.dll
0x00007ffd068e0000 - 0x00007ffd0694a000 	C:\WINDOWS\system32\mswsock.dll
0x00007ffcd6df0000 - 0x00007ffcd6e02000 	C:\Program Files\Java\jdk1.8.0_251\jre\bin\nio.dll

VM Arguments:
java_command: s3m.jar C:\UFPE\miningframework\SOOTAnalysisOutput\hive\7f3ba41332bc7cbcab56c72a4e1f623fa884316a\org\apache\hadoop\hive\ql\exec\Utilities\left.java C:\UFPE\miningframework\SOOTAnalysisOutput\hive\7f3ba41332bc7cbcab56c72a4e1f623fa884316a\org\apache\hadoop\hive\ql\exec\Utilities\base.java C:\UFPE\miningframework\SOOTAnalysisOutput\hive\7f3ba41332bc7cbcab56c72a4e1f623fa884316a\org\apache\hadoop\hive\ql\exec\Utilities\right.java -o C:\UFPE\miningframework\SOOTAnalysisOutput\hive\7f3ba41332bc7cbcab56c72a4e1f623fa884316a\org\apache\hadoop\hive\ql\exec\Utilities\InsertionLevelInitializationBlockHandler.java --handle-initialization-blocks false --handle-initialization-blocks-multiple-blocks true
java_class_path (initial): s3m.jar
Launcher Type: SUN_STANDARD

Environment Variables:
JAVA_HOME=C:\Program Files\Java\jdk1.8.0_291
PATH=C:\Program Files\Common Files\Oracle\Java\javapath;C:\Program Files (x86)\Common Files\Oracle\Java\javapath;C:\Windows\system32;C:\Windows;C:\Windows\System32\Wbem;C:\Windows\System32\WindowsPowerShell\v1.0\;C:\Windows\System32\OpenSSH\;C:\Program Files (x86)\NVIDIA Corporation\PhysX\Common;C:\Program Files\NVIDIA Corporation\NVIDIA NvDLISR;C:\Program Files (x86)\Groovy\bin;C:\Program Files (x86)\GnuWin32\bin;C:\UFPE\maven\apache-maven-3.6.3\bin;C:\WINDOWS\system32;C:\WINDOWS;C:\WINDOWS\System32\Wbem;C:\WINDOWS\System32\WindowsPowerShell\v1.0\;C:\WINDOWS\System32\OpenSSH\;C:\Program Files\Git\cmd;C:\Program Files\dotnet\;C:\Users\leona\AppData\Local\Microsoft\WindowsApps;C:\Program Files\Java\jdk-11.0.15\bin;C:\UFPE\maven\apache-maven-3.6.3\bin;C:\Users\leona\AppData\Local\GitHubDesktop\bin;C:\Users\leona\AppData\Local\Programs\Microsoft VS Code\bin;C:\Program Files\JetBrains\IntelliJ IDEA Community Edition 2020.2.3\bin;;C:\Program Files (x86)\GnuWin32\bin;C:\Users\leona\AppData\Local\Microsoft\WindowsApps;C:\flutter\flutter\bin;C:\gradle\bin;
USERNAME=leona
OS=Windows_NT
PROCESSOR_IDENTIFIER=Intel64 Family 6 Model 142 Stepping 12, GenuineIntel



---------------  S Y S T E M  ---------------

OS: Windows 10.0 , 64 bit Build 19041 (10.0.19041.2546)

CPU:total 8 (initial active 8) (4 cores per cpu, 2 threads per core) family 6 model 142 stepping 12, cmov, cx8, fxsr, mmx, sse, sse2, sse3, ssse3, sse4.1, sse4.2, popcnt, avx, avx2, aes, clmul, erms, 3dnowpref, lzcnt, ht, tsc, tscinvbit, bmi1, bmi2, adx

Memory: 4k page, physical 16521856k(1071240k free), swap 45574012k(5120k free)

vm_info: Java HotSpot(TM) 64-Bit Server VM (25.251-b08) for windows-amd64 JRE (1.8.0_251-b08), built on Mar 12 2020 06:31:49 by "" with MS VC++ 10.0 (VS2010)

time: Tue Mar 07 02:05:50 2023
timezone: Hora Padrão de Buenos Aires
elapsed time: 8 seconds (0d 0h 0m 8s)

