#
# There is insufficient memory for the Java Runtime Environment to continue.
# Native memory allocation (malloc) failed to allocate 524304 bytes for Chunk::new
# Possible reasons:
#   The system is out of physical RAM or swap space
#   The process is running with CompressedOops enabled, and the Java Heap may be blocking the growth of the native heap
# Possible solutions:
#   Reduce memory load on the system
#   Increase physical memory or swap space
#   Check if swap backing store is full
#   Decrease Java heap size (-Xmx/-Xms)
#   Decrease number of Java threads
#   Decrease Java thread stack sizes (-Xss)
#   Set larger code cache with -XX:ReservedCodeCacheSize=
#   JVM is running with Zero Based Compressed Oops mode in which the Java heap is
#     placed in the first 32GB address space. The Java Heap base address is the
#     maximum limit for the native heap growth. Please use -XX:HeapBaseMinAddress
#     to set the Java Heap base and to place the Java Heap above 32GB virtual address.
# This output file may be truncated or incomplete.
#
#  Out of Memory Error (allocation.cpp:389), pid=161492, tid=0x00000000000278b8
#
# JRE version: Java(TM) SE Runtime Environment (8.0_251-b08) (build 1.8.0_251-b08)
# Java VM: Java HotSpot(TM) 64-Bit Server VM (25.251-b08 mixed mode windows-amd64 compressed oops)
# Failed to write core dump. Minidumps are not enabled by default on client versions of Windows
#

---------------  T H R E A D  ---------------

Current thread (0x000000001eb13800):  JavaThread "C2 CompilerThread2" daemon [_thread_in_native, id=161976, stack(0x000000001f600000,0x000000001f700000)]

Stack: [0x000000001f600000,0x000000001f700000]
[error occurred during error reporting (printing stack bounds), id 0xc0000005]

Native frames: (J=compiled Java code, j=interpreted, Vv=VM code, C=native code)


Current CompileTask:
C2:   4271 1911       4       org.eclipse.jdt.internal.compiler.parser.Parser::consumeRule (7138 bytes)


---------------  P R O C E S S  ---------------

Java Threads: ( => current thread )
  0x000000001eba6000 JavaThread "Service Thread" daemon [_thread_blocked, id=165772, stack(0x000000001f800000,0x000000001f900000)]
  0x000000001eb1f000 JavaThread "C1 CompilerThread3" daemon [_thread_in_native, id=165736, stack(0x000000001f700000,0x000000001f800000)]
=>0x000000001eb13800 JavaThread "C2 CompilerThread2" daemon [_thread_in_native, id=161976, stack(0x000000001f600000,0x000000001f700000)]
  0x000000001eb0e800 JavaThread "C2 CompilerThread1" daemon [_thread_blocked, id=163148, stack(0x000000001f500000,0x000000001f600000)]
  0x000000001eb0c000 JavaThread "C2 CompilerThread0" daemon [_thread_blocked, id=161624, stack(0x000000001f400000,0x000000001f500000)]
  0x000000001eb09000 JavaThread "Attach Listener" daemon [_thread_blocked, id=165584, stack(0x000000001f300000,0x000000001f400000)]
  0x000000001eb07000 JavaThread "Signal Dispatcher" daemon [_thread_blocked, id=161932, stack(0x000000001f200000,0x000000001f300000)]
  0x000000001eb01800 JavaThread "Finalizer" daemon [_thread_blocked, id=156556, stack(0x000000001efe0000,0x000000001f0e0000)]
  0x000000001eb00800 JavaThread "Reference Handler" daemon [_thread_blocked, id=165444, stack(0x000000001eee0000,0x000000001efe0000)]
  0x00000000032a2800 JavaThread "main" [_thread_in_Java, id=164924, stack(0x00000000031a0000,0x00000000032a0000)]

Other Threads:
  0x000000001ccd9800 VMThread [stack: 0x000000001e9e0000,0x000000001eae0000] [id=161136]
  0x000000001ebc9000 WatcherThread [stack: 0x000000001f900000,0x000000001fa00000] [id=163080]

VM state:not at safepoint (normal execution)

VM Mutex/Monitor currently owned by a thread: None

heap address: 0x00000006c3e00000, size: 4034 MB, Compressed Oops mode: Zero based, Oop shift amount: 3
Narrow klass base: 0x0000000000000000, Narrow klass shift: 3
Compressed class space size: 1073741824 Address: 0x00000007c0000000

Heap:
 PSYoungGen      total 837120K, used 570318K [0x000000076bf80000, 0x000000079f580000, 0x00000007c0000000)
  eden space 832512K, 68% used [0x000000076bf80000,0x000000078eae3810,0x000000079ec80000)
  from space 4608K, 34% used [0x000000079f100000,0x000000079f290020,0x000000079f580000)
  to   space 4608K, 0% used [0x000000079ec80000,0x000000079ec80000,0x000000079f100000)
 ParOldGen       total 173568K, used 4979K [0x00000006c3e00000, 0x00000006ce780000, 0x000000076bf80000)
  object space 173568K, 2% used [0x00000006c3e00000,0x00000006c42dcfa0,0x00000006ce780000)
 Metaspace       used 16245K, capacity 16556K, committed 16768K, reserved 1069056K
  class space    used 1549K, capacity 1636K, committed 1664K, reserved 1048576K

Card table byte_map: [0x0000000012760000,0x0000000012f50000] byte_map_base: 0x000000000f141000

Marking Bits: (ParMarkBitMap*) 0x0000000074c9af90
 Begin Bits: [0x0000000013ca0000, 0x0000000017ba8000)
 End Bits:   [0x0000000017ba8000, 0x000000001bab0000)

Polling page: 0x00000000013f0000

CodeCache: size=245760Kb used=9044Kb max_used=9044Kb free=236715Kb
 bounds [0x00000000033a0000, 0x0000000003c80000, 0x00000000123a0000]
 total_blobs=2310 nmethods=1911 adapters=312
 compilation: enabled

Compilation events (10 events):
Event: 4.256 Thread 0x000000001eb1f000 nmethod 1905 0x0000000003c5f0d0 code [0x0000000003c5f240, 0x0000000003c5f4b0]
Event: 4.258 Thread 0x000000001eb1f000 1906       3       org.eclipse.jdt.internal.compiler.parser.Parser::pushIdentifier (193 bytes)
Event: 4.258 Thread 0x000000001eb1f000 nmethod 1906 0x0000000003c5de10 code [0x0000000003c5e000, 0x0000000003c5ea28]
Event: 4.260 Thread 0x000000001eb1f000 1907       3       org.eclipse.jdt.internal.compiler.parser.Parser::pushOnTypeAnnotationLengthStack (53 bytes)
Event: 4.260 Thread 0x000000001eb1f000 nmethod 1907 0x0000000003c5d510 code [0x0000000003c5d680, 0x0000000003c5d9a8]
Event: 4.264 Thread 0x000000001eb1f000 1908       3       org.eclipse.jdt.internal.compiler.parser.Scanner::isInModuleDeclaration (37 bytes)
Event: 4.265 Thread 0x000000001eb0c000 1909       4       org.eclipse.jdt.internal.compiler.parser.Parser::actFromTokenOrSynthetic (9 bytes)
Event: 4.265 Thread 0x000000001eb1f000 nmethod 1908 0x0000000003c746d0 code [0x0000000003c74880, 0x0000000003c74db8]
Event: 4.265 Thread 0x000000001eb1f000 1910       3       org.eclipse.jdt.internal.compiler.parser.Scanner::resetTo (125 bytes)
Event: 4.265 Thread 0x000000001eb13800 1911       4       org.eclipse.jdt.internal.compiler.parser.Parser::consumeRule (7138 bytes)

GC Heap History (10 events):
Event: 1.614 GC heap before
{Heap before GC invocations=6 (full 0):
 PSYoungGen      total 140800K, used 133150K [0x000000076bf80000, 0x000000077c580000, 0x00000007c0000000)
  eden space 130048K, 100% used [0x000000076bf80000,0x0000000773e80000,0x0000000773e80000)
  from space 10752K, 28% used [0x0000000773e80000,0x0000000774187b60,0x0000000774900000)
  to   space 4096K, 0% used [0x000000077c180000,0x000000077c180000,0x000000077c580000)
 ParOldGen       total 173568K, used 48K [0x00000006c3e00000, 0x00000006ce780000, 0x000000076bf80000)
  object space 173568K, 0% used [0x00000006c3e00000,0x00000006c3e0c000,0x00000006ce780000)
 Metaspace       used 9610K, capacity 9870K, committed 10112K, reserved 1058816K
  class space    used 981K, capacity 1033K, committed 1152K, reserved 1048576K
Event: 1.618 GC heap after
Heap after GC invocations=6 (full 0):
 PSYoungGen      total 264192K, used 3566K [0x000000076bf80000, 0x000000077c580000, 0x00000007c0000000)
  eden space 260096K, 0% used [0x000000076bf80000,0x000000076bf80000,0x000000077bd80000)
  from space 4096K, 87% used [0x000000077c180000,0x000000077c4fbb50,0x000000077c580000)
  to   space 4096K, 0% used [0x000000077bd80000,0x000000077bd80000,0x000000077c180000)
 ParOldGen       total 173568K, used 56K [0x00000006c3e00000, 0x00000006ce780000, 0x000000076bf80000)
  object space 173568K, 0% used [0x00000006c3e00000,0x00000006c3e0e000,0x00000006ce780000)
 Metaspace       used 9610K, capacity 9870K, committed 10112K, reserved 1058816K
  class space    used 981K, capacity 1033K, committed 1152K, reserved 1048576K
}
Event: 1.965 GC heap before
{Heap before GC invocations=7 (full 0):
 PSYoungGen      total 264192K, used 263662K [0x000000076bf80000, 0x000000077c580000, 0x00000007c0000000)
  eden space 260096K, 100% used [0x000000076bf80000,0x000000077bd80000,0x000000077bd80000)
  from space 4096K, 87% used [0x000000077c180000,0x000000077c4fbb50,0x000000077c580000)
  to   space 4096K, 0% used [0x000000077bd80000,0x000000077bd80000,0x000000077c180000)
 ParOldGen       total 173568K, used 56K [0x00000006c3e00000, 0x00000006ce780000, 0x000000076bf80000)
  object space 173568K, 0% used [0x00000006c3e00000,0x00000006c3e0e000,0x00000006ce780000)
 Metaspace       used 9619K, capacity 9870K, committed 10112K, reserved 1058816K
  class space    used 981K, capacity 1033K, committed 1152K, reserved 1048576K
Event: 1.973 GC heap after
Heap after GC invocations=7 (full 0):
 PSYoungGen      total 264192K, used 2208K [0x000000076bf80000, 0x000000078c480000, 0x00000007c0000000)
  eden space 260096K, 0% used [0x000000076bf80000,0x000000076bf80000,0x000000077bd80000)
  from space 4096K, 53% used [0x000000077bd80000,0x000000077bfa8000,0x000000077c180000)
  to   space 4608K, 0% used [0x000000078c000000,0x000000078c000000,0x000000078c480000)
 ParOldGen       total 173568K, used 2270K [0x00000006c3e00000, 0x00000006ce780000, 0x000000076bf80000)
  object space 173568K, 1% used [0x00000006c3e00000,0x00000006c4037be0,0x00000006ce780000)
 Metaspace       used 9619K, capacity 9870K, committed 10112K, reserved 1058816K
  class space    used 981K, capacity 1033K, committed 1152K, reserved 1048576K
}
Event: 2.234 GC heap before
{Heap before GC invocations=8 (full 0):
 PSYoungGen      total 264192K, used 262304K [0x000000076bf80000, 0x000000078c480000, 0x00000007c0000000)
  eden space 260096K, 100% used [0x000000076bf80000,0x000000077bd80000,0x000000077bd80000)
  from space 4096K, 53% used [0x000000077bd80000,0x000000077bfa8000,0x000000077c180000)
  to   space 4608K, 0% used [0x000000078c000000,0x000000078c000000,0x000000078c480000)
 ParOldGen       total 173568K, used 2270K [0x00000006c3e00000, 0x00000006ce780000, 0x000000076bf80000)
  object space 173568K, 1% used [0x00000006c3e00000,0x00000006c4037be0,0x00000006ce780000)
 Metaspace       used 9627K, capacity 9870K, committed 10112K, reserved 1058816K
  class space    used 981K, capacity 1033K, committed 1152K, reserved 1048576K
Event: 2.239 GC heap after
Heap after GC invocations=8 (full 0):
 PSYoungGen      total 523776K, used 2688K [0x000000076bf80000, 0x000000078c380000, 0x00000007c0000000)
  eden space 520192K, 0% used [0x000000076bf80000,0x000000076bf80000,0x000000078bb80000)
  from space 3584K, 75% used [0x000000078c000000,0x000000078c2a0020,0x000000078c380000)
  to   space 4096K, 0% used [0x000000078bb80000,0x000000078bb80000,0x000000078bf80000)
 ParOldGen       total 173568K, used 2735K [0x00000006c3e00000, 0x00000006ce780000, 0x000000076bf80000)
  object space 173568K, 1% used [0x00000006c3e00000,0x00000006c40abf30,0x00000006ce780000)
 Metaspace       used 9627K, capacity 9870K, committed 10112K, reserved 1058816K
  class space    used 981K, capacity 1033K, committed 1152K, reserved 1048576K
}
Event: 2.903 GC heap before
{Heap before GC invocations=9 (full 0):
 PSYoungGen      total 523776K, used 522880K [0x000000076bf80000, 0x000000078c380000, 0x00000007c0000000)
  eden space 520192K, 100% used [0x000000076bf80000,0x000000078bb80000,0x000000078bb80000)
  from space 3584K, 75% used [0x000000078c000000,0x000000078c2a0020,0x000000078c380000)
  to   space 4096K, 0% used [0x000000078bb80000,0x000000078bb80000,0x000000078bf80000)
 ParOldGen       total 173568K, used 2735K [0x00000006c3e00000, 0x00000006ce780000, 0x000000076bf80000)
  object space 173568K, 1% used [0x00000006c3e00000,0x00000006c40abf30,0x00000006ce780000)
 Metaspace       used 9666K, capacity 9870K, committed 10112K, reserved 1058816K
  class space    used 981K, capacity 1033K, committed 1152K, reserved 1048576K
Event: 2.908 GC heap after
Heap after GC invocations=9 (full 0):
 PSYoungGen      total 524288K, used 3664K [0x000000076bf80000, 0x000000079f580000, 0x00000007c0000000)
  eden space 520192K, 0% used [0x000000076bf80000,0x000000076bf80000,0x000000078bb80000)
  from space 4096K, 89% used [0x000000078bb80000,0x000000078bf14030,0x000000078bf80000)
  to   space 4608K, 0% used [0x000000079f100000,0x000000079f100000,0x000000079f580000)
 ParOldGen       total 173568K, used 3595K [0x00000006c3e00000, 0x00000006ce780000, 0x000000076bf80000)
  object space 173568K, 2% used [0x00000006c3e00000,0x00000006c4182fa0,0x00000006ce780000)
 Metaspace       used 9666K, capacity 9870K, committed 10112K, reserved 1058816K
  class space    used 981K, capacity 1033K, committed 1152K, reserved 1048576K
}
Event: 3.330 GC heap before
{Heap before GC invocations=10 (full 0):
 PSYoungGen      total 524288K, used 523856K [0x000000076bf80000, 0x000000079f580000, 0x00000007c0000000)
  eden space 520192K, 100% used [0x000000076bf80000,0x000000078bb80000,0x000000078bb80000)
  from space 4096K, 89% used [0x000000078bb80000,0x000000078bf14030,0x000000078bf80000)
  to   space 4608K, 0% used [0x000000079f100000,0x000000079f100000,0x000000079f580000)
 ParOldGen       total 173568K, used 3595K [0x00000006c3e00000, 0x00000006ce780000, 0x000000076bf80000)
  object space 173568K, 2% used [0x00000006c3e00000,0x00000006c4182fa0,0x00000006ce780000)
 Metaspace       used 9686K, capacity 9934K, committed 10112K, reserved 1058816K
  class space    used 981K, capacity 1033K, committed 1152K, reserved 1048576K
Event: 3.332 GC heap after
Heap after GC invocations=10 (full 0):
 PSYoungGen      total 837120K, used 1600K [0x000000076bf80000, 0x000000079f580000, 0x00000007c0000000)
  eden space 832512K, 0% used [0x000000076bf80000,0x000000076bf80000,0x000000079ec80000)
  from space 4608K, 34% used [0x000000079f100000,0x000000079f290020,0x000000079f580000)
  to   space 4608K, 0% used [0x000000079ec80000,0x000000079ec80000,0x000000079f100000)
 ParOldGen       total 173568K, used 4979K [0x00000006c3e00000, 0x00000006ce780000, 0x000000076bf80000)
  object space 173568K, 2% used [0x00000006c3e00000,0x00000006c42dcfa0,0x00000006ce780000)
 Metaspace       used 9686K, capacity 9934K, committed 10112K, reserved 1058816K
  class space    used 981K, capacity 1033K, committed 1152K, reserved 1048576K
}

Deoptimization events (10 events):
Event: 3.695 Thread 0x00000000032a2800 Uncommon trap: reason=unstable_if action=reinterpret pc=0x000000000377ffc8 method=java.util.regex.Pattern.sequence(Ljava/util/regex/Pattern$Node;)Ljava/util/regex/Pattern$Node; @ 388
Event: 3.695 Thread 0x00000000032a2800 Uncommon trap: reason=unstable_if action=reinterpret pc=0x000000000374fa20 method=java.util.regex.Pattern.closure(Ljava/util/regex/Pattern$Node;)Ljava/util/regex/Pattern$Node; @ 113
Event: 3.695 Thread 0x00000000032a2800 Uncommon trap: reason=unstable_if action=reinterpret pc=0x000000000377ff08 method=java.util.regex.Pattern.sequence(Ljava/util/regex/Pattern$Node;)Ljava/util/regex/Pattern$Node; @ 151
Event: 3.695 Thread 0x00000000032a2800 Uncommon trap: reason=unstable_if action=reinterpret pc=0x00000000037be1b0 method=java.util.regex.Pattern.expr(Ljava/util/regex/Pattern$Node;)Ljava/util/regex/Pattern$Node; @ 129
Event: 3.718 Thread 0x00000000032a2800 Uncommon trap: reason=class_check action=maybe_recompile pc=0x00000000036e95fc method=java.util.stream.ReduceOps$3ReducingSink.accept(Ljava/lang/Object;)V @ 9
Event: 3.718 Thread 0x00000000032a2800 Uncommon trap: reason=class_check action=maybe_recompile pc=0x00000000036e95fc method=java.util.stream.ReduceOps$3ReducingSink.accept(Ljava/lang/Object;)V @ 9
Event: 3.718 Thread 0x00000000032a2800 Uncommon trap: reason=class_check action=maybe_recompile pc=0x00000000036e95fc method=java.util.stream.ReduceOps$3ReducingSink.accept(Ljava/lang/Object;)V @ 9
Event: 3.718 Thread 0x00000000032a2800 Uncommon trap: reason=class_check action=maybe_recompile pc=0x00000000036e95fc method=java.util.stream.ReduceOps$3ReducingSink.accept(Ljava/lang/Object;)V @ 9
Event: 3.759 Thread 0x00000000032a2800 Uncommon trap: reason=unstable_if action=reinterpret pc=0x000000000376084c method=java.util.regex.Pattern.RemoveQEQuoting()V @ 41
Event: 4.207 Thread 0x00000000032a2800 Uncommon trap: reason=unstable_if action=reinterpret pc=0x0000000003c483ec method=java.util.zip.ZipFile$ZipEntryIterator.hasNext()Z @ 25

Classes redefined (0 events):
No events

Internal exceptions (10 events):
Event: 0.316 Thread 0x00000000032a2800 Exception <a 'java/lang/ArrayIndexOutOfBoundsException'> (0x000000076c45fb90) thrown at [C:\jenkins\workspace\8-2-build-windows-amd64-cygwin\jdk8u251\737\hotspot\src\share\vm\runtime\sharedRuntime.cpp, line 605]
Event: 0.316 Thread 0x00000000032a2800 Exception <a 'java/lang/ArrayIndexOutOfBoundsException'> (0x000000076c460a98) thrown at [C:\jenkins\workspace\8-2-build-windows-amd64-cygwin\jdk8u251\737\hotspot\src\share\vm\runtime\sharedRuntime.cpp, line 605]
Event: 0.497 Thread 0x00000000032a2800 Exception <a 'java/security/PrivilegedActionException'> (0x000000076c8dbf58) thrown at [C:\jenkins\workspace\8-2-build-windows-amd64-cygwin\jdk8u251\737\hotspot\src\share\vm\prims\jvm.cpp, line 1502]
Event: 0.497 Thread 0x00000000032a2800 Exception <a 'java/security/PrivilegedActionException'> (0x000000076c8dc350) thrown at [C:\jenkins\workspace\8-2-build-windows-amd64-cygwin\jdk8u251\737\hotspot\src\share\vm\prims\jvm.cpp, line 1502]
Event: 0.498 Thread 0x00000000032a2800 Exception <a 'java/security/PrivilegedActionException'> (0x000000076c8e0630) thrown at [C:\jenkins\workspace\8-2-build-windows-amd64-cygwin\jdk8u251\737\hotspot\src\share\vm\prims\jvm.cpp, line 1502]
Event: 0.498 Thread 0x00000000032a2800 Exception <a 'java/security/PrivilegedActionException'> (0x000000076c8e0a28) thrown at [C:\jenkins\workspace\8-2-build-windows-amd64-cygwin\jdk8u251\737\hotspot\src\share\vm\prims\jvm.cpp, line 1502]
Event: 0.685 Thread 0x00000000032a2800 Implicit null exception at 0x0000000003669b91 to 0x0000000003669bbd
Event: 3.925 Thread 0x00000000032a2800 Exception <a 'java/io/FileNotFoundException'> (0x000000078c686130) thrown at [C:\jenkins\workspace\8-2-build-windows-amd64-cygwin\jdk8u251\737\hotspot\src\share\vm\prims\jni.cpp, line 710]
Event: 4.148 Thread 0x00000000032a2800 Exception <a 'java/lang/ArrayIndexOutOfBoundsException': 57323> (0x000000078d2575b8) thrown at [C:\jenkins\workspace\8-2-build-windows-amd64-cygwin\jdk8u251\737\hotspot\src\share\vm\interpreter\interpreterRuntime.cpp, line 368]
Event: 4.160 Thread 0x00000000032a2800 Exception <a 'java/lang/IncompatibleClassChangeError': Found class java.lang.Object, but interface was expected> (0x000000078d2bb6f8) thrown at [C:\jenkins\workspace\8-2-build-windows-amd64-cygwin\jdk8u251\737\hotspot\src\share\vm\interpreter\linkResolver

Events (10 events):
Event: 4.255 loading class org/eclipse/jdt/internal/compiler/parser/Scanner$Goal
Event: 4.255 loading class org/eclipse/jdt/internal/compiler/parser/Scanner$Goal done
Event: 4.258 loading class org/eclipse/jdt/internal/compiler/ast/EqualExpression
Event: 4.258 loading class org/eclipse/jdt/internal/compiler/ast/EqualExpression done
Event: 4.261 loading class org/eclipse/jdt/internal/compiler/flow/LoopingFlowContext
Event: 4.261 loading class org/eclipse/jdt/internal/compiler/flow/LoopingFlowContext done
Event: 4.261 loading class org/eclipse/jdt/internal/compiler/flow/SwitchFlowContext
Event: 4.261 loading class org/eclipse/jdt/internal/compiler/flow/SwitchFlowContext done
Event: 4.263 loading class org/eclipse/jdt/internal/compiler/ast/PostfixExpression
Event: 4.263 loading class org/eclipse/jdt/internal/compiler/ast/PostfixExpression done


Dynamic libraries:
0x00007ff7939c0000 - 0x00007ff7939f7000 	C:\Program Files\Java\jdk1.8.0_251\bin\java.exe
0x00007ffd09a30000 - 0x00007ffd09c28000 	C:\WINDOWS\SYSTEM32\ntdll.dll
0x00007ffd08070000 - 0x00007ffd0812f000 	C:\WINDOWS\System32\KERNEL32.DLL
0x00007ffd07540000 - 0x00007ffd07812000 	C:\WINDOWS\System32\KERNELBASE.dll
0x00007ffd085a0000 - 0x00007ffd0864e000 	C:\WINDOWS\System32\ADVAPI32.dll
0x00007ffd089c0000 - 0x00007ffd08a5e000 	C:\WINDOWS\System32\msvcrt.dll
0x00007ffd08650000 - 0x00007ffd086ec000 	C:\WINDOWS\System32\sechost.dll
0x00007ffd07d10000 - 0x00007ffd07e35000 	C:\WINDOWS\System32\RPCRT4.dll
0x00007ffd08e70000 - 0x00007ffd09011000 	C:\WINDOWS\System32\USER32.dll
0x00007ffd073d0000 - 0x00007ffd073f2000 	C:\WINDOWS\System32\win32u.dll
0x00007ffd07f70000 - 0x00007ffd07f9b000 	C:\WINDOWS\System32\GDI32.dll
0x00007ffd07120000 - 0x00007ffd0722f000 	C:\WINDOWS\System32\gdi32full.dll
0x00007ffd07820000 - 0x00007ffd078bd000 	C:\WINDOWS\System32\msvcp_win.dll
0x00007ffd07230000 - 0x00007ffd07330000 	C:\WINDOWS\System32\ucrtbase.dll
0x00007ffce8280000 - 0x00007ffce851a000 	C:\WINDOWS\WinSxS\amd64_microsoft.windows.common-controls_6595b64144ccf1df_6.0.19041.1110_none_60b5254171f9507e\COMCTL32.dll
0x00007ffd07ad0000 - 0x00007ffd07b02000 	C:\WINDOWS\System32\IMM32.DLL
0x0000000075ee0000 - 0x0000000075fb2000 	C:\Program Files\Java\jdk1.8.0_251\jre\bin\msvcr100.dll
0x0000000074470000 - 0x0000000074d1b000 	C:\Program Files\Java\jdk1.8.0_251\jre\bin\server\jvm.dll
0x00007ffd07e40000 - 0x00007ffd07e48000 	C:\WINDOWS\System32\PSAPI.DLL
0x00007ffcfd9c0000 - 0x00007ffcfd9ca000 	C:\WINDOWS\SYSTEM32\VERSION.dll
0x00007ffd01200000 - 0x00007ffd01227000 	C:\WINDOWS\SYSTEM32\WINMM.dll
0x00007ffcecb50000 - 0x00007ffcecb59000 	C:\WINDOWS\SYSTEM32\WSOCK32.dll
0x00007ffd097d0000 - 0x00007ffd0983b000 	C:\WINDOWS\System32\WS2_32.dll
0x00007ffcf8240000 - 0x00007ffcf824f000 	C:\Program Files\Java\jdk1.8.0_251\jre\bin\verify.dll
0x00007ffcd0830000 - 0x00007ffcd0859000 	C:\Program Files\Java\jdk1.8.0_251\jre\bin\java.dll
0x00007ffcefb40000 - 0x00007ffcefb56000 	C:\Program Files\Java\jdk1.8.0_251\jre\bin\zip.dll
0x00007ffd09020000 - 0x00007ffd09765000 	C:\WINDOWS\System32\SHELL32.dll
0x00007ffd04d00000 - 0x00007ffd05492000 	C:\WINDOWS\SYSTEM32\windows.storage.dll
0x00007ffd08b10000 - 0x00007ffd08e65000 	C:\WINDOWS\System32\combase.dll
0x00007ffd06b80000 - 0x00007ffd06bb0000 	C:\WINDOWS\SYSTEM32\Wldp.dll
0x00007ffd07ec0000 - 0x00007ffd07f6d000 	C:\WINDOWS\System32\SHCORE.dll
0x00007ffd07e50000 - 0x00007ffd07ea5000 	C:\WINDOWS\System32\shlwapi.dll
0x00007ffd07060000 - 0x00007ffd0707f000 	C:\WINDOWS\SYSTEM32\profapi.dll
0x00007ffce5da0000 - 0x00007ffce5dba000 	C:\Program Files\Java\jdk1.8.0_251\jre\bin\net.dll
0x00007ffd068e0000 - 0x00007ffd0694a000 	C:\WINDOWS\system32\mswsock.dll
0x00007ffcd6df0000 - 0x00007ffcd6e02000 	C:\Program Files\Java\jdk1.8.0_251\jre\bin\nio.dll

VM Arguments:
java_command: s3m.jar C:\UFPE\miningframework\SOOTAnalysisOutput\processing\2368391e875c12d4bf9468c3a96d4c612a3f958c\processing\app\Base\left.java C:\UFPE\miningframework\SOOTAnalysisOutput\processing\2368391e875c12d4bf9468c3a96d4c612a3f958c\processing\app\Base\base.java C:\UFPE\miningframework\SOOTAnalysisOutput\processing\2368391e875c12d4bf9468c3a96d4c612a3f958c\processing\app\Base\right.java -o C:\UFPE\miningframework\SOOTAnalysisOutput\processing\2368391e875c12d4bf9468c3a96d4c612a3f958c\processing\app\Base\InsertionLevelInitializationBlockHandler.java --handle-initialization-blocks false --handle-initialization-blocks-multiple-blocks true
java_class_path (initial): s3m.jar
Launcher Type: SUN_STANDARD

Environment Variables:
JAVA_HOME=C:\Program Files\Java\jdk1.8.0_291
PATH=C:\Program Files\Common Files\Oracle\Java\javapath;C:\Program Files (x86)\Common Files\Oracle\Java\javapath;C:\Windows\system32;C:\Windows;C:\Windows\System32\Wbem;C:\Windows\System32\WindowsPowerShell\v1.0\;C:\Windows\System32\OpenSSH\;C:\Program Files (x86)\NVIDIA Corporation\PhysX\Common;C:\Program Files\NVIDIA Corporation\NVIDIA NvDLISR;C:\Program Files (x86)\Groovy\bin;C:\Program Files (x86)\GnuWin32\bin;C:\UFPE\maven\apache-maven-3.6.3\bin;C:\WINDOWS\system32;C:\WINDOWS;C:\WINDOWS\System32\Wbem;C:\WINDOWS\System32\WindowsPowerShell\v1.0\;C:\WINDOWS\System32\OpenSSH\;C:\Program Files\Git\cmd;C:\Program Files\dotnet\;C:\Users\leona\AppData\Local\Microsoft\WindowsApps;C:\Program Files\Java\jdk-11.0.15\bin;C:\UFPE\maven\apache-maven-3.6.3\bin;C:\Users\leona\AppData\Local\GitHubDesktop\bin;C:\Users\leona\AppData\Local\Programs\Microsoft VS Code\bin;C:\Program Files\JetBrains\IntelliJ IDEA Community Edition 2020.2.3\bin;;C:\Program Files (x86)\GnuWin32\bin;C:\Users\leona\AppData\Local\Microsoft\WindowsApps;C:\flutter\flutter\bin;C:\gradle\bin;
USERNAME=leona
OS=Windows_NT
PROCESSOR_IDENTIFIER=Intel64 Family 6 Model 142 Stepping 12, GenuineIntel



---------------  S Y S T E M  ---------------

OS: Windows 10.0 , 64 bit Build 19041 (10.0.19041.2546)

CPU:total 8 (initial active 8) (4 cores per cpu, 2 threads per core) family 6 model 142 stepping 12, cmov, cx8, fxsr, mmx, sse, sse2, sse3, ssse3, sse4.1, sse4.2, popcnt, avx, avx2, aes, clmul, erms, 3dnowpref, lzcnt, ht, tsc, tscinvbit, bmi1, bmi2, adx

Memory: 4k page, physical 16521856k(1488084k free), swap 45574012k(5164k free)

vm_info: Java HotSpot(TM) 64-Bit Server VM (25.251-b08) for windows-amd64 JRE (1.8.0_251-b08), built on Mar 12 2020 06:31:49 by "" with MS VC++ 10.0 (VS2010)

time: Tue Mar 07 05:37:02 2023
timezone: Hora Padrão de Buenos Aires
elapsed time: 4 seconds (0d 0h 0m 4s)

