#
# There is insufficient memory for the Java Runtime Environment to continue.
# Native memory allocation (malloc) failed to allocate 758656 bytes for Chunk::new
# Possible reasons:
#   The system is out of physical RAM or swap space
#   The process is running with CompressedOops enabled, and the Java Heap may be blocking the growth of the native heap
# Possible solutions:
#   Reduce memory load on the system
#   Increase physical memory or swap space
#   Check if swap backing store is full
#   Decrease Java heap size (-Xmx/-Xms)
#   Decrease number of Java threads
#   Decrease Java thread stack sizes (-Xss)
#   Set larger code cache with -XX:ReservedCodeCacheSize=
#   JVM is running with Zero Based Compressed Oops mode in which the Java heap is
#     placed in the first 32GB address space. The Java Heap base address is the
#     maximum limit for the native heap growth. Please use -XX:HeapBaseMinAddress
#     to set the Java Heap base and to place the Java Heap above 32GB virtual address.
# This output file may be truncated or incomplete.
#
#  Out of Memory Error (allocation.cpp:389), pid=163040, tid=0x00000000000025cc
#
# JRE version: Java(TM) SE Runtime Environment (8.0_251-b08) (build 1.8.0_251-b08)
# Java VM: Java HotSpot(TM) 64-Bit Server VM (25.251-b08 mixed mode windows-amd64 compressed oops)
# Failed to write core dump. Minidumps are not enabled by default on client versions of Windows
#

---------------  T H R E A D  ---------------

Current thread (0x000000001dced000):  JavaThread "C2 CompilerThread2" daemon [_thread_in_native, id=9676, stack(0x000000001e7d0000,0x000000001e8d0000)]

Stack: [0x000000001e7d0000,0x000000001e8d0000]
[error occurred during error reporting (printing stack bounds), id 0xc0000005]

Native frames: (J=compiled Java code, j=interpreted, Vv=VM code, C=native code)


Current CompileTask:
C2:   4912 2206       4       org.eclipse.jdt.internal.compiler.lookup.BinaryTypeBinding::createMethod (1613 bytes)


---------------  P R O C E S S  ---------------

Java Threads: ( => current thread )
  0x000000001dd44000 JavaThread "Service Thread" daemon [_thread_blocked, id=167540, stack(0x000000001e9d0000,0x000000001ead0000)]
  0x000000001dcf6000 JavaThread "C1 CompilerThread3" daemon [_thread_in_vm, id=165416, stack(0x000000001e8d0000,0x000000001e9d0000)]
=>0x000000001dced000 JavaThread "C2 CompilerThread2" daemon [_thread_in_native, id=9676, stack(0x000000001e7d0000,0x000000001e8d0000)]
  0x000000001dcdf800 JavaThread "C2 CompilerThread1" daemon [_thread_in_native, id=135156, stack(0x000000001e6d0000,0x000000001e7d0000)]
  0x000000001dcdd000 JavaThread "C2 CompilerThread0" daemon [_thread_in_native, id=158604, stack(0x000000001e5d0000,0x000000001e6d0000)]
  0x000000001dcd9800 JavaThread "Attach Listener" daemon [_thread_blocked, id=143544, stack(0x000000001e4d0000,0x000000001e5d0000)]
  0x000000001dcd7000 JavaThread "Signal Dispatcher" daemon [_thread_blocked, id=161904, stack(0x000000001e3d0000,0x000000001e4d0000)]
  0x000000001dcd1800 JavaThread "Finalizer" daemon [_thread_blocked, id=162884, stack(0x000000001e1b0000,0x000000001e2b0000)]
  0x000000001dcd0800 JavaThread "Reference Handler" daemon [_thread_blocked, id=165744, stack(0x000000001e0b0000,0x000000001e1b0000)]
  0x00000000024e2800 JavaThread "main" [_thread_in_Java, id=166296, stack(0x00000000023e0000,0x00000000024e0000)]

Other Threads:
  0x000000001bec9000 VMThread [stack: 0x000000001dbb0000,0x000000001dcb0000] [id=972]
  0x000000001dd46800 WatcherThread [stack: 0x000000001ead0000,0x000000001ebd0000] [id=147092]

VM state:not at safepoint (normal execution)

VM Mutex/Monitor currently owned by a thread:  ([mutex/lock_event])
[0x00000000024e1b50] Compile_lock - owner thread: 0x0000000000000000

heap address: 0x00000006c3e00000, size: 4034 MB, Compressed Oops mode: Zero based, Oop shift amount: 3
Narrow klass base: 0x0000000000000000, Narrow klass shift: 3
Compressed class space size: 1073741824 Address: 0x00000007c0000000

Heap:
 PSYoungGen      total 835584K, used 767976K [0x000000076bf80000, 0x000000079f400000, 0x00000007c0000000)
  eden space 830976K, 92% used [0x000000076bf80000,0x000000079ac3a188,0x000000079eb00000)
  from space 4608K, 27% used [0x000000079ef80000,0x000000079f0c0020,0x000000079f400000)
  to   space 4608K, 0% used [0x000000079eb00000,0x000000079eb00000,0x000000079ef80000)
 ParOldGen       total 173568K, used 5016K [0x00000006c3e00000, 0x00000006ce780000, 0x000000076bf80000)
  object space 173568K, 2% used [0x00000006c3e00000,0x00000006c42e6330,0x00000006ce780000)
 Metaspace       used 17149K, capacity 17484K, committed 17920K, reserved 1064960K
  class space    used 1602K, capacity 1708K, committed 1792K, reserved 1048576K

Card table byte_map: [0x00000000119a0000,0x0000000012190000] byte_map_base: 0x000000000e381000

Marking Bits: (ParMarkBitMap*) 0x0000000074c9af90
 Begin Bits: [0x0000000012ee0000, 0x0000000016de8000)
 End Bits:   [0x0000000016de8000, 0x000000001acf0000)

Polling page: 0x0000000000950000

CodeCache: size=245760Kb used=10540Kb max_used=10540Kb free=235219Kb
 bounds [0x00000000025e0000, 0x0000000003040000, 0x00000000115e0000]
 total_blobs=2685 nmethods=2277 adapters=320
 compilation: enabled

Compilation events (10 events):
Event: 4.902 Thread 0x000000001dcf6000 nmethod 2266 0x0000000003022cd0 code [0x0000000003022e20, 0x0000000003022fd0]
Event: 4.902 Thread 0x000000001dcf6000 2257       1       org.eclipse.jdt.internal.compiler.ast.MessageSend::arguments (5 bytes)
Event: 4.902 Thread 0x000000001dcf6000 nmethod 2257 0x000000000300e410 code [0x000000000300e560, 0x000000000300e670]
Event: 4.903 Thread 0x000000001dcf6000 2269       3       org.eclipse.jdt.internal.compiler.lookup.SourceTypeBinding::areMethodsInitialized (29 bytes)
Event: 4.904 Thread 0x000000001dcf6000 nmethod 2269 0x0000000003023090 code [0x0000000003023220, 0x00000000030238a8]
Event: 4.904 Thread 0x000000001dcf6000 2272       3       org.eclipse.jdt.internal.compiler.lookup.ClassScope::buildMethods (562 bytes)
Event: 4.905 Thread 0x000000001dcdf800 2277       4       org.eclipse.jdt.internal.compiler.lookup.Scope::compilationUnitScope (20 bytes)
Event: 4.906 Thread 0x000000001dcdf800 nmethod 2277 0x00000000030266d0 code [0x0000000003026820, 0x00000000030268b8]
Event: 4.906 Thread 0x000000001dcdf800 2279       4       org.eclipse.jdt.internal.compiler.lookup.TypeBinding::notEquals (41 bytes)
Event: 4.907 Thread 0x000000001dcdf800 nmethod 2279 0x0000000003002a10 code [0x0000000003002b40, 0x0000000003002bb8]

GC Heap History (10 events):
Event: 1.655 GC heap before
{Heap before GC invocations=6 (full 0):
 PSYoungGen      total 140800K, used 133171K [0x000000076bf80000, 0x000000077c580000, 0x00000007c0000000)
  eden space 130048K, 100% used [0x000000076bf80000,0x0000000773e80000,0x0000000773e80000)
  from space 10752K, 29% used [0x0000000773e80000,0x000000077418ce38,0x0000000774900000)
  to   space 4096K, 0% used [0x000000077c180000,0x000000077c180000,0x000000077c580000)
 ParOldGen       total 173568K, used 48K [0x00000006c3e00000, 0x00000006ce780000, 0x000000076bf80000)
  object space 173568K, 0% used [0x00000006c3e00000,0x00000006c3e0c000,0x00000006ce780000)
 Metaspace       used 9555K, capacity 9742K, committed 10112K, reserved 1058816K
  class space    used 972K, capacity 1033K, committed 1152K, reserved 1048576K
Event: 1.660 GC heap after
Heap after GC invocations=6 (full 0):
 PSYoungGen      total 263680K, used 3582K [0x000000076bf80000, 0x000000077c680000, 0x00000007c0000000)
  eden space 259584K, 0% used [0x000000076bf80000,0x000000076bf80000,0x000000077bd00000)
  from space 4096K, 87% used [0x000000077c180000,0x000000077c4ffa28,0x000000077c580000)
  to   space 4608K, 0% used [0x000000077bd00000,0x000000077bd00000,0x000000077c180000)
 ParOldGen       total 173568K, used 56K [0x00000006c3e00000, 0x00000006ce780000, 0x000000076bf80000)
  object space 173568K, 0% used [0x00000006c3e00000,0x00000006c3e0e000,0x00000006ce780000)
 Metaspace       used 9555K, capacity 9742K, committed 10112K, reserved 1058816K
  class space    used 972K, capacity 1033K, committed 1152K, reserved 1048576K
}
Event: 2.010 GC heap before
{Heap before GC invocations=7 (full 0):
 PSYoungGen      total 263680K, used 263166K [0x000000076bf80000, 0x000000077c680000, 0x00000007c0000000)
  eden space 259584K, 100% used [0x000000076bf80000,0x000000077bd00000,0x000000077bd00000)
  from space 4096K, 87% used [0x000000077c180000,0x000000077c4ffa28,0x000000077c580000)
  to   space 4608K, 0% used [0x000000077bd00000,0x000000077bd00000,0x000000077c180000)
 ParOldGen       total 173568K, used 56K [0x00000006c3e00000, 0x00000006ce780000, 0x000000076bf80000)
  object space 173568K, 0% used [0x00000006c3e00000,0x00000006c3e0e000,0x00000006ce780000)
 Metaspace       used 9565K, capacity 9806K, committed 10112K, reserved 1058816K
  class space    used 972K, capacity 1033K, committed 1152K, reserved 1048576K
Event: 2.018 GC heap after
Heap after GC invocations=7 (full 0):
 PSYoungGen      total 264192K, used 2112K [0x000000076bf80000, 0x000000078c380000, 0x00000007c0000000)
  eden space 259584K, 0% used [0x000000076bf80000,0x000000076bf80000,0x000000077bd00000)
  from space 4608K, 45% used [0x000000077bd00000,0x000000077bf10000,0x000000077c180000)
  to   space 4608K, 0% used [0x000000078bf00000,0x000000078bf00000,0x000000078c380000)
 ParOldGen       total 173568K, used 2263K [0x00000006c3e00000, 0x00000006ce780000, 0x000000076bf80000)
  object space 173568K, 1% used [0x00000006c3e00000,0x00000006c4035ec8,0x00000006ce780000)
 Metaspace       used 9565K, capacity 9806K, committed 10112K, reserved 1058816K
  class space    used 972K, capacity 1033K, committed 1152K, reserved 1048576K
}
Event: 2.332 GC heap before
{Heap before GC invocations=8 (full 0):
 PSYoungGen      total 264192K, used 261696K [0x000000076bf80000, 0x000000078c380000, 0x00000007c0000000)
  eden space 259584K, 100% used [0x000000076bf80000,0x000000077bd00000,0x000000077bd00000)
  from space 4608K, 45% used [0x000000077bd00000,0x000000077bf10000,0x000000077c180000)
  to   space 4608K, 0% used [0x000000078bf00000,0x000000078bf00000,0x000000078c380000)
 ParOldGen       total 173568K, used 2263K [0x00000006c3e00000, 0x00000006ce780000, 0x000000076bf80000)
  object space 173568K, 1% used [0x00000006c3e00000,0x00000006c4035ec8,0x00000006ce780000)
 Metaspace       used 9570K, capacity 9806K, committed 10112K, reserved 1058816K
  class space    used 972K, capacity 1033K, committed 1152K, reserved 1048576K
Event: 2.341 GC heap after
Heap after GC invocations=8 (full 0):
 PSYoungGen      total 522752K, used 2624K [0x000000076bf80000, 0x000000078c280000, 0x00000007c0000000)
  eden space 519168K, 0% used [0x000000076bf80000,0x000000076bf80000,0x000000078ba80000)
  from space 3584K, 73% used [0x000000078bf00000,0x000000078c190020,0x000000078c280000)
  to   space 4096K, 0% used [0x000000078ba80000,0x000000078ba80000,0x000000078be80000)
 ParOldGen       total 173568K, used 2716K [0x00000006c3e00000, 0x00000006ce780000, 0x000000076bf80000)
  object space 173568K, 1% used [0x00000006c3e00000,0x00000006c40a72c0,0x00000006ce780000)
 Metaspace       used 9570K, capacity 9806K, committed 10112K, reserved 1058816K
  class space    used 972K, capacity 1033K, committed 1152K, reserved 1048576K
}
Event: 3.012 GC heap before
{Heap before GC invocations=9 (full 0):
 PSYoungGen      total 522752K, used 521792K [0x000000076bf80000, 0x000000078c280000, 0x00000007c0000000)
  eden space 519168K, 100% used [0x000000076bf80000,0x000000078ba80000,0x000000078ba80000)
  from space 3584K, 73% used [0x000000078bf00000,0x000000078c190020,0x000000078c280000)
  to   space 4096K, 0% used [0x000000078ba80000,0x000000078ba80000,0x000000078be80000)
 ParOldGen       total 173568K, used 2716K [0x00000006c3e00000, 0x00000006ce780000, 0x000000076bf80000)
  object space 173568K, 1% used [0x00000006c3e00000,0x00000006c40a72c0,0x00000006ce780000)
 Metaspace       used 9605K, capacity 9806K, committed 10112K, reserved 1058816K
  class space    used 972K, capacity 1033K, committed 1152K, reserved 1048576K
Event: 3.018 GC heap after
Heap after GC invocations=9 (full 0):
 PSYoungGen      total 523264K, used 3552K [0x000000076bf80000, 0x000000079f400000, 0x00000007c0000000)
  eden space 519168K, 0% used [0x000000076bf80000,0x000000076bf80000,0x000000078ba80000)
  from space 4096K, 86% used [0x000000078ba80000,0x000000078bdf8020,0x000000078be80000)
  to   space 4608K, 0% used [0x000000079ef80000,0x000000079ef80000,0x000000079f400000)
 ParOldGen       total 173568K, used 3576K [0x00000006c3e00000, 0x00000006ce780000, 0x000000076bf80000)
  object space 173568K, 2% used [0x00000006c3e00000,0x00000006c417e330,0x00000006ce780000)
 Metaspace       used 9605K, capacity 9806K, committed 10112K, reserved 1058816K
  class space    used 972K, capacity 1033K, committed 1152K, reserved 1048576K
}
Event: 3.401 GC heap before
{Heap before GC invocations=10 (full 0):
 PSYoungGen      total 523264K, used 522720K [0x000000076bf80000, 0x000000079f400000, 0x00000007c0000000)
  eden space 519168K, 100% used [0x000000076bf80000,0x000000078ba80000,0x000000078ba80000)
  from space 4096K, 86% used [0x000000078ba80000,0x000000078bdf8020,0x000000078be80000)
  to   space 4608K, 0% used [0x000000079ef80000,0x000000079ef80000,0x000000079f400000)
 ParOldGen       total 173568K, used 3576K [0x00000006c3e00000, 0x00000006ce780000, 0x000000076bf80000)
  object space 173568K, 2% used [0x00000006c3e00000,0x00000006c417e330,0x00000006ce780000)
 Metaspace       used 9626K, capacity 9806K, committed 10112K, reserved 1058816K
  class space    used 972K, capacity 1033K, committed 1152K, reserved 1048576K
Event: 3.403 GC heap after
Heap after GC invocations=10 (full 0):
 PSYoungGen      total 835584K, used 1280K [0x000000076bf80000, 0x000000079f400000, 0x00000007c0000000)
  eden space 830976K, 0% used [0x000000076bf80000,0x000000076bf80000,0x000000079eb00000)
  from space 4608K, 27% used [0x000000079ef80000,0x000000079f0c0020,0x000000079f400000)
  to   space 4608K, 0% used [0x000000079eb00000,0x000000079eb00000,0x000000079ef80000)
 ParOldGen       total 173568K, used 5016K [0x00000006c3e00000, 0x00000006ce780000, 0x000000076bf80000)
  object space 173568K, 2% used [0x00000006c3e00000,0x00000006c42e6330,0x00000006ce780000)
 Metaspace       used 9626K, capacity 9806K, committed 10112K, reserved 1058816K
  class space    used 972K, capacity 1033K, committed 1152K, reserved 1048576K
}

Deoptimization events (10 events):
Event: 3.979 Thread 0x00000000024e2800 Uncommon trap: reason=unstable_if action=reinterpret pc=0x000000000298f6a0 method=java.util.regex.Pattern.closure(Ljava/util/regex/Pattern$Node;)Ljava/util/regex/Pattern$Node; @ 113
Event: 3.979 Thread 0x00000000024e2800 Uncommon trap: reason=unstable_if action=reinterpret pc=0x00000000029c33c8 method=java.util.regex.Pattern.sequence(Ljava/util/regex/Pattern$Node;)Ljava/util/regex/Pattern$Node; @ 151
Event: 3.979 Thread 0x00000000024e2800 Uncommon trap: reason=unstable_if action=reinterpret pc=0x00000000029f9b70 method=java.util.regex.Pattern.expr(Ljava/util/regex/Pattern$Node;)Ljava/util/regex/Pattern$Node; @ 129
Event: 4.009 Thread 0x00000000024e2800 Uncommon trap: reason=class_check action=maybe_recompile pc=0x00000000028fa6ec method=java.util.stream.ReduceOps$3ReducingSink.accept(Ljava/lang/Object;)V @ 9
Event: 4.010 Thread 0x00000000024e2800 Uncommon trap: reason=class_check action=maybe_recompile pc=0x00000000028fa6ec method=java.util.stream.ReduceOps$3ReducingSink.accept(Ljava/lang/Object;)V @ 9
Event: 4.010 Thread 0x00000000024e2800 Uncommon trap: reason=class_check action=maybe_recompile pc=0x00000000028fa6ec method=java.util.stream.ReduceOps$3ReducingSink.accept(Ljava/lang/Object;)V @ 9
Event: 4.010 Thread 0x00000000024e2800 Uncommon trap: reason=class_check action=maybe_recompile pc=0x00000000028fa6ec method=java.util.stream.ReduceOps$3ReducingSink.accept(Ljava/lang/Object;)V @ 9
Event: 4.081 Thread 0x00000000024e2800 Uncommon trap: reason=unstable_if action=reinterpret pc=0x000000000299a1cc method=java.util.regex.Pattern.RemoveQEQuoting()V @ 41
Event: 4.572 Thread 0x00000000024e2800 Uncommon trap: reason=unstable_if action=reinterpret pc=0x0000000002eb5aac method=java.util.zip.ZipFile$ZipEntryIterator.hasNext()Z @ 25
Event: 4.573 Thread 0x00000000024e2800 Uncommon trap: reason=unstable_if action=reinterpret pc=0x0000000002eb1eac method=java.util.zip.ZipFile$ZipEntryIterator.hasNext()Z @ 25

Classes redefined (0 events):
No events

Internal exceptions (10 events):
Event: 0.301 Thread 0x00000000024e2800 Exception <a 'java/lang/ArrayIndexOutOfBoundsException'> (0x000000076c45fb40) thrown at [C:\jenkins\workspace\8-2-build-windows-amd64-cygwin\jdk8u251\737\hotspot\src\share\vm\runtime\sharedRuntime.cpp, line 605]
Event: 0.302 Thread 0x00000000024e2800 Exception <a 'java/lang/ArrayIndexOutOfBoundsException'> (0x000000076c460a48) thrown at [C:\jenkins\workspace\8-2-build-windows-amd64-cygwin\jdk8u251\737\hotspot\src\share\vm\runtime\sharedRuntime.cpp, line 605]
Event: 0.469 Thread 0x00000000024e2800 Exception <a 'java/security/PrivilegedActionException'> (0x000000076c8eeba8) thrown at [C:\jenkins\workspace\8-2-build-windows-amd64-cygwin\jdk8u251\737\hotspot\src\share\vm\prims\jvm.cpp, line 1502]
Event: 0.469 Thread 0x00000000024e2800 Exception <a 'java/security/PrivilegedActionException'> (0x000000076c8eefa0) thrown at [C:\jenkins\workspace\8-2-build-windows-amd64-cygwin\jdk8u251\737\hotspot\src\share\vm\prims\jvm.cpp, line 1502]
Event: 0.470 Thread 0x00000000024e2800 Exception <a 'java/security/PrivilegedActionException'> (0x000000076c8f3280) thrown at [C:\jenkins\workspace\8-2-build-windows-amd64-cygwin\jdk8u251\737\hotspot\src\share\vm\prims\jvm.cpp, line 1502]
Event: 0.470 Thread 0x00000000024e2800 Exception <a 'java/security/PrivilegedActionException'> (0x000000076c8f3678) thrown at [C:\jenkins\workspace\8-2-build-windows-amd64-cygwin\jdk8u251\737\hotspot\src\share\vm\prims\jvm.cpp, line 1502]
Event: 0.657 Thread 0x00000000024e2800 Implicit null exception at 0x00000000028ae5d1 to 0x00000000028ae5fd
Event: 4.267 Thread 0x00000000024e2800 Exception <a 'java/io/FileNotFoundException'> (0x00000007961e0e98) thrown at [C:\jenkins\workspace\8-2-build-windows-amd64-cygwin\jdk8u251\737\hotspot\src\share\vm\prims\jni.cpp, line 710]
Event: 4.503 Thread 0x00000000024e2800 Exception <a 'java/lang/ArrayIndexOutOfBoundsException': 58422> (0x0000000796db3090) thrown at [C:\jenkins\workspace\8-2-build-windows-amd64-cygwin\jdk8u251\737\hotspot\src\share\vm\interpreter\interpreterRuntime.cpp, line 368]
Event: 4.517 Thread 0x00000000024e2800 Exception <a 'java/lang/IncompatibleClassChangeError': Found class java.lang.Object, but interface was expected> (0x0000000796e17228) thrown at [C:\jenkins\workspace\8-2-build-windows-amd64-cygwin\jdk8u251\737\hotspot\src\share\vm\interpreter\linkResolver

Events (10 events):
Event: 4.899 Executing VM operation: ForceSafepoint
Event: 4.899 Executing VM operation: ForceSafepoint done
Event: 4.901 loading class org/eclipse/jdt/internal/compiler/ast/NullAnnotationMatching
Event: 4.901 loading class org/eclipse/jdt/internal/compiler/ast/NullAnnotationMatching done
Event: 4.902 loading class org/eclipse/jdt/internal/compiler/ast/NullAnnotationMatching$1
Event: 4.902 loading class org/eclipse/jdt/internal/compiler/ast/NullAnnotationMatching$1 done
Event: 4.902 loading class org/eclipse/jdt/internal/compiler/ast/NullAnnotationMatching$SearchContradictions
Event: 4.902 loading class org/eclipse/jdt/internal/compiler/ast/NullAnnotationMatching$SearchContradictions done
Event: 4.903 loading class org/eclipse/jdt/internal/compiler/ast/NullAnnotationMatching$Severity
Event: 4.903 loading class org/eclipse/jdt/internal/compiler/ast/NullAnnotationMatching$Severity done


Dynamic libraries:
0x00007ff7939c0000 - 0x00007ff7939f7000 	C:\Program Files\Java\jdk1.8.0_251\bin\java.exe
0x00007ffd09a30000 - 0x00007ffd09c28000 	C:\WINDOWS\SYSTEM32\ntdll.dll
0x00007ffd08070000 - 0x00007ffd0812f000 	C:\WINDOWS\System32\KERNEL32.DLL
0x00007ffd07540000 - 0x00007ffd07812000 	C:\WINDOWS\System32\KERNELBASE.dll
0x00007ffd085a0000 - 0x00007ffd0864e000 	C:\WINDOWS\System32\ADVAPI32.dll
0x00007ffd089c0000 - 0x00007ffd08a5e000 	C:\WINDOWS\System32\msvcrt.dll
0x00007ffd08650000 - 0x00007ffd086ec000 	C:\WINDOWS\System32\sechost.dll
0x00007ffd07d10000 - 0x00007ffd07e35000 	C:\WINDOWS\System32\RPCRT4.dll
0x00007ffd08e70000 - 0x00007ffd09011000 	C:\WINDOWS\System32\USER32.dll
0x00007ffd073d0000 - 0x00007ffd073f2000 	C:\WINDOWS\System32\win32u.dll
0x00007ffd07f70000 - 0x00007ffd07f9b000 	C:\WINDOWS\System32\GDI32.dll
0x00007ffd07120000 - 0x00007ffd0722f000 	C:\WINDOWS\System32\gdi32full.dll
0x00007ffd07820000 - 0x00007ffd078bd000 	C:\WINDOWS\System32\msvcp_win.dll
0x00007ffd07230000 - 0x00007ffd07330000 	C:\WINDOWS\System32\ucrtbase.dll
0x00007ffce8280000 - 0x00007ffce851a000 	C:\WINDOWS\WinSxS\amd64_microsoft.windows.common-controls_6595b64144ccf1df_6.0.19041.1110_none_60b5254171f9507e\COMCTL32.dll
0x00007ffd07ad0000 - 0x00007ffd07b02000 	C:\WINDOWS\System32\IMM32.DLL
0x0000000075ee0000 - 0x0000000075fb2000 	C:\Program Files\Java\jdk1.8.0_251\jre\bin\msvcr100.dll
0x0000000074470000 - 0x0000000074d1b000 	C:\Program Files\Java\jdk1.8.0_251\jre\bin\server\jvm.dll
0x00007ffd07e40000 - 0x00007ffd07e48000 	C:\WINDOWS\System32\PSAPI.DLL
0x00007ffd01200000 - 0x00007ffd01227000 	C:\WINDOWS\SYSTEM32\WINMM.dll
0x00007ffcfd9c0000 - 0x00007ffcfd9ca000 	C:\WINDOWS\SYSTEM32\VERSION.dll
0x00007ffcecb50000 - 0x00007ffcecb59000 	C:\WINDOWS\SYSTEM32\WSOCK32.dll
0x00007ffd097d0000 - 0x00007ffd0983b000 	C:\WINDOWS\System32\WS2_32.dll
0x00007ffcf8240000 - 0x00007ffcf824f000 	C:\Program Files\Java\jdk1.8.0_251\jre\bin\verify.dll
0x00007ffcd0830000 - 0x00007ffcd0859000 	C:\Program Files\Java\jdk1.8.0_251\jre\bin\java.dll
0x00007ffcefb40000 - 0x00007ffcefb56000 	C:\Program Files\Java\jdk1.8.0_251\jre\bin\zip.dll
0x00007ffd09020000 - 0x00007ffd09765000 	C:\WINDOWS\System32\SHELL32.dll
0x00007ffd04d00000 - 0x00007ffd05492000 	C:\WINDOWS\SYSTEM32\windows.storage.dll
0x00007ffd08b10000 - 0x00007ffd08e65000 	C:\WINDOWS\System32\combase.dll
0x00007ffd06b80000 - 0x00007ffd06bb0000 	C:\WINDOWS\SYSTEM32\Wldp.dll
0x00007ffd07ec0000 - 0x00007ffd07f6d000 	C:\WINDOWS\System32\SHCORE.dll
0x00007ffd07e50000 - 0x00007ffd07ea5000 	C:\WINDOWS\System32\shlwapi.dll
0x00007ffd07060000 - 0x00007ffd0707f000 	C:\WINDOWS\SYSTEM32\profapi.dll
0x00007ffce5da0000 - 0x00007ffce5dba000 	C:\Program Files\Java\jdk1.8.0_251\jre\bin\net.dll
0x00007ffd068e0000 - 0x00007ffd0694a000 	C:\WINDOWS\system32\mswsock.dll
0x00007ffcd6df0000 - 0x00007ffcd6e02000 	C:\Program Files\Java\jdk1.8.0_251\jre\bin\nio.dll

VM Arguments:
java_command: s3m.jar C:\UFPE\miningframework\SOOTAnalysisOutput\processing\03e00ac108e9668a6b709a39c248d80a8ae404fc\processing\app\Base\left.java C:\UFPE\miningframework\SOOTAnalysisOutput\processing\03e00ac108e9668a6b709a39c248d80a8ae404fc\processing\app\Base\base.java C:\UFPE\miningframework\SOOTAnalysisOutput\processing\03e00ac108e9668a6b709a39c248d80a8ae404fc\processing\app\Base\right.java -o C:\UFPE\miningframework\SOOTAnalysisOutput\processing\03e00ac108e9668a6b709a39c248d80a8ae404fc\processing\app\Base\SimpleInitializationBlockHandler.java --handle-initialization-blocks true --handle-initialization-blocks-multiple-blocks false
java_class_path (initial): s3m.jar
Launcher Type: SUN_STANDARD

Environment Variables:
JAVA_HOME=C:\Program Files\Java\jdk1.8.0_291
PATH=C:\Program Files\Common Files\Oracle\Java\javapath;C:\Program Files (x86)\Common Files\Oracle\Java\javapath;C:\Windows\system32;C:\Windows;C:\Windows\System32\Wbem;C:\Windows\System32\WindowsPowerShell\v1.0\;C:\Windows\System32\OpenSSH\;C:\Program Files (x86)\NVIDIA Corporation\PhysX\Common;C:\Program Files\NVIDIA Corporation\NVIDIA NvDLISR;C:\Program Files (x86)\Groovy\bin;C:\Program Files (x86)\GnuWin32\bin;C:\UFPE\maven\apache-maven-3.6.3\bin;C:\WINDOWS\system32;C:\WINDOWS;C:\WINDOWS\System32\Wbem;C:\WINDOWS\System32\WindowsPowerShell\v1.0\;C:\WINDOWS\System32\OpenSSH\;C:\Program Files\Git\cmd;C:\Program Files\dotnet\;C:\Users\leona\AppData\Local\Microsoft\WindowsApps;C:\Program Files\Java\jdk-11.0.15\bin;C:\UFPE\maven\apache-maven-3.6.3\bin;C:\Users\leona\AppData\Local\GitHubDesktop\bin;C:\Users\leona\AppData\Local\Programs\Microsoft VS Code\bin;C:\Program Files\JetBrains\IntelliJ IDEA Community Edition 2020.2.3\bin;;C:\Program Files (x86)\GnuWin32\bin;C:\Users\leona\AppData\Local\Microsoft\WindowsApps;C:\flutter\flutter\bin;C:\gradle\bin;
USERNAME=leona
OS=Windows_NT
PROCESSOR_IDENTIFIER=Intel64 Family 6 Model 142 Stepping 12, GenuineIntel



---------------  S Y S T E M  ---------------

OS: Windows 10.0 , 64 bit Build 19041 (10.0.19041.2546)

CPU:total 8 (initial active 8) (4 cores per cpu, 2 threads per core) family 6 model 142 stepping 12, cmov, cx8, fxsr, mmx, sse, sse2, sse3, ssse3, sse4.1, sse4.2, popcnt, avx, avx2, aes, clmul, erms, 3dnowpref, lzcnt, ht, tsc, tscinvbit, bmi1, bmi2, adx

Memory: 4k page, physical 16521856k(1777040k free), swap 45574012k(5484k free)

vm_info: Java HotSpot(TM) 64-Bit Server VM (25.251-b08) for windows-amd64 JRE (1.8.0_251-b08), built on Mar 12 2020 06:31:49 by "" with MS VC++ 10.0 (VS2010)

time: Tue Mar 07 05:34:23 2023
timezone: Hora Padrão de Buenos Aires
elapsed time: 4 seconds (0d 0h 0m 4s)

