#
# There is insufficient memory for the Java Runtime Environment to continue.
# Native memory allocation (malloc) failed to allocate 131088 bytes for Chunk::new
# Possible reasons:
#   The system is out of physical RAM or swap space
#   The process is running with CompressedOops enabled, and the Java Heap may be blocking the growth of the native heap
# Possible solutions:
#   Reduce memory load on the system
#   Increase physical memory or swap space
#   Check if swap backing store is full
#   Decrease Java heap size (-Xmx/-Xms)
#   Decrease number of Java threads
#   Decrease Java thread stack sizes (-Xss)
#   Set larger code cache with -XX:ReservedCodeCacheSize=
#   JVM is running with Zero Based Compressed Oops mode in which the Java heap is
#     placed in the first 32GB address space. The Java Heap base address is the
#     maximum limit for the native heap growth. Please use -XX:HeapBaseMinAddress
#     to set the Java Heap base and to place the Java Heap above 32GB virtual address.
# This output file may be truncated or incomplete.
#
#  Out of Memory Error (allocation.cpp:389), pid=9936, tid=0x0000000000026a98
#
# JRE version: Java(TM) SE Runtime Environment (8.0_251-b08) (build 1.8.0_251-b08)
# Java VM: Java HotSpot(TM) 64-Bit Server VM (25.251-b08 mixed mode windows-amd64 compressed oops)
# Failed to write core dump. Minidumps are not enabled by default on client versions of Windows
#

---------------  T H R E A D  ---------------

Current thread (0x000000001e9e3000):  JavaThread "C2 CompilerThread2" daemon [_thread_in_native, id=158360, stack(0x000000001f4d0000,0x000000001f5d0000)]

Stack: [0x000000001f4d0000,0x000000001f5d0000]
[error occurred during error reporting (printing stack bounds), id 0xc0000005]

Native frames: (J=compiled Java code, j=interpreted, Vv=VM code, C=native code)


Current CompileTask:
C2:   5860 2038   !   4       org.eclipse.jdt.internal.compiler.parser.Scanner::getNextToken0 (3678 bytes)


---------------  P R O C E S S  ---------------

Java Threads: ( => current thread )
  0x000000001ea6f800 JavaThread "Service Thread" daemon [_thread_blocked, id=156324, stack(0x000000001f6d0000,0x000000001f7d0000)]
  0x000000001e9e7800 JavaThread "C1 CompilerThread3" daemon [_thread_in_native, id=157976, stack(0x000000001f5d0000,0x000000001f6d0000)]
=>0x000000001e9e3000 JavaThread "C2 CompilerThread2" daemon [_thread_in_native, id=158360, stack(0x000000001f4d0000,0x000000001f5d0000)]
  0x000000001e9e2800 JavaThread "C2 CompilerThread1" daemon [_thread_in_native, id=160356, stack(0x000000001f3d0000,0x000000001f4d0000)]
  0x000000001e9db800 JavaThread "C2 CompilerThread0" daemon [_thread_in_native, id=151868, stack(0x000000001f2d0000,0x000000001f3d0000)]
  0x000000001e9d8800 JavaThread "Attach Listener" daemon [_thread_blocked, id=144340, stack(0x000000001f1d0000,0x000000001f2d0000)]
  0x000000001e9d6800 JavaThread "Signal Dispatcher" daemon [_thread_blocked, id=160052, stack(0x000000001f0d0000,0x000000001f1d0000)]
  0x000000001e9d1000 JavaThread "Finalizer" daemon [_thread_blocked, id=155332, stack(0x000000001eeb0000,0x000000001efb0000)]
  0x000000001e9d0800 JavaThread "Reference Handler" daemon [_thread_blocked, id=160588, stack(0x000000001edb0000,0x000000001eeb0000)]
  0x00000000031f2800 JavaThread "main" [_thread_in_vm, id=107864, stack(0x00000000030f0000,0x00000000031f0000)]

Other Threads:
  0x000000001cbd9000 VMThread [stack: 0x000000001e8b0000,0x000000001e9b0000] [id=139228]
  0x000000001ea9a800 WatcherThread [stack: 0x000000001f7d0000,0x000000001f8d0000] [id=137500]

VM state:not at safepoint (normal execution)

VM Mutex/Monitor currently owned by a thread: None

heap address: 0x00000006c3e00000, size: 4034 MB, Compressed Oops mode: Zero based, Oop shift amount: 3
Narrow klass base: 0x0000000000000000, Narrow klass shift: 3
Compressed class space size: 1073741824 Address: 0x00000007c0000000

Heap:
 PSYoungGen      total 1336832K, used 596478K [0x000000076bf80000, 0x00000007bdd80000, 0x00000007c0000000)
  eden space 1332224K, 44% used [0x000000076bf80000,0x000000079043f910,0x00000007bd480000)
  from space 4608K, 38% used [0x00000007bd900000,0x00000007bdac0000,0x00000007bdd80000)
  to   space 4608K, 0% used [0x00000007bd480000,0x00000007bd480000,0x00000007bd900000)
 ParOldGen       total 173568K, used 6885K [0x00000006c3e00000, 0x00000006ce780000, 0x000000076bf80000)
  object space 173568K, 3% used [0x00000006c3e00000,0x00000006c44b97e8,0x00000006ce780000)
 Metaspace       used 15611K, capacity 15846K, committed 16000K, reserved 1062912K
  class space    used 1483K, capacity 1567K, committed 1664K, reserved 1048576K

Card table byte_map: [0x00000000126b0000,0x0000000012ea0000] byte_map_base: 0x000000000f091000

Marking Bits: (ParMarkBitMap*) 0x0000000074c9af90
 Begin Bits: [0x0000000013bf0000, 0x0000000017af8000)
 End Bits:   [0x0000000017af8000, 0x000000001ba00000)

Polling page: 0x0000000002ed0000

CodeCache: size=245760Kb used=11066Kb max_used=11066Kb free=234693Kb
 bounds [0x00000000032f0000, 0x0000000003dd0000, 0x00000000122f0000]
 total_blobs=2522 nmethods=2125 adapters=309
 compilation: enabled

Compilation events (10 events):
Event: 5.849 Thread 0x000000001e9e7800 2123       3       org.eclipse.jdt.internal.compiler.parser.Parser::getTypeReference (551 bytes)
Event: 5.851 Thread 0x000000001e9e7800 nmethod 2123 0x0000000003dba250 code [0x0000000003dba560, 0x0000000003dbc078]
Event: 5.851 Thread 0x000000001e9e7800 2125       3       org.eclipse.jdt.internal.compiler.parser.Parser::pushOnGenericsIdentifiersLengthStack (53 bytes)
Event: 5.851 Thread 0x000000001e9e7800 nmethod 2125 0x0000000003dbd0d0 code [0x0000000003dbd240, 0x0000000003dbd568]
Event: 5.851 Thread 0x000000001e9e7800 2126       1       org.eclipse.jdt.internal.compiler.ast.AbstractMethodDeclaration::isAnnotationMethod (2 bytes)
Event: 5.852 Thread 0x000000001e9e7800 nmethod 2126 0x0000000003dbd6d0 code [0x0000000003dbd820, 0x0000000003dbd930]
Event: 5.854 Thread 0x000000001e9e7800 2127       3       org.eclipse.jdt.internal.compiler.parser.Scanner::optimizedCurrentTokenSource3 (203 bytes)
Event: 5.855 Thread 0x000000001e9e7800 nmethod 2127 0x0000000003dbd990 code [0x0000000003dbdb80, 0x0000000003dbe4c8]
Event: 5.855 Thread 0x000000001e9e7800 2128       3       org.eclipse.jdt.internal.core.util.CommentRecorderParser::flushCommentsDefinedPriorTo (463 bytes)
Event: 5.856 Thread 0x000000001e9e7800 nmethod 2128 0x0000000003dbed50 code [0x0000000003dbefa0, 0x0000000003dbfc48]

GC Heap History (10 events):
Event: 2.059 GC heap before
{Heap before GC invocations=8 (full 0):
 PSYoungGen      total 264192K, used 261408K [0x000000076bf80000, 0x000000078c480000, 0x00000007c0000000)
  eden space 260096K, 100% used [0x000000076bf80000,0x000000077bd80000,0x000000077bd80000)
  from space 4096K, 32% used [0x000000077bd80000,0x000000077bec8000,0x000000077c180000)
  to   space 4608K, 0% used [0x000000078c000000,0x000000078c000000,0x000000078c480000)
 ParOldGen       total 173568K, used 2795K [0x00000006c3e00000, 0x00000006ce780000, 0x000000076bf80000)
  object space 173568K, 1% used [0x00000006c3e00000,0x00000006c40baf80,0x00000006ce780000)
 Metaspace       used 9115K, capacity 9326K, committed 9472K, reserved 1058816K
  class space    used 954K, capacity 1001K, committed 1024K, reserved 1048576K
Event: 2.063 GC heap after
Heap after GC invocations=8 (full 0):
 PSYoungGen      total 524800K, used 1632K [0x000000076bf80000, 0x000000078c480000, 0x00000007c0000000)
  eden space 520192K, 0% used [0x000000076bf80000,0x000000076bf80000,0x000000078bb80000)
  from space 4608K, 35% used [0x000000078c000000,0x000000078c198000,0x000000078c480000)
  to   space 4608K, 0% used [0x000000078bb80000,0x000000078bb80000,0x000000078c000000)
 ParOldGen       total 173568K, used 3051K [0x00000006c3e00000, 0x00000006ce780000, 0x000000076bf80000)
  object space 173568K, 1% used [0x00000006c3e00000,0x00000006c40faf80,0x00000006ce780000)
 Metaspace       used 9115K, capacity 9326K, committed 9472K, reserved 1058816K
  class space    used 954K, capacity 1001K, committed 1024K, reserved 1048576K
}
Event: 2.617 GC heap before
{Heap before GC invocations=9 (full 0):
 PSYoungGen      total 524800K, used 521824K [0x000000076bf80000, 0x000000078c480000, 0x00000007c0000000)
  eden space 520192K, 100% used [0x000000076bf80000,0x000000078bb80000,0x000000078bb80000)
  from space 4608K, 35% used [0x000000078c000000,0x000000078c198000,0x000000078c480000)
  to   space 4608K, 0% used [0x000000078bb80000,0x000000078bb80000,0x000000078c000000)
 ParOldGen       total 173568K, used 3051K [0x00000006c3e00000, 0x00000006ce780000, 0x000000076bf80000)
  object space 173568K, 1% used [0x00000006c3e00000,0x00000006c40faf80,0x00000006ce780000)
 Metaspace       used 9196K, capacity 9390K, committed 9472K, reserved 1058816K
  class space    used 954K, capacity 1001K, committed 1024K, reserved 1048576K
Event: 2.623 GC heap after
Heap after GC invocations=9 (full 0):
 PSYoungGen      total 524800K, used 2864K [0x000000076bf80000, 0x000000079f580000, 0x00000007c0000000)
  eden space 520192K, 0% used [0x000000076bf80000,0x000000076bf80000,0x000000078bb80000)
  from space 4608K, 62% used [0x000000078bb80000,0x000000078be4c030,0x000000078c000000)
  to   space 4608K, 0% used [0x000000079f100000,0x000000079f100000,0x000000079f580000)
 ParOldGen       total 173568K, used 3563K [0x00000006c3e00000, 0x00000006ce780000, 0x000000076bf80000)
  object space 173568K, 2% used [0x00000006c3e00000,0x00000006c417af80,0x00000006ce780000)
 Metaspace       used 9196K, capacity 9390K, committed 9472K, reserved 1058816K
  class space    used 954K, capacity 1001K, committed 1024K, reserved 1048576K
}
Event: 3.052 GC heap before
{Heap before GC invocations=10 (full 0):
 PSYoungGen      total 524800K, used 523056K [0x000000076bf80000, 0x000000079f580000, 0x00000007c0000000)
  eden space 520192K, 100% used [0x000000076bf80000,0x000000078bb80000,0x000000078bb80000)
  from space 4608K, 62% used [0x000000078bb80000,0x000000078be4c030,0x000000078c000000)
  to   space 4608K, 0% used [0x000000079f100000,0x000000079f100000,0x000000079f580000)
 ParOldGen       total 173568K, used 3563K [0x00000006c3e00000, 0x00000006ce780000, 0x000000076bf80000)
  object space 173568K, 2% used [0x00000006c3e00000,0x00000006c417af80,0x00000006ce780000)
 Metaspace       used 9196K, capacity 9390K, committed 9472K, reserved 1058816K
  class space    used 954K, capacity 1001K, committed 1024K, reserved 1048576K
Event: 3.056 GC heap after
Heap after GC invocations=10 (full 0):
 PSYoungGen      total 837120K, used 2800K [0x000000076bf80000, 0x000000079f580000, 0x00000007c0000000)
  eden space 832512K, 0% used [0x000000076bf80000,0x000000076bf80000,0x000000079ec80000)
  from space 4608K, 60% used [0x000000079f100000,0x000000079f3bc030,0x000000079f580000)
  to   space 4608K, 0% used [0x000000079ec80000,0x000000079ec80000,0x000000079f100000)
 ParOldGen       total 173568K, used 4595K [0x00000006c3e00000, 0x00000006ce780000, 0x000000076bf80000)
  object space 173568K, 2% used [0x00000006c3e00000,0x00000006c427cf80,0x00000006ce780000)
 Metaspace       used 9196K, capacity 9390K, committed 9472K, reserved 1058816K
  class space    used 954K, capacity 1001K, committed 1024K, reserved 1048576K
}
Event: 3.901 GC heap before
{Heap before GC invocations=11 (full 0):
 PSYoungGen      total 837120K, used 835312K [0x000000076bf80000, 0x000000079f580000, 0x00000007c0000000)
  eden space 832512K, 100% used [0x000000076bf80000,0x000000079ec80000,0x000000079ec80000)
  from space 4608K, 60% used [0x000000079f100000,0x000000079f3bc030,0x000000079f580000)
  to   space 4608K, 0% used [0x000000079ec80000,0x000000079ec80000,0x000000079f100000)
 ParOldGen       total 173568K, used 4595K [0x00000006c3e00000, 0x00000006ce780000, 0x000000076bf80000)
  object space 173568K, 2% used [0x00000006c3e00000,0x00000006c427cf80,0x00000006ce780000)
 Metaspace       used 9251K, capacity 9454K, committed 9728K, reserved 1058816K
  class space    used 954K, capacity 1001K, committed 1024K, reserved 1048576K
Event: 3.905 GC heap after
Heap after GC invocations=11 (full 0):
 PSYoungGen      total 837120K, used 656K [0x000000076bf80000, 0x00000007bdd80000, 0x00000007c0000000)
  eden space 832512K, 0% used [0x000000076bf80000,0x000000076bf80000,0x000000079ec80000)
  from space 4608K, 14% used [0x000000079ec80000,0x000000079ed24030,0x000000079f100000)
  to   space 4608K, 0% used [0x00000007bd900000,0x00000007bd900000,0x00000007bdd80000)
 ParOldGen       total 173568K, used 6298K [0x00000006c3e00000, 0x00000006ce780000, 0x000000076bf80000)
  object space 173568K, 3% used [0x00000006c3e00000,0x00000006c4426998,0x00000006ce780000)
 Metaspace       used 9251K, capacity 9454K, committed 9728K, reserved 1058816K
  class space    used 954K, capacity 1001K, committed 1024K, reserved 1048576K
}
Event: 4.647 GC heap before
{Heap before GC invocations=12 (full 0):
 PSYoungGen      total 837120K, used 833168K [0x000000076bf80000, 0x00000007bdd80000, 0x00000007c0000000)
  eden space 832512K, 100% used [0x000000076bf80000,0x000000079ec80000,0x000000079ec80000)
  from space 4608K, 14% used [0x000000079ec80000,0x000000079ed24030,0x000000079f100000)
  to   space 4608K, 0% used [0x00000007bd900000,0x00000007bd900000,0x00000007bdd80000)
 ParOldGen       total 173568K, used 6298K [0x00000006c3e00000, 0x00000006ce780000, 0x000000076bf80000)
  object space 173568K, 3% used [0x00000006c3e00000,0x00000006c4426998,0x00000006ce780000)
 Metaspace       used 9251K, capacity 9454K, committed 9728K, reserved 1058816K
  class space    used 954K, capacity 1001K, committed 1024K, reserved 1048576K
Event: 4.652 GC heap after
Heap after GC invocations=12 (full 0):
 PSYoungGen      total 1336832K, used 1792K [0x000000076bf80000, 0x00000007bdd80000, 0x00000007c0000000)
  eden space 1332224K, 0% used [0x000000076bf80000,0x000000076bf80000,0x00000007bd480000)
  from space 4608K, 38% used [0x00000007bd900000,0x00000007bdac0000,0x00000007bdd80000)
  to   space 4608K, 0% used [0x00000007bd480000,0x00000007bd480000,0x00000007bd900000)
 ParOldGen       total 173568K, used 6885K [0x00000006c3e00000, 0x00000006ce780000, 0x000000076bf80000)
  object space 173568K, 3% used [0x00000006c3e00000,0x00000006c44b97e8,0x00000006ce780000)
 Metaspace       used 9251K, capacity 9454K, committed 9728K, reserved 1058816K
  class space    used 954K, capacity 1001K, committed 1024K, reserved 1048576K
}

Deoptimization events (10 events):
Event: 5.299 Thread 0x00000000031f2800 Uncommon trap: reason=unstable_if action=reinterpret pc=0x0000000003710360 method=java.util.regex.Pattern.closure(Ljava/util/regex/Pattern$Node;)Ljava/util/regex/Pattern$Node; @ 113
Event: 5.299 Thread 0x00000000031f2800 Uncommon trap: reason=unstable_if action=reinterpret pc=0x000000000373c0c8 method=java.util.regex.Pattern.sequence(Ljava/util/regex/Pattern$Node;)Ljava/util/regex/Pattern$Node; @ 151
Event: 5.299 Thread 0x00000000031f2800 Uncommon trap: reason=unstable_if action=reinterpret pc=0x000000000377e830 method=java.util.regex.Pattern.expr(Ljava/util/regex/Pattern$Node;)Ljava/util/regex/Pattern$Node; @ 129
Event: 5.328 Thread 0x00000000031f2800 Uncommon trap: reason=class_check action=maybe_recompile pc=0x0000000003640ad8 method=java.util.stream.ReduceOps$3ReducingSink.accept(Ljava/lang/Object;)V @ 9
Event: 5.328 Thread 0x00000000031f2800 Uncommon trap: reason=class_check action=maybe_recompile pc=0x0000000003640ad8 method=java.util.stream.ReduceOps$3ReducingSink.accept(Ljava/lang/Object;)V @ 9
Event: 5.328 Thread 0x00000000031f2800 Uncommon trap: reason=class_check action=maybe_recompile pc=0x0000000003640ad8 method=java.util.stream.ReduceOps$3ReducingSink.accept(Ljava/lang/Object;)V @ 9
Event: 5.328 Thread 0x00000000031f2800 Uncommon trap: reason=class_check action=maybe_recompile pc=0x0000000003640ad8 method=java.util.stream.ReduceOps$3ReducingSink.accept(Ljava/lang/Object;)V @ 9
Event: 5.375 Thread 0x00000000031f2800 Uncommon trap: reason=unstable_if action=reinterpret pc=0x000000000370c90c method=java.util.regex.Pattern.RemoveQEQuoting()V @ 41
Event: 5.813 Thread 0x00000000031f2800 Uncommon trap: reason=unstable_if action=reinterpret pc=0x0000000003d8cd78 method=org.eclipse.jdt.internal.compiler.parser.Scanner.getNextToken()I @ 23
Event: 5.848 Thread 0x00000000031f2800 Uncommon trap: reason=unstable_if action=reinterpret pc=0x0000000003d3b2f4 method=org.eclipse.jdt.internal.compiler.parser.Scanner.scanIdentifierOrKeyword()I @ 146

Classes redefined (0 events):
No events

Internal exceptions (10 events):
Event: 0.191 Thread 0x00000000031f2800 Exception <a 'java/lang/NoSuchFieldError': method resolution failed> (0x000000076c25d6c8) thrown at [C:\jenkins\workspace\8-2-build-windows-amd64-cygwin\jdk8u251\737\hotspot\src\share\vm\prims\methodHandles.cpp, line 1167]
Event: 0.289 Thread 0x00000000031f2800 Exception <a 'java/lang/ArrayIndexOutOfBoundsException'> (0x000000076c45ff58) thrown at [C:\jenkins\workspace\8-2-build-windows-amd64-cygwin\jdk8u251\737\hotspot\src\share\vm\runtime\sharedRuntime.cpp, line 605]
Event: 0.289 Thread 0x00000000031f2800 Exception <a 'java/lang/ArrayIndexOutOfBoundsException'> (0x000000076c460e60) thrown at [C:\jenkins\workspace\8-2-build-windows-amd64-cygwin\jdk8u251\737\hotspot\src\share\vm\runtime\sharedRuntime.cpp, line 605]
Event: 0.377 Thread 0x00000000031f2800 Exception <a 'java/security/PrivilegedActionException'> (0x000000076cabb6e0) thrown at [C:\jenkins\workspace\8-2-build-windows-amd64-cygwin\jdk8u251\737\hotspot\src\share\vm\prims\jvm.cpp, line 1502]
Event: 0.377 Thread 0x00000000031f2800 Exception <a 'java/security/PrivilegedActionException'> (0x000000076cabbad8) thrown at [C:\jenkins\workspace\8-2-build-windows-amd64-cygwin\jdk8u251\737\hotspot\src\share\vm\prims\jvm.cpp, line 1502]
Event: 0.378 Thread 0x00000000031f2800 Exception <a 'java/security/PrivilegedActionException'> (0x000000076cabfdb8) thrown at [C:\jenkins\workspace\8-2-build-windows-amd64-cygwin\jdk8u251\737\hotspot\src\share\vm\prims\jvm.cpp, line 1502]
Event: 0.378 Thread 0x00000000031f2800 Exception <a 'java/security/PrivilegedActionException'> (0x000000076cac01b0) thrown at [C:\jenkins\workspace\8-2-build-windows-amd64-cygwin\jdk8u251\737\hotspot\src\share\vm\prims\jvm.cpp, line 1502]
Event: 0.635 Thread 0x00000000031f2800 Implicit null exception at 0x00000000035da751 to 0x00000000035da77d
Event: 2.108 Thread 0x00000000031f2800 Implicit null exception at 0x00000000038901d5 to 0x000000000389031d
Event: 5.556 Thread 0x00000000031f2800 Exception <a 'java/io/FileNotFoundException'> (0x000000078d43e1c8) thrown at [C:\jenkins\workspace\8-2-build-windows-amd64-cygwin\jdk8u251\737\hotspot\src\share\vm\prims\jni.cpp, line 710]

Events (10 events):
Event: 5.813 Thread 0x00000000031f2800 Uncommon trap: trap_request=0xffffff65 fr.pc=0x0000000003d8cd78
Event: 5.813 Thread 0x00000000031f2800 DEOPT PACKING pc=0x0000000003d8cd78 sp=0x00000000031eec70
Event: 5.813 Thread 0x00000000031f2800 DEOPT UNPACKING pc=0x000000000333583b sp=0x00000000031eec20 mode 2
Event: 5.843 loading class org/eclipse/jdt/internal/compiler/ast/ContainerAnnotation
Event: 5.843 loading class org/eclipse/jdt/internal/compiler/ast/ContainerAnnotation done
Event: 5.844 loading class org/eclipse/jdt/internal/compiler/ast/Annotation$1LocationCollector
Event: 5.844 loading class org/eclipse/jdt/internal/compiler/ast/Annotation$1LocationCollector done
Event: 5.848 Thread 0x00000000031f2800 Uncommon trap: trap_request=0xffffff65 fr.pc=0x0000000003d3b2f4
Event: 5.848 Thread 0x00000000031f2800 DEOPT PACKING pc=0x0000000003d3b2f4 sp=0x00000000031eea70
Event: 5.848 Thread 0x00000000031f2800 DEOPT UNPACKING pc=0x000000000333583b sp=0x00000000031ee9f8 mode 2


Dynamic libraries:
0x00007ff7939c0000 - 0x00007ff7939f7000 	C:\Program Files\Java\jdk1.8.0_251\bin\java.exe
0x00007ffd09a30000 - 0x00007ffd09c28000 	C:\WINDOWS\SYSTEM32\ntdll.dll
0x00007ffd08070000 - 0x00007ffd0812f000 	C:\WINDOWS\System32\KERNEL32.DLL
0x00007ffd07540000 - 0x00007ffd07812000 	C:\WINDOWS\System32\KERNELBASE.dll
0x00007ffd085a0000 - 0x00007ffd0864e000 	C:\WINDOWS\System32\ADVAPI32.dll
0x00007ffd089c0000 - 0x00007ffd08a5e000 	C:\WINDOWS\System32\msvcrt.dll
0x00007ffd08650000 - 0x00007ffd086ec000 	C:\WINDOWS\System32\sechost.dll
0x00007ffd07d10000 - 0x00007ffd07e35000 	C:\WINDOWS\System32\RPCRT4.dll
0x00007ffd08e70000 - 0x00007ffd09011000 	C:\WINDOWS\System32\USER32.dll
0x00007ffd073d0000 - 0x00007ffd073f2000 	C:\WINDOWS\System32\win32u.dll
0x00007ffd07f70000 - 0x00007ffd07f9b000 	C:\WINDOWS\System32\GDI32.dll
0x00007ffd07120000 - 0x00007ffd0722f000 	C:\WINDOWS\System32\gdi32full.dll
0x00007ffd07820000 - 0x00007ffd078bd000 	C:\WINDOWS\System32\msvcp_win.dll
0x00007ffd07230000 - 0x00007ffd07330000 	C:\WINDOWS\System32\ucrtbase.dll
0x00007ffce8280000 - 0x00007ffce851a000 	C:\WINDOWS\WinSxS\amd64_microsoft.windows.common-controls_6595b64144ccf1df_6.0.19041.1110_none_60b5254171f9507e\COMCTL32.dll
0x00007ffd07ad0000 - 0x00007ffd07b02000 	C:\WINDOWS\System32\IMM32.DLL
0x0000000075ee0000 - 0x0000000075fb2000 	C:\Program Files\Java\jdk1.8.0_251\jre\bin\msvcr100.dll
0x0000000074470000 - 0x0000000074d1b000 	C:\Program Files\Java\jdk1.8.0_251\jre\bin\server\jvm.dll
0x00007ffd07e40000 - 0x00007ffd07e48000 	C:\WINDOWS\System32\PSAPI.DLL
0x00007ffcecb50000 - 0x00007ffcecb59000 	C:\WINDOWS\SYSTEM32\WSOCK32.dll
0x00007ffcfd9c0000 - 0x00007ffcfd9ca000 	C:\WINDOWS\SYSTEM32\VERSION.dll
0x00007ffd01200000 - 0x00007ffd01227000 	C:\WINDOWS\SYSTEM32\WINMM.dll
0x00007ffd097d0000 - 0x00007ffd0983b000 	C:\WINDOWS\System32\WS2_32.dll
0x00007ffcf8240000 - 0x00007ffcf824f000 	C:\Program Files\Java\jdk1.8.0_251\jre\bin\verify.dll
0x00007ffcd0830000 - 0x00007ffcd0859000 	C:\Program Files\Java\jdk1.8.0_251\jre\bin\java.dll
0x00007ffcefb40000 - 0x00007ffcefb56000 	C:\Program Files\Java\jdk1.8.0_251\jre\bin\zip.dll
0x00007ffd09020000 - 0x00007ffd09765000 	C:\WINDOWS\System32\SHELL32.dll
0x00007ffd04d00000 - 0x00007ffd05492000 	C:\WINDOWS\SYSTEM32\windows.storage.dll
0x00007ffd08b10000 - 0x00007ffd08e65000 	C:\WINDOWS\System32\combase.dll
0x00007ffd06b80000 - 0x00007ffd06bb0000 	C:\WINDOWS\SYSTEM32\Wldp.dll
0x00007ffd07ec0000 - 0x00007ffd07f6d000 	C:\WINDOWS\System32\SHCORE.dll
0x00007ffd07e50000 - 0x00007ffd07ea5000 	C:\WINDOWS\System32\shlwapi.dll
0x00007ffd07060000 - 0x00007ffd0707f000 	C:\WINDOWS\SYSTEM32\profapi.dll
0x00007ffce5da0000 - 0x00007ffce5dba000 	C:\Program Files\Java\jdk1.8.0_251\jre\bin\net.dll
0x00007ffd068e0000 - 0x00007ffd0694a000 	C:\WINDOWS\system32\mswsock.dll
0x00007ffcd6df0000 - 0x00007ffcd6e02000 	C:\Program Files\Java\jdk1.8.0_251\jre\bin\nio.dll

VM Arguments:
java_command: s3m.jar C:\UFPE\miningframework\SOOTAnalysisOutput\hive\ccb63a31cb5f9003221341bad592080918627565\org\apache\hadoop\hive\conf\HiveConf\left.java C:\UFPE\miningframework\SOOTAnalysisOutput\hive\ccb63a31cb5f9003221341bad592080918627565\org\apache\hadoop\hive\conf\HiveConf\base.java C:\UFPE\miningframework\SOOTAnalysisOutput\hive\ccb63a31cb5f9003221341bad592080918627565\org\apache\hadoop\hive\conf\HiveConf\right.java -o C:\UFPE\miningframework\SOOTAnalysisOutput\hive\ccb63a31cb5f9003221341bad592080918627565\org\apache\hadoop\hive\conf\HiveConf\InsertionLevelInitializationBlockHandler.java --handle-initialization-blocks false --handle-initialization-blocks-multiple-blocks true
java_class_path (initial): s3m.jar
Launcher Type: SUN_STANDARD

Environment Variables:
JAVA_HOME=C:\Program Files\Java\jdk1.8.0_291
PATH=C:\Program Files\Common Files\Oracle\Java\javapath;C:\Program Files (x86)\Common Files\Oracle\Java\javapath;C:\Windows\system32;C:\Windows;C:\Windows\System32\Wbem;C:\Windows\System32\WindowsPowerShell\v1.0\;C:\Windows\System32\OpenSSH\;C:\Program Files (x86)\NVIDIA Corporation\PhysX\Common;C:\Program Files\NVIDIA Corporation\NVIDIA NvDLISR;C:\Program Files (x86)\Groovy\bin;C:\Program Files (x86)\GnuWin32\bin;C:\UFPE\maven\apache-maven-3.6.3\bin;C:\WINDOWS\system32;C:\WINDOWS;C:\WINDOWS\System32\Wbem;C:\WINDOWS\System32\WindowsPowerShell\v1.0\;C:\WINDOWS\System32\OpenSSH\;C:\Program Files\Git\cmd;C:\Program Files\dotnet\;C:\Users\leona\AppData\Local\Microsoft\WindowsApps;C:\Program Files\Java\jdk-11.0.15\bin;C:\UFPE\maven\apache-maven-3.6.3\bin;C:\Users\leona\AppData\Local\GitHubDesktop\bin;C:\Users\leona\AppData\Local\Programs\Microsoft VS Code\bin;C:\Program Files\JetBrains\IntelliJ IDEA Community Edition 2020.2.3\bin;;C:\Program Files (x86)\GnuWin32\bin;C:\Users\leona\AppData\Local\Microsoft\WindowsApps;C:\flutter\flutter\bin;C:\gradle\bin;
USERNAME=leona
OS=Windows_NT
PROCESSOR_IDENTIFIER=Intel64 Family 6 Model 142 Stepping 12, GenuineIntel



---------------  S Y S T E M  ---------------

OS: Windows 10.0 , 64 bit Build 19041 (10.0.19041.2546)

CPU:total 8 (initial active 8) (4 cores per cpu, 2 threads per core) family 6 model 142 stepping 12, cmov, cx8, fxsr, mmx, sse, sse2, sse3, ssse3, sse4.1, sse4.2, popcnt, avx, avx2, aes, clmul, erms, 3dnowpref, lzcnt, ht, tsc, tscinvbit, bmi1, bmi2, adx

Memory: 4k page, physical 16521856k(1215612k free), swap 45574012k(9756k free)

vm_info: Java HotSpot(TM) 64-Bit Server VM (25.251-b08) for windows-amd64 JRE (1.8.0_251-b08), built on Mar 12 2020 06:31:49 by "" with MS VC++ 10.0 (VS2010)

time: Tue Mar 07 03:31:11 2023
timezone: Hora Padrão de Buenos Aires
elapsed time: 5 seconds (0d 0h 0m 5s)

