#
# There is insufficient memory for the Java Runtime Environment to continue.
# Native memory allocation (malloc) failed to allocate 2118272 bytes for Chunk::new
# Possible reasons:
#   The system is out of physical RAM or swap space
#   The process is running with CompressedOops enabled, and the Java Heap may be blocking the growth of the native heap
# Possible solutions:
#   Reduce memory load on the system
#   Increase physical memory or swap space
#   Check if swap backing store is full
#   Decrease Java heap size (-Xmx/-Xms)
#   Decrease number of Java threads
#   Decrease Java thread stack sizes (-Xss)
#   Set larger code cache with -XX:ReservedCodeCacheSize=
#   JVM is running with Zero Based Compressed Oops mode in which the Java heap is
#     placed in the first 32GB address space. The Java Heap base address is the
#     maximum limit for the native heap growth. Please use -XX:HeapBaseMinAddress
#     to set the Java Heap base and to place the Java Heap above 32GB virtual address.
# This output file may be truncated or incomplete.
#
#  Out of Memory Error (allocation.cpp:389), pid=121756, tid=0x0000000000025dcc
#
# JRE version: Java(TM) SE Runtime Environment (8.0_251-b08) (build 1.8.0_251-b08)
# Java VM: Java HotSpot(TM) 64-Bit Server VM (25.251-b08 mixed mode windows-amd64 compressed oops)
# Failed to write core dump. Minidumps are not enabled by default on client versions of Windows
#

---------------  T H R E A D  ---------------

Current thread (0x000000001e2d1000):  JavaThread "C2 CompilerThread2" daemon [_thread_in_native, id=155084, stack(0x000000001edc0000,0x000000001eec0000)]

Stack: [0x000000001edc0000,0x000000001eec0000]
[error occurred during error reporting (printing stack bounds), id 0xc0000005]

Native frames: (J=compiled Java code, j=interpreted, Vv=VM code, C=native code)


Current CompileTask:
C2:   9091 2790       4       org.eclipse.jdt.internal.compiler.lookup.BinaryTypeBinding::createMethod (1613 bytes)


---------------  P R O C E S S  ---------------

Java Threads: ( => current thread )
  0x000000001e36b800 JavaThread "Service Thread" daemon [_thread_blocked, id=24696, stack(0x000000001efc0000,0x000000001f0c0000)]
  0x000000001e2d5800 JavaThread "C1 CompilerThread3" daemon [_thread_blocked, id=158992, stack(0x000000001eec0000,0x000000001efc0000)]
=>0x000000001e2d1000 JavaThread "C2 CompilerThread2" daemon [_thread_in_native, id=155084, stack(0x000000001edc0000,0x000000001eec0000)]
  0x000000001e2ce800 JavaThread "C2 CompilerThread1" daemon [_thread_blocked, id=157276, stack(0x000000001ecc0000,0x000000001edc0000)]
  0x000000001e2cb800 JavaThread "C2 CompilerThread0" daemon [_thread_blocked, id=155192, stack(0x000000001ebc0000,0x000000001ecc0000)]
  0x000000001e2c8800 JavaThread "Attach Listener" daemon [_thread_blocked, id=12088, stack(0x000000001eac0000,0x000000001ebc0000)]
  0x000000001e2c6000 JavaThread "Signal Dispatcher" daemon [_thread_blocked, id=93856, stack(0x000000001e9c0000,0x000000001eac0000)]
  0x000000001e2c1800 JavaThread "Finalizer" daemon [_thread_blocked, id=157664, stack(0x000000001e7a0000,0x000000001e8a0000)]
  0x000000001e2c0800 JavaThread "Reference Handler" daemon [_thread_blocked, id=151632, stack(0x000000001e6a0000,0x000000001e7a0000)]
  0x0000000002ae2800 JavaThread "main" [_thread_in_Java, id=125380, stack(0x00000000029e0000,0x0000000002ae0000)]

Other Threads:
  0x000000001c4c9000 VMThread [stack: 0x000000001e1a0000,0x000000001e2a0000] [id=147476]
  0x000000001e384000 WatcherThread [stack: 0x000000001f0c0000,0x000000001f1c0000] [id=153028]

VM state:not at safepoint (normal execution)

VM Mutex/Monitor currently owned by a thread: None

heap address: 0x00000006c3e00000, size: 4034 MB, Compressed Oops mode: Zero based, Oop shift amount: 3
Narrow klass base: 0x0000000000000000, Narrow klass shift: 3
Compressed class space size: 1073741824 Address: 0x00000007c0000000

Heap:
 PSYoungGen      total 1370112K, used 472728K [0x000000076bf80000, 0x00000007bff80000, 0x00000007c0000000)
  eden space 1364480K, 34% used [0x000000076bf80000,0x0000000788a1e018,0x00000007bf400000)
  from space 5632K, 55% used [0x00000007bf980000,0x00000007bfc88000,0x00000007bff00000)
  to   space 5632K, 0% used [0x00000007bf400000,0x00000007bf400000,0x00000007bf980000)
 ParOldGen       total 173568K, used 15469K [0x00000006c3e00000, 0x00000006ce780000, 0x000000076bf80000)
  object space 173568K, 8% used [0x00000006c3e00000,0x00000006c4d1b588,0x00000006ce780000)
 Metaspace       used 19393K, capacity 19702K, committed 20096K, reserved 1067008K
  class space    used 1759K, capacity 1841K, committed 1920K, reserved 1048576K

Card table byte_map: [0x0000000011fa0000,0x0000000012790000] byte_map_base: 0x000000000e981000

Marking Bits: (ParMarkBitMap*) 0x0000000074c9af90
 Begin Bits: [0x00000000134e0000, 0x00000000173e8000)
 End Bits:   [0x00000000173e8000, 0x000000001b2f0000)

Polling page: 0x0000000001000000

CodeCache: size=245760Kb used=12925Kb max_used=12946Kb free=232834Kb
 bounds [0x0000000002be0000, 0x00000000038a0000, 0x0000000011be0000]
 total_blobs=3209 nmethods=2785 adapters=336
 compilation: enabled

Compilation events (10 events):
Event: 8.818 Thread 0x000000001e2d5800 3114       1       org.eclipse.jdt.core.dom.PrimitiveType::getNodeType0 (3 bytes)
Event: 8.818 Thread 0x000000001e2d5800 nmethod 3114 0x000000000387ba50 code [0x000000000387bba0, 0x000000000387bcb0]
Event: 8.819 Thread 0x000000001e2d5800 3167       3       java.util.regex.Pattern::RemoveQEQuoting (346 bytes)
Event: 8.820 Thread 0x000000001e2d5800 nmethod 3167 0x0000000003880590 code [0x00000000038807e0, 0x00000000038818f8]
Event: 8.823 Thread 0x000000001e2ce800 nmethod 3161 0x0000000003882ed0 code [0x0000000003883060, 0x00000000038835d8]
Event: 8.823 Thread 0x000000001e2ce800 3144       4       org.eclipse.jdt.core.dom.ASTNode$NodeList$Cursor::hasNext (21 bytes)
Event: 8.823 Thread 0x000000001e2ce800 nmethod 3144 0x00000000037e7dd0 code [0x00000000037e7f00, 0x00000000037e7f98]
Event: 8.823 Thread 0x000000001e2ce800 3148       4       org.eclipse.jdt.core.dom.ASTNode::acceptChild (11 bytes)
Event: 8.824 Thread 0x000000001e2ce800 nmethod 3148 0x000000000387b710 code [0x000000000387b860, 0x000000000387b918]
Event: 8.933 Thread 0x000000001e2cb800 nmethod 3111 0x000000000388c890 code [0x000000000388d2e0, 0x00000000038911c8]

GC Heap History (10 events):
Event: 2.510 GC heap before
{Heap before GC invocations=10 (full 0):
 PSYoungGen      total 525824K, used 521856K [0x000000076bf80000, 0x000000079f780000, 0x00000007c0000000)
  eden space 519680K, 100% used [0x000000076bf80000,0x000000078bb00000,0x000000078bb00000)
  from space 6144K, 35% used [0x000000078bb00000,0x000000078bd20000,0x000000078c100000)
  to   space 6144K, 0% used [0x000000079f180000,0x000000079f180000,0x000000079f780000)
 ParOldGen       total 173568K, used 4459K [0x00000006c3e00000, 0x00000006ce780000, 0x000000076bf80000)
  object space 173568K, 2% used [0x00000006c3e00000,0x00000006c425add8,0x00000006ce780000)
 Metaspace       used 9211K, capacity 9454K, committed 9728K, reserved 1058816K
  class space    used 945K, capacity 1001K, committed 1024K, reserved 1048576K
Event: 2.516 GC heap after
Heap after GC invocations=10 (full 0):
 PSYoungGen      total 837632K, used 2624K [0x000000076bf80000, 0x000000079f780000, 0x00000007c0000000)
  eden space 831488K, 0% used [0x000000076bf80000,0x000000076bf80000,0x000000079eb80000)
  from space 6144K, 42% used [0x000000079f180000,0x000000079f410000,0x000000079f780000)
  to   space 6144K, 0% used [0x000000079eb80000,0x000000079eb80000,0x000000079f180000)
 ParOldGen       total 173568K, used 5539K [0x00000006c3e00000, 0x00000006ce780000, 0x000000076bf80000)
  object space 173568K, 3% used [0x00000006c3e00000,0x00000006c4368dd8,0x00000006ce780000)
 Metaspace       used 9211K, capacity 9454K, committed 9728K, reserved 1058816K
  class space    used 945K, capacity 1001K, committed 1024K, reserved 1048576K
}
Event: 3.235 GC heap before
{Heap before GC invocations=11 (full 0):
 PSYoungGen      total 837632K, used 834112K [0x000000076bf80000, 0x000000079f780000, 0x00000007c0000000)
  eden space 831488K, 100% used [0x000000076bf80000,0x000000079eb80000,0x000000079eb80000)
  from space 6144K, 42% used [0x000000079f180000,0x000000079f410000,0x000000079f780000)
  to   space 6144K, 0% used [0x000000079eb80000,0x000000079eb80000,0x000000079f180000)
 ParOldGen       total 173568K, used 5539K [0x00000006c3e00000, 0x00000006ce780000, 0x000000076bf80000)
  object space 173568K, 3% used [0x00000006c3e00000,0x00000006c4368dd8,0x00000006ce780000)
 Metaspace       used 9241K, capacity 9454K, committed 9728K, reserved 1058816K
  class space    used 945K, capacity 1001K, committed 1024K, reserved 1048576K
Event: 3.241 GC heap after
Heap after GC invocations=11 (full 0):
 PSYoungGen      total 837632K, used 2240K [0x000000076bf80000, 0x00000007bdf00000, 0x00000007c0000000)
  eden space 831488K, 0% used [0x000000076bf80000,0x000000076bf80000,0x000000079eb80000)
  from space 6144K, 36% used [0x000000079eb80000,0x000000079edb0020,0x000000079f180000)
  to   space 6144K, 0% used [0x00000007bd900000,0x00000007bd900000,0x00000007bdf00000)
 ParOldGen       total 173568K, used 8045K [0x00000006c3e00000, 0x00000006ce780000, 0x000000076bf80000)
  object space 173568K, 4% used [0x00000006c3e00000,0x00000006c45db510,0x00000006ce780000)
 Metaspace       used 9241K, capacity 9454K, committed 9728K, reserved 1058816K
  class space    used 945K, capacity 1001K, committed 1024K, reserved 1048576K
}
Event: 3.891 GC heap before
{Heap before GC invocations=12 (full 0):
 PSYoungGen      total 837632K, used 833728K [0x000000076bf80000, 0x00000007bdf00000, 0x00000007c0000000)
  eden space 831488K, 100% used [0x000000076bf80000,0x000000079eb80000,0x000000079eb80000)
  from space 6144K, 36% used [0x000000079eb80000,0x000000079edb0020,0x000000079f180000)
  to   space 6144K, 0% used [0x00000007bd900000,0x00000007bd900000,0x00000007bdf00000)
 ParOldGen       total 173568K, used 8045K [0x00000006c3e00000, 0x00000006ce780000, 0x000000076bf80000)
  object space 173568K, 4% used [0x00000006c3e00000,0x00000006c45db510,0x00000006ce780000)
 Metaspace       used 9242K, capacity 9454K, committed 9728K, reserved 1058816K
  class space    used 945K, capacity 1001K, committed 1024K, reserved 1048576K
Event: 3.896 GC heap after
Heap after GC invocations=12 (full 0):
 PSYoungGen      total 1336832K, used 1760K [0x000000076bf80000, 0x00000007bdf00000, 0x00000007c0000000)
  eden space 1330688K, 0% used [0x000000076bf80000,0x000000076bf80000,0x00000007bd300000)
  from space 6144K, 28% used [0x00000007bd900000,0x00000007bdab8000,0x00000007bdf00000)
  to   space 6144K, 0% used [0x00000007bd300000,0x00000007bd300000,0x00000007bd900000)
 ParOldGen       total 173568K, used 10202K [0x00000006c3e00000, 0x00000006ce780000, 0x000000076bf80000)
  object space 173568K, 5% used [0x00000006c3e00000,0x00000006c47f6b70,0x00000006ce780000)
 Metaspace       used 9242K, capacity 9454K, committed 9728K, reserved 1058816K
  class space    used 945K, capacity 1001K, committed 1024K, reserved 1048576K
}
Event: 5.001 GC heap before
{Heap before GC invocations=13 (full 0):
 PSYoungGen      total 1336832K, used 1332448K [0x000000076bf80000, 0x00000007bdf00000, 0x00000007c0000000)
  eden space 1330688K, 100% used [0x000000076bf80000,0x00000007bd300000,0x00000007bd300000)
  from space 6144K, 28% used [0x00000007bd900000,0x00000007bdab8000,0x00000007bdf00000)
  to   space 6144K, 0% used [0x00000007bd300000,0x00000007bd300000,0x00000007bd900000)
 ParOldGen       total 173568K, used 10202K [0x00000006c3e00000, 0x00000006ce780000, 0x000000076bf80000)
  object space 173568K, 5% used [0x00000006c3e00000,0x00000006c47f6b70,0x00000006ce780000)
 Metaspace       used 9286K, capacity 9518K, committed 9728K, reserved 1058816K
  class space    used 945K, capacity 1001K, committed 1024K, reserved 1048576K
Event: 5.008 GC heap after
Heap after GC invocations=13 (full 0):
 PSYoungGen      total 1336832K, used 3664K [0x000000076bf80000, 0x00000007bff00000, 0x00000007c0000000)
  eden space 1330688K, 0% used [0x000000076bf80000,0x000000076bf80000,0x00000007bd300000)
  from space 6144K, 59% used [0x00000007bd300000,0x00000007bd694030,0x00000007bd900000)
  to   space 5632K, 0% used [0x00000007bf980000,0x00000007bf980000,0x00000007bff00000)
 ParOldGen       total 173568K, used 11922K [0x00000006c3e00000, 0x00000006ce780000, 0x000000076bf80000)
  object space 173568K, 6% used [0x00000006c3e00000,0x00000006c49a4b70,0x00000006ce780000)
 Metaspace       used 9286K, capacity 9518K, committed 9728K, reserved 1058816K
  class space    used 945K, capacity 1001K, committed 1024K, reserved 1048576K
}
Event: 5.696 GC heap before
{Heap before GC invocations=14 (full 0):
 PSYoungGen      total 1336832K, used 1334352K [0x000000076bf80000, 0x00000007bff00000, 0x00000007c0000000)
  eden space 1330688K, 100% used [0x000000076bf80000,0x00000007bd300000,0x00000007bd300000)
  from space 6144K, 59% used [0x00000007bd300000,0x00000007bd694030,0x00000007bd900000)
  to   space 5632K, 0% used [0x00000007bf980000,0x00000007bf980000,0x00000007bff00000)
 ParOldGen       total 173568K, used 11922K [0x00000006c3e00000, 0x00000006ce780000, 0x000000076bf80000)
  object space 173568K, 6% used [0x00000006c3e00000,0x00000006c49a4b70,0x00000006ce780000)
 Metaspace       used 9289K, capacity 9518K, committed 9728K, reserved 1058816K
  class space    used 945K, capacity 1001K, committed 1024K, reserved 1048576K
Event: 5.704 GC heap after
Heap after GC invocations=14 (full 0):
 PSYoungGen      total 1370112K, used 3104K [0x000000076bf80000, 0x00000007bff80000, 0x00000007c0000000)
  eden space 1364480K, 0% used [0x000000076bf80000,0x000000076bf80000,0x00000007bf400000)
  from space 5632K, 55% used [0x00000007bf980000,0x00000007bfc88000,0x00000007bff00000)
  to   space 5632K, 0% used [0x00000007bf400000,0x00000007bf400000,0x00000007bf980000)
 ParOldGen       total 173568K, used 15469K [0x00000006c3e00000, 0x00000006ce780000, 0x000000076bf80000)
  object space 173568K, 8% used [0x00000006c3e00000,0x00000006c4d1b588,0x00000006ce780000)
 Metaspace       used 9289K, capacity 9518K, committed 9728K, reserved 1058816K
  class space    used 945K, capacity 1001K, committed 1024K, reserved 1048576K
}

Deoptimization events (10 events):
Event: 8.616 Thread 0x0000000002ae2800 Uncommon trap: reason=unstable_if action=reinterpret pc=0x00000000031edb6c method=org.eclipse.jdt.internal.compiler.util.Util.getLineNumber(I[III)I @ 50
Event: 8.619 Thread 0x0000000002ae2800 Uncommon trap: reason=predicate action=maybe_recompile pc=0x0000000002dfcd94 method=java.util.ArrayList.indexOf(Ljava/lang/Object;)I @ 44
Event: 8.699 Thread 0x0000000002ae2800 Uncommon trap: reason=class_check action=maybe_recompile pc=0x00000000036a1f4c method=org.eclipse.jdt.internal.compiler.parser.Scanner.getNextToken()I @ 47
Event: 8.700 Thread 0x0000000002ae2800 Uncommon trap: reason=class_check action=maybe_recompile pc=0x00000000036a1f4c method=org.eclipse.jdt.internal.compiler.parser.Scanner.getNextToken()I @ 47
Event: 8.700 Thread 0x0000000002ae2800 Uncommon trap: reason=class_check action=maybe_recompile pc=0x00000000036a1f4c method=org.eclipse.jdt.internal.compiler.parser.Scanner.getNextToken()I @ 47
Event: 8.700 Thread 0x0000000002ae2800 Uncommon trap: reason=unstable_if action=reinterpret pc=0x00000000036bab84 method=org.eclipse.jdt.internal.compiler.parser.Scanner.scanIdentifierOrKeyword()I @ 27
Event: 8.700 Thread 0x0000000002ae2800 Uncommon trap: reason=class_check action=maybe_recompile pc=0x00000000036a1f4c method=org.eclipse.jdt.internal.compiler.parser.Scanner.getNextToken()I @ 47
Event: 8.704 Thread 0x0000000002ae2800 Uncommon trap: reason=unstable_if action=reinterpret pc=0x00000000032aea44 method=org.eclipse.jdt.internal.compiler.parser.Scanner.scanIdentifierOrKeyword()I @ 27
Event: 8.735 Thread 0x0000000002ae2800 Uncommon trap: reason=unstable_if action=reinterpret pc=0x00000000031350a4 method=org.eclipse.jdt.internal.compiler.parser.Scanner.getNextChar(C)Z @ 8
Event: 8.735 Thread 0x0000000002ae2800 Uncommon trap: reason=unstable_if action=reinterpret pc=0x00000000037c0798 method=org.eclipse.jdt.internal.compiler.parser.Scanner.getNextChar(CC)I @ 8

Classes redefined (0 events):
No events

Internal exceptions (10 events):
Event: 0.316 Thread 0x0000000002ae2800 Exception <a 'java/security/PrivilegedActionException'> (0x000000076cb72288) thrown at [C:\jenkins\workspace\8-2-build-windows-amd64-cygwin\jdk8u251\737\hotspot\src\share\vm\prims\jvm.cpp, line 1502]
Event: 0.316 Thread 0x0000000002ae2800 Exception <a 'java/security/PrivilegedActionException'> (0x000000076cb72680) thrown at [C:\jenkins\workspace\8-2-build-windows-amd64-cygwin\jdk8u251\737\hotspot\src\share\vm\prims\jvm.cpp, line 1502]
Event: 0.545 Thread 0x0000000002ae2800 Implicit null exception at 0x0000000002f02011 to 0x0000000002f0203d
Event: 6.050 Thread 0x0000000002ae2800 Implicit null exception at 0x0000000002f486e0 to 0x0000000002f48ad9
Event: 7.980 Thread 0x0000000002ae2800 Exception <a 'java/io/FileNotFoundException'> (0x0000000781ebd068) thrown at [C:\jenkins\workspace\8-2-build-windows-amd64-cygwin\jdk8u251\737\hotspot\src\share\vm\prims\jni.cpp, line 710]
Event: 8.220 Thread 0x0000000002ae2800 Exception <a 'java/lang/ArrayIndexOutOfBoundsException'> (0x0000000782cd75b0) thrown at [C:\jenkins\workspace\8-2-build-windows-amd64-cygwin\jdk8u251\737\hotspot\src\share\vm\runtime\sharedRuntime.cpp, line 605]
Event: 8.220 Thread 0x0000000002ae2800 Exception <a 'java/lang/ArrayIndexOutOfBoundsException'> (0x0000000782cd77f0) thrown at [C:\jenkins\workspace\8-2-build-windows-amd64-cygwin\jdk8u251\737\hotspot\src\share\vm\runtime\sharedRuntime.cpp, line 605]
Event: 8.220 Thread 0x0000000002ae2800 Exception <a 'java/lang/ArrayIndexOutOfBoundsException'> (0x0000000782cd7a30) thrown at [C:\jenkins\workspace\8-2-build-windows-amd64-cygwin\jdk8u251\737\hotspot\src\share\vm\runtime\sharedRuntime.cpp, line 605]
Event: 8.251 Thread 0x0000000002ae2800 Exception <a 'java/lang/ArrayIndexOutOfBoundsException': 259057> (0x0000000782e787a0) thrown at [C:\jenkins\workspace\8-2-build-windows-amd64-cygwin\jdk8u251\737\hotspot\src\share\vm\interpreter\interpreterRuntime.cpp, line 368]
Event: 8.263 Thread 0x0000000002ae2800 Exception <a 'java/lang/IncompatibleClassChangeError': Found class java.lang.Object, but interface was expected> (0x0000000782ecc8a0) thrown at [C:\jenkins\workspace\8-2-build-windows-amd64-cygwin\jdk8u251\737\hotspot\src\share\vm\interpreter\linkResolver

Events (10 events):
Event: 8.814 loading class org/eclipse/jdt/core/dom/DefaultCommentMapper$CommentMapperVisitor
Event: 8.814 loading class org/eclipse/jdt/core/dom/DefaultCommentMapper$CommentMapperVisitor done
Event: 8.814 loading class org/eclipse/jdt/internal/core/dom/SourceRangeVerifier
Event: 8.814 loading class org/eclipse/jdt/internal/core/dom/SourceRangeVerifier done
Event: 8.815 Executing VM operation: Deoptimize
Event: 8.815 Executing VM operation: Deoptimize done
Event: 8.816 loading class java/util/Hashtable$ValueCollection
Event: 8.816 loading class java/util/Hashtable$ValueCollection done
Event: 8.816 loading class br/ufpe/cin/mergers/handlers/MyProblem
Event: 8.816 loading class br/ufpe/cin/mergers/handlers/MyProblem done


Dynamic libraries:
0x00007ff7939c0000 - 0x00007ff7939f7000 	C:\Program Files\Java\jdk1.8.0_251\bin\java.exe
0x00007ffd09a30000 - 0x00007ffd09c28000 	C:\WINDOWS\SYSTEM32\ntdll.dll
0x00007ffd08070000 - 0x00007ffd0812f000 	C:\WINDOWS\System32\KERNEL32.DLL
0x00007ffd07540000 - 0x00007ffd07812000 	C:\WINDOWS\System32\KERNELBASE.dll
0x00007ffd085a0000 - 0x00007ffd0864e000 	C:\WINDOWS\System32\ADVAPI32.dll
0x00007ffd089c0000 - 0x00007ffd08a5e000 	C:\WINDOWS\System32\msvcrt.dll
0x00007ffd08650000 - 0x00007ffd086ec000 	C:\WINDOWS\System32\sechost.dll
0x00007ffd07d10000 - 0x00007ffd07e35000 	C:\WINDOWS\System32\RPCRT4.dll
0x00007ffd08e70000 - 0x00007ffd09011000 	C:\WINDOWS\System32\USER32.dll
0x00007ffd073d0000 - 0x00007ffd073f2000 	C:\WINDOWS\System32\win32u.dll
0x00007ffd07f70000 - 0x00007ffd07f9b000 	C:\WINDOWS\System32\GDI32.dll
0x00007ffd07120000 - 0x00007ffd0722f000 	C:\WINDOWS\System32\gdi32full.dll
0x00007ffd07820000 - 0x00007ffd078bd000 	C:\WINDOWS\System32\msvcp_win.dll
0x00007ffd07230000 - 0x00007ffd07330000 	C:\WINDOWS\System32\ucrtbase.dll
0x00007ffce8280000 - 0x00007ffce851a000 	C:\WINDOWS\WinSxS\amd64_microsoft.windows.common-controls_6595b64144ccf1df_6.0.19041.1110_none_60b5254171f9507e\COMCTL32.dll
0x00007ffd07ad0000 - 0x00007ffd07b02000 	C:\WINDOWS\System32\IMM32.DLL
0x0000000075ee0000 - 0x0000000075fb2000 	C:\Program Files\Java\jdk1.8.0_251\jre\bin\msvcr100.dll
0x0000000074470000 - 0x0000000074d1b000 	C:\Program Files\Java\jdk1.8.0_251\jre\bin\server\jvm.dll
0x00007ffd07e40000 - 0x00007ffd07e48000 	C:\WINDOWS\System32\PSAPI.DLL
0x00007ffcecb50000 - 0x00007ffcecb59000 	C:\WINDOWS\SYSTEM32\WSOCK32.dll
0x00007ffcfd9c0000 - 0x00007ffcfd9ca000 	C:\WINDOWS\SYSTEM32\VERSION.dll
0x00007ffd01200000 - 0x00007ffd01227000 	C:\WINDOWS\SYSTEM32\WINMM.dll
0x00007ffd097d0000 - 0x00007ffd0983b000 	C:\WINDOWS\System32\WS2_32.dll
0x00007ffcf8240000 - 0x00007ffcf824f000 	C:\Program Files\Java\jdk1.8.0_251\jre\bin\verify.dll
0x00007ffcd0830000 - 0x00007ffcd0859000 	C:\Program Files\Java\jdk1.8.0_251\jre\bin\java.dll
0x00007ffcefb40000 - 0x00007ffcefb56000 	C:\Program Files\Java\jdk1.8.0_251\jre\bin\zip.dll
0x00007ffd09020000 - 0x00007ffd09765000 	C:\WINDOWS\System32\SHELL32.dll
0x00007ffd04d00000 - 0x00007ffd05492000 	C:\WINDOWS\SYSTEM32\windows.storage.dll
0x00007ffd08b10000 - 0x00007ffd08e65000 	C:\WINDOWS\System32\combase.dll
0x00007ffd06b80000 - 0x00007ffd06bb0000 	C:\WINDOWS\SYSTEM32\Wldp.dll
0x00007ffd07ec0000 - 0x00007ffd07f6d000 	C:\WINDOWS\System32\SHCORE.dll
0x00007ffd07e50000 - 0x00007ffd07ea5000 	C:\WINDOWS\System32\shlwapi.dll
0x00007ffd07060000 - 0x00007ffd0707f000 	C:\WINDOWS\SYSTEM32\profapi.dll
0x00007ffce5da0000 - 0x00007ffce5dba000 	C:\Program Files\Java\jdk1.8.0_251\jre\bin\net.dll
0x00007ffd068e0000 - 0x00007ffd0694a000 	C:\WINDOWS\system32\mswsock.dll
0x00007ffcd6df0000 - 0x00007ffcd6e02000 	C:\Program Files\Java\jdk1.8.0_251\jre\bin\nio.dll

VM Arguments:
java_command: s3m.jar C:\UFPE\miningframework\SOOTAnalysisOutput\hive\b3914c37aa6df1e4a3536ebe9f277a765f3eadff\org\apache\hadoop\hive\conf\HiveConf\left.java C:\UFPE\miningframework\SOOTAnalysisOutput\hive\b3914c37aa6df1e4a3536ebe9f277a765f3eadff\org\apache\hadoop\hive\conf\HiveConf\base.java C:\UFPE\miningframework\SOOTAnalysisOutput\hive\b3914c37aa6df1e4a3536ebe9f277a765f3eadff\org\apache\hadoop\hive\conf\HiveConf\right.java -o C:\UFPE\miningframework\SOOTAnalysisOutput\hive\b3914c37aa6df1e4a3536ebe9f277a765f3eadff\org\apache\hadoop\hive\conf\HiveConf\SimpleInitializationBlockHandler.java --handle-initialization-blocks true --handle-initialization-blocks-multiple-blocks false
java_class_path (initial): s3m.jar
Launcher Type: SUN_STANDARD

Environment Variables:
JAVA_HOME=C:\Program Files\Java\jdk1.8.0_291
PATH=C:\Program Files\Common Files\Oracle\Java\javapath;C:\Program Files (x86)\Common Files\Oracle\Java\javapath;C:\Windows\system32;C:\Windows;C:\Windows\System32\Wbem;C:\Windows\System32\WindowsPowerShell\v1.0\;C:\Windows\System32\OpenSSH\;C:\Program Files (x86)\NVIDIA Corporation\PhysX\Common;C:\Program Files\NVIDIA Corporation\NVIDIA NvDLISR;C:\Program Files (x86)\Groovy\bin;C:\Program Files (x86)\GnuWin32\bin;C:\UFPE\maven\apache-maven-3.6.3\bin;C:\WINDOWS\system32;C:\WINDOWS;C:\WINDOWS\System32\Wbem;C:\WINDOWS\System32\WindowsPowerShell\v1.0\;C:\WINDOWS\System32\OpenSSH\;C:\Program Files\Git\cmd;C:\Program Files\dotnet\;C:\Users\leona\AppData\Local\Microsoft\WindowsApps;C:\Program Files\Java\jdk-11.0.15\bin;C:\UFPE\maven\apache-maven-3.6.3\bin;C:\Users\leona\AppData\Local\GitHubDesktop\bin;C:\Users\leona\AppData\Local\Programs\Microsoft VS Code\bin;C:\Program Files\JetBrains\IntelliJ IDEA Community Edition 2020.2.3\bin;;C:\Program Files (x86)\GnuWin32\bin;C:\Users\leona\AppData\Local\Microsoft\WindowsApps;C:\flutter\flutter\bin;C:\gradle\bin;
USERNAME=leona
OS=Windows_NT
PROCESSOR_IDENTIFIER=Intel64 Family 6 Model 142 Stepping 12, GenuineIntel



---------------  S Y S T E M  ---------------

OS: Windows 10.0 , 64 bit Build 19041 (10.0.19041.2546)

CPU:total 8 (initial active 8) (4 cores per cpu, 2 threads per core) family 6 model 142 stepping 12, cmov, cx8, fxsr, mmx, sse, sse2, sse3, ssse3, sse4.1, sse4.2, popcnt, avx, avx2, aes, clmul, erms, 3dnowpref, lzcnt, ht, tsc, tscinvbit, bmi1, bmi2, adx

Memory: 4k page, physical 16521856k(1077828k free), swap 45574012k(6220k free)

vm_info: Java HotSpot(TM) 64-Bit Server VM (25.251-b08) for windows-amd64 JRE (1.8.0_251-b08), built on Mar 12 2020 06:31:49 by "" with MS VC++ 10.0 (VS2010)

time: Tue Mar 07 00:50:48 2023
timezone: Hora Padrão de Buenos Aires
elapsed time: 9 seconds (0d 0h 0m 9s)

