#
# There is insufficient memory for the Java Runtime Environment to continue.
# Native memory allocation (malloc) failed to allocate 524304 bytes for Chunk::new
# Possible reasons:
#   The system is out of physical RAM or swap space
#   The process is running with CompressedOops enabled, and the Java Heap may be blocking the growth of the native heap
# Possible solutions:
#   Reduce memory load on the system
#   Increase physical memory or swap space
#   Check if swap backing store is full
#   Decrease Java heap size (-Xmx/-Xms)
#   Decrease number of Java threads
#   Decrease Java thread stack sizes (-Xss)
#   Set larger code cache with -XX:ReservedCodeCacheSize=
#   JVM is running with Zero Based Compressed Oops mode in which the Java heap is
#     placed in the first 32GB address space. The Java Heap base address is the
#     maximum limit for the native heap growth. Please use -XX:HeapBaseMinAddress
#     to set the Java Heap base and to place the Java Heap above 32GB virtual address.
# This output file may be truncated or incomplete.
#
#  Out of Memory Error (allocation.cpp:389), pid=74616, tid=0x000000000001b138
#
# JRE version: Java(TM) SE Runtime Environment (8.0_251-b08) (build 1.8.0_251-b08)
# Java VM: Java HotSpot(TM) 64-Bit Server VM (25.251-b08 mixed mode windows-amd64 compressed oops)
# Failed to write core dump. Minidumps are not enabled by default on client versions of Windows
#

---------------  T H R E A D  ---------------

Current thread (0x000000001e9ed000):  JavaThread "C2 CompilerThread1" daemon [_thread_in_native, id=110904, stack(0x000000001f3e0000,0x000000001f4e0000)]

Stack: [0x000000001f3e0000,0x000000001f4e0000]
[error occurred during error reporting (printing stack bounds), id 0xc0000005]

Native frames: (J=compiled Java code, j=interpreted, Vv=VM code, C=native code)


Current CompileTask:
C2:   3464 2054       4       org.eclipse.jdt.internal.compiler.parser.Parser::consumeRule (7138 bytes)


---------------  P R O C E S S  ---------------

Java Threads: ( => current thread )
  0x000000001ea7b000 JavaThread "Service Thread" daemon [_thread_blocked, id=95504, stack(0x000000001f6e0000,0x000000001f7e0000)]
  0x000000001e9f7000 JavaThread "C1 CompilerThread3" daemon [_thread_in_native, id=92140, stack(0x000000001f5e0000,0x000000001f6e0000)]
  0x000000001e9ef800 JavaThread "C2 CompilerThread2" daemon [_thread_blocked, id=88476, stack(0x000000001f4e0000,0x000000001f5e0000)]
=>0x000000001e9ed000 JavaThread "C2 CompilerThread1" daemon [_thread_in_native, id=110904, stack(0x000000001f3e0000,0x000000001f4e0000)]
  0x000000001e9ea000 JavaThread "C2 CompilerThread0" daemon [_thread_blocked, id=106884, stack(0x000000001f2e0000,0x000000001f3e0000)]
  0x000000001e9e8000 JavaThread "Attach Listener" daemon [_thread_blocked, id=110176, stack(0x000000001f1e0000,0x000000001f2e0000)]
  0x000000001e9e7000 JavaThread "Signal Dispatcher" daemon [_thread_blocked, id=114640, stack(0x000000001f0e0000,0x000000001f1e0000)]
  0x000000001e9e0800 JavaThread "Finalizer" daemon [_thread_blocked, id=11428, stack(0x000000001eec0000,0x000000001efc0000)]
  0x0000000003298800 JavaThread "Reference Handler" daemon [_thread_blocked, id=110576, stack(0x000000001edc0000,0x000000001eec0000)]
  0x00000000031a2800 JavaThread "main" [_thread_in_Java, id=110692, stack(0x00000000030a0000,0x00000000031a0000)]

Other Threads:
  0x000000001cbd9800 VMThread [stack: 0x000000001e8c0000,0x000000001e9c0000] [id=109412]
  0x000000001ea15000 WatcherThread [stack: 0x000000001f7e0000,0x000000001f8e0000] [id=113360]

VM state:not at safepoint (normal execution)

VM Mutex/Monitor currently owned by a thread: None

heap address: 0x00000006c3400000, size: 4044 MB, Compressed Oops mode: Zero based, Oop shift amount: 3
Narrow klass base: 0x0000000000000000, Narrow klass shift: 3
Compressed class space size: 1073741824 Address: 0x00000007c0000000

Heap:
 PSYoungGen      total 836096K, used 70094K [0x000000076bc00000, 0x000000079f280000, 0x00000007c0000000)
  eden space 830464K, 8% used [0x000000076bc00000,0x000000076ff00c80,0x000000079e700000)
  from space 5632K, 26% used [0x000000079e700000,0x000000079e872ed8,0x000000079ec80000)
  to   space 5120K, 0% used [0x000000079ec80000,0x000000079ec80000,0x000000079f180000)
 ParOldGen       total 173568K, used 6686K [0x00000006c3400000, 0x00000006cdd80000, 0x000000076bc00000)
  object space 173568K, 3% used [0x00000006c3400000,0x00000006c3a87970,0x00000006cdd80000)
 Metaspace       used 15901K, capacity 16190K, committed 16512K, reserved 1067008K
  class space    used 1505K, capacity 1597K, committed 1664K, reserved 1048576K

Card table byte_map: [0x0000000012660000,0x0000000012e50000] byte_map_base: 0x000000000f046000

Marking Bits: (ParMarkBitMap*) 0x000000006112af90
 Begin Bits: [0x0000000013ba0000, 0x0000000017ad0000)
 End Bits:   [0x0000000017ad0000, 0x000000001ba00000)

Polling page: 0x0000000001160000

CodeCache: size=245760Kb used=9988Kb max_used=9988Kb free=235771Kb
 bounds [0x00000000032a0000, 0x0000000003c70000, 0x00000000122a0000]
 total_blobs=2439 nmethods=2042 adapters=309
 compilation: enabled

Compilation events (10 events):
Event: 3.432 Thread 0x000000001e9f7000 2038       3       org.eclipse.jdt.internal.compiler.parser.Parser::consumeRule (7138 bytes)
Event: 3.454 Thread 0x000000001e9ea000 2049       4       org.eclipse.jdt.internal.compiler.parser.Scanner::scanIdentifierOrKeyword (196 bytes)
Event: 3.457 Thread 0x000000001e9f7000 nmethod 2038 0x0000000003c21e10 code [0x0000000003c24f80, 0x0000000003c4da38]
Event: 3.458 Thread 0x000000001e9ea000 nmethod 2049 0x0000000003c03710 code [0x0000000003c03860, 0x0000000003c03b68]
Event: 3.458 Thread 0x000000001e9f7000 2042       1       org.eclipse.jdt.internal.compiler.parser.Parser::ntAction (8 bytes)
Event: 3.458 Thread 0x000000001e9f7000 nmethod 2042 0x0000000003c033d0 code [0x0000000003c03520, 0x0000000003c03650]
Event: 3.458 Thread 0x000000001e9f7000 2041       3       org.eclipse.jdt.internal.compiler.parser.Scanner::internalScanIdentifierOrKeyword (4446 bytes)
Event: 3.458 Thread 0x000000001e9ef800 2052       4       org.eclipse.jdt.internal.compiler.parser.Parser::actFromTokenOrSynthetic (9 bytes)
Event: 3.459 Thread 0x000000001e9ef800 nmethod 2052 0x0000000003c02f90 code [0x0000000003c030e0, 0x0000000003c03218]
Event: 3.460 Thread 0x000000001e9ed000 2054       4       org.eclipse.jdt.internal.compiler.parser.Parser::consumeRule (7138 bytes)

GC Heap History (10 events):
Event: 1.429 GC heap before
{Heap before GC invocations=7 (full 0):
 PSYoungGen      total 263680K, used 263477K [0x000000076bc00000, 0x000000077c300000, 0x00000007c0000000)
  eden space 259584K, 100% used [0x000000076bc00000,0x000000077b980000,0x000000077b980000)
  from space 4096K, 95% used [0x000000077be00000,0x000000077c1cd678,0x000000077c200000)
  to   space 4608K, 0% used [0x000000077b980000,0x000000077b980000,0x000000077be00000)
 ParOldGen       total 173568K, used 139K [0x00000006c3400000, 0x00000006cdd80000, 0x000000076bc00000)
  object space 173568K, 0% used [0x00000006c3400000,0x00000006c3422c10,0x00000006cdd80000)
 Metaspace       used 9718K, capacity 9966K, committed 10112K, reserved 1058816K
  class space    used 987K, capacity 1065K, committed 1152K, reserved 1048576K
Event: 1.434 GC heap after
Heap after GC invocations=7 (full 0):
 PSYoungGen      total 264192K, used 2608K [0x000000076bc00000, 0x000000078c000000, 0x00000007c0000000)
  eden space 259584K, 0% used [0x000000076bc00000,0x000000076bc00000,0x000000077b980000)
  from space 4608K, 56% used [0x000000077b980000,0x000000077bc0c180,0x000000077be00000)
  to   space 4608K, 0% used [0x000000078bb80000,0x000000078bb80000,0x000000078c000000)
 ParOldGen       total 173568K, used 2600K [0x00000006c3400000, 0x00000006cdd80000, 0x000000076bc00000)
  object space 173568K, 1% used [0x00000006c3400000,0x00000006c368a368,0x00000006cdd80000)
 Metaspace       used 9718K, capacity 9966K, committed 10112K, reserved 1058816K
  class space    used 987K, capacity 1065K, committed 1152K, reserved 1048576K
}
Event: 1.622 GC heap before
{Heap before GC invocations=8 (full 0):
 PSYoungGen      total 264192K, used 262192K [0x000000076bc00000, 0x000000078c000000, 0x00000007c0000000)
  eden space 259584K, 100% used [0x000000076bc00000,0x000000077b980000,0x000000077b980000)
  from space 4608K, 56% used [0x000000077b980000,0x000000077bc0c180,0x000000077be00000)
  to   space 4608K, 0% used [0x000000078bb80000,0x000000078bb80000,0x000000078c000000)
 ParOldGen       total 173568K, used 2600K [0x00000006c3400000, 0x00000006cdd80000, 0x000000076bc00000)
  object space 173568K, 1% used [0x00000006c3400000,0x00000006c368a368,0x00000006cdd80000)
 Metaspace       used 9753K, capacity 10030K, committed 10368K, reserved 1058816K
  class space    used 987K, capacity 1065K, committed 1152K, reserved 1048576K
Event: 1.626 GC heap after
Heap after GC invocations=8 (full 0):
 PSYoungGen      total 523776K, used 3440K [0x000000076bc00000, 0x000000078c000000, 0x00000007c0000000)
  eden space 519168K, 0% used [0x000000076bc00000,0x000000076bc00000,0x000000078b700000)
  from space 4608K, 74% used [0x000000078bb80000,0x000000078bedc1a0,0x000000078c000000)
  to   space 4608K, 0% used [0x000000078b700000,0x000000078b700000,0x000000078bb80000)
 ParOldGen       total 173568K, used 3098K [0x00000006c3400000, 0x00000006cdd80000, 0x000000076bc00000)
  object space 173568K, 1% used [0x00000006c3400000,0x00000006c3706ab8,0x00000006cdd80000)
 Metaspace       used 9753K, capacity 10030K, committed 10368K, reserved 1058816K
  class space    used 987K, capacity 1065K, committed 1152K, reserved 1048576K
}
Event: 2.113 GC heap before
{Heap before GC invocations=9 (full 0):
 PSYoungGen      total 523776K, used 522608K [0x000000076bc00000, 0x000000078c000000, 0x00000007c0000000)
  eden space 519168K, 100% used [0x000000076bc00000,0x000000078b700000,0x000000078b700000)
  from space 4608K, 74% used [0x000000078bb80000,0x000000078bedc1a0,0x000000078c000000)
  to   space 4608K, 0% used [0x000000078b700000,0x000000078b700000,0x000000078bb80000)
 ParOldGen       total 173568K, used 3098K [0x00000006c3400000, 0x00000006cdd80000, 0x000000076bc00000)
  object space 173568K, 1% used [0x00000006c3400000,0x00000006c3706ab8,0x00000006cdd80000)
 Metaspace       used 9768K, capacity 10030K, committed 10368K, reserved 1058816K
  class space    used 987K, capacity 1065K, committed 1152K, reserved 1048576K
Event: 2.119 GC heap after
Heap after GC invocations=9 (full 0):
 PSYoungGen      total 523776K, used 4593K [0x000000076bc00000, 0x000000079f180000, 0x00000007c0000000)
  eden space 519168K, 0% used [0x000000076bc00000,0x000000076bc00000,0x000000078b700000)
  from space 4608K, 99% used [0x000000078b700000,0x000000078bb7c500,0x000000078bb80000)
  to   space 5120K, 0% used [0x000000079ec80000,0x000000079ec80000,0x000000079f180000)
 ParOldGen       total 173568K, used 4002K [0x00000006c3400000, 0x00000006cdd80000, 0x000000076bc00000)
  object space 173568K, 2% used [0x00000006c3400000,0x00000006c37e8ab8,0x00000006cdd80000)
 Metaspace       used 9768K, capacity 10030K, committed 10368K, reserved 1058816K
  class space    used 987K, capacity 1065K, committed 1152K, reserved 1048576K
}
Event: 2.443 GC heap before
{Heap before GC invocations=10 (full 0):
 PSYoungGen      total 523776K, used 523761K [0x000000076bc00000, 0x000000079f180000, 0x00000007c0000000)
  eden space 519168K, 100% used [0x000000076bc00000,0x000000078b700000,0x000000078b700000)
  from space 4608K, 99% used [0x000000078b700000,0x000000078bb7c500,0x000000078bb80000)
  to   space 5120K, 0% used [0x000000079ec80000,0x000000079ec80000,0x000000079f180000)
 ParOldGen       total 173568K, used 4002K [0x00000006c3400000, 0x00000006cdd80000, 0x000000076bc00000)
  object space 173568K, 2% used [0x00000006c3400000,0x00000006c37e8ab8,0x00000006cdd80000)
 Metaspace       used 9779K, capacity 10030K, committed 10368K, reserved 1058816K
  class space    used 987K, capacity 1065K, committed 1152K, reserved 1048576K
Event: 2.446 GC heap after
Heap after GC invocations=10 (full 0):
 PSYoungGen      total 835584K, used 1264K [0x000000076bc00000, 0x000000079f280000, 0x00000007c0000000)
  eden space 830464K, 0% used [0x000000076bc00000,0x000000076bc00000,0x000000079e700000)
  from space 5120K, 24% used [0x000000079ec80000,0x000000079edbc360,0x000000079f180000)
  to   space 5632K, 0% used [0x000000079e700000,0x000000079e700000,0x000000079ec80000)
 ParOldGen       total 173568K, used 6224K [0x00000006c3400000, 0x00000006cdd80000, 0x000000076bc00000)
  object space 173568K, 3% used [0x00000006c3400000,0x00000006c3a140f0,0x00000006cdd80000)
 Metaspace       used 9779K, capacity 10030K, committed 10368K, reserved 1058816K
  class space    used 987K, capacity 1065K, committed 1152K, reserved 1048576K
}
Event: 3.108 GC heap before
{Heap before GC invocations=11 (full 0):
 PSYoungGen      total 835584K, used 831728K [0x000000076bc00000, 0x000000079f280000, 0x00000007c0000000)
  eden space 830464K, 100% used [0x000000076bc00000,0x000000079e700000,0x000000079e700000)
  from space 5120K, 24% used [0x000000079ec80000,0x000000079edbc360,0x000000079f180000)
  to   space 5632K, 0% used [0x000000079e700000,0x000000079e700000,0x000000079ec80000)
 ParOldGen       total 173568K, used 6224K [0x00000006c3400000, 0x00000006cdd80000, 0x000000076bc00000)
  object space 173568K, 3% used [0x00000006c3400000,0x00000006c3a140f0,0x00000006cdd80000)
 Metaspace       used 10236K, capacity 10456K, committed 10624K, reserved 1058816K
  class space    used 1033K, capacity 1116K, committed 1152K, reserved 1048576K
Event: 3.109 GC heap after
Heap after GC invocations=11 (full 0):
 PSYoungGen      total 836096K, used 1483K [0x000000076bc00000, 0x000000079f280000, 0x00000007c0000000)
  eden space 830464K, 0% used [0x000000076bc00000,0x000000076bc00000,0x000000079e700000)
  from space 5632K, 26% used [0x000000079e700000,0x000000079e872ed8,0x000000079ec80000)
  to   space 5120K, 0% used [0x000000079ec80000,0x000000079ec80000,0x000000079f180000)
 ParOldGen       total 173568K, used 6686K [0x00000006c3400000, 0x00000006cdd80000, 0x000000076bc00000)
  object space 173568K, 3% used [0x00000006c3400000,0x00000006c3a87970,0x00000006cdd80000)
 Metaspace       used 10236K, capacity 10456K, committed 10624K, reserved 1058816K
  class space    used 1033K, capacity 1116K, committed 1152K, reserved 1048576K
}

Deoptimization events (10 events):
Event: 2.969 Thread 0x00000000031a2800 Uncommon trap: reason=unstable_if action=reinterpret pc=0x000000000361f014 method=java.util.regex.Pattern$Ctype.isSatisfiedBy(I)Z @ 4
Event: 3.020 Thread 0x00000000031a2800 Uncommon trap: reason=unstable_if action=reinterpret pc=0x00000000036e23c8 method=java.util.regex.Pattern.sequence(Ljava/util/regex/Pattern$Node;)Ljava/util/regex/Pattern$Node; @ 388
Event: 3.020 Thread 0x00000000031a2800 Uncommon trap: reason=unstable_if action=reinterpret pc=0x00000000036cb460 method=java.util.regex.Pattern.closure(Ljava/util/regex/Pattern$Node;)Ljava/util/regex/Pattern$Node; @ 113
Event: 3.020 Thread 0x00000000031a2800 Uncommon trap: reason=unstable_if action=reinterpret pc=0x00000000036e2308 method=java.util.regex.Pattern.sequence(Ljava/util/regex/Pattern$Node;)Ljava/util/regex/Pattern$Node; @ 151
Event: 3.020 Thread 0x00000000031a2800 Uncommon trap: reason=unstable_if action=reinterpret pc=0x0000000003706fb0 method=java.util.regex.Pattern.expr(Ljava/util/regex/Pattern$Node;)Ljava/util/regex/Pattern$Node; @ 129
Event: 3.047 Thread 0x00000000031a2800 Uncommon trap: reason=class_check action=maybe_recompile pc=0x00000000035dbdcc method=java.util.stream.ReduceOps$3ReducingSink.accept(Ljava/lang/Object;)V @ 9
Event: 3.047 Thread 0x00000000031a2800 Uncommon trap: reason=class_check action=maybe_recompile pc=0x00000000035dbdcc method=java.util.stream.ReduceOps$3ReducingSink.accept(Ljava/lang/Object;)V @ 9
Event: 3.047 Thread 0x00000000031a2800 Uncommon trap: reason=class_check action=maybe_recompile pc=0x00000000035dbdcc method=java.util.stream.ReduceOps$3ReducingSink.accept(Ljava/lang/Object;)V @ 9
Event: 3.047 Thread 0x00000000031a2800 Uncommon trap: reason=class_check action=maybe_recompile pc=0x00000000035dbdcc method=java.util.stream.ReduceOps$3ReducingSink.accept(Ljava/lang/Object;)V @ 9
Event: 3.174 Thread 0x00000000031a2800 Uncommon trap: reason=unstable_if action=reinterpret pc=0x00000000036b614c method=java.util.regex.Pattern.RemoveQEQuoting()V @ 41

Classes redefined (0 events):
No events

Internal exceptions (10 events):
Event: 0.132 Thread 0x00000000031a2800 Exception <a 'java/lang/NoSuchFieldError': method resolution failed> (0x000000076bed0140) thrown at [C:\jenkins\workspace\8-2-build-windows-amd64-cygwin\jdk8u251\737\hotspot\src\share\vm\prims\methodHandles.cpp, line 1167]
Event: 0.133 Thread 0x00000000031a2800 Exception <a 'java/lang/NoSuchFieldError': method resolution failed> (0x000000076bedd540) thrown at [C:\jenkins\workspace\8-2-build-windows-amd64-cygwin\jdk8u251\737\hotspot\src\share\vm\prims\methodHandles.cpp, line 1167]
Event: 0.148 Thread 0x00000000031a2800 Exception <a 'sun/nio/fs/WindowsException'> (0x000000076bf5bdb0) thrown at [C:\jenkins\workspace\8-2-build-windows-amd64-cygwin\jdk8u251\737\hotspot\src\share\vm\prims\jni.cpp, line 710]
Event: 0.202 Thread 0x00000000031a2800 Exception <a 'java/lang/ArrayIndexOutOfBoundsException'> (0x000000076c0e06b8) thrown at [C:\jenkins\workspace\8-2-build-windows-amd64-cygwin\jdk8u251\737\hotspot\src\share\vm\runtime\sharedRuntime.cpp, line 605]
Event: 0.203 Thread 0x00000000031a2800 Exception <a 'java/lang/ArrayIndexOutOfBoundsException'> (0x000000076c0e15c0) thrown at [C:\jenkins\workspace\8-2-build-windows-amd64-cygwin\jdk8u251\737\hotspot\src\share\vm\runtime\sharedRuntime.cpp, line 605]
Event: 0.322 Thread 0x00000000031a2800 Exception <a 'java/security/PrivilegedActionException'> (0x000000076c5d0898) thrown at [C:\jenkins\workspace\8-2-build-windows-amd64-cygwin\jdk8u251\737\hotspot\src\share\vm\prims\jvm.cpp, line 1502]
Event: 0.322 Thread 0x00000000031a2800 Exception <a 'java/security/PrivilegedActionException'> (0x000000076c5d0c90) thrown at [C:\jenkins\workspace\8-2-build-windows-amd64-cygwin\jdk8u251\737\hotspot\src\share\vm\prims\jvm.cpp, line 1502]
Event: 0.323 Thread 0x00000000031a2800 Exception <a 'java/security/PrivilegedActionException'> (0x000000076c5d4f70) thrown at [C:\jenkins\workspace\8-2-build-windows-amd64-cygwin\jdk8u251\737\hotspot\src\share\vm\prims\jvm.cpp, line 1502]
Event: 0.323 Thread 0x00000000031a2800 Exception <a 'java/security/PrivilegedActionException'> (0x000000076c5d5368) thrown at [C:\jenkins\workspace\8-2-build-windows-amd64-cygwin\jdk8u251\737\hotspot\src\share\vm\prims\jvm.cpp, line 1502]
Event: 3.290 Thread 0x00000000031a2800 Exception <a 'java/io/FileNotFoundException'> (0x000000076e38f1b8) thrown at [C:\jenkins\workspace\8-2-build-windows-amd64-cygwin\jdk8u251\737\hotspot\src\share\vm\prims\jni.cpp, line 710]

Events (10 events):
Event: 3.444 loading class org/eclipse/jdt/internal/compiler/ast/LocalDeclaration$1
Event: 3.444 loading class org/eclipse/jdt/internal/compiler/ast/LocalDeclaration$1 done
Event: 3.444 loading class org/eclipse/jdt/internal/compiler/lookup/CatchParameterBinding
Event: 3.444 loading class org/eclipse/jdt/internal/compiler/lookup/CatchParameterBinding done
Event: 3.445 loading class org/eclipse/jdt/internal/compiler/ast/Clinit
Event: 3.445 loading class org/eclipse/jdt/internal/compiler/ast/Clinit done
Event: 3.447 loading class org/eclipse/jdt/internal/compiler/parser/Parser$LocalTypeKind
Event: 3.447 loading class org/eclipse/jdt/internal/compiler/parser/Parser$LocalTypeKind done
Event: 3.450 loading class org/eclipse/jdt/internal/compiler/ast/MemberValuePair$1
Event: 3.450 loading class org/eclipse/jdt/internal/compiler/ast/MemberValuePair$1 done


Dynamic libraries:
0x00007ff6ae770000 - 0x00007ff6ae7a7000 	C:\Program Files\Java\jdk1.8.0_251\bin\java.exe
0x00007ffce49d0000 - 0x00007ffce4bc8000 	C:\WINDOWS\SYSTEM32\ntdll.dll
0x00007ffce4620000 - 0x00007ffce46dd000 	C:\WINDOWS\System32\KERNEL32.DLL
0x00007ffce2360000 - 0x00007ffce262e000 	C:\WINDOWS\System32\KERNELBASE.dll
0x00007ffce3dc0000 - 0x00007ffce3e6e000 	C:\WINDOWS\System32\ADVAPI32.dll
0x00007ffce3e70000 - 0x00007ffce3f0e000 	C:\WINDOWS\System32\msvcrt.dll
0x00007ffce4790000 - 0x00007ffce482c000 	C:\WINDOWS\System32\sechost.dll
0x00007ffce2a30000 - 0x00007ffce2b55000 	C:\WINDOWS\System32\RPCRT4.dll
0x00007ffce4480000 - 0x00007ffce4620000 	C:\WINDOWS\System32\USER32.dll
0x00007ffce2120000 - 0x00007ffce2142000 	C:\WINDOWS\System32\win32u.dll
0x00007ffce4830000 - 0x00007ffce485a000 	C:\WINDOWS\System32\GDI32.dll
0x00007ffce2920000 - 0x00007ffce2a2b000 	C:\WINDOWS\System32\gdi32full.dll
0x00007ffce26a0000 - 0x00007ffce273d000 	C:\WINDOWS\System32\msvcp_win.dll
0x00007ffce2740000 - 0x00007ffce2840000 	C:\WINDOWS\System32\ucrtbase.dll
0x00007ffccc6d0000 - 0x00007ffccc96a000 	C:\WINDOWS\WinSxS\amd64_microsoft.windows.common-controls_6595b64144ccf1df_6.0.19041.1110_none_60b5254171f9507e\COMCTL32.dll
0x00007ffce2cc0000 - 0x00007ffce2cf0000 	C:\WINDOWS\System32\IMM32.DLL
0x00000000611b0000 - 0x0000000061282000 	C:\Program Files\Java\jdk1.8.0_251\jre\bin\msvcr100.dll
0x0000000060900000 - 0x00000000611ab000 	C:\Program Files\Java\jdk1.8.0_251\jre\bin\server\jvm.dll
0x00007ffce2c30000 - 0x00007ffce2c38000 	C:\WINDOWS\System32\PSAPI.DLL
0x00007ffcdc200000 - 0x00007ffcdc227000 	C:\WINDOWS\SYSTEM32\WINMM.dll
0x00007ffcd7520000 - 0x00007ffcd752a000 	C:\WINDOWS\SYSTEM32\VERSION.dll
0x00007ffccd3c0000 - 0x00007ffccd3c9000 	C:\WINDOWS\SYSTEM32\WSOCK32.dll
0x00007ffce3c30000 - 0x00007ffce3c9b000 	C:\WINDOWS\System32\WS2_32.dll
0x00007ffcc0e10000 - 0x00007ffcc0e1f000 	C:\Program Files\Java\jdk1.8.0_251\jre\bin\verify.dll
0x00007ffc9aa60000 - 0x00007ffc9aa89000 	C:\Program Files\Java\jdk1.8.0_251\jre\bin\java.dll
0x00007ffc9d470000 - 0x00007ffc9d486000 	C:\Program Files\Java\jdk1.8.0_251\jre\bin\zip.dll
0x00007ffce31d0000 - 0x00007ffce3914000 	C:\WINDOWS\System32\SHELL32.dll
0x00007ffcdfd10000 - 0x00007ffce04a4000 	C:\WINDOWS\SYSTEM32\windows.storage.dll
0x00007ffce3fe0000 - 0x00007ffce4334000 	C:\WINDOWS\System32\combase.dll
0x00007ffce1b50000 - 0x00007ffce1b80000 	C:\WINDOWS\SYSTEM32\Wldp.dll
0x00007ffce46e0000 - 0x00007ffce478d000 	C:\WINDOWS\System32\SHCORE.dll
0x00007ffce3b70000 - 0x00007ffce3bc5000 	C:\WINDOWS\System32\shlwapi.dll
0x00007ffce2030000 - 0x00007ffce204f000 	C:\WINDOWS\SYSTEM32\profapi.dll
0x00007ffcac710000 - 0x00007ffcac72a000 	C:\Program Files\Java\jdk1.8.0_251\jre\bin\net.dll
0x00007ffce18b0000 - 0x00007ffce191a000 	C:\WINDOWS\system32\mswsock.dll
0x00007ffca60b0000 - 0x00007ffca60c2000 	C:\Program Files\Java\jdk1.8.0_251\jre\bin\nio.dll

VM Arguments:
java_command: s3m.jar C:\UFPE\miningframework\SOOTAnalysisOutput\jenkins\8991d8a6482909a9dd0627c568e63e02d1beb7f7\hudson\model\Queue\left.java C:\UFPE\miningframework\SOOTAnalysisOutput\jenkins\8991d8a6482909a9dd0627c568e63e02d1beb7f7\hudson\model\Queue\base.java C:\UFPE\miningframework\SOOTAnalysisOutput\jenkins\8991d8a6482909a9dd0627c568e63e02d1beb7f7\hudson\model\Queue\right.java -o C:\UFPE\miningframework\SOOTAnalysisOutput\jenkins\8991d8a6482909a9dd0627c568e63e02d1beb7f7\hudson\model\Queue\SimpleInitializationBlockHandler.java --handle-initialization-blocks true --handle-initialization-blocks-multiple-blocks false
java_class_path (initial): s3m.jar
Launcher Type: SUN_STANDARD

Environment Variables:
JAVA_HOME=C:\Program Files\Java\jdk1.8.0_291
PATH=C:\Program Files\Common Files\Oracle\Java\javapath;C:\Program Files (x86)\Common Files\Oracle\Java\javapath;C:\Windows\system32;C:\Windows;C:\Windows\System32\Wbem;C:\Windows\System32\WindowsPowerShell\v1.0\;C:\Windows\System32\OpenSSH\;C:\Program Files (x86)\NVIDIA Corporation\PhysX\Common;C:\Program Files\NVIDIA Corporation\NVIDIA NvDLISR;C:\Program Files (x86)\Groovy\bin;C:\Program Files (x86)\GnuWin32\bin;C:\UFPE\maven\apache-maven-3.6.3\bin;C:\WINDOWS\system32;C:\WINDOWS;C:\WINDOWS\System32\Wbem;C:\WINDOWS\System32\WindowsPowerShell\v1.0\;C:\WINDOWS\System32\OpenSSH\;C:\Program Files\Git\cmd;C:\Program Files\dotnet\;C:\Users\leona\AppData\Local\Microsoft\WindowsApps;C:\Program Files\Java\jdk-11.0.15\bin;C:\UFPE\maven\apache-maven-3.6.3\bin;C:\Users\leona\AppData\Local\GitHubDesktop\bin;C:\Users\leona\AppData\Local\Programs\Microsoft VS Code\bin;C:\Program Files\JetBrains\IntelliJ IDEA Community Edition 2020.2.3\bin;;C:\Program Files (x86)\GnuWin32\bin;C:\Users\leona\AppData\Local\Microsoft\WindowsApps;C:\flutter\flutter\bin;C:\gradle\bin;
USERNAME=leona
OS=Windows_NT
PROCESSOR_IDENTIFIER=Intel64 Family 6 Model 142 Stepping 12, GenuineIntel



---------------  S Y S T E M  ---------------

OS: Windows 10.0 , 64 bit Build 19041 (10.0.19041.1806)

CPU:total 8 (initial active 8) (4 cores per cpu, 2 threads per core) family 6 model 142 stepping 12, cmov, cx8, fxsr, mmx, sse, sse2, sse3, ssse3, sse4.1, sse4.2, popcnt, avx, avx2, aes, clmul, erms, 3dnowpref, lzcnt, ht, tsc, tscinvbit, bmi1, bmi2, adx

Memory: 4k page, physical 16556280k(850028k free), swap 45608436k(5132k free)

vm_info: Java HotSpot(TM) 64-Bit Server VM (25.251-b08) for windows-amd64 JRE (1.8.0_251-b08), built on Mar 12 2020 06:31:49 by "" with MS VC++ 10.0 (VS2010)

time: Tue Aug 02 20:43:08 2022
timezone: Hora Padrão de Buenos Aires
elapsed time: 3 seconds (0d 0h 0m 3s)

