#
# There is insufficient memory for the Java Runtime Environment to continue.
# Native memory allocation (malloc) failed to allocate 2115536 bytes for Chunk::new
# Possible reasons:
#   The system is out of physical RAM or swap space
#   The process is running with CompressedOops enabled, and the Java Heap may be blocking the growth of the native heap
# Possible solutions:
#   Reduce memory load on the system
#   Increase physical memory or swap space
#   Check if swap backing store is full
#   Decrease Java heap size (-Xmx/-Xms)
#   Decrease number of Java threads
#   Decrease Java thread stack sizes (-Xss)
#   Set larger code cache with -XX:ReservedCodeCacheSize=
#   JVM is running with Zero Based Compressed Oops mode in which the Java heap is
#     placed in the first 32GB address space. The Java Heap base address is the
#     maximum limit for the native heap growth. Please use -XX:HeapBaseMinAddress
#     to set the Java Heap base and to place the Java Heap above 32GB virtual address.
# This output file may be truncated or incomplete.
#
#  Out of Memory Error (allocation.cpp:389), pid=150540, tid=0x0000000000025c08
#
# JRE version: Java(TM) SE Runtime Environment (8.0_251-b08) (build 1.8.0_251-b08)
# Java VM: Java HotSpot(TM) 64-Bit Server VM (25.251-b08 mixed mode windows-amd64 compressed oops)
# Failed to write core dump. Minidumps are not enabled by default on client versions of Windows
#

---------------  T H R E A D  ---------------

Current thread (0x000000001e5a0000):  JavaThread "C2 CompilerThread1" daemon [_thread_in_native, id=154632, stack(0x000000001ef90000,0x000000001f090000)]

Stack: [0x000000001ef90000,0x000000001f090000]
[error occurred during error reporting (printing stack bounds), id 0xc0000005]

Native frames: (J=compiled Java code, j=interpreted, Vv=VM code, C=native code)


Current CompileTask:
C2:   6895 2425       4       org.eclipse.jdt.internal.compiler.lookup.BinaryTypeBinding::createMethod (1613 bytes)


---------------  P R O C E S S  ---------------

Java Threads: ( => current thread )
  0x000000001e62d800 JavaThread "Service Thread" daemon [_thread_blocked, id=137416, stack(0x000000001f290000,0x000000001f390000)]
  0x000000001e5b1800 JavaThread "C1 CompilerThread3" daemon [_thread_blocked, id=152204, stack(0x000000001f190000,0x000000001f290000)]
  0x000000001e5a5000 JavaThread "C2 CompilerThread2" daemon [_thread_blocked, id=157320, stack(0x000000001f090000,0x000000001f190000)]
=>0x000000001e5a0000 JavaThread "C2 CompilerThread1" daemon [_thread_in_native, id=154632, stack(0x000000001ef90000,0x000000001f090000)]
  0x000000001e59d000 JavaThread "C2 CompilerThread0" daemon [_thread_blocked, id=152224, stack(0x000000001ee90000,0x000000001ef90000)]
  0x000000001e59a000 JavaThread "Attach Listener" daemon [_thread_blocked, id=157776, stack(0x000000001ed90000,0x000000001ee90000)]
  0x000000001e598000 JavaThread "Signal Dispatcher" daemon [_thread_blocked, id=152480, stack(0x000000001ec90000,0x000000001ed90000)]
  0x000000001e591800 JavaThread "Finalizer" daemon [_thread_blocked, id=151080, stack(0x000000001ea70000,0x000000001eb70000)]
  0x000000001e590800 JavaThread "Reference Handler" daemon [_thread_blocked, id=151728, stack(0x000000001e970000,0x000000001ea70000)]
  0x0000000002da2800 JavaThread "main" [_thread_in_native, id=152984, stack(0x0000000002ca0000,0x0000000002da0000)]

Other Threads:
  0x000000001c789000 VMThread [stack: 0x000000001e470000,0x000000001e570000] [id=142412]
  0x000000001e652800 WatcherThread [stack: 0x000000001f390000,0x000000001f490000] [id=120480]

VM state:not at safepoint (normal execution)

VM Mutex/Monitor currently owned by a thread: None

heap address: 0x00000006c3e00000, size: 4034 MB, Compressed Oops mode: Zero based, Oop shift amount: 3
Narrow klass base: 0x0000000000000000, Narrow klass shift: 3
Compressed class space size: 1073741824 Address: 0x00000007c0000000

Heap:
 PSYoungGen      total 1336832K, used 831525K [0x000000076bf80000, 0x00000007bdd80000, 0x00000007c0000000)
  eden space 1332224K, 62% used [0x000000076bf80000,0x000000079e9a1698,0x00000007bd480000)
  from space 4608K, 42% used [0x00000007bd900000,0x00000007bdae8020,0x00000007bdd80000)
  to   space 4608K, 0% used [0x00000007bd480000,0x00000007bd480000,0x00000007bd900000)
 ParOldGen       total 173568K, used 9558K [0x00000006c3e00000, 0x00000006ce780000, 0x000000076bf80000)
  object space 173568K, 5% used [0x00000006c3e00000,0x00000006c4755920,0x00000006ce780000)
 Metaspace       used 20484K, capacity 20802K, committed 20992K, reserved 1069056K
  class space    used 1892K, capacity 1999K, committed 2048K, reserved 1048576K

Card table byte_map: [0x0000000012260000,0x0000000012a50000] byte_map_base: 0x000000000ec41000

Marking Bits: (ParMarkBitMap*) 0x0000000074c9af90
 Begin Bits: [0x00000000137a0000, 0x00000000176a8000)
 End Bits:   [0x00000000176a8000, 0x000000001b5b0000)

Polling page: 0x0000000000eb0000

CodeCache: size=245760Kb used=11330Kb max_used=13014Kb free=234429Kb
 bounds [0x0000000002ea0000, 0x0000000003b60000, 0x0000000011ea0000]
 total_blobs=2930 nmethods=2491 adapters=351
 compilation: enabled

Compilation events (10 events):
Event: 6.884 Thread 0x000000001e5b1800 nmethod 2816 0x000000000309bd50 code [0x000000000309bf60, 0x000000000309c858]
Event: 6.884 Thread 0x000000001e5b1800 2822       3       java.io.DataInputStream::readShort (40 bytes)
Event: 6.884 Thread 0x000000001e5b1800 nmethod 2822 0x00000000031ee690 code [0x00000000031ee820, 0x00000000031eec28]
Event: 6.884 Thread 0x000000001e5b1800 2819       3       java.io.DataInputStream::readUTF (5 bytes)
Event: 6.884 Thread 0x000000001e5b1800 nmethod 2819 0x00000000032fc310 code [0x00000000032fc480, 0x00000000032fc608]
Event: 6.884 Thread 0x000000001e5b1800 2820       3       java.io.DataInputStream::readUnsignedShort (39 bytes)
Event: 6.884 Thread 0x000000001e59d000 nmethod 2823 0x0000000003456e90 code [0x0000000003456fe0, 0x00000000034573e8]
Event: 6.884 Thread 0x000000001e5b1800 nmethod 2820 0x0000000003243d90 code [0x0000000003243f20, 0x0000000003244328]
Event: 6.887 Thread 0x000000001e5b1800 2824       3       java.lang.String::equalsIgnoreCase (48 bytes)
Event: 6.887 Thread 0x000000001e5b1800 nmethod 2824 0x0000000003261390 code [0x0000000003261500, 0x0000000003261868]

GC Heap History (10 events):
Event: 2.168 GC heap before
{Heap before GC invocations=8 (full 0):
 PSYoungGen      total 264192K, used 261408K [0x000000076bf80000, 0x000000078c480000, 0x00000007c0000000)
  eden space 260096K, 100% used [0x000000076bf80000,0x000000077bd80000,0x000000077bd80000)
  from space 4096K, 32% used [0x000000077bd80000,0x000000077bec8000,0x000000077c180000)
  to   space 4608K, 0% used [0x000000078c000000,0x000000078c000000,0x000000078c480000)
 ParOldGen       total 173568K, used 2867K [0x00000006c3e00000, 0x00000006ce780000, 0x000000076bf80000)
  object space 173568K, 1% used [0x00000006c3e00000,0x00000006c40ccf90,0x00000006ce780000)
 Metaspace       used 9144K, capacity 9326K, committed 9472K, reserved 1058816K
  class space    used 954K, capacity 1001K, committed 1024K, reserved 1048576K
Event: 2.171 GC heap after
Heap after GC invocations=8 (full 0):
 PSYoungGen      total 524800K, used 1664K [0x000000076bf80000, 0x000000078c480000, 0x00000007c0000000)
  eden space 520192K, 0% used [0x000000076bf80000,0x000000076bf80000,0x000000078bb80000)
  from space 4608K, 36% used [0x000000078c000000,0x000000078c1a0000,0x000000078c480000)
  to   space 4608K, 0% used [0x000000078bb80000,0x000000078bb80000,0x000000078c000000)
 ParOldGen       total 173568K, used 3115K [0x00000006c3e00000, 0x00000006ce780000, 0x000000076bf80000)
  object space 173568K, 1% used [0x00000006c3e00000,0x00000006c410af90,0x00000006ce780000)
 Metaspace       used 9144K, capacity 9326K, committed 9472K, reserved 1058816K
  class space    used 954K, capacity 1001K, committed 1024K, reserved 1048576K
}
Event: 2.779 GC heap before
{Heap before GC invocations=9 (full 0):
 PSYoungGen      total 524800K, used 521856K [0x000000076bf80000, 0x000000078c480000, 0x00000007c0000000)
  eden space 520192K, 100% used [0x000000076bf80000,0x000000078bb80000,0x000000078bb80000)
  from space 4608K, 36% used [0x000000078c000000,0x000000078c1a0000,0x000000078c480000)
  to   space 4608K, 0% used [0x000000078bb80000,0x000000078bb80000,0x000000078c000000)
 ParOldGen       total 173568K, used 3115K [0x00000006c3e00000, 0x00000006ce780000, 0x000000076bf80000)
  object space 173568K, 1% used [0x00000006c3e00000,0x00000006c410af90,0x00000006ce780000)
 Metaspace       used 9220K, capacity 9454K, committed 9728K, reserved 1058816K
  class space    used 954K, capacity 1001K, committed 1024K, reserved 1048576K
Event: 2.785 GC heap after
Heap after GC invocations=9 (full 0):
 PSYoungGen      total 524800K, used 2784K [0x000000076bf80000, 0x000000079f580000, 0x00000007c0000000)
  eden space 520192K, 0% used [0x000000076bf80000,0x000000076bf80000,0x000000078bb80000)
  from space 4608K, 60% used [0x000000078bb80000,0x000000078be38020,0x000000078c000000)
  to   space 4608K, 0% used [0x000000079f100000,0x000000079f100000,0x000000079f580000)
 ParOldGen       total 173568K, used 3619K [0x00000006c3e00000, 0x00000006ce780000, 0x000000076bf80000)
  object space 173568K, 2% used [0x00000006c3e00000,0x00000006c4188f90,0x00000006ce780000)
 Metaspace       used 9220K, capacity 9454K, committed 9728K, reserved 1058816K
  class space    used 954K, capacity 1001K, committed 1024K, reserved 1048576K
}
Event: 3.232 GC heap before
{Heap before GC invocations=10 (full 0):
 PSYoungGen      total 524800K, used 522976K [0x000000076bf80000, 0x000000079f580000, 0x00000007c0000000)
  eden space 520192K, 100% used [0x000000076bf80000,0x000000078bb80000,0x000000078bb80000)
  from space 4608K, 60% used [0x000000078bb80000,0x000000078be38020,0x000000078c000000)
  to   space 4608K, 0% used [0x000000079f100000,0x000000079f100000,0x000000079f580000)
 ParOldGen       total 173568K, used 3619K [0x00000006c3e00000, 0x00000006ce780000, 0x000000076bf80000)
  object space 173568K, 2% used [0x00000006c3e00000,0x00000006c4188f90,0x00000006ce780000)
 Metaspace       used 9226K, capacity 9454K, committed 9728K, reserved 1058816K
  class space    used 954K, capacity 1001K, committed 1024K, reserved 1048576K
Event: 3.237 GC heap after
Heap after GC invocations=10 (full 0):
 PSYoungGen      total 837120K, used 2880K [0x000000076bf80000, 0x000000079f580000, 0x00000007c0000000)
  eden space 832512K, 0% used [0x000000076bf80000,0x000000076bf80000,0x000000079ec80000)
  from space 4608K, 62% used [0x000000079f100000,0x000000079f3d0020,0x000000079f580000)
  to   space 4608K, 0% used [0x000000079ec80000,0x000000079ec80000,0x000000079f100000)
 ParOldGen       total 173568K, used 4651K [0x00000006c3e00000, 0x00000006ce780000, 0x000000076bf80000)
  object space 173568K, 2% used [0x00000006c3e00000,0x00000006c428af90,0x00000006ce780000)
 Metaspace       used 9226K, capacity 9454K, committed 9728K, reserved 1058816K
  class space    used 954K, capacity 1001K, committed 1024K, reserved 1048576K
}
Event: 4.194 GC heap before
{Heap before GC invocations=11 (full 0):
 PSYoungGen      total 837120K, used 835392K [0x000000076bf80000, 0x000000079f580000, 0x00000007c0000000)
  eden space 832512K, 100% used [0x000000076bf80000,0x000000079ec80000,0x000000079ec80000)
  from space 4608K, 62% used [0x000000079f100000,0x000000079f3d0020,0x000000079f580000)
  to   space 4608K, 0% used [0x000000079ec80000,0x000000079ec80000,0x000000079f100000)
 ParOldGen       total 173568K, used 4651K [0x00000006c3e00000, 0x00000006ce780000, 0x000000076bf80000)
  object space 173568K, 2% used [0x00000006c3e00000,0x00000006c428af90,0x00000006ce780000)
 Metaspace       used 9269K, capacity 9454K, committed 9728K, reserved 1058816K
  class space    used 954K, capacity 1001K, committed 1024K, reserved 1048576K
Event: 4.202 GC heap after
Heap after GC invocations=11 (full 0):
 PSYoungGen      total 837120K, used 2144K [0x000000076bf80000, 0x00000007bdd80000, 0x00000007c0000000)
  eden space 832512K, 0% used [0x000000076bf80000,0x000000076bf80000,0x000000079ec80000)
  from space 4608K, 46% used [0x000000079ec80000,0x000000079ee98000,0x000000079f100000)
  to   space 4608K, 0% used [0x00000007bd900000,0x00000007bd900000,0x00000007bdd80000)
 ParOldGen       total 173568K, used 7428K [0x00000006c3e00000, 0x00000006ce780000, 0x000000076bf80000)
  object space 173568K, 4% used [0x00000006c3e00000,0x00000006c45412c8,0x00000006ce780000)
 Metaspace       used 9269K, capacity 9454K, committed 9728K, reserved 1058816K
  class space    used 954K, capacity 1001K, committed 1024K, reserved 1048576K
}
Event: 4.884 GC heap before
{Heap before GC invocations=12 (full 0):
 PSYoungGen      total 837120K, used 834656K [0x000000076bf80000, 0x00000007bdd80000, 0x00000007c0000000)
  eden space 832512K, 100% used [0x000000076bf80000,0x000000079ec80000,0x000000079ec80000)
  from space 4608K, 46% used [0x000000079ec80000,0x000000079ee98000,0x000000079f100000)
  to   space 4608K, 0% used [0x00000007bd900000,0x00000007bd900000,0x00000007bdd80000)
 ParOldGen       total 173568K, used 7428K [0x00000006c3e00000, 0x00000006ce780000, 0x000000076bf80000)
  object space 173568K, 4% used [0x00000006c3e00000,0x00000006c45412c8,0x00000006ce780000)
 Metaspace       used 9284K, capacity 9454K, committed 9728K, reserved 1058816K
  class space    used 954K, capacity 1001K, committed 1024K, reserved 1048576K
Event: 4.889 GC heap after
Heap after GC invocations=12 (full 0):
 PSYoungGen      total 1336832K, used 1952K [0x000000076bf80000, 0x00000007bdd80000, 0x00000007c0000000)
  eden space 1332224K, 0% used [0x000000076bf80000,0x000000076bf80000,0x00000007bd480000)
  from space 4608K, 42% used [0x00000007bd900000,0x00000007bdae8020,0x00000007bdd80000)
  to   space 4608K, 0% used [0x00000007bd480000,0x00000007bd480000,0x00000007bd900000)
 ParOldGen       total 173568K, used 9558K [0x00000006c3e00000, 0x00000006ce780000, 0x000000076bf80000)
  object space 173568K, 5% used [0x00000006c3e00000,0x00000006c4755920,0x00000006ce780000)
 Metaspace       used 9284K, capacity 9454K, committed 9728K, reserved 1058816K
  class space    used 954K, capacity 1001K, committed 1024K, reserved 1048576K
}

Deoptimization events (10 events):
Event: 6.802 Thread 0x0000000002da2800 Uncommon trap: reason=class_check action=maybe_recompile pc=0x000000000347f4e0 method=java.util.regex.Pattern$Slice.match(Ljava/util/regex/Matcher;ILjava/lang/CharSequence;)Z @ 75
Event: 6.802 Thread 0x0000000002da2800 Uncommon trap: reason=bimorphic action=maybe_recompile pc=0x00000000031afd64 method=java.util.regex.Pattern$Branch.match(Ljava/util/regex/Matcher;ILjava/lang/CharSequence;)Z @ 50
Event: 6.802 Thread 0x0000000002da2800 Uncommon trap: reason=bimorphic action=maybe_recompile pc=0x00000000031afd64 method=java.util.regex.Pattern$Branch.match(Ljava/util/regex/Matcher;ILjava/lang/CharSequence;)Z @ 50
Event: 6.802 Thread 0x0000000002da2800 Uncommon trap: reason=bimorphic action=maybe_recompile pc=0x00000000031afd64 method=java.util.regex.Pattern$Branch.match(Ljava/util/regex/Matcher;ILjava/lang/CharSequence;)Z @ 50
Event: 6.802 Thread 0x0000000002da2800 Uncommon trap: reason=bimorphic action=maybe_recompile pc=0x00000000031afd64 method=java.util.regex.Pattern$Branch.match(Ljava/util/regex/Matcher;ILjava/lang/CharSequence;)Z @ 50
Event: 6.807 Thread 0x0000000002da2800 Uncommon trap: reason=unstable_if action=reinterpret pc=0x00000000032f9904 method=java.lang.CharacterDataLatin1.toUpperCase(I)I @ 12
Event: 6.807 Thread 0x0000000002da2800 Uncommon trap: reason=unstable_if action=reinterpret pc=0x0000000003ac04d0 method=java.lang.CharacterDataLatin1.toUpperCase(I)I @ 12
Event: 6.817 Thread 0x0000000002da2800 Uncommon trap: reason=unstable_if action=reinterpret pc=0x0000000003052298 method=java.lang.String.startsWith(Ljava/lang/String;I)Z @ 25
Event: 6.834 Thread 0x0000000002da2800 Uncommon trap: reason=unstable_if action=reinterpret pc=0x00000000037ec12c method=java.lang.String.trim()Ljava/lang/String; @ 44
Event: 6.850 Thread 0x0000000002da2800 Uncommon trap: reason=class_check action=maybe_recompile pc=0x000000000347f4e0 method=java.util.regex.Pattern$Slice.match(Ljava/util/regex/Matcher;ILjava/lang/CharSequence;)Z @ 75

Classes redefined (0 events):
No events

Internal exceptions (10 events):
Event: 0.285 Thread 0x0000000002da2800 Exception <a 'java/lang/ArrayIndexOutOfBoundsException'> (0x000000076c460e60) thrown at [C:\jenkins\workspace\8-2-build-windows-amd64-cygwin\jdk8u251\737\hotspot\src\share\vm\runtime\sharedRuntime.cpp, line 605]
Event: 0.375 Thread 0x0000000002da2800 Exception <a 'java/security/PrivilegedActionException'> (0x000000076c9e99b0) thrown at [C:\jenkins\workspace\8-2-build-windows-amd64-cygwin\jdk8u251\737\hotspot\src\share\vm\prims\jvm.cpp, line 1502]
Event: 0.375 Thread 0x0000000002da2800 Exception <a 'java/security/PrivilegedActionException'> (0x000000076c9e9da8) thrown at [C:\jenkins\workspace\8-2-build-windows-amd64-cygwin\jdk8u251\737\hotspot\src\share\vm\prims\jvm.cpp, line 1502]
Event: 0.376 Thread 0x0000000002da2800 Exception <a 'java/security/PrivilegedActionException'> (0x000000076cadad08) thrown at [C:\jenkins\workspace\8-2-build-windows-amd64-cygwin\jdk8u251\737\hotspot\src\share\vm\prims\jvm.cpp, line 1502]
Event: 0.376 Thread 0x0000000002da2800 Exception <a 'java/security/PrivilegedActionException'> (0x000000076cadb100) thrown at [C:\jenkins\workspace\8-2-build-windows-amd64-cygwin\jdk8u251\737\hotspot\src\share\vm\prims\jvm.cpp, line 1502]
Event: 0.622 Thread 0x0000000002da2800 Implicit null exception at 0x0000000003184711 to 0x000000000318473d
Event: 2.246 Thread 0x0000000002da2800 Implicit null exception at 0x00000000034382d5 to 0x000000000343841d
Event: 5.812 Thread 0x0000000002da2800 Exception <a 'java/io/FileNotFoundException'> (0x0000000799a44f68) thrown at [C:\jenkins\workspace\8-2-build-windows-amd64-cygwin\jdk8u251\737\hotspot\src\share\vm\prims\jni.cpp, line 710]
Event: 6.086 Thread 0x0000000002da2800 Exception <a 'java/lang/ArrayIndexOutOfBoundsException'> (0x000000079a740268) thrown at [C:\jenkins\workspace\8-2-build-windows-amd64-cygwin\jdk8u251\737\hotspot\src\share\vm\runtime\sharedRuntime.cpp, line 605]
Event: 6.105 Thread 0x0000000002da2800 Exception <a 'java/lang/IncompatibleClassChangeError': Found class java.lang.Object, but interface was expected> (0x000000079a795ee0) thrown at [C:\jenkins\workspace\8-2-build-windows-amd64-cygwin\jdk8u251\737\hotspot\src\share\vm\interpreter\linkResolver

Events (10 events):
Event: 6.888 loading class java/text/DateFormatSymbols
Event: 6.888 loading class java/text/DateFormatSymbols done
Event: 6.888 loading class sun/util/locale/provider/DateFormatSymbolsProviderImpl
Event: 6.888 loading class sun/util/locale/provider/DateFormatSymbolsProviderImpl done
Event: 6.889 loading class java/text/DontCareFieldPosition
Event: 6.889 loading class java/text/DontCareFieldPosition done
Event: 6.889 loading class java/text/DontCareFieldPosition$1
Event: 6.889 loading class java/text/Format$FieldDelegate
Event: 6.889 loading class java/text/Format$FieldDelegate done
Event: 6.889 loading class java/text/DontCareFieldPosition$1 done


Dynamic libraries:
0x00007ff7939c0000 - 0x00007ff7939f7000 	C:\Program Files\Java\jdk1.8.0_251\bin\java.exe
0x00007ffd09a30000 - 0x00007ffd09c28000 	C:\WINDOWS\SYSTEM32\ntdll.dll
0x00007ffd08070000 - 0x00007ffd0812f000 	C:\WINDOWS\System32\KERNEL32.DLL
0x00007ffd07540000 - 0x00007ffd07812000 	C:\WINDOWS\System32\KERNELBASE.dll
0x00007ffd085a0000 - 0x00007ffd0864e000 	C:\WINDOWS\System32\ADVAPI32.dll
0x00007ffd089c0000 - 0x00007ffd08a5e000 	C:\WINDOWS\System32\msvcrt.dll
0x00007ffd08650000 - 0x00007ffd086ec000 	C:\WINDOWS\System32\sechost.dll
0x00007ffd07d10000 - 0x00007ffd07e35000 	C:\WINDOWS\System32\RPCRT4.dll
0x00007ffd08e70000 - 0x00007ffd09011000 	C:\WINDOWS\System32\USER32.dll
0x00007ffd073d0000 - 0x00007ffd073f2000 	C:\WINDOWS\System32\win32u.dll
0x00007ffd07f70000 - 0x00007ffd07f9b000 	C:\WINDOWS\System32\GDI32.dll
0x00007ffd07120000 - 0x00007ffd0722f000 	C:\WINDOWS\System32\gdi32full.dll
0x00007ffd07820000 - 0x00007ffd078bd000 	C:\WINDOWS\System32\msvcp_win.dll
0x00007ffd07230000 - 0x00007ffd07330000 	C:\WINDOWS\System32\ucrtbase.dll
0x00007ffce8280000 - 0x00007ffce851a000 	C:\WINDOWS\WinSxS\amd64_microsoft.windows.common-controls_6595b64144ccf1df_6.0.19041.1110_none_60b5254171f9507e\COMCTL32.dll
0x00007ffd07ad0000 - 0x00007ffd07b02000 	C:\WINDOWS\System32\IMM32.DLL
0x0000000075ee0000 - 0x0000000075fb2000 	C:\Program Files\Java\jdk1.8.0_251\jre\bin\msvcr100.dll
0x0000000074470000 - 0x0000000074d1b000 	C:\Program Files\Java\jdk1.8.0_251\jre\bin\server\jvm.dll
0x00007ffd07e40000 - 0x00007ffd07e48000 	C:\WINDOWS\System32\PSAPI.DLL
0x00007ffd01200000 - 0x00007ffd01227000 	C:\WINDOWS\SYSTEM32\WINMM.dll
0x00007ffcecb50000 - 0x00007ffcecb59000 	C:\WINDOWS\SYSTEM32\WSOCK32.dll
0x00007ffcfd9c0000 - 0x00007ffcfd9ca000 	C:\WINDOWS\SYSTEM32\VERSION.dll
0x00007ffd097d0000 - 0x00007ffd0983b000 	C:\WINDOWS\System32\WS2_32.dll
0x00007ffcf8240000 - 0x00007ffcf824f000 	C:\Program Files\Java\jdk1.8.0_251\jre\bin\verify.dll
0x00007ffcd0830000 - 0x00007ffcd0859000 	C:\Program Files\Java\jdk1.8.0_251\jre\bin\java.dll
0x00007ffcefb40000 - 0x00007ffcefb56000 	C:\Program Files\Java\jdk1.8.0_251\jre\bin\zip.dll
0x00007ffd09020000 - 0x00007ffd09765000 	C:\WINDOWS\System32\SHELL32.dll
0x00007ffd04d00000 - 0x00007ffd05492000 	C:\WINDOWS\SYSTEM32\windows.storage.dll
0x00007ffd08b10000 - 0x00007ffd08e65000 	C:\WINDOWS\System32\combase.dll
0x00007ffd06b80000 - 0x00007ffd06bb0000 	C:\WINDOWS\SYSTEM32\Wldp.dll
0x00007ffd07ec0000 - 0x00007ffd07f6d000 	C:\WINDOWS\System32\SHCORE.dll
0x00007ffd07e50000 - 0x00007ffd07ea5000 	C:\WINDOWS\System32\shlwapi.dll
0x00007ffd07060000 - 0x00007ffd0707f000 	C:\WINDOWS\SYSTEM32\profapi.dll
0x00007ffce5da0000 - 0x00007ffce5dba000 	C:\Program Files\Java\jdk1.8.0_251\jre\bin\net.dll
0x00007ffd068e0000 - 0x00007ffd0694a000 	C:\WINDOWS\system32\mswsock.dll
0x00007ffcd6df0000 - 0x00007ffcd6e02000 	C:\Program Files\Java\jdk1.8.0_251\jre\bin\nio.dll
0x00007ffce3730000 - 0x00007ffce3754000 	C:\Program Files\Java\jdk1.8.0_251\jre\bin\sunec.dll

VM Arguments:
java_command: s3m.jar C:\UFPE\miningframework\SOOTAnalysisOutput\hive\aafd586dc400ce2ca6a3612e8b5fb520bf03ce82\org\apache\hadoop\hive\conf\HiveConf\left.java C:\UFPE\miningframework\SOOTAnalysisOutput\hive\aafd586dc400ce2ca6a3612e8b5fb520bf03ce82\org\apache\hadoop\hive\conf\HiveConf\base.java C:\UFPE\miningframework\SOOTAnalysisOutput\hive\aafd586dc400ce2ca6a3612e8b5fb520bf03ce82\org\apache\hadoop\hive\conf\HiveConf\right.java -o C:\UFPE\miningframework\SOOTAnalysisOutput\hive\aafd586dc400ce2ca6a3612e8b5fb520bf03ce82\org\apache\hadoop\hive\conf\HiveConf\InsertionLevelInitializationBlockHandler.java --handle-initialization-blocks false --handle-initialization-blocks-multiple-blocks true
java_class_path (initial): s3m.jar
Launcher Type: SUN_STANDARD

Environment Variables:
JAVA_HOME=C:\Program Files\Java\jdk1.8.0_291
PATH=C:\Program Files\Common Files\Oracle\Java\javapath;C:\Program Files (x86)\Common Files\Oracle\Java\javapath;C:\Windows\system32;C:\Windows;C:\Windows\System32\Wbem;C:\Windows\System32\WindowsPowerShell\v1.0\;C:\Windows\System32\OpenSSH\;C:\Program Files (x86)\NVIDIA Corporation\PhysX\Common;C:\Program Files\NVIDIA Corporation\NVIDIA NvDLISR;C:\Program Files (x86)\Groovy\bin;C:\Program Files (x86)\GnuWin32\bin;C:\UFPE\maven\apache-maven-3.6.3\bin;C:\WINDOWS\system32;C:\WINDOWS;C:\WINDOWS\System32\Wbem;C:\WINDOWS\System32\WindowsPowerShell\v1.0\;C:\WINDOWS\System32\OpenSSH\;C:\Program Files\Git\cmd;C:\Program Files\dotnet\;C:\Users\leona\AppData\Local\Microsoft\WindowsApps;C:\Program Files\Java\jdk-11.0.15\bin;C:\UFPE\maven\apache-maven-3.6.3\bin;C:\Users\leona\AppData\Local\GitHubDesktop\bin;C:\Users\leona\AppData\Local\Programs\Microsoft VS Code\bin;C:\Program Files\JetBrains\IntelliJ IDEA Community Edition 2020.2.3\bin;;C:\Program Files (x86)\GnuWin32\bin;C:\Users\leona\AppData\Local\Microsoft\WindowsApps;C:\flutter\flutter\bin;C:\gradle\bin;
USERNAME=leona
OS=Windows_NT
PROCESSOR_IDENTIFIER=Intel64 Family 6 Model 142 Stepping 12, GenuineIntel



---------------  S Y S T E M  ---------------

OS: Windows 10.0 , 64 bit Build 19041 (10.0.19041.2546)

CPU:total 8 (initial active 8) (4 cores per cpu, 2 threads per core) family 6 model 142 stepping 12, cmov, cx8, fxsr, mmx, sse, sse2, sse3, ssse3, sse4.1, sse4.2, popcnt, avx, avx2, aes, clmul, erms, 3dnowpref, lzcnt, ht, tsc, tscinvbit, bmi1, bmi2, adx

Memory: 4k page, physical 16521856k(1921168k free), swap 45574012k(5272k free)

vm_info: Java HotSpot(TM) 64-Bit Server VM (25.251-b08) for windows-amd64 JRE (1.8.0_251-b08), built on Mar 12 2020 06:31:49 by "" with MS VC++ 10.0 (VS2010)

time: Tue Mar 07 02:36:13 2023
timezone: Hora Padrão de Buenos Aires
elapsed time: 6 seconds (0d 0h 0m 6s)

