#
# There is insufficient memory for the Java Runtime Environment to continue.
# Native memory allocation (malloc) failed to allocate 68240 bytes for Chunk::new
# Possible reasons:
#   The system is out of physical RAM or swap space
#   The process is running with CompressedOops enabled, and the Java Heap may be blocking the growth of the native heap
# Possible solutions:
#   Reduce memory load on the system
#   Increase physical memory or swap space
#   Check if swap backing store is full
#   Decrease Java heap size (-Xmx/-Xms)
#   Decrease number of Java threads
#   Decrease Java thread stack sizes (-Xss)
#   Set larger code cache with -XX:ReservedCodeCacheSize=
#   JVM is running with Zero Based Compressed Oops mode in which the Java heap is
#     placed in the first 32GB address space. The Java Heap base address is the
#     maximum limit for the native heap growth. Please use -XX:HeapBaseMinAddress
#     to set the Java Heap base and to place the Java Heap above 32GB virtual address.
# This output file may be truncated or incomplete.
#
#  Out of Memory Error (allocation.cpp:389), pid=111568, tid=0x000000000001bf78
#
# JRE version: Java(TM) SE Runtime Environment (8.0_251-b08) (build 1.8.0_251-b08)
# Java VM: Java HotSpot(TM) 64-Bit Server VM (25.251-b08 mixed mode windows-amd64 compressed oops)
# Failed to write core dump. Minidumps are not enabled by default on client versions of Windows
#

---------------  T H R E A D  ---------------

Current thread (0x000000001e7d5800):  JavaThread "C1 CompilerThread3" daemon [_thread_in_native, id=114552, stack(0x000000001f3c0000,0x000000001f4c0000)]

Stack: [0x000000001f3c0000,0x000000001f4c0000]
[error occurred during error reporting (printing stack bounds), id 0xc0000005]

Native frames: (J=compiled Java code, j=interpreted, Vv=VM code, C=native code)


Current CompileTask:
C1:   3488 2036       3       org.eclipse.jdt.internal.compiler.parser.Parser::consumeRule (7138 bytes)


---------------  P R O C E S S  ---------------

Java Threads: ( => current thread )
  0x000000001e869000 JavaThread "Service Thread" daemon [_thread_blocked, id=109524, stack(0x000000001f4c0000,0x000000001f5c0000)]
=>0x000000001e7d5800 JavaThread "C1 CompilerThread3" daemon [_thread_in_native, id=114552, stack(0x000000001f3c0000,0x000000001f4c0000)]
  0x000000001e7d1800 JavaThread "C2 CompilerThread2" daemon [_thread_blocked, id=98576, stack(0x000000001f2c0000,0x000000001f3c0000)]
  0x000000001e7ce800 JavaThread "C2 CompilerThread1" daemon [_thread_blocked, id=24308, stack(0x000000001f1c0000,0x000000001f2c0000)]
  0x000000001e7cc000 JavaThread "C2 CompilerThread0" daemon [_thread_blocked, id=111768, stack(0x000000001f0c0000,0x000000001f1c0000)]
  0x000000001e7c9800 JavaThread "Attach Listener" daemon [_thread_blocked, id=37412, stack(0x000000001efc0000,0x000000001f0c0000)]
  0x000000001c9be800 JavaThread "Signal Dispatcher" daemon [_thread_blocked, id=44512, stack(0x000000001eec0000,0x000000001efc0000)]
  0x0000000003068000 JavaThread "Finalizer" daemon [_thread_blocked, id=111560, stack(0x000000001eca0000,0x000000001eda0000)]
  0x000000001e7c0800 JavaThread "Reference Handler" daemon [_thread_blocked, id=47452, stack(0x000000001eba0000,0x000000001eca0000)]
  0x0000000002f72800 JavaThread "main" [_thread_in_Java, id=39004, stack(0x0000000002dc0000,0x0000000002ec0000)]

Other Threads:
  0x000000001c9a9000 VMThread [stack: 0x000000001e6a0000,0x000000001e7a0000] [id=110812]
  0x000000001e885000 WatcherThread [stack: 0x000000001f5c0000,0x000000001f6c0000] [id=71596]

VM state:not at safepoint (normal execution)

VM Mutex/Monitor currently owned by a thread: None

heap address: 0x00000006c3400000, size: 4044 MB, Compressed Oops mode: Zero based, Oop shift amount: 3
Narrow klass base: 0x0000000000000000, Narrow klass shift: 3
Compressed class space size: 1073741824 Address: 0x00000007c0000000

Heap:
 PSYoungGen      total 837632K, used 23840K [0x000000076bc00000, 0x000000079f400000, 0x00000007c0000000)
  eden space 832000K, 2% used [0x000000076bc00000,0x000000076ce7fb60,0x000000079e880000)
  from space 5632K, 86% used [0x000000079e880000,0x000000079ed486f8,0x000000079ee00000)
  to   space 5120K, 0% used [0x000000079ee00000,0x000000079ee00000,0x000000079f300000)
 ParOldGen       total 173568K, used 6714K [0x00000006c3400000, 0x00000006cdd80000, 0x000000076bc00000)
  object space 173568K, 3% used [0x00000006c3400000,0x00000006c3a8eb60,0x00000006cdd80000)
 Metaspace       used 15876K, capacity 16190K, committed 16512K, reserved 1064960K
  class space    used 1502K, capacity 1597K, committed 1664K, reserved 1048576K

Card table byte_map: [0x0000000012430000,0x0000000012c20000] byte_map_base: 0x000000000ee16000

Marking Bits: (ParMarkBitMap*) 0x000000006112af90
 Begin Bits: [0x0000000013970000, 0x00000000178a0000)
 End Bits:   [0x00000000178a0000, 0x000000001b7d0000)

Polling page: 0x0000000002c10000

CodeCache: size=245760Kb used=9673Kb max_used=9673Kb free=236086Kb
 bounds [0x0000000003070000, 0x00000000039f0000, 0x0000000012070000]
 total_blobs=2429 nmethods=2033 adapters=309
 compilation: enabled

Compilation events (10 events):
Event: 3.463 Thread 0x000000001e7d5800 nmethod 2037 0x00000000039cc1d0 code [0x00000000039cc3a0, 0x00000000039ccbd8]
Event: 3.463 Thread 0x000000001e7d5800 2030       3       org.eclipse.jdt.internal.compiler.parser.Parser::tAction (35 bytes)
Event: 3.463 Thread 0x000000001e7d5800 nmethod 2030 0x00000000039bfbd0 code [0x00000000039bfd40, 0x00000000039bff50]
Event: 3.463 Thread 0x000000001e7d5800 2031       3       org.eclipse.jdt.internal.compiler.parser.Scanner::areRestrictedModuleKeywordsActive (21 bytes)
Event: 3.464 Thread 0x000000001e7d5800 nmethod 2031 0x00000000039bf810 code [0x00000000039bf960, 0x00000000039bfb50]
Event: 3.464 Thread 0x000000001e7d5800 2032       3       org.eclipse.jdt.internal.compiler.parser.Parser::consumeToken (2061 bytes)
Event: 3.466 Thread 0x000000001e7d5800 nmethod 2032 0x00000000039df450 code [0x00000000039dfe20, 0x00000000039e68c8]
Event: 3.466 Thread 0x000000001e7d5800 2035       3       org.eclipse.jdt.internal.compiler.parser.Parser::ntAction (8 bytes)
Event: 3.466 Thread 0x000000001e7d5800 nmethod 2035 0x00000000039cbc10 code [0x00000000039cbd60, 0x00000000039cbed0]
Event: 3.466 Thread 0x000000001e7d5800 2036       3       org.eclipse.jdt.internal.compiler.parser.Parser::consumeRule (7138 bytes)

GC Heap History (10 events):
Event: 1.451 GC heap before
{Heap before GC invocations=7 (full 0):
 PSYoungGen      total 264704K, used 263973K [0x000000076bc00000, 0x000000077c300000, 0x00000007c0000000)
  eden space 260096K, 100% used [0x000000076bc00000,0x000000077ba00000,0x000000077ba00000)
  from space 4608K, 84% used [0x000000077be80000,0x000000077c249688,0x000000077c300000)
  to   space 4608K, 0% used [0x000000077ba00000,0x000000077ba00000,0x000000077be80000)
 ParOldGen       total 173568K, used 153K [0x00000006c3400000, 0x00000006cdd80000, 0x000000076bc00000)
  object space 173568K, 0% used [0x00000006c3400000,0x00000006c34266e0,0x00000006cdd80000)
 Metaspace       used 9695K, capacity 9902K, committed 10112K, reserved 1058816K
  class space    used 987K, capacity 1065K, committed 1152K, reserved 1048576K
Event: 1.456 GC heap after
Heap after GC invocations=7 (full 0):
 PSYoungGen      total 264704K, used 2592K [0x000000076bc00000, 0x000000078c100000, 0x00000007c0000000)
  eden space 260096K, 0% used [0x000000076bc00000,0x000000076bc00000,0x000000077ba00000)
  from space 4608K, 56% used [0x000000077ba00000,0x000000077bc88330,0x000000077be80000)
  to   space 4608K, 0% used [0x000000078bc80000,0x000000078bc80000,0x000000078c100000)
 ParOldGen       total 173568K, used 2619K [0x00000006c3400000, 0x00000006cdd80000, 0x000000076bc00000)
  object space 173568K, 1% used [0x00000006c3400000,0x00000006c368ee48,0x00000006cdd80000)
 Metaspace       used 9695K, capacity 9902K, committed 10112K, reserved 1058816K
  class space    used 987K, capacity 1065K, committed 1152K, reserved 1048576K
}
Event: 1.672 GC heap before
{Heap before GC invocations=8 (full 0):
 PSYoungGen      total 264704K, used 262688K [0x000000076bc00000, 0x000000078c100000, 0x00000007c0000000)
  eden space 260096K, 100% used [0x000000076bc00000,0x000000077ba00000,0x000000077ba00000)
  from space 4608K, 56% used [0x000000077ba00000,0x000000077bc88330,0x000000077be80000)
  to   space 4608K, 0% used [0x000000078bc80000,0x000000078bc80000,0x000000078c100000)
 ParOldGen       total 173568K, used 2619K [0x00000006c3400000, 0x00000006cdd80000, 0x000000076bc00000)
  object space 173568K, 1% used [0x00000006c3400000,0x00000006c368ee48,0x00000006cdd80000)
 Metaspace       used 9726K, capacity 9966K, committed 10112K, reserved 1058816K
  class space    used 987K, capacity 1065K, committed 1152K, reserved 1048576K
Event: 1.676 GC heap after
Heap after GC invocations=8 (full 0):
 PSYoungGen      total 524800K, used 3440K [0x000000076bc00000, 0x000000078c100000, 0x00000007c0000000)
  eden space 520192K, 0% used [0x000000076bc00000,0x000000076bc00000,0x000000078b800000)
  from space 4608K, 74% used [0x000000078bc80000,0x000000078bfdc360,0x000000078c100000)
  to   space 4608K, 0% used [0x000000078b800000,0x000000078b800000,0x000000078bc80000)
 ParOldGen       total 173568K, used 3117K [0x00000006c3400000, 0x00000006cdd80000, 0x000000076bc00000)
  object space 173568K, 1% used [0x00000006c3400000,0x00000006c370b598,0x00000006cdd80000)
 Metaspace       used 9726K, capacity 9966K, committed 10112K, reserved 1058816K
  class space    used 987K, capacity 1065K, committed 1152K, reserved 1048576K
}
Event: 2.161 GC heap before
{Heap before GC invocations=9 (full 0):
 PSYoungGen      total 524800K, used 523632K [0x000000076bc00000, 0x000000078c100000, 0x00000007c0000000)
  eden space 520192K, 100% used [0x000000076bc00000,0x000000078b800000,0x000000078b800000)
  from space 4608K, 74% used [0x000000078bc80000,0x000000078bfdc360,0x000000078c100000)
  to   space 4608K, 0% used [0x000000078b800000,0x000000078b800000,0x000000078bc80000)
 ParOldGen       total 173568K, used 3117K [0x00000006c3400000, 0x00000006cdd80000, 0x000000076bc00000)
  object space 173568K, 1% used [0x00000006c3400000,0x00000006c370b598,0x00000006cdd80000)
 Metaspace       used 9741K, capacity 9966K, committed 10112K, reserved 1058816K
  class space    used 987K, capacity 1065K, committed 1152K, reserved 1048576K
Event: 2.167 GC heap after
Heap after GC invocations=9 (full 0):
 PSYoungGen      total 524800K, used 4593K [0x000000076bc00000, 0x000000079f300000, 0x00000007c0000000)
  eden space 520192K, 0% used [0x000000076bc00000,0x000000076bc00000,0x000000078b800000)
  from space 4608K, 99% used [0x000000078b800000,0x000000078bc7c4d0,0x000000078bc80000)
  to   space 5120K, 0% used [0x000000079ee00000,0x000000079ee00000,0x000000079f300000)
 ParOldGen       total 173568K, used 4061K [0x00000006c3400000, 0x00000006cdd80000, 0x000000076bc00000)
  object space 173568K, 2% used [0x00000006c3400000,0x00000006c37f7598,0x00000006cdd80000)
 Metaspace       used 9741K, capacity 9966K, committed 10112K, reserved 1058816K
  class space    used 987K, capacity 1065K, committed 1152K, reserved 1048576K
}
Event: 2.466 GC heap before
{Heap before GC invocations=10 (full 0):
 PSYoungGen      total 524800K, used 524785K [0x000000076bc00000, 0x000000079f300000, 0x00000007c0000000)
  eden space 520192K, 100% used [0x000000076bc00000,0x000000078b800000,0x000000078b800000)
  from space 4608K, 99% used [0x000000078b800000,0x000000078bc7c4d0,0x000000078bc80000)
  to   space 5120K, 0% used [0x000000079ee00000,0x000000079ee00000,0x000000079f300000)
 ParOldGen       total 173568K, used 4061K [0x00000006c3400000, 0x00000006cdd80000, 0x000000076bc00000)
  object space 173568K, 2% used [0x00000006c3400000,0x00000006c37f7598,0x00000006cdd80000)
 Metaspace       used 9754K, capacity 9966K, committed 10112K, reserved 1058816K
  class space    used 987K, capacity 1065K, committed 1152K, reserved 1048576K
Event: 2.469 GC heap after
Heap after GC invocations=10 (full 0):
 PSYoungGen      total 837120K, used 1376K [0x000000076bc00000, 0x000000079f400000, 0x00000007c0000000)
  eden space 832000K, 0% used [0x000000076bc00000,0x000000076bc00000,0x000000079e880000)
  from space 5120K, 26% used [0x000000079ee00000,0x000000079ef58350,0x000000079f300000)
  to   space 5632K, 0% used [0x000000079e880000,0x000000079e880000,0x000000079ee00000)
 ParOldGen       total 173568K, used 6254K [0x00000006c3400000, 0x00000006cdd80000, 0x000000076bc00000)
  object space 173568K, 3% used [0x00000006c3400000,0x00000006c3a1b8c8,0x00000006cdd80000)
 Metaspace       used 9754K, capacity 9966K, committed 10112K, reserved 1058816K
  class space    used 987K, capacity 1065K, committed 1152K, reserved 1048576K
}
Event: 3.338 GC heap before
{Heap before GC invocations=11 (full 0):
 PSYoungGen      total 837120K, used 833376K [0x000000076bc00000, 0x000000079f400000, 0x00000007c0000000)
  eden space 832000K, 100% used [0x000000076bc00000,0x000000079e880000,0x000000079e880000)
  from space 5120K, 26% used [0x000000079ee00000,0x000000079ef58350,0x000000079f300000)
  to   space 5632K, 0% used [0x000000079e880000,0x000000079e880000,0x000000079ee00000)
 ParOldGen       total 173568K, used 6254K [0x00000006c3400000, 0x00000006cdd80000, 0x000000076bc00000)
  object space 173568K, 3% used [0x00000006c3400000,0x00000006c3a1b8c8,0x00000006cdd80000)
 Metaspace       used 13384K, capacity 13630K, committed 13952K, reserved 1062912K
  class space    used 1256K, capacity 1341K, committed 1408K, reserved 1048576K
Event: 3.347 GC heap after
Heap after GC invocations=11 (full 0):
 PSYoungGen      total 837632K, used 4897K [0x000000076bc00000, 0x000000079f400000, 0x00000007c0000000)
  eden space 832000K, 0% used [0x000000076bc00000,0x000000076bc00000,0x000000079e880000)
  from space 5632K, 86% used [0x000000079e880000,0x000000079ed486f8,0x000000079ee00000)
  to   space 5120K, 0% used [0x000000079ee00000,0x000000079ee00000,0x000000079f300000)
 ParOldGen       total 173568K, used 6714K [0x00000006c3400000, 0x00000006cdd80000, 0x000000076bc00000)
  object space 173568K, 3% used [0x00000006c3400000,0x00000006c3a8eb60,0x00000006cdd80000)
 Metaspace       used 13384K, capacity 13630K, committed 13952K, reserved 1062912K
  class space    used 1256K, capacity 1341K, committed 1408K, reserved 1048576K
}

Deoptimization events (10 events):
Event: 2.964 Thread 0x0000000002f72800 Uncommon trap: reason=class_check action=maybe_recompile pc=0x00000000034045fc method=org.eclipse.jgit.diff.SubsequenceComparator.equals(Lorg/eclipse/jgit/diff/Subsequence;ILorg/eclipse/jgit/diff/Subsequence;I)Z @ 25
Event: 2.998 Thread 0x0000000002f72800 Uncommon trap: reason=unstable_if action=reinterpret pc=0x00000000034c5c48 method=java.util.regex.Pattern.sequence(Ljava/util/regex/Pattern$Node;)Ljava/util/regex/Pattern$Node; @ 388
Event: 2.998 Thread 0x0000000002f72800 Uncommon trap: reason=unstable_if action=reinterpret pc=0x0000000003485320 method=java.util.regex.Pattern.closure(Ljava/util/regex/Pattern$Node;)Ljava/util/regex/Pattern$Node; @ 113
Event: 2.998 Thread 0x0000000002f72800 Uncommon trap: reason=unstable_if action=reinterpret pc=0x00000000034c5b88 method=java.util.regex.Pattern.sequence(Ljava/util/regex/Pattern$Node;)Ljava/util/regex/Pattern$Node; @ 151
Event: 2.998 Thread 0x0000000002f72800 Uncommon trap: reason=unstable_if action=reinterpret pc=0x0000000003500f70 method=java.util.regex.Pattern.expr(Ljava/util/regex/Pattern$Node;)Ljava/util/regex/Pattern$Node; @ 129
Event: 3.028 Thread 0x0000000002f72800 Uncommon trap: reason=class_check action=maybe_recompile pc=0x00000000033b0f0c method=java.util.stream.ReduceOps$3ReducingSink.accept(Ljava/lang/Object;)V @ 9
Event: 3.028 Thread 0x0000000002f72800 Uncommon trap: reason=class_check action=maybe_recompile pc=0x00000000033b0f0c method=java.util.stream.ReduceOps$3ReducingSink.accept(Ljava/lang/Object;)V @ 9
Event: 3.028 Thread 0x0000000002f72800 Uncommon trap: reason=class_check action=maybe_recompile pc=0x00000000033b0f0c method=java.util.stream.ReduceOps$3ReducingSink.accept(Ljava/lang/Object;)V @ 9
Event: 3.028 Thread 0x0000000002f72800 Uncommon trap: reason=class_check action=maybe_recompile pc=0x00000000033b0f0c method=java.util.stream.ReduceOps$3ReducingSink.accept(Ljava/lang/Object;)V @ 9
Event: 3.160 Thread 0x0000000002f72800 Uncommon trap: reason=unstable_if action=reinterpret pc=0x00000000034987cc method=java.util.regex.Pattern.RemoveQEQuoting()V @ 41

Classes redefined (0 events):
No events

Internal exceptions (10 events):
Event: 0.145 Thread 0x0000000002f72800 Exception <a 'java/lang/NoSuchFieldError': method resolution failed> (0x000000076bed0140) thrown at [C:\jenkins\workspace\8-2-build-windows-amd64-cygwin\jdk8u251\737\hotspot\src\share\vm\prims\methodHandles.cpp, line 1167]
Event: 0.146 Thread 0x0000000002f72800 Exception <a 'java/lang/NoSuchFieldError': method resolution failed> (0x000000076bedd540) thrown at [C:\jenkins\workspace\8-2-build-windows-amd64-cygwin\jdk8u251\737\hotspot\src\share\vm\prims\methodHandles.cpp, line 1167]
Event: 0.161 Thread 0x0000000002f72800 Exception <a 'sun/nio/fs/WindowsException'> (0x000000076bf5bdb0) thrown at [C:\jenkins\workspace\8-2-build-windows-amd64-cygwin\jdk8u251\737\hotspot\src\share\vm\prims\jni.cpp, line 710]
Event: 0.215 Thread 0x0000000002f72800 Exception <a 'java/lang/ArrayIndexOutOfBoundsException'> (0x000000076c0e06b8) thrown at [C:\jenkins\workspace\8-2-build-windows-amd64-cygwin\jdk8u251\737\hotspot\src\share\vm\runtime\sharedRuntime.cpp, line 605]
Event: 0.215 Thread 0x0000000002f72800 Exception <a 'java/lang/ArrayIndexOutOfBoundsException'> (0x000000076c0e15c0) thrown at [C:\jenkins\workspace\8-2-build-windows-amd64-cygwin\jdk8u251\737\hotspot\src\share\vm\runtime\sharedRuntime.cpp, line 605]
Event: 0.337 Thread 0x0000000002f72800 Exception <a 'java/security/PrivilegedActionException'> (0x000000076c5d0898) thrown at [C:\jenkins\workspace\8-2-build-windows-amd64-cygwin\jdk8u251\737\hotspot\src\share\vm\prims\jvm.cpp, line 1502]
Event: 0.337 Thread 0x0000000002f72800 Exception <a 'java/security/PrivilegedActionException'> (0x000000076c5d0c90) thrown at [C:\jenkins\workspace\8-2-build-windows-amd64-cygwin\jdk8u251\737\hotspot\src\share\vm\prims\jvm.cpp, line 1502]
Event: 0.338 Thread 0x0000000002f72800 Exception <a 'java/security/PrivilegedActionException'> (0x000000076c5d4f70) thrown at [C:\jenkins\workspace\8-2-build-windows-amd64-cygwin\jdk8u251\737\hotspot\src\share\vm\prims\jvm.cpp, line 1502]
Event: 0.338 Thread 0x0000000002f72800 Exception <a 'java/security/PrivilegedActionException'> (0x000000076c5d5368) thrown at [C:\jenkins\workspace\8-2-build-windows-amd64-cygwin\jdk8u251\737\hotspot\src\share\vm\prims\jvm.cpp, line 1502]
Event: 3.298 Thread 0x0000000002f72800 Exception <a 'java/io/FileNotFoundException'> (0x000000079e5d4130) thrown at [C:\jenkins\workspace\8-2-build-windows-amd64-cygwin\jdk8u251\737\hotspot\src\share\vm\prims\jni.cpp, line 710]

Events (10 events):
Event: 3.478 loading class org/eclipse/jdt/internal/compiler/lookup/TypeBindingVisitor
Event: 3.478 loading class org/eclipse/jdt/internal/compiler/lookup/TypeBindingVisitor done
Event: 3.478 loading class org/eclipse/jdt/internal/compiler/ast/LocalDeclaration$1
Event: 3.478 loading class org/eclipse/jdt/internal/compiler/ast/LocalDeclaration$1 done
Event: 3.478 loading class org/eclipse/jdt/internal/compiler/lookup/CatchParameterBinding
Event: 3.478 loading class org/eclipse/jdt/internal/compiler/lookup/CatchParameterBinding done
Event: 3.480 loading class org/eclipse/jdt/internal/compiler/ast/Clinit
Event: 3.480 loading class org/eclipse/jdt/internal/compiler/ast/Clinit done
Event: 3.481 loading class org/eclipse/jdt/internal/compiler/parser/Parser$LocalTypeKind
Event: 3.481 loading class org/eclipse/jdt/internal/compiler/parser/Parser$LocalTypeKind done


Dynamic libraries:
0x00007ff6ae770000 - 0x00007ff6ae7a7000 	C:\Program Files\Java\jdk1.8.0_251\bin\java.exe
0x00007ffce49d0000 - 0x00007ffce4bc8000 	C:\WINDOWS\SYSTEM32\ntdll.dll
0x00007ffce4620000 - 0x00007ffce46dd000 	C:\WINDOWS\System32\KERNEL32.DLL
0x00007ffce2360000 - 0x00007ffce262e000 	C:\WINDOWS\System32\KERNELBASE.dll
0x00007ffce3dc0000 - 0x00007ffce3e6e000 	C:\WINDOWS\System32\ADVAPI32.dll
0x00007ffce3e70000 - 0x00007ffce3f0e000 	C:\WINDOWS\System32\msvcrt.dll
0x00007ffce4790000 - 0x00007ffce482c000 	C:\WINDOWS\System32\sechost.dll
0x00007ffce2a30000 - 0x00007ffce2b55000 	C:\WINDOWS\System32\RPCRT4.dll
0x00007ffce4480000 - 0x00007ffce4620000 	C:\WINDOWS\System32\USER32.dll
0x00007ffce2120000 - 0x00007ffce2142000 	C:\WINDOWS\System32\win32u.dll
0x00007ffce4830000 - 0x00007ffce485a000 	C:\WINDOWS\System32\GDI32.dll
0x00007ffce2920000 - 0x00007ffce2a2b000 	C:\WINDOWS\System32\gdi32full.dll
0x00007ffce26a0000 - 0x00007ffce273d000 	C:\WINDOWS\System32\msvcp_win.dll
0x00007ffce2740000 - 0x00007ffce2840000 	C:\WINDOWS\System32\ucrtbase.dll
0x00007ffccc6d0000 - 0x00007ffccc96a000 	C:\WINDOWS\WinSxS\amd64_microsoft.windows.common-controls_6595b64144ccf1df_6.0.19041.1110_none_60b5254171f9507e\COMCTL32.dll
0x00007ffce2cc0000 - 0x00007ffce2cf0000 	C:\WINDOWS\System32\IMM32.DLL
0x00000000611b0000 - 0x0000000061282000 	C:\Program Files\Java\jdk1.8.0_251\jre\bin\msvcr100.dll
0x0000000060900000 - 0x00000000611ab000 	C:\Program Files\Java\jdk1.8.0_251\jre\bin\server\jvm.dll
0x00007ffce2c30000 - 0x00007ffce2c38000 	C:\WINDOWS\System32\PSAPI.DLL
0x00007ffcd7520000 - 0x00007ffcd752a000 	C:\WINDOWS\SYSTEM32\VERSION.dll
0x00007ffccd3c0000 - 0x00007ffccd3c9000 	C:\WINDOWS\SYSTEM32\WSOCK32.dll
0x00007ffcdc200000 - 0x00007ffcdc227000 	C:\WINDOWS\SYSTEM32\WINMM.dll
0x00007ffce3c30000 - 0x00007ffce3c9b000 	C:\WINDOWS\System32\WS2_32.dll
0x00007ffcc0e10000 - 0x00007ffcc0e1f000 	C:\Program Files\Java\jdk1.8.0_251\jre\bin\verify.dll
0x00007ffc9aa60000 - 0x00007ffc9aa89000 	C:\Program Files\Java\jdk1.8.0_251\jre\bin\java.dll
0x00007ffc9d470000 - 0x00007ffc9d486000 	C:\Program Files\Java\jdk1.8.0_251\jre\bin\zip.dll
0x00007ffce31d0000 - 0x00007ffce3914000 	C:\WINDOWS\System32\SHELL32.dll
0x00007ffcdfd10000 - 0x00007ffce04a4000 	C:\WINDOWS\SYSTEM32\windows.storage.dll
0x00007ffce3fe0000 - 0x00007ffce4334000 	C:\WINDOWS\System32\combase.dll
0x00007ffce1b50000 - 0x00007ffce1b80000 	C:\WINDOWS\SYSTEM32\Wldp.dll
0x00007ffce46e0000 - 0x00007ffce478d000 	C:\WINDOWS\System32\SHCORE.dll
0x00007ffce3b70000 - 0x00007ffce3bc5000 	C:\WINDOWS\System32\shlwapi.dll
0x00007ffce2030000 - 0x00007ffce204f000 	C:\WINDOWS\SYSTEM32\profapi.dll
0x00007ffcac710000 - 0x00007ffcac72a000 	C:\Program Files\Java\jdk1.8.0_251\jre\bin\net.dll
0x00007ffce18b0000 - 0x00007ffce191a000 	C:\WINDOWS\system32\mswsock.dll
0x00007ffca60b0000 - 0x00007ffca60c2000 	C:\Program Files\Java\jdk1.8.0_251\jre\bin\nio.dll

VM Arguments:
java_command: s3m.jar C:\UFPE\miningframework\SOOTAnalysisOutput\jenkins\8991d8a6482909a9dd0627c568e63e02d1beb7f7\hudson\model\Queue\left.java C:\UFPE\miningframework\SOOTAnalysisOutput\jenkins\8991d8a6482909a9dd0627c568e63e02d1beb7f7\hudson\model\Queue\base.java C:\UFPE\miningframework\SOOTAnalysisOutput\jenkins\8991d8a6482909a9dd0627c568e63e02d1beb7f7\hudson\model\Queue\right.java -o C:\UFPE\miningframework\SOOTAnalysisOutput\jenkins\8991d8a6482909a9dd0627c568e63e02d1beb7f7\hudson\model\Queue\SimpleInitializationBlockHandler.java --handle-initialization-blocks true --handle-initialization-blocks-multiple-blocks false
java_class_path (initial): s3m.jar
Launcher Type: SUN_STANDARD

Environment Variables:
JAVA_HOME=C:\Program Files\Java\jdk1.8.0_291
PATH=C:\Program Files\Common Files\Oracle\Java\javapath;C:\Program Files (x86)\Common Files\Oracle\Java\javapath;C:\Windows\system32;C:\Windows;C:\Windows\System32\Wbem;C:\Windows\System32\WindowsPowerShell\v1.0\;C:\Windows\System32\OpenSSH\;C:\Program Files (x86)\NVIDIA Corporation\PhysX\Common;C:\Program Files\NVIDIA Corporation\NVIDIA NvDLISR;C:\Program Files (x86)\Groovy\bin;C:\Program Files (x86)\GnuWin32\bin;C:\UFPE\maven\apache-maven-3.6.3\bin;C:\WINDOWS\system32;C:\WINDOWS;C:\WINDOWS\System32\Wbem;C:\WINDOWS\System32\WindowsPowerShell\v1.0\;C:\WINDOWS\System32\OpenSSH\;C:\Program Files\Git\cmd;C:\Program Files\dotnet\;C:\Users\leona\AppData\Local\Microsoft\WindowsApps;C:\Program Files\Java\jdk-11.0.15\bin;C:\UFPE\maven\apache-maven-3.6.3\bin;C:\Users\leona\AppData\Local\GitHubDesktop\bin;C:\Users\leona\AppData\Local\Programs\Microsoft VS Code\bin;C:\Program Files\JetBrains\IntelliJ IDEA Community Edition 2020.2.3\bin;;C:\Program Files (x86)\GnuWin32\bin;C:\Users\leona\AppData\Local\Microsoft\WindowsApps;C:\flutter\flutter\bin;C:\gradle\bin;
USERNAME=leona
OS=Windows_NT
PROCESSOR_IDENTIFIER=Intel64 Family 6 Model 142 Stepping 12, GenuineIntel



---------------  S Y S T E M  ---------------

OS: Windows 10.0 , 64 bit Build 19041 (10.0.19041.1806)

CPU:total 8 (initial active 8) (4 cores per cpu, 2 threads per core) family 6 model 142 stepping 12, cmov, cx8, fxsr, mmx, sse, sse2, sse3, ssse3, sse4.1, sse4.2, popcnt, avx, avx2, aes, clmul, erms, 3dnowpref, lzcnt, ht, tsc, tscinvbit, bmi1, bmi2, adx

Memory: 4k page, physical 16556280k(799352k free), swap 45608436k(5160k free)

vm_info: Java HotSpot(TM) 64-Bit Server VM (25.251-b08) for windows-amd64 JRE (1.8.0_251-b08), built on Mar 12 2020 06:31:49 by "" with MS VC++ 10.0 (VS2010)

time: Tue Aug 02 20:43:05 2022
timezone: Hora Padrão de Buenos Aires
elapsed time: 3 seconds (0d 0h 0m 3s)

