#
# There is insufficient memory for the Java Runtime Environment to continue.
# Native memory allocation (malloc) failed to allocate 32744 bytes for ChunkPool::allocate
# Possible reasons:
#   The system is out of physical RAM or swap space
#   The process is running with CompressedOops enabled, and the Java Heap may be blocking the growth of the native heap
# Possible solutions:
#   Reduce memory load on the system
#   Increase physical memory or swap space
#   Check if swap backing store is full
#   Decrease Java heap size (-Xmx/-Xms)
#   Decrease number of Java threads
#   Decrease Java thread stack sizes (-Xss)
#   Set larger code cache with -XX:ReservedCodeCacheSize=
#   JVM is running with Zero Based Compressed Oops mode in which the Java heap is
#     placed in the first 32GB address space. The Java Heap base address is the
#     maximum limit for the native heap growth. Please use -XX:HeapBaseMinAddress
#     to set the Java Heap base and to place the Java Heap above 32GB virtual address.
# This output file may be truncated or incomplete.
#
#  Out of Memory Error (allocation.cpp:272), pid=153824, tid=0x0000000000025394
#
# JRE version: Java(TM) SE Runtime Environment (8.0_251-b08) (build 1.8.0_251-b08)
# Java VM: Java HotSpot(TM) 64-Bit Server VM (25.251-b08 mixed mode windows-amd64 compressed oops)
# Failed to write core dump. Minidumps are not enabled by default on client versions of Windows
#

---------------  T H R E A D  ---------------

Current thread (0x000000001e49e800):  JavaThread "C2 CompilerThread1" daemon [_thread_in_native, id=152468, stack(0x000000001eea0000,0x000000001efa0000)]

Stack: [0x000000001eea0000,0x000000001efa0000]
[error occurred during error reporting (printing stack bounds), id 0xc0000005]

Native frames: (J=compiled Java code, j=interpreted, Vv=VM code, C=native code)


Current CompileTask:
C2:   8256 2746       4       org.eclipse.jdt.internal.compiler.lookup.PackageBinding::getType0 (18 bytes)


---------------  P R O C E S S  ---------------

Java Threads: ( => current thread )
  0x000000001e532000 JavaThread "Service Thread" daemon [_thread_blocked, id=138144, stack(0x000000001f1a0000,0x000000001f2a0000)]
  0x000000001e4a9000 JavaThread "C1 CompilerThread3" daemon [_thread_in_vm, id=152748, stack(0x000000001f0a0000,0x000000001f1a0000)]
  0x000000001e4a1000 JavaThread "C2 CompilerThread2" daemon [_thread_in_native, id=155912, stack(0x000000001efa0000,0x000000001f0a0000)]
=>0x000000001e49e800 JavaThread "C2 CompilerThread1" daemon [_thread_in_native, id=152468, stack(0x000000001eea0000,0x000000001efa0000)]
  0x000000001e49b800 JavaThread "C2 CompilerThread0" daemon [_thread_in_native, id=155232, stack(0x000000001eda0000,0x000000001eea0000)]
  0x000000001e498800 JavaThread "Attach Listener" daemon [_thread_blocked, id=153960, stack(0x000000001eca0000,0x000000001eda0000)]
  0x000000001e496000 JavaThread "Signal Dispatcher" daemon [_thread_blocked, id=142900, stack(0x000000001eba0000,0x000000001eca0000)]
  0x000000001e491800 JavaThread "Finalizer" daemon [_thread_blocked, id=153176, stack(0x000000001e970000,0x000000001ea70000)]
  0x000000001e490800 JavaThread "Reference Handler" daemon [_thread_blocked, id=157984, stack(0x000000001e870000,0x000000001e970000)]
  0x0000000002c02800 JavaThread "main" [_thread_in_Java, id=47624, stack(0x0000000002ad0000,0x0000000002bd0000)]

Other Threads:
  0x000000001c649000 VMThread [stack: 0x000000001e370000,0x000000001e470000] [id=159468]
  0x000000001e4c4000 WatcherThread [stack: 0x000000001f2a0000,0x000000001f3a0000] [id=157432]

VM state:not at safepoint (normal execution)

VM Mutex/Monitor currently owned by a thread: None

heap address: 0x00000006c3e00000, size: 4034 MB, Compressed Oops mode: Zero based, Oop shift amount: 3
Narrow klass base: 0x0000000000000000, Narrow klass shift: 3
Compressed class space size: 1073741824 Address: 0x00000007c0000000

Heap:
 PSYoungGen      total 1371136K, used 463665K [0x000000076bf80000, 0x00000007c0000000, 0x00000007c0000000)
  eden space 1365504K, 33% used [0x000000076bf80000,0x00000007881445a8,0x00000007bf500000)
  from space 5632K, 55% used [0x00000007bfa80000,0x00000007bfd88000,0x00000007c0000000)
  to   space 5632K, 0% used [0x00000007bf500000,0x00000007bf500000,0x00000007bfa80000)
 ParOldGen       total 173568K, used 15482K [0x00000006c3e00000, 0x00000006ce780000, 0x000000076bf80000)
  object space 173568K, 8% used [0x00000006c3e00000,0x00000006c4d1e928,0x00000006ce780000)
 Metaspace       used 17127K, capacity 17460K, committed 17920K, reserved 1064960K
  class space    used 1587K, capacity 1676K, committed 1792K, reserved 1048576K

Card table byte_map: [0x00000000120d0000,0x00000000128c0000] byte_map_base: 0x000000000eab1000

Marking Bits: (ParMarkBitMap*) 0x0000000074c9af90
 Begin Bits: [0x0000000013610000, 0x0000000017518000)
 End Bits:   [0x0000000017518000, 0x000000001b420000)

Polling page: 0x0000000002be0000

CodeCache: size=245760Kb used=13668Kb max_used=13668Kb free=232091Kb
 bounds [0x0000000002d10000, 0x0000000003a80000, 0x0000000011d10000]
 total_blobs=3139 nmethods=2731 adapters=320
 compilation: enabled

Compilation events (10 events):
Event: 8.249 Thread 0x000000001e4a9000 nmethod 2729 0x0000000003a56d50 code [0x0000000003a56ee0, 0x0000000003a573a8]
Event: 8.249 Thread 0x000000001e4a9000 2727       3       org.eclipse.jdt.internal.compiler.lookup.ReferenceBinding::isPublic (13 bytes)
Event: 8.249 Thread 0x000000001e4a9000 nmethod 2727 0x0000000003a569d0 code [0x0000000003a56b20, 0x0000000003a56cd0]
Event: 8.249 Thread 0x000000001e4a9000 2736       3       org.eclipse.jdt.internal.compiler.lookup.SourceTypeBinding::areMethodsInitialized (29 bytes)
Event: 8.249 Thread 0x000000001e4a9000 nmethod 2736 0x0000000003a6e1d0 code [0x0000000003a6e360, 0x0000000003a6e9e8]
Event: 8.249 Thread 0x000000001e4a9000 2750       3       org.eclipse.jdt.internal.compiler.lookup.ClassScope::buildMethods (562 bytes)
Event: 8.249 Thread 0x000000001e49e800 nmethod 2741 0x0000000003a561d0 code [0x0000000003a56320, 0x0000000003a566d8]
Event: 8.249 Thread 0x000000001e49e800 2747       4       org.eclipse.jdt.internal.compiler.lookup.Scope::compilerOptions (11 bytes)
Event: 8.251 Thread 0x000000001e49e800 nmethod 2747 0x0000000003a6b210 code [0x0000000003a6b360, 0x0000000003a6b418]
Event: 8.251 Thread 0x000000001e49e800 2746       4       org.eclipse.jdt.internal.compiler.lookup.PackageBinding::getType0 (18 bytes)

GC Heap History (10 events):
Event: 2.387 GC heap before
{Heap before GC invocations=10 (full 0):
 PSYoungGen      total 525824K, used 522368K [0x000000076bf80000, 0x000000079f880000, 0x00000007c0000000)
  eden space 520192K, 100% used [0x000000076bf80000,0x000000078bb80000,0x000000078bb80000)
  from space 5632K, 38% used [0x000000078bb80000,0x000000078bda0000,0x000000078c100000)
  to   space 6144K, 0% used [0x000000079f280000,0x000000079f280000,0x000000079f880000)
 ParOldGen       total 173568K, used 4475K [0x00000006c3e00000, 0x00000006ce780000, 0x000000076bf80000)
  object space 173568K, 2% used [0x00000006c3e00000,0x00000006c425edd8,0x00000006ce780000)
 Metaspace       used 9210K, capacity 9454K, committed 9728K, reserved 1058816K
  class space    used 945K, capacity 1001K, committed 1024K, reserved 1048576K
Event: 2.392 GC heap after
Heap after GC invocations=10 (full 0):
 PSYoungGen      total 837632K, used 2560K [0x000000076bf80000, 0x000000079f780000, 0x00000007c0000000)
  eden space 832512K, 0% used [0x000000076bf80000,0x000000076bf80000,0x000000079ec80000)
  from space 5120K, 50% used [0x000000079f280000,0x000000079f500000,0x000000079f780000)
  to   space 5632K, 0% used [0x000000079ec80000,0x000000079ec80000,0x000000079f200000)
 ParOldGen       total 173568K, used 5547K [0x00000006c3e00000, 0x00000006ce780000, 0x000000076bf80000)
  object space 173568K, 3% used [0x00000006c3e00000,0x00000006c436add8,0x00000006ce780000)
 Metaspace       used 9210K, capacity 9454K, committed 9728K, reserved 1058816K
  class space    used 945K, capacity 1001K, committed 1024K, reserved 1048576K
}
Event: 3.103 GC heap before
{Heap before GC invocations=11 (full 0):
 PSYoungGen      total 837632K, used 835072K [0x000000076bf80000, 0x000000079f780000, 0x00000007c0000000)
  eden space 832512K, 100% used [0x000000076bf80000,0x000000079ec80000,0x000000079ec80000)
  from space 5120K, 50% used [0x000000079f280000,0x000000079f500000,0x000000079f780000)
  to   space 5632K, 0% used [0x000000079ec80000,0x000000079ec80000,0x000000079f200000)
 ParOldGen       total 173568K, used 5547K [0x00000006c3e00000, 0x00000006ce780000, 0x000000076bf80000)
  object space 173568K, 3% used [0x00000006c3e00000,0x00000006c436add8,0x00000006ce780000)
 Metaspace       used 9237K, capacity 9454K, committed 9728K, reserved 1058816K
  class space    used 945K, capacity 1001K, committed 1024K, reserved 1048576K
Event: 3.111 GC heap after
Heap after GC invocations=11 (full 0):
 PSYoungGen      total 838144K, used 2272K [0x000000076bf80000, 0x00000007bdf80000, 0x00000007c0000000)
  eden space 832512K, 0% used [0x000000076bf80000,0x000000076bf80000,0x000000079ec80000)
  from space 5632K, 40% used [0x000000079ec80000,0x000000079eeb8020,0x000000079f200000)
  to   space 5632K, 0% used [0x00000007bda00000,0x00000007bda00000,0x00000007bdf80000)
 ParOldGen       total 173568K, used 8045K [0x00000006c3e00000, 0x00000006ce780000, 0x000000076bf80000)
  object space 173568K, 4% used [0x00000006c3e00000,0x00000006c45db440,0x00000006ce780000)
 Metaspace       used 9237K, capacity 9454K, committed 9728K, reserved 1058816K
  class space    used 945K, capacity 1001K, committed 1024K, reserved 1048576K
}
Event: 3.693 GC heap before
{Heap before GC invocations=12 (full 0):
 PSYoungGen      total 838144K, used 834784K [0x000000076bf80000, 0x00000007bdf80000, 0x00000007c0000000)
  eden space 832512K, 100% used [0x000000076bf80000,0x000000079ec80000,0x000000079ec80000)
  from space 5632K, 40% used [0x000000079ec80000,0x000000079eeb8020,0x000000079f200000)
  to   space 5632K, 0% used [0x00000007bda00000,0x00000007bda00000,0x00000007bdf80000)
 ParOldGen       total 173568K, used 8045K [0x00000006c3e00000, 0x00000006ce780000, 0x000000076bf80000)
  object space 173568K, 4% used [0x00000006c3e00000,0x00000006c45db440,0x00000006ce780000)
 Metaspace       used 9238K, capacity 9454K, committed 9728K, reserved 1058816K
  class space    used 945K, capacity 1001K, committed 1024K, reserved 1048576K
Event: 3.698 GC heap after
Heap after GC invocations=12 (full 0):
 PSYoungGen      total 1337856K, used 1760K [0x000000076bf80000, 0x00000007bdf80000, 0x00000007c0000000)
  eden space 1332224K, 0% used [0x000000076bf80000,0x000000076bf80000,0x00000007bd480000)
  from space 5632K, 31% used [0x00000007bda00000,0x00000007bdbb8000,0x00000007bdf80000)
  to   space 5632K, 0% used [0x00000007bd480000,0x00000007bd480000,0x00000007bda00000)
 ParOldGen       total 173568K, used 10215K [0x00000006c3e00000, 0x00000006ce780000, 0x000000076bf80000)
  object space 173568K, 5% used [0x00000006c3e00000,0x00000006c47f9f10,0x00000006ce780000)
 Metaspace       used 9238K, capacity 9454K, committed 9728K, reserved 1058816K
  class space    used 945K, capacity 1001K, committed 1024K, reserved 1048576K
}
Event: 4.694 GC heap before
{Heap before GC invocations=13 (full 0):
 PSYoungGen      total 1337856K, used 1333984K [0x000000076bf80000, 0x00000007bdf80000, 0x00000007c0000000)
  eden space 1332224K, 100% used [0x000000076bf80000,0x00000007bd480000,0x00000007bd480000)
  from space 5632K, 31% used [0x00000007bda00000,0x00000007bdbb8000,0x00000007bdf80000)
  to   space 5632K, 0% used [0x00000007bd480000,0x00000007bd480000,0x00000007bda00000)
 ParOldGen       total 173568K, used 10215K [0x00000006c3e00000, 0x00000006ce780000, 0x000000076bf80000)
  object space 173568K, 5% used [0x00000006c3e00000,0x00000006c47f9f10,0x00000006ce780000)
 Metaspace       used 9284K, capacity 9518K, committed 9728K, reserved 1058816K
  class space    used 945K, capacity 1001K, committed 1024K, reserved 1048576K
Event: 4.700 GC heap after
Heap after GC invocations=13 (full 0):
 PSYoungGen      total 1337856K, used 3680K [0x000000076bf80000, 0x00000007c0000000, 0x00000007c0000000)
  eden space 1332224K, 0% used [0x000000076bf80000,0x000000076bf80000,0x00000007bd480000)
  from space 5632K, 65% used [0x00000007bd480000,0x00000007bd818020,0x00000007bda00000)
  to   space 5632K, 0% used [0x00000007bfa80000,0x00000007bfa80000,0x00000007c0000000)
 ParOldGen       total 173568K, used 11927K [0x00000006c3e00000, 0x00000006ce780000, 0x000000076bf80000)
  object space 173568K, 6% used [0x00000006c3e00000,0x00000006c49a5f10,0x00000006ce780000)
 Metaspace       used 9284K, capacity 9518K, committed 9728K, reserved 1058816K
  class space    used 945K, capacity 1001K, committed 1024K, reserved 1048576K
}
Event: 5.309 GC heap before
{Heap before GC invocations=14 (full 0):
 PSYoungGen      total 1337856K, used 1335904K [0x000000076bf80000, 0x00000007c0000000, 0x00000007c0000000)
  eden space 1332224K, 100% used [0x000000076bf80000,0x00000007bd480000,0x00000007bd480000)
  from space 5632K, 65% used [0x00000007bd480000,0x00000007bd818020,0x00000007bda00000)
  to   space 5632K, 0% used [0x00000007bfa80000,0x00000007bfa80000,0x00000007c0000000)
 ParOldGen       total 173568K, used 11927K [0x00000006c3e00000, 0x00000006ce780000, 0x000000076bf80000)
  object space 173568K, 6% used [0x00000006c3e00000,0x00000006c49a5f10,0x00000006ce780000)
 Metaspace       used 9287K, capacity 9518K, committed 9728K, reserved 1058816K
  class space    used 945K, capacity 1001K, committed 1024K, reserved 1048576K
Event: 5.316 GC heap after
Heap after GC invocations=14 (full 0):
 PSYoungGen      total 1371136K, used 3104K [0x000000076bf80000, 0x00000007c0000000, 0x00000007c0000000)
  eden space 1365504K, 0% used [0x000000076bf80000,0x000000076bf80000,0x00000007bf500000)
  from space 5632K, 55% used [0x00000007bfa80000,0x00000007bfd88000,0x00000007c0000000)
  to   space 5632K, 0% used [0x00000007bf500000,0x00000007bf500000,0x00000007bfa80000)
 ParOldGen       total 173568K, used 15482K [0x00000006c3e00000, 0x00000006ce780000, 0x000000076bf80000)
  object space 173568K, 8% used [0x00000006c3e00000,0x00000006c4d1e928,0x00000006ce780000)
 Metaspace       used 9287K, capacity 9518K, committed 9728K, reserved 1058816K
  class space    used 945K, capacity 1001K, committed 1024K, reserved 1048576K
}

Deoptimization events (10 events):
Event: 7.510 Thread 0x0000000002c02800 Uncommon trap: reason=class_check action=maybe_recompile pc=0x0000000003062618 method=java.util.stream.ReduceOps$3ReducingSink.accept(Ljava/lang/Object;)V @ 9
Event: 7.510 Thread 0x0000000002c02800 Uncommon trap: reason=class_check action=maybe_recompile pc=0x0000000003062618 method=java.util.stream.ReduceOps$3ReducingSink.accept(Ljava/lang/Object;)V @ 9
Event: 7.510 Thread 0x0000000002c02800 Uncommon trap: reason=class_check action=maybe_recompile pc=0x0000000003062618 method=java.util.stream.ReduceOps$3ReducingSink.accept(Ljava/lang/Object;)V @ 9
Event: 7.510 Thread 0x0000000002c02800 Uncommon trap: reason=class_check action=maybe_recompile pc=0x0000000003062618 method=java.util.stream.ReduceOps$3ReducingSink.accept(Ljava/lang/Object;)V @ 9
Event: 7.559 Thread 0x0000000002c02800 Uncommon trap: reason=unstable_if action=reinterpret pc=0x000000000375be2c method=org.apache.commons.lang3.StringUtils.getLevenshteinDistance(Ljava/lang/CharSequence;Ljava/lang/CharSequence;)I @ 108
Event: 7.585 Thread 0x0000000002c02800 Uncommon trap: reason=unstable_if action=reinterpret pc=0x000000000316578c method=java.util.regex.Pattern.RemoveQEQuoting()V @ 41
Event: 7.938 Thread 0x0000000002c02800 Uncommon trap: reason=unstable_if action=reinterpret pc=0x00000000038ad20c method=org.eclipse.jdt.internal.compiler.parser.Parser.consumeToken(I)V @ 1366
Event: 7.968 Thread 0x0000000002c02800 Uncommon trap: reason=unstable_if action=reinterpret pc=0x00000000038e76a4 method=org.eclipse.jdt.internal.compiler.parser.Scanner.getNextToken0()I @ 2095
Event: 8.075 Thread 0x0000000002c02800 Uncommon trap: reason=unstable_if action=reinterpret pc=0x00000000038691ec method=org.eclipse.jdt.internal.compiler.parser.Scanner.getNextToken()I @ 80
Event: 8.078 Thread 0x0000000002c02800 Uncommon trap: reason=unstable_if action=reinterpret pc=0x00000000037f0770 method=sun.net.www.ParseUtil.encodePath(Ljava/lang/String;Z)Ljava/lang/String; @ 109

Classes redefined (0 events):
No events

Internal exceptions (10 events):
Event: 0.314 Thread 0x0000000002c02800 Exception <a 'java/security/PrivilegedActionException'> (0x000000076cb72288) thrown at [C:\jenkins\workspace\8-2-build-windows-amd64-cygwin\jdk8u251\737\hotspot\src\share\vm\prims\jvm.cpp, line 1502]
Event: 0.314 Thread 0x0000000002c02800 Exception <a 'java/security/PrivilegedActionException'> (0x000000076cb72680) thrown at [C:\jenkins\workspace\8-2-build-windows-amd64-cygwin\jdk8u251\737\hotspot\src\share\vm\prims\jvm.cpp, line 1502]
Event: 0.548 Thread 0x0000000002c02800 Implicit null exception at 0x0000000003033b51 to 0x0000000003033b7d
Event: 5.619 Thread 0x0000000002c02800 Implicit null exception at 0x00000000030729a0 to 0x0000000003072d7d
Event: 7.701 Thread 0x0000000002c02800 Exception <a 'java/io/FileNotFoundException'> (0x00000007820eb930) thrown at [C:\jenkins\workspace\8-2-build-windows-amd64-cygwin\jdk8u251\737\hotspot\src\share\vm\prims\jni.cpp, line 710]
Event: 7.940 Thread 0x0000000002c02800 Exception <a 'java/lang/ArrayIndexOutOfBoundsException'> (0x0000000782ee9700) thrown at [C:\jenkins\workspace\8-2-build-windows-amd64-cygwin\jdk8u251\737\hotspot\src\share\vm\runtime\sharedRuntime.cpp, line 605]
Event: 7.940 Thread 0x0000000002c02800 Exception <a 'java/lang/ArrayIndexOutOfBoundsException'> (0x0000000782ee9940) thrown at [C:\jenkins\workspace\8-2-build-windows-amd64-cygwin\jdk8u251\737\hotspot\src\share\vm\runtime\sharedRuntime.cpp, line 605]
Event: 7.940 Thread 0x0000000002c02800 Exception <a 'java/lang/ArrayIndexOutOfBoundsException'> (0x0000000782ee9b80) thrown at [C:\jenkins\workspace\8-2-build-windows-amd64-cygwin\jdk8u251\737\hotspot\src\share\vm\runtime\sharedRuntime.cpp, line 605]
Event: 7.986 Thread 0x0000000002c02800 Exception <a 'java/lang/ArrayIndexOutOfBoundsException': 259057> (0x000000078308a8f0) thrown at [C:\jenkins\workspace\8-2-build-windows-amd64-cygwin\jdk8u251\737\hotspot\src\share\vm\interpreter\interpreterRuntime.cpp, line 368]
Event: 7.998 Thread 0x0000000002c02800 Exception <a 'java/lang/IncompatibleClassChangeError': Found class java.lang.Object, but interface was expected> (0x00000007830de9f0) thrown at [C:\jenkins\workspace\8-2-build-windows-amd64-cygwin\jdk8u251\737\hotspot\src\share\vm\interpreter\linkResolver

Events (10 events):
Event: 8.183 loading class org/eclipse/jdt/internal/compiler/lookup/ParameterizedFieldBinding
Event: 8.183 loading class org/eclipse/jdt/internal/compiler/lookup/ParameterizedFieldBinding done
Event: 8.184 Executing VM operation: Deoptimize
Event: 8.184 Executing VM operation: Deoptimize done
Event: 8.187 loading class org/eclipse/jdt/internal/compiler/util/ObjectVector
Event: 8.187 loading class org/eclipse/jdt/internal/compiler/util/ObjectVector done
Event: 8.188 loading class org/eclipse/jdt/internal/compiler/impl/BooleanConstant
Event: 8.188 loading class org/eclipse/jdt/internal/compiler/impl/BooleanConstant done
Event: 8.197 loading class sun/misc/FloatingDecimal$ASCIIToBinaryBuffer
Event: 8.197 loading class sun/misc/FloatingDecimal$ASCIIToBinaryBuffer done


Dynamic libraries:
0x00007ff7939c0000 - 0x00007ff7939f7000 	C:\Program Files\Java\jdk1.8.0_251\bin\java.exe
0x00007ffd09a30000 - 0x00007ffd09c28000 	C:\WINDOWS\SYSTEM32\ntdll.dll
0x00007ffd08070000 - 0x00007ffd0812f000 	C:\WINDOWS\System32\KERNEL32.DLL
0x00007ffd07540000 - 0x00007ffd07812000 	C:\WINDOWS\System32\KERNELBASE.dll
0x00007ffd085a0000 - 0x00007ffd0864e000 	C:\WINDOWS\System32\ADVAPI32.dll
0x00007ffd089c0000 - 0x00007ffd08a5e000 	C:\WINDOWS\System32\msvcrt.dll
0x00007ffd08650000 - 0x00007ffd086ec000 	C:\WINDOWS\System32\sechost.dll
0x00007ffd07d10000 - 0x00007ffd07e35000 	C:\WINDOWS\System32\RPCRT4.dll
0x00007ffd08e70000 - 0x00007ffd09011000 	C:\WINDOWS\System32\USER32.dll
0x00007ffd073d0000 - 0x00007ffd073f2000 	C:\WINDOWS\System32\win32u.dll
0x00007ffd07f70000 - 0x00007ffd07f9b000 	C:\WINDOWS\System32\GDI32.dll
0x00007ffd07120000 - 0x00007ffd0722f000 	C:\WINDOWS\System32\gdi32full.dll
0x00007ffd07820000 - 0x00007ffd078bd000 	C:\WINDOWS\System32\msvcp_win.dll
0x00007ffd07230000 - 0x00007ffd07330000 	C:\WINDOWS\System32\ucrtbase.dll
0x00007ffce8280000 - 0x00007ffce851a000 	C:\WINDOWS\WinSxS\amd64_microsoft.windows.common-controls_6595b64144ccf1df_6.0.19041.1110_none_60b5254171f9507e\COMCTL32.dll
0x00007ffd07ad0000 - 0x00007ffd07b02000 	C:\WINDOWS\System32\IMM32.DLL
0x0000000075ee0000 - 0x0000000075fb2000 	C:\Program Files\Java\jdk1.8.0_251\jre\bin\msvcr100.dll
0x0000000074470000 - 0x0000000074d1b000 	C:\Program Files\Java\jdk1.8.0_251\jre\bin\server\jvm.dll
0x00007ffd07e40000 - 0x00007ffd07e48000 	C:\WINDOWS\System32\PSAPI.DLL
0x00007ffcfd9c0000 - 0x00007ffcfd9ca000 	C:\WINDOWS\SYSTEM32\VERSION.dll
0x00007ffd01200000 - 0x00007ffd01227000 	C:\WINDOWS\SYSTEM32\WINMM.dll
0x00007ffcecb50000 - 0x00007ffcecb59000 	C:\WINDOWS\SYSTEM32\WSOCK32.dll
0x00007ffd097d0000 - 0x00007ffd0983b000 	C:\WINDOWS\System32\WS2_32.dll
0x00007ffcf8240000 - 0x00007ffcf824f000 	C:\Program Files\Java\jdk1.8.0_251\jre\bin\verify.dll
0x00007ffcd0830000 - 0x00007ffcd0859000 	C:\Program Files\Java\jdk1.8.0_251\jre\bin\java.dll
0x00007ffcefb40000 - 0x00007ffcefb56000 	C:\Program Files\Java\jdk1.8.0_251\jre\bin\zip.dll
0x00007ffd09020000 - 0x00007ffd09765000 	C:\WINDOWS\System32\SHELL32.dll
0x00007ffd04d00000 - 0x00007ffd05492000 	C:\WINDOWS\SYSTEM32\windows.storage.dll
0x00007ffd08b10000 - 0x00007ffd08e65000 	C:\WINDOWS\System32\combase.dll
0x00007ffd06b80000 - 0x00007ffd06bb0000 	C:\WINDOWS\SYSTEM32\Wldp.dll
0x00007ffd07ec0000 - 0x00007ffd07f6d000 	C:\WINDOWS\System32\SHCORE.dll
0x00007ffd07e50000 - 0x00007ffd07ea5000 	C:\WINDOWS\System32\shlwapi.dll
0x00007ffd07060000 - 0x00007ffd0707f000 	C:\WINDOWS\SYSTEM32\profapi.dll
0x00007ffce5da0000 - 0x00007ffce5dba000 	C:\Program Files\Java\jdk1.8.0_251\jre\bin\net.dll
0x00007ffd068e0000 - 0x00007ffd0694a000 	C:\WINDOWS\system32\mswsock.dll
0x00007ffcd6df0000 - 0x00007ffcd6e02000 	C:\Program Files\Java\jdk1.8.0_251\jre\bin\nio.dll

VM Arguments:
java_command: s3m.jar C:\UFPE\miningframework\SOOTAnalysisOutput\hive\b3914c37aa6df1e4a3536ebe9f277a765f3eadff\org\apache\hadoop\hive\conf\HiveConf\left.java C:\UFPE\miningframework\SOOTAnalysisOutput\hive\b3914c37aa6df1e4a3536ebe9f277a765f3eadff\org\apache\hadoop\hive\conf\HiveConf\base.java C:\UFPE\miningframework\SOOTAnalysisOutput\hive\b3914c37aa6df1e4a3536ebe9f277a765f3eadff\org\apache\hadoop\hive\conf\HiveConf\right.java -o C:\UFPE\miningframework\SOOTAnalysisOutput\hive\b3914c37aa6df1e4a3536ebe9f277a765f3eadff\org\apache\hadoop\hive\conf\HiveConf\SimpleInitializationBlockHandler.java --handle-initialization-blocks true --handle-initialization-blocks-multiple-blocks false
java_class_path (initial): s3m.jar
Launcher Type: SUN_STANDARD

Environment Variables:
JAVA_HOME=C:\Program Files\Java\jdk1.8.0_291
PATH=C:\Program Files\Common Files\Oracle\Java\javapath;C:\Program Files (x86)\Common Files\Oracle\Java\javapath;C:\Windows\system32;C:\Windows;C:\Windows\System32\Wbem;C:\Windows\System32\WindowsPowerShell\v1.0\;C:\Windows\System32\OpenSSH\;C:\Program Files (x86)\NVIDIA Corporation\PhysX\Common;C:\Program Files\NVIDIA Corporation\NVIDIA NvDLISR;C:\Program Files (x86)\Groovy\bin;C:\Program Files (x86)\GnuWin32\bin;C:\UFPE\maven\apache-maven-3.6.3\bin;C:\WINDOWS\system32;C:\WINDOWS;C:\WINDOWS\System32\Wbem;C:\WINDOWS\System32\WindowsPowerShell\v1.0\;C:\WINDOWS\System32\OpenSSH\;C:\Program Files\Git\cmd;C:\Program Files\dotnet\;C:\Users\leona\AppData\Local\Microsoft\WindowsApps;C:\Program Files\Java\jdk-11.0.15\bin;C:\UFPE\maven\apache-maven-3.6.3\bin;C:\Users\leona\AppData\Local\GitHubDesktop\bin;C:\Users\leona\AppData\Local\Programs\Microsoft VS Code\bin;C:\Program Files\JetBrains\IntelliJ IDEA Community Edition 2020.2.3\bin;;C:\Program Files (x86)\GnuWin32\bin;C:\Users\leona\AppData\Local\Microsoft\WindowsApps;C:\flutter\flutter\bin;C:\gradle\bin;
USERNAME=leona
OS=Windows_NT
PROCESSOR_IDENTIFIER=Intel64 Family 6 Model 142 Stepping 12, GenuineIntel



---------------  S Y S T E M  ---------------

OS: Windows 10.0 , 64 bit Build 19041 (10.0.19041.2546)

CPU:total 8 (initial active 8) (4 cores per cpu, 2 threads per core) family 6 model 142 stepping 12, cmov, cx8, fxsr, mmx, sse, sse2, sse3, ssse3, sse4.1, sse4.2, popcnt, avx, avx2, aes, clmul, erms, 3dnowpref, lzcnt, ht, tsc, tscinvbit, bmi1, bmi2, adx

Memory: 4k page, physical 16521856k(1071304k free), swap 45574012k(4104k free)

vm_info: Java HotSpot(TM) 64-Bit Server VM (25.251-b08) for windows-amd64 JRE (1.8.0_251-b08), built on Mar 12 2020 06:31:49 by "" with MS VC++ 10.0 (VS2010)

time: Tue Mar 07 00:51:26 2023
timezone: Hora Padrão de Buenos Aires
elapsed time: 8 seconds (0d 0h 0m 8s)

