#
# There is insufficient memory for the Java Runtime Environment to continue.
# Native memory allocation (malloc) failed to allocate 32784 bytes for Chunk::new
# Possible reasons:
#   The system is out of physical RAM or swap space
#   The process is running with CompressedOops enabled, and the Java Heap may be blocking the growth of the native heap
# Possible solutions:
#   Reduce memory load on the system
#   Increase physical memory or swap space
#   Check if swap backing store is full
#   Decrease Java heap size (-Xmx/-Xms)
#   Decrease number of Java threads
#   Decrease Java thread stack sizes (-Xss)
#   Set larger code cache with -XX:ReservedCodeCacheSize=
#   JVM is running with Zero Based Compressed Oops mode in which the Java heap is
#     placed in the first 32GB address space. The Java Heap base address is the
#     maximum limit for the native heap growth. Please use -XX:HeapBaseMinAddress
#     to set the Java Heap base and to place the Java Heap above 32GB virtual address.
# This output file may be truncated or incomplete.
#
#  Out of Memory Error (allocation.cpp:389), pid=156568, tid=0x0000000000026180
#
# JRE version: Java(TM) SE Runtime Environment (8.0_251-b08) (build 1.8.0_251-b08)
# Java VM: Java HotSpot(TM) 64-Bit Server VM (25.251-b08 mixed mode windows-amd64 compressed oops)
# Failed to write core dump. Minidumps are not enabled by default on client versions of Windows
#

---------------  T H R E A D  ---------------

Current thread (0x000000001e4c0000):  JavaThread "C2 CompilerThread0" daemon [_thread_in_native, id=156032, stack(0x000000001edb0000,0x000000001eeb0000)]

Stack: [0x000000001edb0000,0x000000001eeb0000]
[error occurred during error reporting (printing stack bounds), id 0xc0000005]

Native frames: (J=compiled Java code, j=interpreted, Vv=VM code, C=native code)


Current CompileTask:
C2:   7399 2295       4       org.eclipse.jdt.internal.compiler.parser.Parser::consumeToken (2061 bytes)


---------------  P R O C E S S  ---------------

Java Threads: ( => current thread )
  0x000000001e51c800 JavaThread "Service Thread" daemon [_thread_blocked, id=148636, stack(0x000000001f1b0000,0x000000001f2b0000)]
  0x000000001e4d5800 JavaThread "C1 CompilerThread3" daemon [_thread_in_native, id=157316, stack(0x000000001f0b0000,0x000000001f1b0000)]
  0x000000001e4c9800 JavaThread "C2 CompilerThread2" daemon [_thread_in_native, id=155120, stack(0x000000001efb0000,0x000000001f0b0000)]
  0x000000001e4c2800 JavaThread "C2 CompilerThread1" daemon [_thread_blocked, id=156632, stack(0x000000001eeb0000,0x000000001efb0000)]
=>0x000000001e4c0000 JavaThread "C2 CompilerThread0" daemon [_thread_in_native, id=156032, stack(0x000000001edb0000,0x000000001eeb0000)]
  0x000000001e4ba800 JavaThread "Attach Listener" daemon [_thread_blocked, id=153964, stack(0x000000001ecb0000,0x000000001edb0000)]
  0x000000001e4b8000 JavaThread "Signal Dispatcher" daemon [_thread_blocked, id=153296, stack(0x000000001ebb0000,0x000000001ecb0000)]
  0x0000000002db8000 JavaThread "Finalizer" daemon [_thread_blocked, id=158492, stack(0x000000001e990000,0x000000001ea90000)]
  0x000000001e4b0800 JavaThread "Reference Handler" daemon [_thread_blocked, id=156148, stack(0x000000001e890000,0x000000001e990000)]
  0x0000000002cc2800 JavaThread "main" [_thread_in_vm, id=153636, stack(0x0000000002bc0000,0x0000000002cc0000)]

Other Threads:
  0x000000001c6a9000 VMThread [stack: 0x000000001e390000,0x000000001e490000] [id=148008]
  0x000000001e51e800 WatcherThread [stack: 0x000000001f2b0000,0x000000001f3b0000] [id=159360]

VM state:not at safepoint (normal execution)

VM Mutex/Monitor currently owned by a thread: None

heap address: 0x00000006c3e00000, size: 4034 MB, Compressed Oops mode: Zero based, Oop shift amount: 3
Narrow klass base: 0x0000000000000000, Narrow klass shift: 3
Compressed class space size: 1073741824 Address: 0x00000007c0000000

Heap:
 PSYoungGen      total 1333760K, used 273668K [0x000000076bf80000, 0x00000007c0000000, 0x00000007c0000000)
  eden space 1329152K, 20% used [0x000000076bf80000,0x000000077c6610d0,0x00000007bd180000)
  from space 4608K, 97% used [0x00000007bd180000,0x00000007bd5e0000,0x00000007bd600000)
  to   space 5120K, 0% used [0x00000007bfb00000,0x00000007bfb00000,0x00000007c0000000)
 ParOldGen       total 173568K, used 15089K [0x00000006c3e00000, 0x00000006ce780000, 0x000000076bf80000)
  object space 173568K, 8% used [0x00000006c3e00000,0x00000006c4cbc678,0x00000006ce780000)
 Metaspace       used 16981K, capacity 17246K, committed 17536K, reserved 1064960K
  class space    used 1579K, capacity 1657K, committed 1664K, reserved 1048576K

Card table byte_map: [0x0000000012180000,0x0000000012970000] byte_map_base: 0x000000000eb61000

Marking Bits: (ParMarkBitMap*) 0x0000000074c9af90
 Begin Bits: [0x00000000136c0000, 0x00000000175c8000)
 End Bits:   [0x00000000175c8000, 0x000000001b4d0000)

Polling page: 0x0000000001330000

CodeCache: size=245760Kb used=13534Kb max_used=13534Kb free=232225Kb
 bounds [0x0000000002dc0000, 0x0000000003b10000, 0x0000000011dc0000]
 total_blobs=3014 nmethods=2605 adapters=321
 compilation: enabled

Compilation events (10 events):
Event: 7.378 Thread 0x000000001e4d5800 2617       1       org.eclipse.jdt.internal.compiler.ast.ASTNode::isThis (2 bytes)
Event: 7.378 Thread 0x000000001e4d5800 nmethod 2617 0x0000000003ae6390 code [0x0000000003ae64e0, 0x0000000003ae65f0]
Event: 7.378 Thread 0x000000001e4d5800 2612       1       org.eclipse.jdt.internal.compiler.lookup.ModuleBinding$UnNamedModule::isUnnamed (2 bytes)
Event: 7.378 Thread 0x000000001e4d5800 nmethod 2612 0x0000000003ae6650 code [0x0000000003ae67a0, 0x0000000003ae68b0]
Event: 7.381 Thread 0x000000001e4d5800 2619       3       org.eclipse.jdt.internal.compiler.lookup.Scope$Substitutor::substitute (837 bytes)
Event: 7.384 Thread 0x000000001e4c2800 nmethod 2616 0x0000000003ae9950 code [0x0000000003ae9aa0, 0x0000000003ae9ed8]
Event: 7.384 Thread 0x000000001e4c2800 2618       4       org.eclipse.jdt.internal.compiler.lookup.Scope::compilerOptions (11 bytes)
Event: 7.386 Thread 0x000000001e4c2800 nmethod 2618 0x0000000003ae6910 code [0x0000000003ae6a60, 0x0000000003ae6b18]
Event: 7.387 Thread 0x000000001e4d5800 nmethod 2619 0x0000000003aea210 code [0x0000000003aeaa20, 0x0000000003af1958]
Event: 7.387 Thread 0x000000001e4d5800 2626       3       org.eclipse.jdt.internal.compiler.lookup.CompilationUnitScope::faultInImports (984 bytes)

GC Heap History (10 events):
Event: 3.043 GC heap before
{Heap before GC invocations=9 (full 0):
 PSYoungGen      total 523776K, used 521504K [0x000000076bf80000, 0x000000078c380000, 0x00000007c0000000)
  eden space 519168K, 100% used [0x000000076bf80000,0x000000078ba80000,0x000000078ba80000)
  from space 4608K, 50% used [0x000000078bf00000,0x000000078c148000,0x000000078c380000)
  to   space 4608K, 0% used [0x000000078ba80000,0x000000078ba80000,0x000000078bf00000)
 ParOldGen       total 173568K, used 3189K [0x00000006c3e00000, 0x00000006ce780000, 0x000000076bf80000)
  object space 173568K, 1% used [0x00000006c3e00000,0x00000006c411d760,0x00000006ce780000)
 Metaspace       used 9384K, capacity 9614K, committed 9856K, reserved 1058816K
  class space    used 967K, capacity 1033K, committed 1152K, reserved 1048576K
Event: 3.051 GC heap after
Heap after GC invocations=9 (full 0):
 PSYoungGen      total 523776K, used 3456K [0x000000076bf80000, 0x000000079f400000, 0x00000007c0000000)
  eden space 519168K, 0% used [0x000000076bf80000,0x000000076bf80000,0x000000078ba80000)
  from space 4608K, 75% used [0x000000078ba80000,0x000000078bde0000,0x000000078bf00000)
  to   space 4608K, 0% used [0x000000079ef80000,0x000000079ef80000,0x000000079f400000)
 ParOldGen       total 173568K, used 3981K [0x00000006c3e00000, 0x00000006ce780000, 0x000000076bf80000)
  object space 173568K, 2% used [0x00000006c3e00000,0x00000006c41e3760,0x00000006ce780000)
 Metaspace       used 9384K, capacity 9614K, committed 9856K, reserved 1058816K
  class space    used 967K, capacity 1033K, committed 1152K, reserved 1048576K
}
Event: 3.614 GC heap before
{Heap before GC invocations=10 (full 0):
 PSYoungGen      total 523776K, used 522624K [0x000000076bf80000, 0x000000079f400000, 0x00000007c0000000)
  eden space 519168K, 100% used [0x000000076bf80000,0x000000078ba80000,0x000000078ba80000)
  from space 4608K, 75% used [0x000000078ba80000,0x000000078bde0000,0x000000078bf00000)
  to   space 4608K, 0% used [0x000000079ef80000,0x000000079ef80000,0x000000079f400000)
 ParOldGen       total 173568K, used 3981K [0x00000006c3e00000, 0x00000006ce780000, 0x000000076bf80000)
  object space 173568K, 2% used [0x00000006c3e00000,0x00000006c41e3760,0x00000006ce780000)
 Metaspace       used 9433K, capacity 9678K, committed 9856K, reserved 1058816K
  class space    used 967K, capacity 1033K, committed 1152K, reserved 1048576K
Event: 3.620 GC heap after
Heap after GC invocations=10 (full 0):
 PSYoungGen      total 835072K, used 3920K [0x000000076bf80000, 0x000000079f500000, 0x00000007c0000000)
  eden space 830464K, 0% used [0x000000076bf80000,0x000000076bf80000,0x000000079ea80000)
  from space 4608K, 85% used [0x000000079ef80000,0x000000079f354030,0x000000079f400000)
  to   space 5120K, 0% used [0x000000079ea80000,0x000000079ea80000,0x000000079ef80000)
 ParOldGen       total 173568K, used 5485K [0x00000006c3e00000, 0x00000006ce780000, 0x000000076bf80000)
  object space 173568K, 3% used [0x00000006c3e00000,0x00000006c435b760,0x00000006ce780000)
 Metaspace       used 9433K, capacity 9678K, committed 9856K, reserved 1058816K
  class space    used 967K, capacity 1033K, committed 1152K, reserved 1048576K
}
Event: 4.420 GC heap before
{Heap before GC invocations=11 (full 0):
 PSYoungGen      total 835072K, used 834384K [0x000000076bf80000, 0x000000079f500000, 0x00000007c0000000)
  eden space 830464K, 100% used [0x000000076bf80000,0x000000079ea80000,0x000000079ea80000)
  from space 4608K, 85% used [0x000000079ef80000,0x000000079f354030,0x000000079f400000)
  to   space 5120K, 0% used [0x000000079ea80000,0x000000079ea80000,0x000000079ef80000)
 ParOldGen       total 173568K, used 5485K [0x00000006c3e00000, 0x00000006ce780000, 0x000000076bf80000)
  object space 173568K, 3% used [0x00000006c3e00000,0x00000006c435b760,0x00000006ce780000)
 Metaspace       used 9440K, capacity 9678K, committed 9856K, reserved 1058816K
  class space    used 967K, capacity 1033K, committed 1152K, reserved 1048576K
Event: 4.428 GC heap after
Heap after GC invocations=11 (full 0):
 PSYoungGen      total 835584K, used 2656K [0x000000076bf80000, 0x00000007bdb80000, 0x00000007c0000000)
  eden space 830464K, 0% used [0x000000076bf80000,0x000000076bf80000,0x000000079ea80000)
  from space 5120K, 51% used [0x000000079ea80000,0x000000079ed18000,0x000000079ef80000)
  to   space 5120K, 0% used [0x00000007bd680000,0x00000007bd680000,0x00000007bdb80000)
 ParOldGen       total 173568K, used 9319K [0x00000006c3e00000, 0x00000006ce780000, 0x000000076bf80000)
  object space 173568K, 5% used [0x00000006c3e00000,0x00000006c4719dc8,0x00000006ce780000)
 Metaspace       used 9440K, capacity 9678K, committed 9856K, reserved 1058816K
  class space    used 967K, capacity 1033K, committed 1152K, reserved 1048576K
}
Event: 5.065 GC heap before
{Heap before GC invocations=12 (full 0):
 PSYoungGen      total 835584K, used 833120K [0x000000076bf80000, 0x00000007bdb80000, 0x00000007c0000000)
  eden space 830464K, 100% used [0x000000076bf80000,0x000000079ea80000,0x000000079ea80000)
  from space 5120K, 51% used [0x000000079ea80000,0x000000079ed18000,0x000000079ef80000)
  to   space 5120K, 0% used [0x00000007bd680000,0x00000007bd680000,0x00000007bdb80000)
 ParOldGen       total 173568K, used 9319K [0x00000006c3e00000, 0x00000006ce780000, 0x000000076bf80000)
  object space 173568K, 5% used [0x00000006c3e00000,0x00000006c4719dc8,0x00000006ce780000)
 Metaspace       used 9453K, capacity 9678K, committed 9856K, reserved 1058816K
  class space    used 967K, capacity 1033K, committed 1152K, reserved 1048576K
Event: 5.072 GC heap after
Heap after GC invocations=12 (full 0):
 PSYoungGen      total 1333248K, used 3264K [0x000000076bf80000, 0x00000007bda80000, 0x00000007c0000000)
  eden space 1329152K, 0% used [0x000000076bf80000,0x000000076bf80000,0x00000007bd180000)
  from space 4096K, 79% used [0x00000007bd680000,0x00000007bd9b0020,0x00000007bda80000)
  to   space 4608K, 0% used [0x00000007bd180000,0x00000007bd180000,0x00000007bd600000)
 ParOldGen       total 173568K, used 11903K [0x00000006c3e00000, 0x00000006ce780000, 0x000000076bf80000)
  object space 173568K, 6% used [0x00000006c3e00000,0x00000006c499fed8,0x00000006ce780000)
 Metaspace       used 9453K, capacity 9678K, committed 9856K, reserved 1058816K
  class space    used 967K, capacity 1033K, committed 1152K, reserved 1048576K
}
Event: 6.239 GC heap before
{Heap before GC invocations=13 (full 0):
 PSYoungGen      total 1333248K, used 1332416K [0x000000076bf80000, 0x00000007bda80000, 0x00000007c0000000)
  eden space 1329152K, 100% used [0x000000076bf80000,0x00000007bd180000,0x00000007bd180000)
  from space 4096K, 79% used [0x00000007bd680000,0x00000007bd9b0020,0x00000007bda80000)
  to   space 4608K, 0% used [0x00000007bd180000,0x00000007bd180000,0x00000007bd600000)
 ParOldGen       total 173568K, used 11903K [0x00000006c3e00000, 0x00000006ce780000, 0x000000076bf80000)
  object space 173568K, 6% used [0x00000006c3e00000,0x00000006c499fed8,0x00000006ce780000)
 Metaspace       used 9459K, capacity 9678K, committed 9856K, reserved 1058816K
  class space    used 967K, capacity 1033K, committed 1152K, reserved 1048576K
Event: 6.247 GC heap after
Heap after GC invocations=13 (full 0):
 PSYoungGen      total 1333760K, used 4480K [0x000000076bf80000, 0x00000007c0000000, 0x00000007c0000000)
  eden space 1329152K, 0% used [0x000000076bf80000,0x000000076bf80000,0x00000007bd180000)
  from space 4608K, 97% used [0x00000007bd180000,0x00000007bd5e0000,0x00000007bd600000)
  to   space 5120K, 0% used [0x00000007bfb00000,0x00000007bfb00000,0x00000007c0000000)
 ParOldGen       total 173568K, used 15089K [0x00000006c3e00000, 0x00000006ce780000, 0x000000076bf80000)
  object space 173568K, 8% used [0x00000006c3e00000,0x00000006c4cbc678,0x00000006ce780000)
 Metaspace       used 9459K, capacity 9678K, committed 9856K, reserved 1058816K
  class space    used 967K, capacity 1033K, committed 1152K, reserved 1048576K
}

Deoptimization events (10 events):
Event: 6.475 Thread 0x0000000002cc2800 Uncommon trap: reason=class_check action=maybe_recompile pc=0x0000000002fae9b8 method=java.util.stream.ReduceOps$3ReducingSink.accept(Ljava/lang/Object;)V @ 9
Event: 6.475 Thread 0x0000000002cc2800 Uncommon trap: reason=class_check action=maybe_recompile pc=0x0000000002fae9b8 method=java.util.stream.ReduceOps$3ReducingSink.accept(Ljava/lang/Object;)V @ 9
Event: 6.475 Thread 0x0000000002cc2800 Uncommon trap: reason=class_check action=maybe_recompile pc=0x0000000002fae9b8 method=java.util.stream.ReduceOps$3ReducingSink.accept(Ljava/lang/Object;)V @ 9
Event: 6.475 Thread 0x0000000002cc2800 Uncommon trap: reason=class_check action=maybe_recompile pc=0x0000000002fae9b8 method=java.util.stream.ReduceOps$3ReducingSink.accept(Ljava/lang/Object;)V @ 9
Event: 6.478 Thread 0x0000000002cc2800 Uncommon trap: reason=unstable_if action=reinterpret pc=0x0000000003241bcc method=java.util.regex.Pattern.RemoveQEQuoting()V @ 41
Event: 7.037 Thread 0x0000000002cc2800 Uncommon trap: reason=unstable_if action=reinterpret pc=0x0000000003930734 method=org.eclipse.jdt.internal.compiler.parser.Scanner.getNextToken0()I @ 281
Event: 7.056 Thread 0x0000000002cc2800 Uncommon trap: reason=unstable_if action=reinterpret pc=0x00000000038a5470 method=sun.net.www.ParseUtil.encodePath(Ljava/lang/String;Z)Ljava/lang/String; @ 109
Event: 7.063 Thread 0x0000000002cc2800 Uncommon trap: reason=unloaded action=reinterpret pc=0x0000000003957a28 method=org.eclipse.jdt.internal.compiler.parser.Parser.consumeToken(I)V @ 1578
Event: 7.098 Thread 0x0000000002cc2800 Uncommon trap: reason=unstable_if action=reinterpret pc=0x0000000003979264 method=org.eclipse.jdt.internal.compiler.parser.Scanner.getNextToken()I @ 80
Event: 7.292 Thread 0x0000000002cc2800 Uncommon trap: reason=unstable_if action=reinterpret pc=0x000000000397e0a8 method=org.eclipse.jdt.internal.compiler.lookup.ImportBinding.isStatic()Z @ 4

Classes redefined (0 events):
No events

Internal exceptions (10 events):
Event: 0.208 Thread 0x0000000002cc2800 Exception <a 'sun/nio/fs/WindowsException'> (0x000000076c2dc348) thrown at [C:\jenkins\workspace\8-2-build-windows-amd64-cygwin\jdk8u251\737\hotspot\src\share\vm\prims\jni.cpp, line 710]
Event: 0.285 Thread 0x0000000002cc2800 Exception <a 'java/lang/ArrayIndexOutOfBoundsException'> (0x000000076c4613d0) thrown at [C:\jenkins\workspace\8-2-build-windows-amd64-cygwin\jdk8u251\737\hotspot\src\share\vm\runtime\sharedRuntime.cpp, line 605]
Event: 0.286 Thread 0x0000000002cc2800 Exception <a 'java/lang/ArrayIndexOutOfBoundsException'> (0x000000076c4622d8) thrown at [C:\jenkins\workspace\8-2-build-windows-amd64-cygwin\jdk8u251\737\hotspot\src\share\vm\runtime\sharedRuntime.cpp, line 605]
Event: 0.373 Thread 0x0000000002cc2800 Exception <a 'java/security/PrivilegedActionException'> (0x000000076c8bef58) thrown at [C:\jenkins\workspace\8-2-build-windows-amd64-cygwin\jdk8u251\737\hotspot\src\share\vm\prims\jvm.cpp, line 1502]
Event: 0.373 Thread 0x0000000002cc2800 Exception <a 'java/security/PrivilegedActionException'> (0x000000076c8bf350) thrown at [C:\jenkins\workspace\8-2-build-windows-amd64-cygwin\jdk8u251\737\hotspot\src\share\vm\prims\jvm.cpp, line 1502]
Event: 0.374 Thread 0x0000000002cc2800 Exception <a 'java/security/PrivilegedActionException'> (0x000000076c8c3630) thrown at [C:\jenkins\workspace\8-2-build-windows-amd64-cygwin\jdk8u251\737\hotspot\src\share\vm\prims\jvm.cpp, line 1502]
Event: 0.374 Thread 0x0000000002cc2800 Exception <a 'java/security/PrivilegedActionException'> (0x000000076c8c3a28) thrown at [C:\jenkins\workspace\8-2-build-windows-amd64-cygwin\jdk8u251\737\hotspot\src\share\vm\prims\jvm.cpp, line 1502]
Event: 6.645 Thread 0x0000000002cc2800 Exception <a 'java/io/FileNotFoundException'> (0x00000007772016e0) thrown at [C:\jenkins\workspace\8-2-build-windows-amd64-cygwin\jdk8u251\737\hotspot\src\share\vm\prims\jni.cpp, line 710]
Event: 6.900 Thread 0x0000000002cc2800 Exception <a 'java/lang/ArrayIndexOutOfBoundsException'> (0x0000000777e30fe8) thrown at [C:\jenkins\workspace\8-2-build-windows-amd64-cygwin\jdk8u251\737\hotspot\src\share\vm\runtime\sharedRuntime.cpp, line 605]
Event: 6.915 Thread 0x0000000002cc2800 Exception <a 'java/lang/IncompatibleClassChangeError': Found class java.lang.Object, but interface was expected> (0x0000000777e8b478) thrown at [C:\jenkins\workspace\8-2-build-windows-amd64-cygwin\jdk8u251\737\hotspot\src\share\vm\interpreter\linkResolver

Events (10 events):
Event: 7.366 loading class org/eclipse/jdt/internal/compiler/lookup/InferenceVariable$InferenceVarKey
Event: 7.366 loading class org/eclipse/jdt/internal/compiler/lookup/InferenceVariable$InferenceVarKey done
Event: 7.367 loading class org/eclipse/jdt/internal/compiler/lookup/InferenceSubstitution$1
Event: 7.367 loading class org/eclipse/jdt/internal/compiler/lookup/InferenceSubstitution$1 done
Event: 7.369 loading class org/eclipse/jdt/internal/compiler/lookup/BoundSet$ThreeSets
Event: 7.369 loading class org/eclipse/jdt/internal/compiler/lookup/BoundSet$ThreeSets done
Event: 7.378 loading class org/eclipse/jdt/internal/compiler/lookup/InferenceContext18$2
Event: 7.378 loading class org/eclipse/jdt/internal/compiler/lookup/InferenceContext18$2 done
Event: 7.395 loading class org/eclipse/jdt/internal/compiler/lookup/InferenceContext18$3
Event: 7.395 loading class org/eclipse/jdt/internal/compiler/lookup/InferenceContext18$3 done


Dynamic libraries:
0x00007ff7939c0000 - 0x00007ff7939f7000 	C:\Program Files\Java\jdk1.8.0_251\bin\java.exe
0x00007ffd09a30000 - 0x00007ffd09c28000 	C:\WINDOWS\SYSTEM32\ntdll.dll
0x00007ffd08070000 - 0x00007ffd0812f000 	C:\WINDOWS\System32\KERNEL32.DLL
0x00007ffd07540000 - 0x00007ffd07812000 	C:\WINDOWS\System32\KERNELBASE.dll
0x00007ffd085a0000 - 0x00007ffd0864e000 	C:\WINDOWS\System32\ADVAPI32.dll
0x00007ffd089c0000 - 0x00007ffd08a5e000 	C:\WINDOWS\System32\msvcrt.dll
0x00007ffd08650000 - 0x00007ffd086ec000 	C:\WINDOWS\System32\sechost.dll
0x00007ffd07d10000 - 0x00007ffd07e35000 	C:\WINDOWS\System32\RPCRT4.dll
0x00007ffd08e70000 - 0x00007ffd09011000 	C:\WINDOWS\System32\USER32.dll
0x00007ffd073d0000 - 0x00007ffd073f2000 	C:\WINDOWS\System32\win32u.dll
0x00007ffd07f70000 - 0x00007ffd07f9b000 	C:\WINDOWS\System32\GDI32.dll
0x00007ffd07120000 - 0x00007ffd0722f000 	C:\WINDOWS\System32\gdi32full.dll
0x00007ffd07820000 - 0x00007ffd078bd000 	C:\WINDOWS\System32\msvcp_win.dll
0x00007ffd07230000 - 0x00007ffd07330000 	C:\WINDOWS\System32\ucrtbase.dll
0x00007ffce8280000 - 0x00007ffce851a000 	C:\WINDOWS\WinSxS\amd64_microsoft.windows.common-controls_6595b64144ccf1df_6.0.19041.1110_none_60b5254171f9507e\COMCTL32.dll
0x00007ffd07ad0000 - 0x00007ffd07b02000 	C:\WINDOWS\System32\IMM32.DLL
0x0000000075ee0000 - 0x0000000075fb2000 	C:\Program Files\Java\jdk1.8.0_251\jre\bin\msvcr100.dll
0x0000000074470000 - 0x0000000074d1b000 	C:\Program Files\Java\jdk1.8.0_251\jre\bin\server\jvm.dll
0x00007ffd07e40000 - 0x00007ffd07e48000 	C:\WINDOWS\System32\PSAPI.DLL
0x00007ffcfd9c0000 - 0x00007ffcfd9ca000 	C:\WINDOWS\SYSTEM32\VERSION.dll
0x00007ffcecb50000 - 0x00007ffcecb59000 	C:\WINDOWS\SYSTEM32\WSOCK32.dll
0x00007ffd01200000 - 0x00007ffd01227000 	C:\WINDOWS\SYSTEM32\WINMM.dll
0x00007ffd097d0000 - 0x00007ffd0983b000 	C:\WINDOWS\System32\WS2_32.dll
0x00007ffcf8240000 - 0x00007ffcf824f000 	C:\Program Files\Java\jdk1.8.0_251\jre\bin\verify.dll
0x00007ffcd0830000 - 0x00007ffcd0859000 	C:\Program Files\Java\jdk1.8.0_251\jre\bin\java.dll
0x00007ffcefb40000 - 0x00007ffcefb56000 	C:\Program Files\Java\jdk1.8.0_251\jre\bin\zip.dll
0x00007ffd09020000 - 0x00007ffd09765000 	C:\WINDOWS\System32\SHELL32.dll
0x00007ffd04d00000 - 0x00007ffd05492000 	C:\WINDOWS\SYSTEM32\windows.storage.dll
0x00007ffd08b10000 - 0x00007ffd08e65000 	C:\WINDOWS\System32\combase.dll
0x00007ffd06b80000 - 0x00007ffd06bb0000 	C:\WINDOWS\SYSTEM32\Wldp.dll
0x00007ffd07ec0000 - 0x00007ffd07f6d000 	C:\WINDOWS\System32\SHCORE.dll
0x00007ffd07e50000 - 0x00007ffd07ea5000 	C:\WINDOWS\System32\shlwapi.dll
0x00007ffd07060000 - 0x00007ffd0707f000 	C:\WINDOWS\SYSTEM32\profapi.dll
0x00007ffce5da0000 - 0x00007ffce5dba000 	C:\Program Files\Java\jdk1.8.0_251\jre\bin\net.dll
0x00007ffd068e0000 - 0x00007ffd0694a000 	C:\WINDOWS\system32\mswsock.dll
0x00007ffcd6df0000 - 0x00007ffcd6e02000 	C:\Program Files\Java\jdk1.8.0_251\jre\bin\nio.dll

VM Arguments:
java_command: s3m.jar C:\UFPE\miningframework\SOOTAnalysisOutput\hive\7f3ba41332bc7cbcab56c72a4e1f623fa884316a\org\apache\hadoop\hive\ql\exec\Utilities\left.java C:\UFPE\miningframework\SOOTAnalysisOutput\hive\7f3ba41332bc7cbcab56c72a4e1f623fa884316a\org\apache\hadoop\hive\ql\exec\Utilities\base.java C:\UFPE\miningframework\SOOTAnalysisOutput\hive\7f3ba41332bc7cbcab56c72a4e1f623fa884316a\org\apache\hadoop\hive\ql\exec\Utilities\right.java -o C:\UFPE\miningframework\SOOTAnalysisOutput\hive\7f3ba41332bc7cbcab56c72a4e1f623fa884316a\org\apache\hadoop\hive\ql\exec\Utilities\InsertionLevelInitializationBlockHandler.java --handle-initialization-blocks false --handle-initialization-blocks-multiple-blocks true
java_class_path (initial): s3m.jar
Launcher Type: SUN_STANDARD

Environment Variables:
JAVA_HOME=C:\Program Files\Java\jdk1.8.0_291
PATH=C:\Program Files\Common Files\Oracle\Java\javapath;C:\Program Files (x86)\Common Files\Oracle\Java\javapath;C:\Windows\system32;C:\Windows;C:\Windows\System32\Wbem;C:\Windows\System32\WindowsPowerShell\v1.0\;C:\Windows\System32\OpenSSH\;C:\Program Files (x86)\NVIDIA Corporation\PhysX\Common;C:\Program Files\NVIDIA Corporation\NVIDIA NvDLISR;C:\Program Files (x86)\Groovy\bin;C:\Program Files (x86)\GnuWin32\bin;C:\UFPE\maven\apache-maven-3.6.3\bin;C:\WINDOWS\system32;C:\WINDOWS;C:\WINDOWS\System32\Wbem;C:\WINDOWS\System32\WindowsPowerShell\v1.0\;C:\WINDOWS\System32\OpenSSH\;C:\Program Files\Git\cmd;C:\Program Files\dotnet\;C:\Users\leona\AppData\Local\Microsoft\WindowsApps;C:\Program Files\Java\jdk-11.0.15\bin;C:\UFPE\maven\apache-maven-3.6.3\bin;C:\Users\leona\AppData\Local\GitHubDesktop\bin;C:\Users\leona\AppData\Local\Programs\Microsoft VS Code\bin;C:\Program Files\JetBrains\IntelliJ IDEA Community Edition 2020.2.3\bin;;C:\Program Files (x86)\GnuWin32\bin;C:\Users\leona\AppData\Local\Microsoft\WindowsApps;C:\flutter\flutter\bin;C:\gradle\bin;
USERNAME=leona
OS=Windows_NT
PROCESSOR_IDENTIFIER=Intel64 Family 6 Model 142 Stepping 12, GenuineIntel



---------------  S Y S T E M  ---------------

OS: Windows 10.0 , 64 bit Build 19041 (10.0.19041.2546)

CPU:total 8 (initial active 8) (4 cores per cpu, 2 threads per core) family 6 model 142 stepping 12, cmov, cx8, fxsr, mmx, sse, sse2, sse3, ssse3, sse4.1, sse4.2, popcnt, avx, avx2, aes, clmul, erms, 3dnowpref, lzcnt, ht, tsc, tscinvbit, bmi1, bmi2, adx

Memory: 4k page, physical 16521856k(1067512k free), swap 45574012k(5136k free)

vm_info: Java HotSpot(TM) 64-Bit Server VM (25.251-b08) for windows-amd64 JRE (1.8.0_251-b08), built on Mar 12 2020 06:31:49 by "" with MS VC++ 10.0 (VS2010)

time: Tue Mar 07 02:06:06 2023
timezone: Hora Padrão de Buenos Aires
elapsed time: 7 seconds (0d 0h 0m 7s)

