#
# There is insufficient memory for the Java Runtime Environment to continue.
# Native memory allocation (malloc) failed to allocate 1317936 bytes for Chunk::new
# Possible reasons:
#   The system is out of physical RAM or swap space
#   The process is running with CompressedOops enabled, and the Java Heap may be blocking the growth of the native heap
# Possible solutions:
#   Reduce memory load on the system
#   Increase physical memory or swap space
#   Check if swap backing store is full
#   Decrease Java heap size (-Xmx/-Xms)
#   Decrease number of Java threads
#   Decrease Java thread stack sizes (-Xss)
#   Set larger code cache with -XX:ReservedCodeCacheSize=
#   JVM is running with Zero Based Compressed Oops mode in which the Java heap is
#     placed in the first 32GB address space. The Java Heap base address is the
#     maximum limit for the native heap growth. Please use -XX:HeapBaseMinAddress
#     to set the Java Heap base and to place the Java Heap above 32GB virtual address.
# This output file may be truncated or incomplete.
#
#  Out of Memory Error (allocation.cpp:389), pid=156504, tid=0x0000000000024e5c
#
# JRE version: Java(TM) SE Runtime Environment (8.0_251-b08) (build 1.8.0_251-b08)
# Java VM: Java HotSpot(TM) 64-Bit Server VM (25.251-b08 mixed mode windows-amd64 compressed oops)
# Failed to write core dump. Minidumps are not enabled by default on client versions of Windows
#

---------------  T H R E A D  ---------------

Current thread (0x000000001eb02800):  JavaThread "C2 CompilerThread2" daemon [_thread_in_native, id=151132, stack(0x000000001f5f0000,0x000000001f6f0000)]

Stack: [0x000000001f5f0000,0x000000001f6f0000]
[error occurred during error reporting (printing stack bounds), id 0xc0000005]

Native frames: (J=compiled Java code, j=interpreted, Vv=VM code, C=native code)


Current CompileTask:
C2:   6326 2468       4       org.eclipse.jdt.internal.compiler.lookup.BinaryTypeBinding::createMethod (1613 bytes)


---------------  P R O C E S S  ---------------

Java Threads: ( => current thread )
  0x000000001eb91000 JavaThread "Service Thread" daemon [_thread_blocked, id=159460, stack(0x000000001f7f0000,0x000000001f8f0000)]
  0x000000001eb0c800 JavaThread "C1 CompilerThread3" daemon [_thread_blocked, id=154100, stack(0x000000001f6f0000,0x000000001f7f0000)]
=>0x000000001eb02800 JavaThread "C2 CompilerThread2" daemon [_thread_in_native, id=151132, stack(0x000000001f5f0000,0x000000001f6f0000)]
  0x000000001eaff800 JavaThread "C2 CompilerThread1" daemon [_thread_blocked, id=147608, stack(0x000000001f4f0000,0x000000001f5f0000)]
  0x000000001eafc800 JavaThread "C2 CompilerThread0" daemon [_thread_blocked, id=155312, stack(0x000000001f3f0000,0x000000001f4f0000)]
  0x000000001eaf9800 JavaThread "Attach Listener" daemon [_thread_blocked, id=124748, stack(0x000000001f2f0000,0x000000001f3f0000)]
  0x000000001eaf7000 JavaThread "Signal Dispatcher" daemon [_thread_blocked, id=150504, stack(0x000000001f1f0000,0x000000001f2f0000)]
  0x000000000341e800 JavaThread "Finalizer" daemon [_thread_blocked, id=144720, stack(0x000000001efd0000,0x000000001f0d0000)]
  0x000000001eaf0800 JavaThread "Reference Handler" daemon [_thread_blocked, id=153920, stack(0x000000001eed0000,0x000000001efd0000)]
  0x0000000003322800 JavaThread "main" [_thread_in_Java, id=155756, stack(0x0000000003220000,0x0000000003320000)]

Other Threads:
  0x000000001cd09000 VMThread [stack: 0x000000001e9d0000,0x000000001ead0000] [id=155380]
  0x000000001ebb4000 WatcherThread [stack: 0x000000001f8f0000,0x000000001f9f0000] [id=148856]

VM state:not at safepoint (normal execution)

VM Mutex/Monitor currently owned by a thread: None

heap address: 0x00000006c3e00000, size: 4034 MB, Compressed Oops mode: Zero based, Oop shift amount: 3
Narrow klass base: 0x0000000000000000, Narrow klass shift: 3
Compressed class space size: 1073741824 Address: 0x00000007c0000000

Heap:
 PSYoungGen      total 1371136K, used 391236K [0x000000076bf80000, 0x00000007c0000000, 0x00000007c0000000)
  eden space 1365504K, 28% used [0x000000076bf80000,0x0000000783a792a8,0x00000007bf500000)
  from space 5632K, 56% used [0x00000007bfa80000,0x00000007bfd98000,0x00000007c0000000)
  to   space 5632K, 0% used [0x00000007bf500000,0x00000007bf500000,0x00000007bfa80000)
 ParOldGen       total 173568K, used 15478K [0x00000006c3e00000, 0x00000006ce780000, 0x000000076bf80000)
  object space 173568K, 8% used [0x00000006c3e00000,0x00000006c4d1da78,0x00000006ce780000)
 Metaspace       used 17588K, capacity 17852K, committed 18176K, reserved 1064960K
  class space    used 1615K, capacity 1702K, committed 1792K, reserved 1048576K

Card table byte_map: [0x00000000127e0000,0x0000000012fd0000] byte_map_base: 0x000000000f1c1000

Marking Bits: (ParMarkBitMap*) 0x0000000074c9af90
 Begin Bits: [0x0000000013d20000, 0x0000000017c28000)
 End Bits:   [0x0000000017c28000, 0x000000001bb30000)

Polling page: 0x0000000001380000

CodeCache: size=245760Kb used=13710Kb max_used=13721Kb free=232049Kb
 bounds [0x0000000003420000, 0x0000000004190000, 0x0000000012420000]
 total_blobs=3206 nmethods=2790 adapters=327
 compilation: enabled

Compilation events (10 events):
Event: 6.312 Thread 0x000000001eafc800 nmethod 2766 0x000000000417ba10 code [0x000000000417bb60, 0x000000000417c238]
Event: 6.312 Thread 0x000000001eafc800 2742       4       org.eclipse.jdt.internal.compiler.lookup.ReferenceBinding$3::compare (56 bytes)
Event: 6.314 Thread 0x000000001eb0c800 nmethod 2776 0x000000000417c6d0 code [0x000000000417cc20, 0x0000000004180988]
Event: 6.314 Thread 0x000000001eb0c800 2779       3       org.eclipse.jdt.internal.compiler.lookup.LookupEnvironment::usesNullTypeAnnotations (140 bytes)
Event: 6.314 Thread 0x000000001eb0c800 nmethod 2779 0x00000000041682d0 code [0x0000000004168500, 0x0000000004168f28]
Event: 6.314 Thread 0x000000001eb0c800 2778       3       org.eclipse.jdt.internal.compiler.lookup.TypeBinding::getErasureCompatibleType (329 bytes)
Event: 6.315 Thread 0x000000001eb0c800 nmethod 2778 0x0000000004181ed0 code [0x00000000041821e0, 0x0000000004183a18]
Event: 6.317 Thread 0x000000001eafc800 nmethod 2742 0x0000000004179e90 code [0x0000000004179fe0, 0x000000000417a2d8]
Event: 6.318 Thread 0x000000001eaff800 nmethod 2750 0x000000000418aa10 code [0x000000000418aca0, 0x000000000418caa0]
Event: 6.321 Thread 0x000000001eb0c800 2781       3       org.eclipse.jdt.internal.compiler.codegen.ConstantPool::writeU1 (38 bytes)

GC Heap History (10 events):
Event: 2.504 GC heap before
{Heap before GC invocations=10 (full 0):
 PSYoungGen      total 525824K, used 522400K [0x000000076bf80000, 0x000000079f780000, 0x00000007c0000000)
  eden space 520192K, 100% used [0x000000076bf80000,0x000000078bb80000,0x000000078bb80000)
  from space 5632K, 39% used [0x000000078bb80000,0x000000078bda8000,0x000000078c100000)
  to   space 5632K, 0% used [0x000000079f200000,0x000000079f200000,0x000000079f780000)
 ParOldGen       total 173568K, used 4453K [0x00000006c3e00000, 0x00000006ce780000, 0x000000076bf80000)
  object space 173568K, 2% used [0x00000006c3e00000,0x00000006c4259780,0x00000006ce780000)
 Metaspace       used 9348K, capacity 9550K, committed 9856K, reserved 1058816K
  class space    used 967K, capacity 1033K, committed 1152K, reserved 1048576K
Event: 2.509 GC heap after
Heap after GC invocations=10 (full 0):
 PSYoungGen      total 838144K, used 2592K [0x000000076bf80000, 0x000000079f780000, 0x00000007c0000000)
  eden space 832512K, 0% used [0x000000076bf80000,0x000000076bf80000,0x000000079ec80000)
  from space 5632K, 46% used [0x000000079f200000,0x000000079f488000,0x000000079f780000)
  to   space 5632K, 0% used [0x000000079ec80000,0x000000079ec80000,0x000000079f200000)
 ParOldGen       total 173568K, used 5533K [0x00000006c3e00000, 0x00000006ce780000, 0x000000076bf80000)
  object space 173568K, 3% used [0x00000006c3e00000,0x00000006c4367780,0x00000006ce780000)
 Metaspace       used 9348K, capacity 9550K, committed 9856K, reserved 1058816K
  class space    used 967K, capacity 1033K, committed 1152K, reserved 1048576K
}
Event: 3.253 GC heap before
{Heap before GC invocations=11 (full 0):
 PSYoungGen      total 838144K, used 835104K [0x000000076bf80000, 0x000000079f780000, 0x00000007c0000000)
  eden space 832512K, 100% used [0x000000076bf80000,0x000000079ec80000,0x000000079ec80000)
  from space 5632K, 46% used [0x000000079f200000,0x000000079f488000,0x000000079f780000)
  to   space 5632K, 0% used [0x000000079ec80000,0x000000079ec80000,0x000000079f200000)
 ParOldGen       total 173568K, used 5533K [0x00000006c3e00000, 0x00000006ce780000, 0x000000076bf80000)
  object space 173568K, 3% used [0x00000006c3e00000,0x00000006c4367780,0x00000006ce780000)
 Metaspace       used 9373K, capacity 9550K, committed 9856K, reserved 1058816K
  class space    used 967K, capacity 1033K, committed 1152K, reserved 1048576K
Event: 3.259 GC heap after
Heap after GC invocations=11 (full 0):
 PSYoungGen      total 838144K, used 2240K [0x000000076bf80000, 0x00000007bdf80000, 0x00000007c0000000)
  eden space 832512K, 0% used [0x000000076bf80000,0x000000076bf80000,0x000000079ec80000)
  from space 5632K, 39% used [0x000000079ec80000,0x000000079eeb0020,0x000000079f200000)
  to   space 5632K, 0% used [0x00000007bda00000,0x00000007bda00000,0x00000007bdf80000)
 ParOldGen       total 173568K, used 8060K [0x00000006c3e00000, 0x00000006ce780000, 0x000000076bf80000)
  object space 173568K, 4% used [0x00000006c3e00000,0x00000006c45df210,0x00000006ce780000)
 Metaspace       used 9373K, capacity 9550K, committed 9856K, reserved 1058816K
  class space    used 967K, capacity 1033K, committed 1152K, reserved 1048576K
}
Event: 3.797 GC heap before
{Heap before GC invocations=12 (full 0):
 PSYoungGen      total 838144K, used 834752K [0x000000076bf80000, 0x00000007bdf80000, 0x00000007c0000000)
  eden space 832512K, 100% used [0x000000076bf80000,0x000000079ec80000,0x000000079ec80000)
  from space 5632K, 39% used [0x000000079ec80000,0x000000079eeb0020,0x000000079f200000)
  to   space 5632K, 0% used [0x00000007bda00000,0x00000007bda00000,0x00000007bdf80000)
 ParOldGen       total 173568K, used 8060K [0x00000006c3e00000, 0x00000006ce780000, 0x000000076bf80000)
  object space 173568K, 4% used [0x00000006c3e00000,0x00000006c45df210,0x00000006ce780000)
 Metaspace       used 9375K, capacity 9550K, committed 9856K, reserved 1058816K
  class space    used 967K, capacity 1033K, committed 1152K, reserved 1048576K
Event: 3.802 GC heap after
Heap after GC invocations=12 (full 0):
 PSYoungGen      total 1337856K, used 1792K [0x000000076bf80000, 0x00000007bdf80000, 0x00000007c0000000)
  eden space 1332224K, 0% used [0x000000076bf80000,0x000000076bf80000,0x00000007bd480000)
  from space 5632K, 31% used [0x00000007bda00000,0x00000007bdbc0000,0x00000007bdf80000)
  to   space 5632K, 0% used [0x00000007bd480000,0x00000007bd480000,0x00000007bda00000)
 ParOldGen       total 173568K, used 10215K [0x00000006c3e00000, 0x00000006ce780000, 0x000000076bf80000)
  object space 173568K, 5% used [0x00000006c3e00000,0x00000006c47f9ce0,0x00000006ce780000)
 Metaspace       used 9375K, capacity 9550K, committed 9856K, reserved 1058816K
  class space    used 967K, capacity 1033K, committed 1152K, reserved 1048576K
}
Event: 4.621 GC heap before
{Heap before GC invocations=13 (full 0):
 PSYoungGen      total 1337856K, used 1334016K [0x000000076bf80000, 0x00000007bdf80000, 0x00000007c0000000)
  eden space 1332224K, 100% used [0x000000076bf80000,0x00000007bd480000,0x00000007bd480000)
  from space 5632K, 31% used [0x00000007bda00000,0x00000007bdbc0000,0x00000007bdf80000)
  to   space 5632K, 0% used [0x00000007bd480000,0x00000007bd480000,0x00000007bda00000)
 ParOldGen       total 173568K, used 10215K [0x00000006c3e00000, 0x00000006ce780000, 0x000000076bf80000)
  object space 173568K, 5% used [0x00000006c3e00000,0x00000006c47f9ce0,0x00000006ce780000)
 Metaspace       used 9419K, capacity 9614K, committed 9856K, reserved 1058816K
  class space    used 967K, capacity 1033K, committed 1152K, reserved 1048576K
Event: 4.626 GC heap after
Heap after GC invocations=13 (full 0):
 PSYoungGen      total 1337856K, used 3648K [0x000000076bf80000, 0x00000007c0000000, 0x00000007c0000000)
  eden space 1332224K, 0% used [0x000000076bf80000,0x000000076bf80000,0x00000007bd480000)
  from space 5632K, 64% used [0x00000007bd480000,0x00000007bd810020,0x00000007bda00000)
  to   space 5632K, 0% used [0x00000007bfa80000,0x00000007bfa80000,0x00000007c0000000)
 ParOldGen       total 173568K, used 11927K [0x00000006c3e00000, 0x00000006ce780000, 0x000000076bf80000)
  object space 173568K, 6% used [0x00000006c3e00000,0x00000006c49a5ce0,0x00000006ce780000)
 Metaspace       used 9419K, capacity 9614K, committed 9856K, reserved 1058816K
  class space    used 967K, capacity 1033K, committed 1152K, reserved 1048576K
}
Event: 5.222 GC heap before
{Heap before GC invocations=14 (full 0):
 PSYoungGen      total 1337856K, used 1335872K [0x000000076bf80000, 0x00000007c0000000, 0x00000007c0000000)
  eden space 1332224K, 100% used [0x000000076bf80000,0x00000007bd480000,0x00000007bd480000)
  from space 5632K, 64% used [0x00000007bd480000,0x00000007bd810020,0x00000007bda00000)
  to   space 5632K, 0% used [0x00000007bfa80000,0x00000007bfa80000,0x00000007c0000000)
 ParOldGen       total 173568K, used 11927K [0x00000006c3e00000, 0x00000006ce780000, 0x000000076bf80000)
  object space 173568K, 6% used [0x00000006c3e00000,0x00000006c49a5ce0,0x00000006ce780000)
 Metaspace       used 9422K, capacity 9614K, committed 9856K, reserved 1058816K
  class space    used 967K, capacity 1033K, committed 1152K, reserved 1048576K
Event: 5.229 GC heap after
Heap after GC invocations=14 (full 0):
 PSYoungGen      total 1371136K, used 3168K [0x000000076bf80000, 0x00000007c0000000, 0x00000007c0000000)
  eden space 1365504K, 0% used [0x000000076bf80000,0x000000076bf80000,0x00000007bf500000)
  from space 5632K, 56% used [0x00000007bfa80000,0x00000007bfd98000,0x00000007c0000000)
  to   space 5632K, 0% used [0x00000007bf500000,0x00000007bf500000,0x00000007bfa80000)
 ParOldGen       total 173568K, used 15478K [0x00000006c3e00000, 0x00000006ce780000, 0x000000076bf80000)
  object space 173568K, 8% used [0x00000006c3e00000,0x00000006c4d1da78,0x00000006ce780000)
 Metaspace       used 9422K, capacity 9614K, committed 9856K, reserved 1058816K
  class space    used 967K, capacity 1033K, committed 1152K, reserved 1048576K
}

Deoptimization events (10 events):
Event: 5.532 Thread 0x0000000003322800 Uncommon trap: reason=class_check action=maybe_recompile pc=0x0000000003622420 method=java.util.stream.ReduceOps$3ReducingSink.accept(Ljava/lang/Object;)V @ 9
Event: 5.578 Thread 0x0000000003322800 Uncommon trap: reason=unstable_if action=reinterpret pc=0x000000000387ca4c method=java.util.regex.Pattern.RemoveQEQuoting()V @ 41
Event: 6.021 Thread 0x0000000003322800 Uncommon trap: reason=unstable_if action=reinterpret pc=0x0000000003f61278 method=org.eclipse.jdt.internal.compiler.parser.Scanner.getNextToken0()I @ 281
Event: 6.024 Thread 0x0000000003322800 Uncommon trap: reason=unstable_if action=reinterpret pc=0x0000000003f76d24 method=org.eclipse.jdt.internal.compiler.parser.Scanner.getNextToken()I @ 80
Event: 6.029 Thread 0x0000000003322800 Uncommon trap: reason=unstable_if action=reinterpret pc=0x0000000003ea4248 method=sun.net.www.ParseUtil.encodePath(Ljava/lang/String;Z)Ljava/lang/String; @ 109
Event: 6.042 Thread 0x0000000003322800 Uncommon trap: reason=unloaded action=reinterpret pc=0x0000000003f53150 method=org.eclipse.jdt.internal.compiler.parser.Parser.consumeToken(I)V @ 1326
Event: 6.263 Thread 0x0000000003322800 Uncommon trap: reason=class_check action=maybe_recompile pc=0x000000000411b068 method=org.eclipse.jdt.internal.compiler.lookup.Scope.getBinding([CILorg/eclipse/jdt/internal/compiler/lookup/InvocationSite;Z)Lorg/eclipse/jdt/internal/compiler/lookup/Binding
Event: 6.263 Thread 0x0000000003322800 Uncommon trap: reason=class_check action=maybe_recompile pc=0x000000000411b068 method=org.eclipse.jdt.internal.compiler.lookup.Scope.getBinding([CILorg/eclipse/jdt/internal/compiler/lookup/InvocationSite;Z)Lorg/eclipse/jdt/internal/compiler/lookup/Binding
Event: 6.263 Thread 0x0000000003322800 Uncommon trap: reason=class_check action=maybe_recompile pc=0x000000000411b068 method=org.eclipse.jdt.internal.compiler.lookup.Scope.getBinding([CILorg/eclipse/jdt/internal/compiler/lookup/InvocationSite;Z)Lorg/eclipse/jdt/internal/compiler/lookup/Binding
Event: 6.263 Thread 0x0000000003322800 Uncommon trap: reason=class_check action=maybe_recompile pc=0x000000000411b068 method=org.eclipse.jdt.internal.compiler.lookup.Scope.getBinding([CILorg/eclipse/jdt/internal/compiler/lookup/InvocationSite;Z)Lorg/eclipse/jdt/internal/compiler/lookup/Binding

Classes redefined (0 events):
No events

Internal exceptions (10 events):
Event: 0.223 Thread 0x0000000003322800 Exception <a 'java/lang/ArrayIndexOutOfBoundsException'> (0x000000076c460f78) thrown at [C:\jenkins\workspace\8-2-build-windows-amd64-cygwin\jdk8u251\737\hotspot\src\share\vm\runtime\sharedRuntime.cpp, line 605]
Event: 0.223 Thread 0x0000000003322800 Exception <a 'java/lang/ArrayIndexOutOfBoundsException'> (0x000000076c461e80) thrown at [C:\jenkins\workspace\8-2-build-windows-amd64-cygwin\jdk8u251\737\hotspot\src\share\vm\runtime\sharedRuntime.cpp, line 605]
Event: 0.306 Thread 0x0000000003322800 Exception <a 'java/security/PrivilegedActionException'> (0x000000076cb6a640) thrown at [C:\jenkins\workspace\8-2-build-windows-amd64-cygwin\jdk8u251\737\hotspot\src\share\vm\prims\jvm.cpp, line 1502]
Event: 0.306 Thread 0x0000000003322800 Exception <a 'java/security/PrivilegedActionException'> (0x000000076cb6aa38) thrown at [C:\jenkins\workspace\8-2-build-windows-amd64-cygwin\jdk8u251\737\hotspot\src\share\vm\prims\jvm.cpp, line 1502]
Event: 0.307 Thread 0x0000000003322800 Exception <a 'java/security/PrivilegedActionException'> (0x000000076cb6ed18) thrown at [C:\jenkins\workspace\8-2-build-windows-amd64-cygwin\jdk8u251\737\hotspot\src\share\vm\prims\jvm.cpp, line 1502]
Event: 0.307 Thread 0x0000000003322800 Exception <a 'java/security/PrivilegedActionException'> (0x000000076cb6f110) thrown at [C:\jenkins\workspace\8-2-build-windows-amd64-cygwin\jdk8u251\737\hotspot\src\share\vm\prims\jvm.cpp, line 1502]
Event: 0.574 Thread 0x0000000003322800 Implicit null exception at 0x0000000003747b51 to 0x0000000003747b7d
Event: 5.703 Thread 0x0000000003322800 Exception <a 'java/io/FileNotFoundException'> (0x000000077f850a40) thrown at [C:\jenkins\workspace\8-2-build-windows-amd64-cygwin\jdk8u251\737\hotspot\src\share\vm\prims\jni.cpp, line 710]
Event: 5.926 Thread 0x0000000003322800 Exception <a 'java/lang/ArrayIndexOutOfBoundsException'> (0x000000078205a400) thrown at [C:\jenkins\workspace\8-2-build-windows-amd64-cygwin\jdk8u251\737\hotspot\src\share\vm\runtime\sharedRuntime.cpp, line 605]
Event: 5.938 Thread 0x0000000003322800 Exception <a 'java/lang/IncompatibleClassChangeError': Found class java.lang.Object, but interface was expected> (0x00000007820b0bd8) thrown at [C:\jenkins\workspace\8-2-build-windows-amd64-cygwin\jdk8u251\737\hotspot\src\share\vm\interpreter\linkResolver

Events (10 events):
Event: 6.302 loading class org/eclipse/jdt/internal/compiler/codegen/CodeStream
Event: 6.302 loading class org/eclipse/jdt/internal/compiler/codegen/CodeStream done
Event: 6.306 loading class org/eclipse/jdt/internal/compiler/codegen/TypeAnnotationCodeStream
Event: 6.306 loading class org/eclipse/jdt/internal/compiler/codegen/TypeAnnotationCodeStream done
Event: 6.307 loading class org/eclipse/jdt/internal/compiler/codegen/StackMapFrameCodeStream
Event: 6.307 loading class org/eclipse/jdt/internal/compiler/codegen/StackMapFrameCodeStream done
Event: 6.314 loading class org/eclipse/jdt/internal/compiler/codegen/CharArrayCache
Event: 6.314 loading class org/eclipse/jdt/internal/compiler/codegen/CharArrayCache done
Event: 6.315 loading class org/eclipse/jdt/internal/compiler/util/HashtableOfInteger
Event: 6.315 loading class org/eclipse/jdt/internal/compiler/util/HashtableOfInteger done


Dynamic libraries:
0x00007ff7939c0000 - 0x00007ff7939f7000 	C:\Program Files\Java\jdk1.8.0_251\bin\java.exe
0x00007ffd09a30000 - 0x00007ffd09c28000 	C:\WINDOWS\SYSTEM32\ntdll.dll
0x00007ffd08070000 - 0x00007ffd0812f000 	C:\WINDOWS\System32\KERNEL32.DLL
0x00007ffd07540000 - 0x00007ffd07812000 	C:\WINDOWS\System32\KERNELBASE.dll
0x00007ffd085a0000 - 0x00007ffd0864e000 	C:\WINDOWS\System32\ADVAPI32.dll
0x00007ffd089c0000 - 0x00007ffd08a5e000 	C:\WINDOWS\System32\msvcrt.dll
0x00007ffd08650000 - 0x00007ffd086ec000 	C:\WINDOWS\System32\sechost.dll
0x00007ffd07d10000 - 0x00007ffd07e35000 	C:\WINDOWS\System32\RPCRT4.dll
0x00007ffd08e70000 - 0x00007ffd09011000 	C:\WINDOWS\System32\USER32.dll
0x00007ffd073d0000 - 0x00007ffd073f2000 	C:\WINDOWS\System32\win32u.dll
0x00007ffd07f70000 - 0x00007ffd07f9b000 	C:\WINDOWS\System32\GDI32.dll
0x00007ffd07120000 - 0x00007ffd0722f000 	C:\WINDOWS\System32\gdi32full.dll
0x00007ffd07820000 - 0x00007ffd078bd000 	C:\WINDOWS\System32\msvcp_win.dll
0x00007ffd07230000 - 0x00007ffd07330000 	C:\WINDOWS\System32\ucrtbase.dll
0x00007ffce8280000 - 0x00007ffce851a000 	C:\WINDOWS\WinSxS\amd64_microsoft.windows.common-controls_6595b64144ccf1df_6.0.19041.1110_none_60b5254171f9507e\COMCTL32.dll
0x00007ffd07ad0000 - 0x00007ffd07b02000 	C:\WINDOWS\System32\IMM32.DLL
0x0000000075ee0000 - 0x0000000075fb2000 	C:\Program Files\Java\jdk1.8.0_251\jre\bin\msvcr100.dll
0x0000000074470000 - 0x0000000074d1b000 	C:\Program Files\Java\jdk1.8.0_251\jre\bin\server\jvm.dll
0x00007ffd07e40000 - 0x00007ffd07e48000 	C:\WINDOWS\System32\PSAPI.DLL
0x00007ffd01200000 - 0x00007ffd01227000 	C:\WINDOWS\SYSTEM32\WINMM.dll
0x00007ffcfd9c0000 - 0x00007ffcfd9ca000 	C:\WINDOWS\SYSTEM32\VERSION.dll
0x00007ffcecb50000 - 0x00007ffcecb59000 	C:\WINDOWS\SYSTEM32\WSOCK32.dll
0x00007ffd097d0000 - 0x00007ffd0983b000 	C:\WINDOWS\System32\WS2_32.dll
0x00007ffcf8240000 - 0x00007ffcf824f000 	C:\Program Files\Java\jdk1.8.0_251\jre\bin\verify.dll
0x00007ffcd0830000 - 0x00007ffcd0859000 	C:\Program Files\Java\jdk1.8.0_251\jre\bin\java.dll
0x00007ffcefb40000 - 0x00007ffcefb56000 	C:\Program Files\Java\jdk1.8.0_251\jre\bin\zip.dll
0x00007ffd09020000 - 0x00007ffd09765000 	C:\WINDOWS\System32\SHELL32.dll
0x00007ffd04d00000 - 0x00007ffd05492000 	C:\WINDOWS\SYSTEM32\windows.storage.dll
0x00007ffd08b10000 - 0x00007ffd08e65000 	C:\WINDOWS\System32\combase.dll
0x00007ffd06b80000 - 0x00007ffd06bb0000 	C:\WINDOWS\SYSTEM32\Wldp.dll
0x00007ffd07ec0000 - 0x00007ffd07f6d000 	C:\WINDOWS\System32\SHCORE.dll
0x00007ffd07e50000 - 0x00007ffd07ea5000 	C:\WINDOWS\System32\shlwapi.dll
0x00007ffd07060000 - 0x00007ffd0707f000 	C:\WINDOWS\SYSTEM32\profapi.dll
0x00007ffce5da0000 - 0x00007ffce5dba000 	C:\Program Files\Java\jdk1.8.0_251\jre\bin\net.dll
0x00007ffd068e0000 - 0x00007ffd0694a000 	C:\WINDOWS\system32\mswsock.dll
0x00007ffcd6df0000 - 0x00007ffcd6e02000 	C:\Program Files\Java\jdk1.8.0_251\jre\bin\nio.dll

VM Arguments:
java_command: s3m.jar C:\UFPE\miningframework\SOOTAnalysisOutput\hive\568872dcd8e7d142f0f77d86b61ba31580542da5\org\apache\hadoop\hive\conf\HiveConf\left.java C:\UFPE\miningframework\SOOTAnalysisOutput\hive\568872dcd8e7d142f0f77d86b61ba31580542da5\org\apache\hadoop\hive\conf\HiveConf\base.java C:\UFPE\miningframework\SOOTAnalysisOutput\hive\568872dcd8e7d142f0f77d86b61ba31580542da5\org\apache\hadoop\hive\conf\HiveConf\right.java -o C:\UFPE\miningframework\SOOTAnalysisOutput\hive\568872dcd8e7d142f0f77d86b61ba31580542da5\org\apache\hadoop\hive\conf\HiveConf\InsertionLevelInitializationBlockHandler.java --handle-initialization-blocks false --handle-initialization-blocks-multiple-blocks true
java_class_path (initial): s3m.jar
Launcher Type: SUN_STANDARD

Environment Variables:
JAVA_HOME=C:\Program Files\Java\jdk1.8.0_291
PATH=C:\Program Files\Common Files\Oracle\Java\javapath;C:\Program Files (x86)\Common Files\Oracle\Java\javapath;C:\Windows\system32;C:\Windows;C:\Windows\System32\Wbem;C:\Windows\System32\WindowsPowerShell\v1.0\;C:\Windows\System32\OpenSSH\;C:\Program Files (x86)\NVIDIA Corporation\PhysX\Common;C:\Program Files\NVIDIA Corporation\NVIDIA NvDLISR;C:\Program Files (x86)\Groovy\bin;C:\Program Files (x86)\GnuWin32\bin;C:\UFPE\maven\apache-maven-3.6.3\bin;C:\WINDOWS\system32;C:\WINDOWS;C:\WINDOWS\System32\Wbem;C:\WINDOWS\System32\WindowsPowerShell\v1.0\;C:\WINDOWS\System32\OpenSSH\;C:\Program Files\Git\cmd;C:\Program Files\dotnet\;C:\Users\leona\AppData\Local\Microsoft\WindowsApps;C:\Program Files\Java\jdk-11.0.15\bin;C:\UFPE\maven\apache-maven-3.6.3\bin;C:\Users\leona\AppData\Local\GitHubDesktop\bin;C:\Users\leona\AppData\Local\Programs\Microsoft VS Code\bin;C:\Program Files\JetBrains\IntelliJ IDEA Community Edition 2020.2.3\bin;;C:\Program Files (x86)\GnuWin32\bin;C:\Users\leona\AppData\Local\Microsoft\WindowsApps;C:\flutter\flutter\bin;C:\gradle\bin;
USERNAME=leona
OS=Windows_NT
PROCESSOR_IDENTIFIER=Intel64 Family 6 Model 142 Stepping 12, GenuineIntel



---------------  S Y S T E M  ---------------

OS: Windows 10.0 , 64 bit Build 19041 (10.0.19041.2546)

CPU:total 8 (initial active 8) (4 cores per cpu, 2 threads per core) family 6 model 142 stepping 12, cmov, cx8, fxsr, mmx, sse, sse2, sse3, ssse3, sse4.1, sse4.2, popcnt, avx, avx2, aes, clmul, erms, 3dnowpref, lzcnt, ht, tsc, tscinvbit, bmi1, bmi2, adx

Memory: 4k page, physical 16521856k(1076576k free), swap 45574012k(5840k free)

vm_info: Java HotSpot(TM) 64-Bit Server VM (25.251-b08) for windows-amd64 JRE (1.8.0_251-b08), built on Mar 12 2020 06:31:49 by "" with MS VC++ 10.0 (VS2010)

time: Tue Mar 07 00:52:07 2023
timezone: Hora Padrão de Buenos Aires
elapsed time: 6 seconds (0d 0h 0m 6s)

