#
# There is insufficient memory for the Java Runtime Environment to continue.
# Native memory allocation (malloc) failed to allocate 124656 bytes for Chunk::new
# Possible reasons:
#   The system is out of physical RAM or swap space
#   The process is running with CompressedOops enabled, and the Java Heap may be blocking the growth of the native heap
# Possible solutions:
#   Reduce memory load on the system
#   Increase physical memory or swap space
#   Check if swap backing store is full
#   Decrease Java heap size (-Xmx/-Xms)
#   Decrease number of Java threads
#   Decrease Java thread stack sizes (-Xss)
#   Set larger code cache with -XX:ReservedCodeCacheSize=
#   JVM is running with Zero Based Compressed Oops mode in which the Java heap is
#     placed in the first 32GB address space. The Java Heap base address is the
#     maximum limit for the native heap growth. Please use -XX:HeapBaseMinAddress
#     to set the Java Heap base and to place the Java Heap above 32GB virtual address.
# This output file may be truncated or incomplete.
#
#  Out of Memory Error (allocation.cpp:389), pid=112184, tid=0x000000000001b0bc
#
# JRE version: Java(TM) SE Runtime Environment (8.0_251-b08) (build 1.8.0_251-b08)
# Java VM: Java HotSpot(TM) 64-Bit Server VM (25.251-b08 mixed mode windows-amd64 compressed oops)
# Failed to write core dump. Minidumps are not enabled by default on client versions of Windows
#

---------------  T H R E A D  ---------------

Current thread (0x000000001e02c000):  JavaThread "C2 CompilerThread0" daemon [_thread_in_native, id=110780, stack(0x000000001e920000,0x000000001ea20000)]

Stack: [0x000000001e920000,0x000000001ea20000]
[error occurred during error reporting (printing stack bounds), id 0xc0000005]

Native frames: (J=compiled Java code, j=interpreted, Vv=VM code, C=native code)


Current CompileTask:
C2:   6549 2827 %     4       org.apache.commons.lang.StringUtils::deleteWhitespace @ 23 (77 bytes)


---------------  P R O C E S S  ---------------

Java Threads: ( => current thread )
  0x000000001e0c9000 JavaThread "Service Thread" daemon [_thread_blocked, id=93020, stack(0x000000001ed20000,0x000000001ee20000)]
  0x000000001e035800 JavaThread "C1 CompilerThread3" daemon [_thread_blocked, id=114624, stack(0x000000001ec20000,0x000000001ed20000)]
  0x000000001e031800 JavaThread "C2 CompilerThread2" daemon [_thread_blocked, id=36472, stack(0x000000001eb20000,0x000000001ec20000)]
  0x000000001e02e800 JavaThread "C2 CompilerThread1" daemon [_thread_in_native, id=110996, stack(0x000000001ea20000,0x000000001eb20000)]
=>0x000000001e02c000 JavaThread "C2 CompilerThread0" daemon [_thread_in_native, id=110780, stack(0x000000001e920000,0x000000001ea20000)]
  0x000000001e029800 JavaThread "Attach Listener" daemon [_thread_blocked, id=112532, stack(0x000000001e820000,0x000000001e920000)]
  0x000000001c23e800 JavaThread "Signal Dispatcher" daemon [_thread_blocked, id=113136, stack(0x000000001e720000,0x000000001e820000)]
  0x00000000028e8000 JavaThread "Finalizer" daemon [_thread_blocked, id=108628, stack(0x000000001e500000,0x000000001e600000)]
  0x000000001e020800 JavaThread "Reference Handler" daemon [_thread_blocked, id=103904, stack(0x000000001e400000,0x000000001e500000)]
  0x00000000027f2800 JavaThread "main" [_thread_in_Java, id=16736, stack(0x00000000026f0000,0x00000000027f0000)]

Other Threads:
  0x000000001c229000 VMThread [stack: 0x000000001df00000,0x000000001e000000] [id=111148]
  0x000000001e0e4000 WatcherThread [stack: 0x000000001ee20000,0x000000001ef20000] [id=93828]

VM state:not at safepoint (normal execution)

VM Mutex/Monitor currently owned by a thread: None

heap address: 0x00000006c3400000, size: 4044 MB, Compressed Oops mode: Zero based, Oop shift amount: 3
Narrow klass base: 0x0000000000000000, Narrow klass shift: 3
Compressed class space size: 1073741824 Address: 0x00000007c0000000

Heap:
 PSYoungGen      total 835072K, used 739827K [0x000000076bc00000, 0x00000007bdb80000, 0x00000007c0000000)
  eden space 830976K, 88% used [0x000000076bc00000,0x0000000798a84810,0x000000079e780000)
  from space 4096K, 99% used [0x000000079e780000,0x000000079eb784b0,0x000000079eb80000)
  to   space 6656K, 0% used [0x00000007bd500000,0x00000007bd500000,0x00000007bdb80000)
 ParOldGen       total 173568K, used 10036K [0x00000006c3400000, 0x00000006cdd80000, 0x000000076bc00000)
  object space 173568K, 5% used [0x00000006c3400000,0x00000006c3dcd050,0x00000006cdd80000)
 Metaspace       used 19210K, capacity 19448K, committed 19840K, reserved 1067008K
  class space    used 1762K, capacity 1830K, committed 1920K, reserved 1048576K

Card table byte_map: [0x0000000011cb0000,0x00000000124a0000] byte_map_base: 0x000000000e696000

Marking Bits: (ParMarkBitMap*) 0x000000006112af90
 Begin Bits: [0x00000000131f0000, 0x0000000017120000)
 End Bits:   [0x0000000017120000, 0x000000001b050000)

Polling page: 0x0000000000c30000

CodeCache: size=245760Kb used=13025Kb max_used=13025Kb free=232734Kb
 bounds [0x00000000028f0000, 0x00000000035c0000, 0x00000000118f0000]
 total_blobs=3252 nmethods=2826 adapters=338
 compilation: enabled

Compilation events (10 events):
Event: 6.538 Thread 0x000000001e035800 2823       3       br.ufpe.cin.mergers.util.RenamingUtils::isMethodOrConstructorNode (20 bytes)
Event: 6.538 Thread 0x000000001e035800 nmethod 2823 0x00000000035abb50 code [0x00000000035abd00, 0x00000000035ac578]
Event: 6.538 Thread 0x000000001e035800 2824       3       br.ufpe.cin.mergers.util.RenamingUtils::isMethod (25 bytes)
Event: 6.538 Thread 0x000000001e035800 nmethod 2824 0x00000000035ab4d0 code [0x00000000035ab640, 0x00000000035aba68]
Event: 6.538 Thread 0x000000001e035800 2825 %     3       org.apache.commons.lang.StringUtils::deleteWhitespace @ 23 (77 bytes)
Event: 6.539 Thread 0x000000001e035800 nmethod 2825% 0x00000000035a8f50 code [0x00000000035a9180, 0x00000000035a9f88]
Event: 6.539 Thread 0x000000001e035800 2826       3       org.apache.commons.lang.StringUtils::deleteWhitespace (77 bytes)
Event: 6.539 Thread 0x000000001e035800 nmethod 2826 0x00000000035ac750 code [0x00000000035ac960, 0x00000000035ad688]
Event: 6.540 Thread 0x000000001e02c000 2827 %     4       org.apache.commons.lang.StringUtils::deleteWhitespace @ 23 (77 bytes)
Event: 6.543 Thread 0x000000001e031800 2828       4       java.util.ArrayList::indexOf (67 bytes)

GC Heap History (10 events):
Event: 1.310 GC heap before
{Heap before GC invocations=7 (full 0):
 PSYoungGen      total 263168K, used 263143K [0x000000076bc00000, 0x000000077c200000, 0x00000007c0000000)
  eden space 259584K, 100% used [0x000000076bc00000,0x000000077b980000,0x000000077b980000)
  from space 3584K, 99% used [0x000000077bd80000,0x000000077c0f9ec0,0x000000077c100000)
  to   space 4096K, 0% used [0x000000077b980000,0x000000077b980000,0x000000077bd80000)
 ParOldGen       total 173568K, used 56K [0x00000006c3400000, 0x00000006cdd80000, 0x000000076bc00000)
  object space 173568K, 0% used [0x00000006c3400000,0x00000006c340e000,0x00000006cdd80000)
 Metaspace       used 9188K, capacity 9422K, committed 9600K, reserved 1058816K
  class space    used 959K, capacity 1033K, committed 1152K, reserved 1048576K
Event: 1.316 GC heap after
Heap after GC invocations=7 (full 0):
 PSYoungGen      total 263680K, used 2272K [0x000000076bc00000, 0x000000078bf00000, 0x00000007c0000000)
  eden space 259584K, 0% used [0x000000076bc00000,0x000000076bc00000,0x000000077b980000)
  from space 4096K, 55% used [0x000000077b980000,0x000000077bbb8000,0x000000077bd80000)
  to   space 4096K, 0% used [0x000000078bb00000,0x000000078bb00000,0x000000078bf00000)
 ParOldGen       total 173568K, used 2227K [0x00000006c3400000, 0x00000006cdd80000, 0x000000076bc00000)
  object space 173568K, 1% used [0x00000006c3400000,0x00000006c362cfa0,0x00000006cdd80000)
 Metaspace       used 9188K, capacity 9422K, committed 9600K, reserved 1058816K
  class space    used 959K, capacity 1033K, committed 1152K, reserved 1048576K
}
Event: 1.526 GC heap before
{Heap before GC invocations=8 (full 0):
 PSYoungGen      total 263680K, used 261856K [0x000000076bc00000, 0x000000078bf00000, 0x00000007c0000000)
  eden space 259584K, 100% used [0x000000076bc00000,0x000000077b980000,0x000000077b980000)
  from space 4096K, 55% used [0x000000077b980000,0x000000077bbb8000,0x000000077bd80000)
  to   space 4096K, 0% used [0x000000078bb00000,0x000000078bb00000,0x000000078bf00000)
 ParOldGen       total 173568K, used 2227K [0x00000006c3400000, 0x00000006cdd80000, 0x000000076bc00000)
  object space 173568K, 1% used [0x00000006c3400000,0x00000006c362cfa0,0x00000006cdd80000)
 Metaspace       used 9231K, capacity 9486K, committed 9856K, reserved 1058816K
  class space    used 959K, capacity 1033K, committed 1152K, reserved 1048576K
Event: 1.529 GC heap after
Heap after GC invocations=8 (full 0):
 PSYoungGen      total 523264K, used 2912K [0x000000076bc00000, 0x000000078bf00000, 0x00000007c0000000)
  eden space 519168K, 0% used [0x000000076bc00000,0x000000076bc00000,0x000000078b700000)
  from space 4096K, 71% used [0x000000078bb00000,0x000000078bdd8020,0x000000078bf00000)
  to   space 4096K, 0% used [0x000000078b700000,0x000000078b700000,0x000000078bb00000)
 ParOldGen       total 173568K, used 2667K [0x00000006c3400000, 0x00000006cdd80000, 0x000000076bc00000)
  object space 173568K, 1% used [0x00000006c3400000,0x00000006c369afa0,0x00000006cdd80000)
 Metaspace       used 9231K, capacity 9486K, committed 9856K, reserved 1058816K
  class space    used 959K, capacity 1033K, committed 1152K, reserved 1048576K
}
Event: 2.023 GC heap before
{Heap before GC invocations=9 (full 0):
 PSYoungGen      total 523264K, used 522080K [0x000000076bc00000, 0x000000078bf00000, 0x00000007c0000000)
  eden space 519168K, 100% used [0x000000076bc00000,0x000000078b700000,0x000000078b700000)
  from space 4096K, 71% used [0x000000078bb00000,0x000000078bdd8020,0x000000078bf00000)
  to   space 4096K, 0% used [0x000000078b700000,0x000000078b700000,0x000000078bb00000)
 ParOldGen       total 173568K, used 2667K [0x00000006c3400000, 0x00000006cdd80000, 0x000000076bc00000)
  object space 173568K, 1% used [0x00000006c3400000,0x00000006c369afa0,0x00000006cdd80000)
 Metaspace       used 9248K, capacity 9486K, committed 9856K, reserved 1058816K
  class space    used 959K, capacity 1033K, committed 1152K, reserved 1048576K
Event: 2.027 GC heap after
Heap after GC invocations=9 (full 0):
 PSYoungGen      total 523264K, used 1744K [0x000000076bc00000, 0x000000079ef80000, 0x00000007c0000000)
  eden space 519168K, 0% used [0x000000076bc00000,0x000000076bc00000,0x000000078b700000)
  from space 4096K, 42% used [0x000000078b700000,0x000000078b8b4030,0x000000078bb00000)
  to   space 4096K, 0% used [0x000000079eb80000,0x000000079eb80000,0x000000079ef80000)
 ParOldGen       total 173568K, used 3587K [0x00000006c3400000, 0x00000006cdd80000, 0x000000076bc00000)
  object space 173568K, 2% used [0x00000006c3400000,0x00000006c3780fa0,0x00000006cdd80000)
 Metaspace       used 9248K, capacity 9486K, committed 9856K, reserved 1058816K
  class space    used 959K, capacity 1033K, committed 1152K, reserved 1048576K
}
Event: 2.346 GC heap before
{Heap before GC invocations=10 (full 0):
 PSYoungGen      total 523264K, used 520912K [0x000000076bc00000, 0x000000079ef80000, 0x00000007c0000000)
  eden space 519168K, 100% used [0x000000076bc00000,0x000000078b700000,0x000000078b700000)
  from space 4096K, 42% used [0x000000078b700000,0x000000078b8b4030,0x000000078bb00000)
  to   space 4096K, 0% used [0x000000079eb80000,0x000000079eb80000,0x000000079ef80000)
 ParOldGen       total 173568K, used 3587K [0x00000006c3400000, 0x00000006cdd80000, 0x000000076bc00000)
  object space 173568K, 2% used [0x00000006c3400000,0x00000006c3780fa0,0x00000006cdd80000)
 Metaspace       used 9258K, capacity 9486K, committed 9856K, reserved 1058816K
  class space    used 959K, capacity 1033K, committed 1152K, reserved 1048576K
Event: 2.349 GC heap after
Heap after GC invocations=10 (full 0):
 PSYoungGen      total 835072K, used 2432K [0x000000076bc00000, 0x000000079ef80000, 0x00000007c0000000)
  eden space 830976K, 0% used [0x000000076bc00000,0x000000076bc00000,0x000000079e780000)
  from space 4096K, 59% used [0x000000079eb80000,0x000000079ede0020,0x000000079ef80000)
  to   space 4096K, 0% used [0x000000079e780000,0x000000079e780000,0x000000079eb80000)
 ParOldGen       total 173568K, used 4734K [0x00000006c3400000, 0x00000006cdd80000, 0x000000076bc00000)
  object space 173568K, 2% used [0x00000006c3400000,0x00000006c389f890,0x00000006cdd80000)
 Metaspace       used 9258K, capacity 9486K, committed 9856K, reserved 1058816K
  class space    used 959K, capacity 1033K, committed 1152K, reserved 1048576K
}
Event: 5.177 GC heap before
{Heap before GC invocations=11 (full 0):
 PSYoungGen      total 835072K, used 833408K [0x000000076bc00000, 0x000000079ef80000, 0x00000007c0000000)
  eden space 830976K, 100% used [0x000000076bc00000,0x000000079e780000,0x000000079e780000)
  from space 4096K, 59% used [0x000000079eb80000,0x000000079ede0020,0x000000079ef80000)
  to   space 4096K, 0% used [0x000000079e780000,0x000000079e780000,0x000000079eb80000)
 ParOldGen       total 173568K, used 4734K [0x00000006c3400000, 0x00000006cdd80000, 0x000000076bc00000)
  object space 173568K, 2% used [0x00000006c3400000,0x00000006c389f890,0x00000006cdd80000)
 Metaspace       used 19079K, capacity 19352K, committed 19840K, reserved 1067008K
  class space    used 1746K, capacity 1822K, committed 1920K, reserved 1048576K
Event: 5.183 GC heap after
Heap after GC invocations=11 (full 0):
 PSYoungGen      total 835072K, used 4065K [0x000000076bc00000, 0x00000007bdb80000, 0x00000007c0000000)
  eden space 830976K, 0% used [0x000000076bc00000,0x000000076bc00000,0x000000079e780000)
  from space 4096K, 99% used [0x000000079e780000,0x000000079eb784b0,0x000000079eb80000)
  to   space 6656K, 0% used [0x00000007bd500000,0x00000007bd500000,0x00000007bdb80000)
 ParOldGen       total 173568K, used 10036K [0x00000006c3400000, 0x00000006cdd80000, 0x000000076bc00000)
  object space 173568K, 5% used [0x00000006c3400000,0x00000006c3dcd050,0x00000006cdd80000)
 Metaspace       used 19079K, capacity 19352K, committed 19840K, reserved 1067008K
  class space    used 1746K, capacity 1822K, committed 1920K, reserved 1048576K
}

Deoptimization events (10 events):
Event: 3.998 Thread 0x00000000027f2800 Uncommon trap: reason=unstable_if action=reinterpret pc=0x0000000002c3cd98 method=java.util.regex.Pattern$BmpCharProperty.match(Ljava/util/regex/Matcher;ILjava/lang/CharSequence;)Z @ 5
Event: 5.960 Thread 0x00000000027f2800 Uncommon trap: reason=unstable_if action=reinterpret pc=0x0000000003550250 method=java.util.regex.Pattern.sequence(Ljava/util/regex/Pattern$Node;)Ljava/util/regex/Pattern$Node; @ 144
Event: 5.960 Thread 0x00000000027f2800 Uncommon trap: reason=unloaded action=reinterpret pc=0x0000000002cb9b84 method=java.util.regex.Pattern.escape(ZZZ)I @ 725
Event: 5.961 Thread 0x00000000027f2800 Uncommon trap: reason=bimorphic action=maybe_recompile pc=0x0000000003072494 method=java.util.regex.Pattern$Curly.study(Ljava/util/regex/Pattern$TreeInfo;)Z @ 31
Event: 5.961 Thread 0x00000000027f2800 Uncommon trap: reason=bimorphic action=maybe_recompile pc=0x0000000003072494 method=java.util.regex.Pattern$Curly.study(Ljava/util/regex/Pattern$TreeInfo;)Z @ 31
Event: 5.961 Thread 0x00000000027f2800 Uncommon trap: reason=bimorphic action=maybe_recompile pc=0x0000000003557364 method=java.util.regex.Pattern$Curly.match0(Ljava/util/regex/Matcher;IILjava/lang/CharSequence;)Z @ 141
Event: 5.961 Thread 0x00000000027f2800 Uncommon trap: reason=bimorphic action=maybe_recompile pc=0x00000000030cea74 method=java.util.regex.Pattern$Curly.match0(Ljava/util/regex/Matcher;IILjava/lang/CharSequence;)Z @ 141
Event: 6.241 Thread 0x00000000027f2800 Uncommon trap: reason=bimorphic action=maybe_recompile pc=0x0000000003072494 method=java.util.regex.Pattern$Curly.study(Ljava/util/regex/Pattern$TreeInfo;)Z @ 31
Event: 6.241 Thread 0x00000000027f2800 Uncommon trap: reason=bimorphic action=maybe_recompile pc=0x0000000003072494 method=java.util.regex.Pattern$Curly.study(Ljava/util/regex/Pattern$TreeInfo;)Z @ 31
Event: 6.241 Thread 0x00000000027f2800 Uncommon trap: reason=bimorphic action=maybe_recompile pc=0x0000000003557364 method=java.util.regex.Pattern$Curly.match0(Ljava/util/regex/Matcher;IILjava/lang/CharSequence;)Z @ 141

Classes redefined (0 events):
No events

Internal exceptions (10 events):
Event: 0.256 Thread 0x00000000027f2800 Exception <a 'java/security/PrivilegedActionException'> (0x000000076c33f878) thrown at [C:\jenkins\workspace\8-2-build-windows-amd64-cygwin\jdk8u251\737\hotspot\src\share\vm\prims\jvm.cpp, line 1502]
Event: 0.256 Thread 0x00000000027f2800 Exception <a 'java/security/PrivilegedActionException'> (0x000000076c33fc70) thrown at [C:\jenkins\workspace\8-2-build-windows-amd64-cygwin\jdk8u251\737\hotspot\src\share\vm\prims\jvm.cpp, line 1502]
Event: 2.520 Thread 0x00000000027f2800 Implicit null exception at 0x0000000002bbace0 to 0x0000000002bbb0d1
Event: 3.148 Thread 0x00000000027f2800 Exception <a 'java/io/FileNotFoundException'> (0x000000077868c3a0) thrown at [C:\jenkins\workspace\8-2-build-windows-amd64-cygwin\jdk8u251\737\hotspot\src\share\vm\prims\jni.cpp, line 710]
Event: 3.298 Thread 0x00000000027f2800 Exception <a 'java/lang/ArrayIndexOutOfBoundsException': 57161> (0x0000000779251050) thrown at [C:\jenkins\workspace\8-2-build-windows-amd64-cygwin\jdk8u251\737\hotspot\src\share\vm\interpreter\interpreterRuntime.cpp, line 368]
Event: 3.357 Thread 0x00000000027f2800 Exception <a 'java/lang/ArrayIndexOutOfBoundsException'> (0x0000000779352238) thrown at [C:\jenkins\workspace\8-2-build-windows-amd64-cygwin\jdk8u251\737\hotspot\src\share\vm\runtime\sharedRuntime.cpp, line 605]
Event: 3.357 Thread 0x00000000027f2800 Exception <a 'java/lang/ArrayIndexOutOfBoundsException'> (0x0000000779352478) thrown at [C:\jenkins\workspace\8-2-build-windows-amd64-cygwin\jdk8u251\737\hotspot\src\share\vm\runtime\sharedRuntime.cpp, line 605]
Event: 3.357 Thread 0x00000000027f2800 Exception <a 'java/lang/ArrayIndexOutOfBoundsException'> (0x00000007793526b8) thrown at [C:\jenkins\workspace\8-2-build-windows-amd64-cygwin\jdk8u251\737\hotspot\src\share\vm\runtime\sharedRuntime.cpp, line 605]
Event: 3.396 Thread 0x00000000027f2800 Exception <a 'java/lang/ArrayIndexOutOfBoundsException'> (0x0000000779413aa0) thrown at [C:\jenkins\workspace\8-2-build-windows-amd64-cygwin\jdk8u251\737\hotspot\src\share\vm\runtime\sharedRuntime.cpp, line 605]
Event: 3.412 Thread 0x00000000027f2800 Exception <a 'java/lang/IncompatibleClassChangeError': Found class java.lang.Object, but interface was expected> (0x00000007794a95c0) thrown at [C:\jenkins\workspace\8-2-build-windows-amd64-cygwin\jdk8u251\737\hotspot\src\share\vm\interpreter\linkResolver

Events (10 events):
Event: 6.540 loading class org/apache/commons/lang3/tuple/Pair
Event: 6.540 loading class org/apache/commons/lang3/tuple/Pair done
Event: 6.541 loading class org/apache/commons/lang3/tuple/ImmutablePair
Event: 6.541 loading class org/apache/commons/lang3/tuple/ImmutablePair done
Event: 6.543 Thread 0x00000000027f2800 DEOPT PACKING pc=0x000000000305df4f sp=0x00000000027eea00
Event: 6.543 Thread 0x00000000027f2800 DEOPT UNPACKING pc=0x0000000002937890 sp=0x00000000027ee728 mode 0
Event: 6.544 Thread 0x00000000027f2800 DEOPT PACKING pc=0x000000000305df4f sp=0x00000000027eea00
Event: 6.544 Thread 0x00000000027f2800 DEOPT UNPACKING pc=0x0000000002937890 sp=0x00000000027ee728 mode 0
Event: 6.544 Thread 0x00000000027f2800 DEOPT PACKING pc=0x000000000305df4f sp=0x00000000027eea00
Event: 6.544 Thread 0x00000000027f2800 DEOPT UNPACKING pc=0x0000000002937890 sp=0x00000000027ee728 mode 0


Dynamic libraries:
0x00007ff6ae770000 - 0x00007ff6ae7a7000 	C:\Program Files\Java\jdk1.8.0_251\bin\java.exe
0x00007ffce49d0000 - 0x00007ffce4bc8000 	C:\WINDOWS\SYSTEM32\ntdll.dll
0x00007ffce4620000 - 0x00007ffce46dd000 	C:\WINDOWS\System32\KERNEL32.DLL
0x00007ffce2360000 - 0x00007ffce262e000 	C:\WINDOWS\System32\KERNELBASE.dll
0x00007ffce3dc0000 - 0x00007ffce3e6e000 	C:\WINDOWS\System32\ADVAPI32.dll
0x00007ffce3e70000 - 0x00007ffce3f0e000 	C:\WINDOWS\System32\msvcrt.dll
0x00007ffce4790000 - 0x00007ffce482c000 	C:\WINDOWS\System32\sechost.dll
0x00007ffce2a30000 - 0x00007ffce2b55000 	C:\WINDOWS\System32\RPCRT4.dll
0x00007ffce4480000 - 0x00007ffce4620000 	C:\WINDOWS\System32\USER32.dll
0x00007ffce2120000 - 0x00007ffce2142000 	C:\WINDOWS\System32\win32u.dll
0x00007ffce4830000 - 0x00007ffce485a000 	C:\WINDOWS\System32\GDI32.dll
0x00007ffce2920000 - 0x00007ffce2a2b000 	C:\WINDOWS\System32\gdi32full.dll
0x00007ffce26a0000 - 0x00007ffce273d000 	C:\WINDOWS\System32\msvcp_win.dll
0x00007ffce2740000 - 0x00007ffce2840000 	C:\WINDOWS\System32\ucrtbase.dll
0x00007ffccc6d0000 - 0x00007ffccc96a000 	C:\WINDOWS\WinSxS\amd64_microsoft.windows.common-controls_6595b64144ccf1df_6.0.19041.1110_none_60b5254171f9507e\COMCTL32.dll
0x00007ffce2cc0000 - 0x00007ffce2cf0000 	C:\WINDOWS\System32\IMM32.DLL
0x00000000611b0000 - 0x0000000061282000 	C:\Program Files\Java\jdk1.8.0_251\jre\bin\msvcr100.dll
0x0000000060900000 - 0x00000000611ab000 	C:\Program Files\Java\jdk1.8.0_251\jre\bin\server\jvm.dll
0x00007ffce2c30000 - 0x00007ffce2c38000 	C:\WINDOWS\System32\PSAPI.DLL
0x00007ffcd7520000 - 0x00007ffcd752a000 	C:\WINDOWS\SYSTEM32\VERSION.dll
0x00007ffcdc200000 - 0x00007ffcdc227000 	C:\WINDOWS\SYSTEM32\WINMM.dll
0x00007ffccd3c0000 - 0x00007ffccd3c9000 	C:\WINDOWS\SYSTEM32\WSOCK32.dll
0x00007ffce3c30000 - 0x00007ffce3c9b000 	C:\WINDOWS\System32\WS2_32.dll
0x00007ffcc0e10000 - 0x00007ffcc0e1f000 	C:\Program Files\Java\jdk1.8.0_251\jre\bin\verify.dll
0x00007ffc9aa60000 - 0x00007ffc9aa89000 	C:\Program Files\Java\jdk1.8.0_251\jre\bin\java.dll
0x00007ffc9d470000 - 0x00007ffc9d486000 	C:\Program Files\Java\jdk1.8.0_251\jre\bin\zip.dll
0x00007ffce31d0000 - 0x00007ffce3914000 	C:\WINDOWS\System32\SHELL32.dll
0x00007ffcdfd10000 - 0x00007ffce04a4000 	C:\WINDOWS\SYSTEM32\windows.storage.dll
0x00007ffce3fe0000 - 0x00007ffce4334000 	C:\WINDOWS\System32\combase.dll
0x00007ffce1b50000 - 0x00007ffce1b80000 	C:\WINDOWS\SYSTEM32\Wldp.dll
0x00007ffce46e0000 - 0x00007ffce478d000 	C:\WINDOWS\System32\SHCORE.dll
0x00007ffce3b70000 - 0x00007ffce3bc5000 	C:\WINDOWS\System32\shlwapi.dll
0x00007ffce2030000 - 0x00007ffce204f000 	C:\WINDOWS\SYSTEM32\profapi.dll
0x00007ffcac710000 - 0x00007ffcac72a000 	C:\Program Files\Java\jdk1.8.0_251\jre\bin\net.dll
0x00007ffce18b0000 - 0x00007ffce191a000 	C:\WINDOWS\system32\mswsock.dll
0x00007ffca60b0000 - 0x00007ffca60c2000 	C:\Program Files\Java\jdk1.8.0_251\jre\bin\nio.dll

VM Arguments:
java_command: s3m.jar C:\UFPE\miningframework\SOOTAnalysisOutput\jenkins\de1b368aaa2f7476772e0f0849667c8f73a41fbb\hudson\model\Run\left.java C:\UFPE\miningframework\SOOTAnalysisOutput\jenkins\de1b368aaa2f7476772e0f0849667c8f73a41fbb\hudson\model\Run\base.java C:\UFPE\miningframework\SOOTAnalysisOutput\jenkins\de1b368aaa2f7476772e0f0849667c8f73a41fbb\hudson\model\Run\right.java -o C:\UFPE\miningframework\SOOTAnalysisOutput\jenkins\de1b368aaa2f7476772e0f0849667c8f73a41fbb\hudson\model\Run\InsertionLevelInitializationBlockHandler.java --handle-initialization-blocks false --handle-initialization-blocks-multiple-blocks true
java_class_path (initial): s3m.jar
Launcher Type: SUN_STANDARD

Environment Variables:
JAVA_HOME=C:\Program Files\Java\jdk1.8.0_291
PATH=C:\Program Files\Common Files\Oracle\Java\javapath;C:\Program Files (x86)\Common Files\Oracle\Java\javapath;C:\Windows\system32;C:\Windows;C:\Windows\System32\Wbem;C:\Windows\System32\WindowsPowerShell\v1.0\;C:\Windows\System32\OpenSSH\;C:\Program Files (x86)\NVIDIA Corporation\PhysX\Common;C:\Program Files\NVIDIA Corporation\NVIDIA NvDLISR;C:\Program Files (x86)\Groovy\bin;C:\Program Files (x86)\GnuWin32\bin;C:\UFPE\maven\apache-maven-3.6.3\bin;C:\WINDOWS\system32;C:\WINDOWS;C:\WINDOWS\System32\Wbem;C:\WINDOWS\System32\WindowsPowerShell\v1.0\;C:\WINDOWS\System32\OpenSSH\;C:\Program Files\Git\cmd;C:\Program Files\dotnet\;C:\Users\leona\AppData\Local\Microsoft\WindowsApps;C:\Program Files\Java\jdk-11.0.15\bin;C:\UFPE\maven\apache-maven-3.6.3\bin;C:\Users\leona\AppData\Local\GitHubDesktop\bin;C:\Users\leona\AppData\Local\Programs\Microsoft VS Code\bin;C:\Program Files\JetBrains\IntelliJ IDEA Community Edition 2020.2.3\bin;;C:\Program Files (x86)\GnuWin32\bin;C:\Users\leona\AppData\Local\Microsoft\WindowsApps;C:\flutter\flutter\bin;C:\gradle\bin;
USERNAME=leona
OS=Windows_NT
PROCESSOR_IDENTIFIER=Intel64 Family 6 Model 142 Stepping 12, GenuineIntel



---------------  S Y S T E M  ---------------

OS: Windows 10.0 , 64 bit Build 19041 (10.0.19041.1806)

CPU:total 8 (initial active 8) (4 cores per cpu, 2 threads per core) family 6 model 142 stepping 12, cmov, cx8, fxsr, mmx, sse, sse2, sse3, ssse3, sse4.1, sse4.2, popcnt, avx, avx2, aes, clmul, erms, 3dnowpref, lzcnt, ht, tsc, tscinvbit, bmi1, bmi2, adx

Memory: 4k page, physical 16556280k(1504352k free), swap 45608436k(2192k free)

vm_info: Java HotSpot(TM) 64-Bit Server VM (25.251-b08) for windows-amd64 JRE (1.8.0_251-b08), built on Mar 12 2020 06:31:49 by "" with MS VC++ 10.0 (VS2010)

time: Tue Aug 02 22:35:34 2022
timezone: Hora Padrão de Buenos Aires
elapsed time: 6 seconds (0d 0h 0m 6s)

