#
# There is insufficient memory for the Java Runtime Environment to continue.
# Native memory allocation (malloc) failed to allocate 514256 bytes for Chunk::new
# Possible reasons:
#   The system is out of physical RAM or swap space
#   The process is running with CompressedOops enabled, and the Java Heap may be blocking the growth of the native heap
# Possible solutions:
#   Reduce memory load on the system
#   Increase physical memory or swap space
#   Check if swap backing store is full
#   Decrease Java heap size (-Xmx/-Xms)
#   Decrease number of Java threads
#   Decrease Java thread stack sizes (-Xss)
#   Set larger code cache with -XX:ReservedCodeCacheSize=
#   JVM is running with Zero Based Compressed Oops mode in which the Java heap is
#     placed in the first 32GB address space. The Java Heap base address is the
#     maximum limit for the native heap growth. Please use -XX:HeapBaseMinAddress
#     to set the Java Heap base and to place the Java Heap above 32GB virtual address.
# This output file may be truncated or incomplete.
#
#  Out of Memory Error (allocation.cpp:389), pid=111244, tid=0x00000000000010cc
#
# JRE version: Java(TM) SE Runtime Environment (8.0_251-b08) (build 1.8.0_251-b08)
# Java VM: Java HotSpot(TM) 64-Bit Server VM (25.251-b08 mixed mode windows-amd64 compressed oops)
# Failed to write core dump. Minidumps are not enabled by default on client versions of Windows
#

---------------  T H R E A D  ---------------

Current thread (0x000000001dceb000):  JavaThread "C2 CompilerThread0" daemon [_thread_in_native, id=4300, stack(0x000000001e5e0000,0x000000001e6e0000)]

Stack: [0x000000001e5e0000,0x000000001e6e0000]
[error occurred during error reporting (printing stack bounds), id 0xc0000005]

Native frames: (J=compiled Java code, j=interpreted, Vv=VM code, C=native code)


Current CompileTask:
C2:   3854 1649       4       br.ufpe.cin.generated.Java18MergeParser::jj_3R_267 (31 bytes)


---------------  P R O C E S S  ---------------

Java Threads: ( => current thread )
  0x000000001dd89000 JavaThread "Service Thread" daemon [_thread_blocked, id=16372, stack(0x000000001e9e0000,0x000000001eae0000)]
  0x000000001dcf4800 JavaThread "C1 CompilerThread3" daemon [_thread_blocked, id=103964, stack(0x000000001e8e0000,0x000000001e9e0000)]
  0x000000001dcf0800 JavaThread "C2 CompilerThread2" daemon [_thread_blocked, id=99828, stack(0x000000001e7e0000,0x000000001e8e0000)]
  0x000000001dced800 JavaThread "C2 CompilerThread1" daemon [_thread_blocked, id=101344, stack(0x000000001e6e0000,0x000000001e7e0000)]
=>0x000000001dceb000 JavaThread "C2 CompilerThread0" daemon [_thread_in_native, id=4300, stack(0x000000001e5e0000,0x000000001e6e0000)]
  0x000000001dce8800 JavaThread "Attach Listener" daemon [_thread_blocked, id=114208, stack(0x000000001e4e0000,0x000000001e5e0000)]
  0x000000001dce7800 JavaThread "Signal Dispatcher" daemon [_thread_blocked, id=71344, stack(0x000000001e3e0000,0x000000001e4e0000)]
  0x00000000025a8000 JavaThread "Finalizer" daemon [_thread_blocked, id=110572, stack(0x000000001e1c0000,0x000000001e2c0000)]
  0x000000001dce0800 JavaThread "Reference Handler" daemon [_thread_blocked, id=14980, stack(0x000000001e0c0000,0x000000001e1c0000)]
  0x00000000024b2800 JavaThread "main" [_thread_in_Java, id=14892, stack(0x00000000023b0000,0x00000000024b0000)]

Other Threads:
  0x000000001bee9000 VMThread [stack: 0x000000001dbc0000,0x000000001dcc0000] [id=111620]
  0x000000001dda4000 WatcherThread [stack: 0x000000001eae0000,0x000000001ebe0000] [id=114672]

VM state:not at safepoint (normal execution)

VM Mutex/Monitor currently owned by a thread: None

heap address: 0x00000006c3400000, size: 4044 MB, Compressed Oops mode: Zero based, Oop shift amount: 3
Narrow klass base: 0x0000000000000000, Narrow klass shift: 3
Compressed class space size: 1073741824 Address: 0x00000007c0000000

Heap:
 PSYoungGen      total 525312K, used 178775K [0x000000076bc00000, 0x000000078c200000, 0x00000007c0000000)
  eden space 520192K, 33% used [0x000000076bc00000,0x00000007768adf38,0x000000078b800000)
  from space 5120K, 38% used [0x000000078b800000,0x000000078b9e8000,0x000000078bd00000)
  to   space 5120K, 0% used [0x000000078bd00000,0x000000078bd00000,0x000000078c200000)
 ParOldGen       total 173568K, used 10258K [0x00000006c3400000, 0x00000006cdd80000, 0x000000076bc00000)
  object space 173568K, 5% used [0x00000006c3400000,0x00000006c3e04ba0,0x00000006cdd80000)
 Metaspace       used 9334K, capacity 9582K, committed 9728K, reserved 1058816K
  class space    used 944K, capacity 1001K, committed 1024K, reserved 1048576K

Card table byte_map: [0x0000000011970000,0x0000000012160000] byte_map_base: 0x000000000e356000

Marking Bits: (ParMarkBitMap*) 0x000000006112af90
 Begin Bits: [0x0000000012eb0000, 0x0000000016de0000)
 End Bits:   [0x0000000016de0000, 0x000000001ad10000)

Polling page: 0x00000000004e0000

CodeCache: size=245760Kb used=8460Kb max_used=8467Kb free=237299Kb
 bounds [0x00000000025b0000, 0x0000000002e00000, 0x00000000115b0000]
 total_blobs=1998 nmethods=1644 adapters=267
 compilation: enabled

Compilation events (10 events):
Event: 3.365 Thread 0x000000001dcf0800 nmethod 1640 0x0000000002df0a10 code [0x0000000002df0f60, 0x0000000002df4db8]
Event: 3.744 Thread 0x000000001dcf4800 1645   !   3       br.ufpe.cin.generated.Java18MergeParser::jj_2_91 (64 bytes)
Event: 3.746 Thread 0x000000001dcf4800 nmethod 1645 0x0000000002dac250 code [0x0000000002dac3e0, 0x0000000002dac738]
Event: 3.746 Thread 0x000000001dcf4800 1646       3       br.ufpe.cin.generated.Java18MergeParser::jj_3_91 (61 bytes)
Event: 3.748 Thread 0x000000001dcf4800 nmethod 1646 0x0000000002de9910 code [0x0000000002de9b20, 0x0000000002dea358]
Event: 3.753 Thread 0x000000001dced800 1647       4       br.ufpe.cin.generated.Java18MergeParser::jj_3_71 (51 bytes)
Event: 3.768 Thread 0x000000001dced800 nmethod 1647 0x0000000002de5e50 code [0x0000000002de5fe0, 0x0000000002de62a0]
Event: 3.787 Thread 0x000000001dcf4800 1648       3       br.ufpe.cin.generated.Java18MergeParser::StatementExpressionAssignment (313 bytes)
Event: 3.789 Thread 0x000000001dcf4800 nmethod 1648 0x0000000002ded550 code [0x0000000002ded8c0, 0x0000000002def908]
Event: 3.800 Thread 0x000000001dceb000 1649       4       br.ufpe.cin.generated.Java18MergeParser::jj_3R_267 (31 bytes)

GC Heap History (10 events):
Event: 1.463 GC heap before
{Heap before GC invocations=7 (full 0):
 PSYoungGen      total 264704K, used 264369K [0x000000076bc00000, 0x000000077c300000, 0x00000007c0000000)
  eden space 260096K, 100% used [0x000000076bc00000,0x000000077ba00000,0x000000077ba00000)
  from space 4608K, 92% used [0x000000077be80000,0x000000077c2ac4d0,0x000000077c300000)
  to   space 4608K, 0% used [0x000000077ba00000,0x000000077ba00000,0x000000077be80000)
 ParOldGen       total 173568K, used 56K [0x00000006c3400000, 0x00000006cdd80000, 0x000000076bc00000)
  object space 173568K, 0% used [0x00000006c3400000,0x00000006c340e000,0x00000006cdd80000)
 Metaspace       used 9271K, capacity 9454K, committed 9728K, reserved 1058816K
  class space    used 944K, capacity 1001K, committed 1024K, reserved 1048576K
Event: 1.469 GC heap after
Heap after GC invocations=7 (full 0):
 PSYoungGen      total 264704K, used 2336K [0x000000076bc00000, 0x000000078c200000, 0x00000007c0000000)
  eden space 260096K, 0% used [0x000000076bc00000,0x000000076bc00000,0x000000077ba00000)
  from space 4608K, 50% used [0x000000077ba00000,0x000000077bc48000,0x000000077be80000)
  to   space 5120K, 0% used [0x000000078bd00000,0x000000078bd00000,0x000000078c200000)
 ParOldGen       total 173568K, used 2933K [0x00000006c3400000, 0x00000006cdd80000, 0x000000076bc00000)
  object space 173568K, 1% used [0x00000006c3400000,0x00000006c36dd580,0x00000006cdd80000)
 Metaspace       used 9271K, capacity 9454K, committed 9728K, reserved 1058816K
  class space    used 944K, capacity 1001K, committed 1024K, reserved 1048576K
}
Event: 1.675 GC heap before
{Heap before GC invocations=8 (full 0):
 PSYoungGen      total 264704K, used 262432K [0x000000076bc00000, 0x000000078c200000, 0x00000007c0000000)
  eden space 260096K, 100% used [0x000000076bc00000,0x000000077ba00000,0x000000077ba00000)
  from space 4608K, 50% used [0x000000077ba00000,0x000000077bc48000,0x000000077be80000)
  to   space 5120K, 0% used [0x000000078bd00000,0x000000078bd00000,0x000000078c200000)
 ParOldGen       total 173568K, used 2933K [0x00000006c3400000, 0x00000006cdd80000, 0x000000076bc00000)
  object space 173568K, 1% used [0x00000006c3400000,0x00000006c36dd580,0x00000006cdd80000)
 Metaspace       used 9275K, capacity 9454K, committed 9728K, reserved 1058816K
  class space    used 944K, capacity 1001K, committed 1024K, reserved 1048576K
Event: 1.679 GC heap after
Heap after GC invocations=8 (full 0):
 PSYoungGen      total 525312K, used 2784K [0x000000076bc00000, 0x000000078c200000, 0x00000007c0000000)
  eden space 520192K, 0% used [0x000000076bc00000,0x000000076bc00000,0x000000078b800000)
  from space 5120K, 54% used [0x000000078bd00000,0x000000078bfb8000,0x000000078c200000)
  to   space 5120K, 0% used [0x000000078b800000,0x000000078b800000,0x000000078bd00000)
 ParOldGen       total 173568K, used 3443K [0x00000006c3400000, 0x00000006cdd80000, 0x000000076bc00000)
  object space 173568K, 1% used [0x00000006c3400000,0x00000006c375cc20,0x00000006cdd80000)
 Metaspace       used 9275K, capacity 9454K, committed 9728K, reserved 1058816K
  class space    used 944K, capacity 1001K, committed 1024K, reserved 1048576K
}
Event: 2.361 GC heap before
{Heap before GC invocations=9 (full 0):
 PSYoungGen      total 525312K, used 522976K [0x000000076bc00000, 0x000000078c200000, 0x00000007c0000000)
  eden space 520192K, 100% used [0x000000076bc00000,0x000000078b800000,0x000000078b800000)
  from space 5120K, 54% used [0x000000078bd00000,0x000000078bfb8000,0x000000078c200000)
  to   space 5120K, 0% used [0x000000078b800000,0x000000078b800000,0x000000078bd00000)
 ParOldGen       total 173568K, used 3443K [0x00000006c3400000, 0x00000006cdd80000, 0x000000076bc00000)
  object space 173568K, 1% used [0x00000006c3400000,0x00000006c375cc20,0x00000006cdd80000)
 Metaspace       used 9294K, capacity 9454K, committed 9728K, reserved 1058816K
  class space    used 944K, capacity 1001K, committed 1024K, reserved 1048576K
Event: 2.367 GC heap after
Heap after GC invocations=9 (full 0):
 PSYoungGen      total 525312K, used 3808K [0x000000076bc00000, 0x000000078c200000, 0x00000007c0000000)
  eden space 520192K, 0% used [0x000000076bc00000,0x000000076bc00000,0x000000078b800000)
  from space 5120K, 74% used [0x000000078b800000,0x000000078bbb8000,0x000000078bd00000)
  to   space 5120K, 0% used [0x000000078bd00000,0x000000078bd00000,0x000000078c200000)
 ParOldGen       total 173568K, used 4315K [0x00000006c3400000, 0x00000006cdd80000, 0x000000076bc00000)
  object space 173568K, 2% used [0x00000006c3400000,0x00000006c3836c20,0x00000006cdd80000)
 Metaspace       used 9294K, capacity 9454K, committed 9728K, reserved 1058816K
  class space    used 944K, capacity 1001K, committed 1024K, reserved 1048576K
}
Event: 2.830 GC heap before
{Heap before GC invocations=10 (full 0):
 PSYoungGen      total 525312K, used 524000K [0x000000076bc00000, 0x000000078c200000, 0x00000007c0000000)
  eden space 520192K, 100% used [0x000000076bc00000,0x000000078b800000,0x000000078b800000)
  from space 5120K, 74% used [0x000000078b800000,0x000000078bbb8000,0x000000078bd00000)
  to   space 5120K, 0% used [0x000000078bd00000,0x000000078bd00000,0x000000078c200000)
 ParOldGen       total 173568K, used 4315K [0x00000006c3400000, 0x00000006cdd80000, 0x000000076bc00000)
  object space 173568K, 2% used [0x00000006c3400000,0x00000006c3836c20,0x00000006cdd80000)
 Metaspace       used 9321K, capacity 9582K, committed 9728K, reserved 1058816K
  class space    used 944K, capacity 1001K, committed 1024K, reserved 1048576K
Event: 2.835 GC heap after
Heap after GC invocations=10 (full 0):
 PSYoungGen      total 525312K, used 4128K [0x000000076bc00000, 0x000000078c200000, 0x00000007c0000000)
  eden space 520192K, 0% used [0x000000076bc00000,0x000000076bc00000,0x000000078b800000)
  from space 5120K, 80% used [0x000000078bd00000,0x000000078c108020,0x000000078c200000)
  to   space 5120K, 0% used [0x000000078b800000,0x000000078b800000,0x000000078bd00000)
 ParOldGen       total 173568K, used 6174K [0x00000006c3400000, 0x00000006cdd80000, 0x000000076bc00000)
  object space 173568K, 3% used [0x00000006c3400000,0x00000006c3a07be8,0x00000006cdd80000)
 Metaspace       used 9321K, capacity 9582K, committed 9728K, reserved 1058816K
  class space    used 944K, capacity 1001K, committed 1024K, reserved 1048576K
}
Event: 3.239 GC heap before
{Heap before GC invocations=11 (full 0):
 PSYoungGen      total 525312K, used 524320K [0x000000076bc00000, 0x000000078c200000, 0x00000007c0000000)
  eden space 520192K, 100% used [0x000000076bc00000,0x000000078b800000,0x000000078b800000)
  from space 5120K, 80% used [0x000000078bd00000,0x000000078c108020,0x000000078c200000)
  to   space 5120K, 0% used [0x000000078b800000,0x000000078b800000,0x000000078bd00000)
 ParOldGen       total 173568K, used 6174K [0x00000006c3400000, 0x00000006cdd80000, 0x000000076bc00000)
  object space 173568K, 3% used [0x00000006c3400000,0x00000006c3a07be8,0x00000006cdd80000)
 Metaspace       used 9331K, capacity 9582K, committed 9728K, reserved 1058816K
  class space    used 944K, capacity 1001K, committed 1024K, reserved 1048576K
Event: 3.292 GC heap after
Heap after GC invocations=11 (full 0):
 PSYoungGen      total 525312K, used 1952K [0x000000076bc00000, 0x000000078c200000, 0x00000007c0000000)
  eden space 520192K, 0% used [0x000000076bc00000,0x000000076bc00000,0x000000078b800000)
  from space 5120K, 38% used [0x000000078b800000,0x000000078b9e8000,0x000000078bd00000)
  to   space 5120K, 0% used [0x000000078bd00000,0x000000078bd00000,0x000000078c200000)
 ParOldGen       total 173568K, used 10258K [0x00000006c3400000, 0x00000006cdd80000, 0x000000076bc00000)
  object space 173568K, 5% used [0x00000006c3400000,0x00000006c3e04ba0,0x00000006cdd80000)
 Metaspace       used 9331K, capacity 9582K, committed 9728K, reserved 1058816K
  class space    used 944K, capacity 1001K, committed 1024K, reserved 1048576K
}

Deoptimization events (10 events):
Event: 1.767 Thread 0x00000000024b2800 Uncommon trap: reason=unstable_if action=reinterpret pc=0x0000000002c892d8 method=br.ufpe.cin.generated.Java18MergeParserTokenManager.jjMoveStringLiteralDfa1_0(JJ)I @ 609
Event: 1.841 Thread 0x00000000024b2800 Uncommon trap: reason=unstable_if action=reinterpret pc=0x0000000002ba0374 method=br.ufpe.cin.generated.Java18MergeParser.jj_3R_164()Z @ 46
Event: 1.842 Thread 0x00000000024b2800 Uncommon trap: reason=unstable_if action=reinterpret pc=0x0000000002b9abc8 method=br.ufpe.cin.generated.Java18MergeParser.jj_3R_170()Z @ 6
Event: 1.853 Thread 0x00000000024b2800 Uncommon trap: reason=unstable_if action=reinterpret pc=0x0000000002cc02ec method=br.ufpe.cin.generated.Java18MergeParserTokenManager.jjMoveNfa_0(II)I @ 396
Event: 1.925 Thread 0x00000000024b2800 Uncommon trap: reason=unstable_if action=reinterpret pc=0x0000000002cf06bc method=br.ufpe.cin.generated.Java18MergeParser.jj_3R_277()Z @ 6
Event: 1.925 Thread 0x00000000024b2800 Uncommon trap: reason=unstable_if action=reinterpret pc=0x0000000002ca7808 method=br.ufpe.cin.generated.Java18MergeParser.jj_3R_277()Z @ 6
Event: 2.246 Thread 0x00000000024b2800 Uncommon trap: reason=unstable_if action=reinterpret pc=0x0000000002cfcac8 method=br.ufpe.cin.generated.Java18MergeParser.jj_3R_186()Z @ 9
Event: 2.269 Thread 0x00000000024b2800 Uncommon trap: reason=unstable_if action=reinterpret pc=0x0000000002d18c44 method=br.ufpe.cin.generated.Java18MergeParser.jj_3_29()Z @ 4
Event: 2.382 Thread 0x00000000024b2800 Uncommon trap: reason=unstable_if action=reinterpret pc=0x0000000002d293f8 method=br.ufpe.cin.generated.Java18MergeParser.jj_3R_277()Z @ 6
Event: 2.458 Thread 0x00000000024b2800 Uncommon trap: reason=unstable_if action=reinterpret pc=0x0000000002c262b4 method=de.ovgu.cide.fstgen.ast.AbstractFSTParser.applyReplacements(Ljava/lang/String;Ljava/util/List;Lde/ovgu/cide/fstgen/ast/AbstractFSTParser$FSTInfoType;)Ljava/lang/String; @ 21

Classes redefined (0 events):
No events

Internal exceptions (10 events):
Event: 0.031 Thread 0x00000000024b2800 Exception <a 'java/lang/NoSuchMethodError': Method sun.misc.Unsafe.defineClass(Ljava/lang/String;[BII)Ljava/lang/Class; name or signature does not match> (0x000000076bc07cc0) thrown at [C:\jenkins\workspace\8-2-build-windows-amd64-cygwin\jdk8u251\737\hots
Event: 0.031 Thread 0x00000000024b2800 Exception <a 'java/lang/NoSuchMethodError': Method sun.misc.Unsafe.prefetchRead(Ljava/lang/Object;J)V name or signature does not match> (0x000000076bc07fa8) thrown at [C:\jenkins\workspace\8-2-build-windows-amd64-cygwin\jdk8u251\737\hotspot\src\share\vm\p
Event: 0.120 Thread 0x00000000024b2800 Exception <a 'java/lang/NoSuchFieldError': method resolution failed> (0x000000076bed01b0) thrown at [C:\jenkins\workspace\8-2-build-windows-amd64-cygwin\jdk8u251\737\hotspot\src\share\vm\prims\methodHandles.cpp, line 1167]
Event: 0.121 Thread 0x00000000024b2800 Exception <a 'java/lang/NoSuchFieldError': method resolution failed> (0x000000076bedd5b0) thrown at [C:\jenkins\workspace\8-2-build-windows-amd64-cygwin\jdk8u251\737\hotspot\src\share\vm\prims\methodHandles.cpp, line 1167]
Event: 0.180 Thread 0x00000000024b2800 Exception <a 'java/lang/ArrayIndexOutOfBoundsException'> (0x000000076c0dfb38) thrown at [C:\jenkins\workspace\8-2-build-windows-amd64-cygwin\jdk8u251\737\hotspot\src\share\vm\runtime\sharedRuntime.cpp, line 605]
Event: 0.180 Thread 0x00000000024b2800 Exception <a 'java/lang/ArrayIndexOutOfBoundsException'> (0x000000076c0e0a40) thrown at [C:\jenkins\workspace\8-2-build-windows-amd64-cygwin\jdk8u251\737\hotspot\src\share\vm\runtime\sharedRuntime.cpp, line 605]
Event: 0.236 Thread 0x00000000024b2800 Exception <a 'java/security/PrivilegedActionException'> (0x000000076c524958) thrown at [C:\jenkins\workspace\8-2-build-windows-amd64-cygwin\jdk8u251\737\hotspot\src\share\vm\prims\jvm.cpp, line 1502]
Event: 0.236 Thread 0x00000000024b2800 Exception <a 'java/security/PrivilegedActionException'> (0x000000076c524d50) thrown at [C:\jenkins\workspace\8-2-build-windows-amd64-cygwin\jdk8u251\737\hotspot\src\share\vm\prims\jvm.cpp, line 1502]
Event: 0.237 Thread 0x00000000024b2800 Exception <a 'java/security/PrivilegedActionException'> (0x000000076c529030) thrown at [C:\jenkins\workspace\8-2-build-windows-amd64-cygwin\jdk8u251\737\hotspot\src\share\vm\prims\jvm.cpp, line 1502]
Event: 0.237 Thread 0x00000000024b2800 Exception <a 'java/security/PrivilegedActionException'> (0x000000076c529428) thrown at [C:\jenkins\workspace\8-2-build-windows-amd64-cygwin\jdk8u251\737\hotspot\src\share\vm\prims\jvm.cpp, line 1502]

Events (10 events):
Event: 2.382 Thread 0x00000000024b2800 Uncommon trap: trap_request=0xffffff65 fr.pc=0x0000000002d293f8
Event: 2.383 Thread 0x00000000024b2800 DEOPT PACKING pc=0x0000000002d293f8 sp=0x00000000024ae890
Event: 2.383 Thread 0x00000000024b2800 DEOPT UNPACKING pc=0x00000000025f583b sp=0x00000000024ae4f0 mode 2
Event: 2.458 Thread 0x00000000024b2800 Uncommon trap: trap_request=0xffffff65 fr.pc=0x0000000002c262b4
Event: 2.458 Thread 0x00000000024b2800 DEOPT PACKING pc=0x0000000002c262b4 sp=0x00000000024af020
Event: 2.458 Thread 0x00000000024b2800 DEOPT UNPACKING pc=0x00000000025f583b sp=0x00000000024af000 mode 2
Event: 2.830 Executing VM operation: ParallelGCFailedAllocation
Event: 2.835 Executing VM operation: ParallelGCFailedAllocation done
Event: 3.239 Executing VM operation: ParallelGCFailedAllocation
Event: 3.292 Executing VM operation: ParallelGCFailedAllocation done


Dynamic libraries:
0x00007ff6ae770000 - 0x00007ff6ae7a7000 	C:\Program Files\Java\jdk1.8.0_251\bin\java.exe
0x00007ffce49d0000 - 0x00007ffce4bc8000 	C:\WINDOWS\SYSTEM32\ntdll.dll
0x00007ffce4620000 - 0x00007ffce46dd000 	C:\WINDOWS\System32\KERNEL32.DLL
0x00007ffce2360000 - 0x00007ffce262e000 	C:\WINDOWS\System32\KERNELBASE.dll
0x00007ffce3dc0000 - 0x00007ffce3e6e000 	C:\WINDOWS\System32\ADVAPI32.dll
0x00007ffce3e70000 - 0x00007ffce3f0e000 	C:\WINDOWS\System32\msvcrt.dll
0x00007ffce4790000 - 0x00007ffce482c000 	C:\WINDOWS\System32\sechost.dll
0x00007ffce2a30000 - 0x00007ffce2b55000 	C:\WINDOWS\System32\RPCRT4.dll
0x00007ffce4480000 - 0x00007ffce4620000 	C:\WINDOWS\System32\USER32.dll
0x00007ffce2120000 - 0x00007ffce2142000 	C:\WINDOWS\System32\win32u.dll
0x00007ffce4830000 - 0x00007ffce485a000 	C:\WINDOWS\System32\GDI32.dll
0x00007ffce2920000 - 0x00007ffce2a2b000 	C:\WINDOWS\System32\gdi32full.dll
0x00007ffce26a0000 - 0x00007ffce273d000 	C:\WINDOWS\System32\msvcp_win.dll
0x00007ffce2740000 - 0x00007ffce2840000 	C:\WINDOWS\System32\ucrtbase.dll
0x00007ffccc6d0000 - 0x00007ffccc96a000 	C:\WINDOWS\WinSxS\amd64_microsoft.windows.common-controls_6595b64144ccf1df_6.0.19041.1110_none_60b5254171f9507e\COMCTL32.dll
0x00007ffce2cc0000 - 0x00007ffce2cf0000 	C:\WINDOWS\System32\IMM32.DLL
0x00000000611b0000 - 0x0000000061282000 	C:\Program Files\Java\jdk1.8.0_251\jre\bin\msvcr100.dll
0x0000000060900000 - 0x00000000611ab000 	C:\Program Files\Java\jdk1.8.0_251\jre\bin\server\jvm.dll
0x00007ffce2c30000 - 0x00007ffce2c38000 	C:\WINDOWS\System32\PSAPI.DLL
0x00007ffcdc200000 - 0x00007ffcdc227000 	C:\WINDOWS\SYSTEM32\WINMM.dll
0x00007ffcd7520000 - 0x00007ffcd752a000 	C:\WINDOWS\SYSTEM32\VERSION.dll
0x00007ffccd3c0000 - 0x00007ffccd3c9000 	C:\WINDOWS\SYSTEM32\WSOCK32.dll
0x00007ffce3c30000 - 0x00007ffce3c9b000 	C:\WINDOWS\System32\WS2_32.dll
0x00007ffcc0e10000 - 0x00007ffcc0e1f000 	C:\Program Files\Java\jdk1.8.0_251\jre\bin\verify.dll
0x00007ffc9aa60000 - 0x00007ffc9aa89000 	C:\Program Files\Java\jdk1.8.0_251\jre\bin\java.dll
0x00007ffc9d470000 - 0x00007ffc9d486000 	C:\Program Files\Java\jdk1.8.0_251\jre\bin\zip.dll
0x00007ffce31d0000 - 0x00007ffce3914000 	C:\WINDOWS\System32\SHELL32.dll
0x00007ffcdfd10000 - 0x00007ffce04a4000 	C:\WINDOWS\SYSTEM32\windows.storage.dll
0x00007ffce3fe0000 - 0x00007ffce4334000 	C:\WINDOWS\System32\combase.dll
0x00007ffce1b50000 - 0x00007ffce1b80000 	C:\WINDOWS\SYSTEM32\Wldp.dll
0x00007ffce46e0000 - 0x00007ffce478d000 	C:\WINDOWS\System32\SHCORE.dll
0x00007ffce3b70000 - 0x00007ffce3bc5000 	C:\WINDOWS\System32\shlwapi.dll
0x00007ffce2030000 - 0x00007ffce204f000 	C:\WINDOWS\SYSTEM32\profapi.dll
0x00007ffcac710000 - 0x00007ffcac72a000 	C:\Program Files\Java\jdk1.8.0_251\jre\bin\net.dll
0x00007ffce18b0000 - 0x00007ffce191a000 	C:\WINDOWS\system32\mswsock.dll
0x00007ffca60b0000 - 0x00007ffca60c2000 	C:\Program Files\Java\jdk1.8.0_251\jre\bin\nio.dll

VM Arguments:
java_command: s3m.jar C:\UFPE\miningframework\SOOTAnalysisOutput\jenkins\706aa7ad95f9461b58afb480dab6441b861fd24d\jenkins\model\Jenkins\left.java C:\UFPE\miningframework\SOOTAnalysisOutput\jenkins\706aa7ad95f9461b58afb480dab6441b861fd24d\jenkins\model\Jenkins\base.java C:\UFPE\miningframework\SOOTAnalysisOutput\jenkins\706aa7ad95f9461b58afb480dab6441b861fd24d\jenkins\model\Jenkins\right.java -o C:\UFPE\miningframework\SOOTAnalysisOutput\jenkins\706aa7ad95f9461b58afb480dab6441b861fd24d\jenkins\model\Jenkins\InsertionLevelInitializationBlockHandler.java --handle-initialization-blocks false --handle-initialization-blocks-multiple-blocks true
java_class_path (initial): s3m.jar
Launcher Type: SUN_STANDARD

Environment Variables:
JAVA_HOME=C:\Program Files\Java\jdk1.8.0_291
PATH=C:\Program Files\Common Files\Oracle\Java\javapath;C:\Program Files (x86)\Common Files\Oracle\Java\javapath;C:\Windows\system32;C:\Windows;C:\Windows\System32\Wbem;C:\Windows\System32\WindowsPowerShell\v1.0\;C:\Windows\System32\OpenSSH\;C:\Program Files (x86)\NVIDIA Corporation\PhysX\Common;C:\Program Files\NVIDIA Corporation\NVIDIA NvDLISR;C:\Program Files (x86)\Groovy\bin;C:\Program Files (x86)\GnuWin32\bin;C:\UFPE\maven\apache-maven-3.6.3\bin;C:\WINDOWS\system32;C:\WINDOWS;C:\WINDOWS\System32\Wbem;C:\WINDOWS\System32\WindowsPowerShell\v1.0\;C:\WINDOWS\System32\OpenSSH\;C:\Program Files\Git\cmd;C:\Program Files\dotnet\;C:\Users\leona\AppData\Local\Microsoft\WindowsApps;C:\Program Files\Java\jdk-11.0.15\bin;C:\UFPE\maven\apache-maven-3.6.3\bin;C:\Users\leona\AppData\Local\GitHubDesktop\bin;C:\Users\leona\AppData\Local\Programs\Microsoft VS Code\bin;C:\Program Files\JetBrains\IntelliJ IDEA Community Edition 2020.2.3\bin;;C:\Program Files (x86)\GnuWin32\bin;C:\Users\leona\AppData\Local\Microsoft\WindowsApps;C:\flutter\flutter\bin;C:\gradle\bin;
USERNAME=leona
OS=Windows_NT
PROCESSOR_IDENTIFIER=Intel64 Family 6 Model 142 Stepping 12, GenuineIntel



---------------  S Y S T E M  ---------------

OS: Windows 10.0 , 64 bit Build 19041 (10.0.19041.1806)

CPU:total 8 (initial active 8) (4 cores per cpu, 2 threads per core) family 6 model 142 stepping 12, cmov, cx8, fxsr, mmx, sse, sse2, sse3, ssse3, sse4.1, sse4.2, popcnt, avx, avx2, aes, clmul, erms, 3dnowpref, lzcnt, ht, tsc, tscinvbit, bmi1, bmi2, adx

Memory: 4k page, physical 16556280k(1167284k free), swap 45608436k(2916k free)

vm_info: Java HotSpot(TM) 64-Bit Server VM (25.251-b08) for windows-amd64 JRE (1.8.0_251-b08), built on Mar 12 2020 06:31:49 by "" with MS VC++ 10.0 (VS2010)

time: Tue Aug 02 21:18:34 2022
timezone: Hora Padrão de Buenos Aires
elapsed time: 3 seconds (0d 0h 0m 3s)

