#
# There is insufficient memory for the Java Runtime Environment to continue.
# Native memory allocation (malloc) failed to allocate 1046816 bytes for Chunk::new
# Possible reasons:
#   The system is out of physical RAM or swap space
#   The process is running with CompressedOops enabled, and the Java Heap may be blocking the growth of the native heap
# Possible solutions:
#   Reduce memory load on the system
#   Increase physical memory or swap space
#   Check if swap backing store is full
#   Decrease Java heap size (-Xmx/-Xms)
#   Decrease number of Java threads
#   Decrease Java thread stack sizes (-Xss)
#   Set larger code cache with -XX:ReservedCodeCacheSize=
#   JVM is running with Zero Based Compressed Oops mode in which the Java heap is
#     placed in the first 32GB address space. The Java Heap base address is the
#     maximum limit for the native heap growth. Please use -XX:HeapBaseMinAddress
#     to set the Java Heap base and to place the Java Heap above 32GB virtual address.
# This output file may be truncated or incomplete.
#
#  Out of Memory Error (allocation.cpp:389), pid=63976, tid=0x00000000000127a0
#
# JRE version: Java(TM) SE Runtime Environment (8.0_251-b08) (build 1.8.0_251-b08)
# Java VM: Java HotSpot(TM) 64-Bit Server VM (25.251-b08 mixed mode windows-amd64 compressed oops)
# Failed to write core dump. Minidumps are not enabled by default on client versions of Windows
#

---------------  T H R E A D  ---------------

Current thread (0x000000001ec3b000):  JavaThread "C2 CompilerThread0" daemon [_thread_in_native, id=75680, stack(0x000000001f530000,0x000000001f630000)]

Stack: [0x000000001f530000,0x000000001f630000]
[error occurred during error reporting (printing stack bounds), id 0xc0000005]

Native frames: (J=compiled Java code, j=interpreted, Vv=VM code, C=native code)


Current CompileTask:
C2:   1658 1276       4       br.ufpe.cin.generated.Java18MergeParser::jj_3R_84 (41 bytes)


---------------  P R O C E S S  ---------------

Java Threads: ( => current thread )
  0x000000001ecd2000 JavaThread "Service Thread" daemon [_thread_blocked, id=56316, stack(0x000000001f930000,0x000000001fa30000)]
  0x000000001ec46800 JavaThread "C1 CompilerThread3" daemon [_thread_blocked, id=79692, stack(0x000000001f830000,0x000000001f930000)]
  0x000000001ec42000 JavaThread "C2 CompilerThread2" daemon [_thread_in_native, id=28236, stack(0x000000001f730000,0x000000001f830000)]
  0x000000001ec41800 JavaThread "C2 CompilerThread1" daemon [_thread_in_native, id=22324, stack(0x000000001f630000,0x000000001f730000)]
=>0x000000001ec3b000 JavaThread "C2 CompilerThread0" daemon [_thread_in_native, id=75680, stack(0x000000001f530000,0x000000001f630000)]
  0x000000001ec39000 JavaThread "Attach Listener" daemon [_thread_blocked, id=14568, stack(0x000000001f430000,0x000000001f530000)]
  0x000000001ec38000 JavaThread "Signal Dispatcher" daemon [_thread_blocked, id=85716, stack(0x000000001f330000,0x000000001f430000)]
  0x000000001ec31000 JavaThread "Finalizer" daemon [_thread_blocked, id=62332, stack(0x000000001f110000,0x000000001f210000)]
  0x000000001ec30800 JavaThread "Reference Handler" daemon [_thread_blocked, id=13444, stack(0x000000001f010000,0x000000001f110000)]
  0x0000000003402800 JavaThread "main" [_thread_in_Java, id=85960, stack(0x00000000032f0000,0x00000000033f0000)]

Other Threads:
  0x000000001ce39000 VMThread [stack: 0x000000001eb10000,0x000000001ec10000] [id=1436]
  0x000000001ecf6000 WatcherThread [stack: 0x000000001fa30000,0x000000001fb30000] [id=87684]

VM state:not at safepoint (normal execution)

VM Mutex/Monitor currently owned by a thread: None

heap address: 0x00000006c3400000, size: 4044 MB, Compressed Oops mode: Zero based, Oop shift amount: 3
Narrow klass base: 0x0000000000000000, Narrow klass shift: 3
Compressed class space size: 1073741824 Address: 0x00000007c0000000

Heap:
 PSYoungGen      total 263680K, used 151323K [0x000000076bc00000, 0x000000077c100000, 0x00000007c0000000)
  eden space 260096K, 57% used [0x000000076bc00000,0x0000000774ecec78,0x000000077ba00000)
  from space 3584K, 27% used [0x000000077ba00000,0x000000077baf8020,0x000000077bd80000)
  to   space 3584K, 0% used [0x000000077bd80000,0x000000077bd80000,0x000000077c100000)
 ParOldGen       total 173568K, used 1603K [0x00000006c3400000, 0x00000006cdd80000, 0x000000076bc00000)
  object space 173568K, 0% used [0x00000006c3400000,0x00000006c3590e50,0x00000006cdd80000)
 Metaspace       used 9116K, capacity 9358K, committed 9600K, reserved 1058816K
  class space    used 957K, capacity 1033K, committed 1152K, reserved 1048576K

Card table byte_map: [0x00000000128c0000,0x00000000130b0000] byte_map_base: 0x000000000f2a6000

Marking Bits: (ParMarkBitMap*) 0x000000007046af90
 Begin Bits: [0x0000000013e00000, 0x0000000017d30000)
 End Bits:   [0x0000000017d30000, 0x000000001bc60000)

Polling page: 0x0000000001950000

CodeCache: size=245760Kb used=5626Kb max_used=5626Kb free=240133Kb
 bounds [0x0000000003500000, 0x0000000003a90000, 0x0000000012500000]
 total_blobs=1637 nmethods=1282 adapters=268
 compilation: enabled

Compilation events (10 events):
Event: 1.584 Thread 0x000000001ec46800 1282   !   3       br.ufpe.cin.generated.Java18MergeParserTokenManager::jjMoveNfa_0 (2876 bytes)
Event: 1.584 Thread 0x000000001ec41800 nmethod 1279 0x0000000003a31350 code [0x0000000003a314a0, 0x0000000003a31978]
Event: 1.584 Thread 0x000000001ec41800 1278       4       de.ovgu.cide.fstgen.ast.AbstractFSTParser$Replacement::<init> (15 bytes)
Event: 1.585 Thread 0x000000001ec41800 nmethod 1278 0x000000000389d210 code [0x000000000389d340, 0x000000000389d3b8]
Event: 1.597 Thread 0x000000001ec46800 nmethod 1282 0x0000000003a77c90 code [0x0000000003a78860, 0x0000000003a81018]
Event: 1.601 Thread 0x000000001ec41800 1283       4       br.ufpe.cin.generated.Java18MergeParser::jj_3R_181 (31 bytes)
Event: 1.645 Thread 0x000000001ec46800 1287       3       br.ufpe.cin.generated.Java18MergeParser::jj_3R_203 (11 bytes)
Event: 1.646 Thread 0x000000001ec46800 nmethod 1287 0x0000000003a30b50 code [0x0000000003a30d00, 0x0000000003a311a8]
Event: 1.646 Thread 0x000000001ec46800 1288       3       br.ufpe.cin.generated.Java18MergeParser::jj_3R_291 (31 bytes)
Event: 1.646 Thread 0x000000001ec46800 nmethod 1288 0x0000000003a32ad0 code [0x0000000003a32c60, 0x0000000003a33068]

GC Heap History (10 events):
Event: 0.898 GC heap before
{Heap before GC invocations=3 (full 0):
 PSYoungGen      total 75776K, used 67063K [0x000000076bc00000, 0x0000000775000000, 0x00000007c0000000)
  eden space 65024K, 100% used [0x000000076bc00000,0x000000076fb80000,0x000000076fb80000)
  from space 10752K, 18% used [0x0000000770600000,0x00000007707fddf0,0x0000000771080000)
  to   space 10752K, 0% used [0x000000076fb80000,0x000000076fb80000,0x0000000770600000)
 ParOldGen       total 173568K, used 24K [0x00000006c3400000, 0x00000006cdd80000, 0x000000076bc00000)
  object space 173568K, 0% used [0x00000006c3400000,0x00000006c3406000,0x00000006cdd80000)
 Metaspace       used 9009K, capacity 9230K, committed 9600K, reserved 1058816K
  class space    used 957K, capacity 1033K, committed 1152K, reserved 1048576K
Event: 0.902 GC heap after
Heap after GC invocations=3 (full 0):
 PSYoungGen      total 75776K, used 2119K [0x000000076bc00000, 0x0000000775000000, 0x00000007c0000000)
  eden space 65024K, 0% used [0x000000076bc00000,0x000000076bc00000,0x000000076fb80000)
  from space 10752K, 19% used [0x000000076fb80000,0x000000076fd91de0,0x0000000770600000)
  to   space 10752K, 0% used [0x0000000774580000,0x0000000774580000,0x0000000775000000)
 ParOldGen       total 173568K, used 32K [0x00000006c3400000, 0x00000006cdd80000, 0x000000076bc00000)
  object space 173568K, 0% used [0x00000006c3400000,0x00000006c3408000,0x00000006cdd80000)
 Metaspace       used 9009K, capacity 9230K, committed 9600K, reserved 1058816K
  class space    used 957K, capacity 1033K, committed 1152K, reserved 1048576K
}
Event: 0.980 GC heap before
{Heap before GC invocations=4 (full 0):
 PSYoungGen      total 75776K, used 67143K [0x000000076bc00000, 0x0000000775000000, 0x00000007c0000000)
  eden space 65024K, 100% used [0x000000076bc00000,0x000000076fb80000,0x000000076fb80000)
  from space 10752K, 19% used [0x000000076fb80000,0x000000076fd91de0,0x0000000770600000)
  to   space 10752K, 0% used [0x0000000774580000,0x0000000774580000,0x0000000775000000)
 ParOldGen       total 173568K, used 32K [0x00000006c3400000, 0x00000006cdd80000, 0x000000076bc00000)
  object space 173568K, 0% used [0x00000006c3400000,0x00000006c3408000,0x00000006cdd80000)
 Metaspace       used 9021K, capacity 9230K, committed 9600K, reserved 1058816K
  class space    used 957K, capacity 1033K, committed 1152K, reserved 1048576K
Event: 0.982 GC heap after
Heap after GC invocations=4 (full 0):
 PSYoungGen      total 140800K, used 2263K [0x000000076bc00000, 0x0000000775000000, 0x00000007c0000000)
  eden space 130048K, 0% used [0x000000076bc00000,0x000000076bc00000,0x0000000773b00000)
  from space 10752K, 21% used [0x0000000774580000,0x00000007747b5df0,0x0000000775000000)
  to   space 10752K, 0% used [0x0000000773b00000,0x0000000773b00000,0x0000000774580000)
 ParOldGen       total 173568K, used 40K [0x00000006c3400000, 0x00000006cdd80000, 0x000000076bc00000)
  object space 173568K, 0% used [0x00000006c3400000,0x00000006c340a000,0x00000006cdd80000)
 Metaspace       used 9021K, capacity 9230K, committed 9600K, reserved 1058816K
  class space    used 957K, capacity 1033K, committed 1152K, reserved 1048576K
}
Event: 1.114 GC heap before
{Heap before GC invocations=5 (full 0):
 PSYoungGen      total 140800K, used 132311K [0x000000076bc00000, 0x0000000775000000, 0x00000007c0000000)
  eden space 130048K, 100% used [0x000000076bc00000,0x0000000773b00000,0x0000000773b00000)
  from space 10752K, 21% used [0x0000000774580000,0x00000007747b5df0,0x0000000775000000)
  to   space 10752K, 0% used [0x0000000773b00000,0x0000000773b00000,0x0000000774580000)
 ParOldGen       total 173568K, used 40K [0x00000006c3400000, 0x00000006cdd80000, 0x000000076bc00000)
  object space 173568K, 0% used [0x00000006c3400000,0x00000006c340a000,0x00000006cdd80000)
 Metaspace       used 9051K, capacity 9294K, committed 9600K, reserved 1058816K
  class space    used 957K, capacity 1033K, committed 1152K, reserved 1048576K
Event: 1.118 GC heap after
Heap after GC invocations=5 (full 0):
 PSYoungGen      total 140800K, used 2583K [0x000000076bc00000, 0x000000077c100000, 0x00000007c0000000)
  eden space 130048K, 0% used [0x000000076bc00000,0x000000076bc00000,0x0000000773b00000)
  from space 10752K, 24% used [0x0000000773b00000,0x0000000773d85df0,0x0000000774580000)
  to   space 3584K, 0% used [0x000000077bd80000,0x000000077bd80000,0x000000077c100000)
 ParOldGen       total 173568K, used 48K [0x00000006c3400000, 0x00000006cdd80000, 0x000000076bc00000)
  object space 173568K, 0% used [0x00000006c3400000,0x00000006c340c000,0x00000006cdd80000)
 Metaspace       used 9051K, capacity 9294K, committed 9600K, reserved 1058816K
  class space    used 957K, capacity 1033K, committed 1152K, reserved 1048576K
}
Event: 1.239 GC heap before
{Heap before GC invocations=6 (full 0):
 PSYoungGen      total 140800K, used 132631K [0x000000076bc00000, 0x000000077c100000, 0x00000007c0000000)
  eden space 130048K, 100% used [0x000000076bc00000,0x0000000773b00000,0x0000000773b00000)
  from space 10752K, 24% used [0x0000000773b00000,0x0000000773d85df0,0x0000000774580000)
  to   space 3584K, 0% used [0x000000077bd80000,0x000000077bd80000,0x000000077c100000)
 ParOldGen       total 173568K, used 48K [0x00000006c3400000, 0x00000006cdd80000, 0x000000076bc00000)
  object space 173568K, 0% used [0x00000006c3400000,0x00000006c340c000,0x00000006cdd80000)
 Metaspace       used 9070K, capacity 9294K, committed 9600K, reserved 1058816K
  class space    used 957K, capacity 1033K, committed 1152K, reserved 1048576K
Event: 1.242 GC heap after
Heap after GC invocations=6 (full 0):
 PSYoungGen      total 263680K, used 1911K [0x000000076bc00000, 0x000000077c100000, 0x00000007c0000000)
  eden space 260096K, 0% used [0x000000076bc00000,0x000000076bc00000,0x000000077ba00000)
  from space 3584K, 53% used [0x000000077bd80000,0x000000077bf5ddf0,0x000000077c100000)
  to   space 3584K, 0% used [0x000000077ba00000,0x000000077ba00000,0x000000077bd80000)
 ParOldGen       total 173568K, used 56K [0x00000006c3400000, 0x00000006cdd80000, 0x000000076bc00000)
  object space 173568K, 0% used [0x00000006c3400000,0x00000006c340e000,0x00000006cdd80000)
 Metaspace       used 9070K, capacity 9294K, committed 9600K, reserved 1058816K
  class space    used 957K, capacity 1033K, committed 1152K, reserved 1048576K
}
Event: 1.516 GC heap before
{Heap before GC invocations=7 (full 0):
 PSYoungGen      total 263680K, used 262007K [0x000000076bc00000, 0x000000077c100000, 0x00000007c0000000)
  eden space 260096K, 100% used [0x000000076bc00000,0x000000077ba00000,0x000000077ba00000)
  from space 3584K, 53% used [0x000000077bd80000,0x000000077bf5ddf0,0x000000077c100000)
  to   space 3584K, 0% used [0x000000077ba00000,0x000000077ba00000,0x000000077bd80000)
 ParOldGen       total 173568K, used 56K [0x00000006c3400000, 0x00000006cdd80000, 0x000000076bc00000)
  object space 173568K, 0% used [0x00000006c3400000,0x00000006c340e000,0x00000006cdd80000)
 Metaspace       used 9115K, capacity 9358K, committed 9600K, reserved 1058816K
  class space    used 957K, capacity 1033K, committed 1152K, reserved 1048576K
Event: 1.519 GC heap after
Heap after GC invocations=7 (full 0):
 PSYoungGen      total 263680K, used 992K [0x000000076bc00000, 0x000000077c100000, 0x00000007c0000000)
  eden space 260096K, 0% used [0x000000076bc00000,0x000000076bc00000,0x000000077ba00000)
  from space 3584K, 27% used [0x000000077ba00000,0x000000077baf8020,0x000000077bd80000)
  to   space 3584K, 0% used [0x000000077bd80000,0x000000077bd80000,0x000000077c100000)
 ParOldGen       total 173568K, used 1603K [0x00000006c3400000, 0x00000006cdd80000, 0x000000076bc00000)
  object space 173568K, 0% used [0x00000006c3400000,0x00000006c3590e50,0x00000006cdd80000)
 Metaspace       used 9115K, capacity 9358K, committed 9600K, reserved 1058816K
  class space    used 957K, capacity 1033K, committed 1152K, reserved 1048576K
}

Deoptimization events (10 events):
Event: 1.119 Thread 0x0000000003402800 Uncommon trap: reason=unstable_if action=reinterpret pc=0x00000000039436c4 method=cide.gparser.OffsetCharStream.readChar()C @ 90
Event: 1.119 Thread 0x0000000003402800 Uncommon trap: reason=unstable_if action=reinterpret pc=0x00000000038bf59c method=cide.gparser.OffsetCharStream.readChar()C @ 90
Event: 1.120 Thread 0x0000000003402800 Uncommon trap: reason=unstable_if action=reinterpret pc=0x00000000038ab4f8 method=java.util.regex.Matcher.quoteReplacement(Ljava/lang/String;)Ljava/lang/String; @ 7
Event: 1.146 Thread 0x0000000003402800 Uncommon trap: reason=unstable_if action=reinterpret pc=0x000000000394d5cc method=br.ufpe.cin.generated.Java18MergeParser.jj_3R_198()Z @ 15
Event: 1.153 Thread 0x0000000003402800 Uncommon trap: reason=unstable_if action=reinterpret pc=0x000000000399f2ec method=br.ufpe.cin.generated.Java18MergeParser.jj_3R_169()Z @ 6
Event: 1.180 Thread 0x0000000003402800 Uncommon trap: reason=unstable_if action=reinterpret pc=0x0000000003928030 method=br.ufpe.cin.generated.Java18MergeParser.jj_3R_195()Z @ 6
Event: 1.239 Thread 0x0000000003402800 Uncommon trap: reason=unstable_if action=reinterpret pc=0x00000000039cb398 method=br.ufpe.cin.generated.Java18MergeParser.jj_3R_89()Z @ 17
Event: 1.563 Thread 0x0000000003402800 Uncommon trap: reason=unstable_if action=reinterpret pc=0x0000000003a25f84 method=br.ufpe.cin.generated.Java18MergeParserTokenManager.jjMoveNfa_0(II)I @ 396
Event: 1.566 Thread 0x0000000003402800 Uncommon trap: reason=unstable_if action=reinterpret pc=0x0000000003a50a90 method=java.util.regex.Matcher.quoteReplacement(Ljava/lang/String;)Ljava/lang/String; @ 7
Event: 1.567 Thread 0x0000000003402800 Uncommon trap: reason=unstable_if action=reinterpret pc=0x00000000039f2eb4 method=java.util.regex.Matcher.quoteReplacement(Ljava/lang/String;)Ljava/lang/String; @ 7

Classes redefined (0 events):
No events

Internal exceptions (10 events):
Event: 0.153 Thread 0x0000000003402800 Exception <a 'java/lang/NoSuchFieldError': method resolution failed> (0x000000076bed06d8) thrown at [C:\jenkins\workspace\8-2-build-windows-amd64-cygwin\jdk8u251\737\hotspot\src\share\vm\prims\methodHandles.cpp, line 1167]
Event: 0.154 Thread 0x0000000003402800 Exception <a 'java/lang/NoSuchFieldError': method resolution failed> (0x000000076beddad8) thrown at [C:\jenkins\workspace\8-2-build-windows-amd64-cygwin\jdk8u251\737\hotspot\src\share\vm\prims\methodHandles.cpp, line 1167]
Event: 0.170 Thread 0x0000000003402800 Exception <a 'sun/nio/fs/WindowsException'> (0x000000076bf5c348) thrown at [C:\jenkins\workspace\8-2-build-windows-amd64-cygwin\jdk8u251\737\hotspot\src\share\vm\prims\jni.cpp, line 710]
Event: 0.175 Thread 0x0000000003402800 Exception <a 'sun/nio/fs/WindowsException'> (0x000000076bf61958) thrown at [C:\jenkins\workspace\8-2-build-windows-amd64-cygwin\jdk8u251\737\hotspot\src\share\vm\prims\jni.cpp, line 710]
Event: 0.235 Thread 0x0000000003402800 Exception <a 'java/lang/ArrayIndexOutOfBoundsException'> (0x000000076c0e8728) thrown at [C:\jenkins\workspace\8-2-build-windows-amd64-cygwin\jdk8u251\737\hotspot\src\share\vm\runtime\sharedRuntime.cpp, line 605]
Event: 0.236 Thread 0x0000000003402800 Exception <a 'java/lang/ArrayIndexOutOfBoundsException'> (0x000000076c0e9630) thrown at [C:\jenkins\workspace\8-2-build-windows-amd64-cygwin\jdk8u251\737\hotspot\src\share\vm\runtime\sharedRuntime.cpp, line 605]
Event: 0.291 Thread 0x0000000003402800 Exception <a 'java/security/PrivilegedActionException'> (0x000000076c29aeb0) thrown at [C:\jenkins\workspace\8-2-build-windows-amd64-cygwin\jdk8u251\737\hotspot\src\share\vm\prims\jvm.cpp, line 1502]
Event: 0.291 Thread 0x0000000003402800 Exception <a 'java/security/PrivilegedActionException'> (0x000000076c29b2a8) thrown at [C:\jenkins\workspace\8-2-build-windows-amd64-cygwin\jdk8u251\737\hotspot\src\share\vm\prims\jvm.cpp, line 1502]
Event: 0.292 Thread 0x0000000003402800 Exception <a 'java/security/PrivilegedActionException'> (0x000000076c29f588) thrown at [C:\jenkins\workspace\8-2-build-windows-amd64-cygwin\jdk8u251\737\hotspot\src\share\vm\prims\jvm.cpp, line 1502]
Event: 0.292 Thread 0x0000000003402800 Exception <a 'java/security/PrivilegedActionException'> (0x000000076c29f980) thrown at [C:\jenkins\workspace\8-2-build-windows-amd64-cygwin\jdk8u251\737\hotspot\src\share\vm\prims\jvm.cpp, line 1502]

Events (10 events):
Event: 1.519 Executing VM operation: ParallelGCFailedAllocation done
Event: 1.563 Thread 0x0000000003402800 Uncommon trap: trap_request=0xffffff65 fr.pc=0x0000000003a25f84
Event: 1.563 Thread 0x0000000003402800 DEOPT PACKING pc=0x0000000003a25f84 sp=0x00000000033ecc40
Event: 1.563 Thread 0x0000000003402800 DEOPT UNPACKING pc=0x000000000354583b sp=0x00000000033ecba8 mode 2
Event: 1.566 Thread 0x0000000003402800 Uncommon trap: trap_request=0xffffff65 fr.pc=0x0000000003a50a90
Event: 1.566 Thread 0x0000000003402800 DEOPT PACKING pc=0x0000000003a50a90 sp=0x00000000033eafa0
Event: 1.566 Thread 0x0000000003402800 DEOPT UNPACKING pc=0x000000000354583b sp=0x00000000033eaea8 mode 2
Event: 1.567 Thread 0x0000000003402800 Uncommon trap: trap_request=0xffffff65 fr.pc=0x00000000039f2eb4
Event: 1.567 Thread 0x0000000003402800 DEOPT PACKING pc=0x00000000039f2eb4 sp=0x00000000033eaf40
Event: 1.567 Thread 0x0000000003402800 DEOPT UNPACKING pc=0x000000000354583b sp=0x00000000033eaea0 mode 2


Dynamic libraries:
0x00007ff6586c0000 - 0x00007ff6586f7000 	C:\Program Files\Java\jdk1.8.0_251\bin\java.exe
0x00007ffbe7030000 - 0x00007ffbe7228000 	C:\WINDOWS\SYSTEM32\ntdll.dll
0x00007ffbe61a0000 - 0x00007ffbe625d000 	C:\WINDOWS\System32\KERNEL32.DLL
0x00007ffbe4750000 - 0x00007ffbe4a1e000 	C:\WINDOWS\System32\KERNELBASE.dll
0x00007ffbe6410000 - 0x00007ffbe64be000 	C:\WINDOWS\System32\ADVAPI32.dll
0x00007ffbe5d40000 - 0x00007ffbe5dde000 	C:\WINDOWS\System32\msvcrt.dll
0x00007ffbe5840000 - 0x00007ffbe58dc000 	C:\WINDOWS\System32\sechost.dll
0x00007ffbe5e40000 - 0x00007ffbe5f65000 	C:\WINDOWS\System32\RPCRT4.dll
0x00007ffbe5f70000 - 0x00007ffbe6110000 	C:\WINDOWS\System32\USER32.dll
0x00007ffbe4c20000 - 0x00007ffbe4c42000 	C:\WINDOWS\System32\win32u.dll
0x00007ffbe6170000 - 0x00007ffbe619a000 	C:\WINDOWS\System32\GDI32.dll
0x00007ffbe4b10000 - 0x00007ffbe4c1b000 	C:\WINDOWS\System32\gdi32full.dll
0x00007ffbe4a70000 - 0x00007ffbe4b0d000 	C:\WINDOWS\System32\msvcp_win.dll
0x00007ffbe4f00000 - 0x00007ffbe5000000 	C:\WINDOWS\System32\ucrtbase.dll
0x00007ffbcd7c0000 - 0x00007ffbcda5a000 	C:\WINDOWS\WinSxS\amd64_microsoft.windows.common-controls_6595b64144ccf1df_6.0.19041.1110_none_60b5254171f9507e\COMCTL32.dll
0x00007ffbe5c40000 - 0x00007ffbe5c70000 	C:\WINDOWS\System32\IMM32.DLL
0x0000000076e20000 - 0x0000000076ef2000 	C:\Program Files\Java\jdk1.8.0_251\jre\bin\msvcr100.dll
0x000000006fc40000 - 0x00000000704eb000 	C:\Program Files\Java\jdk1.8.0_251\jre\bin\server\jvm.dll
0x00007ffbe5a70000 - 0x00007ffbe5a78000 	C:\WINDOWS\System32\PSAPI.DLL
0x00007ffbdaf40000 - 0x00007ffbdaf67000 	C:\WINDOWS\SYSTEM32\WINMM.dll
0x00007ffbdb380000 - 0x00007ffbdb38a000 	C:\WINDOWS\SYSTEM32\VERSION.dll
0x00007ffbcf9d0000 - 0x00007ffbcf9d9000 	C:\WINDOWS\SYSTEM32\WSOCK32.dll
0x00007ffbe5a80000 - 0x00007ffbe5aeb000 	C:\WINDOWS\System32\WS2_32.dll
0x00007ffbdbce0000 - 0x00007ffbdbcef000 	C:\Program Files\Java\jdk1.8.0_251\jre\bin\verify.dll
0x00007ffbdb160000 - 0x00007ffbdb189000 	C:\Program Files\Java\jdk1.8.0_251\jre\bin\java.dll
0x00007ffbdbc80000 - 0x00007ffbdbc96000 	C:\Program Files\Java\jdk1.8.0_251\jre\bin\zip.dll
0x00007ffbe5090000 - 0x00007ffbe57d4000 	C:\WINDOWS\System32\SHELL32.dll
0x00007ffbe2370000 - 0x00007ffbe2b04000 	C:\WINDOWS\SYSTEM32\windows.storage.dll
0x00007ffbe6c30000 - 0x00007ffbe6f84000 	C:\WINDOWS\System32\combase.dll
0x00007ffbe4140000 - 0x00007ffbe4170000 	C:\WINDOWS\SYSTEM32\Wldp.dll
0x00007ffbe64e0000 - 0x00007ffbe658d000 	C:\WINDOWS\System32\SHCORE.dll
0x00007ffbe6f90000 - 0x00007ffbe6fe5000 	C:\WINDOWS\System32\shlwapi.dll
0x00007ffbe4690000 - 0x00007ffbe46af000 	C:\WINDOWS\SYSTEM32\profapi.dll
0x00007ffbd77c0000 - 0x00007ffbd77da000 	C:\Program Files\Java\jdk1.8.0_251\jre\bin\net.dll
0x00007ffbe3e20000 - 0x00007ffbe3e8a000 	C:\WINDOWS\system32\mswsock.dll
0x00007ffbd71b0000 - 0x00007ffbd71c2000 	C:\Program Files\Java\jdk1.8.0_251\jre\bin\nio.dll

VM Arguments:
java_command: s3m.jar C:\UFPE\miningframework\SOOTAnalysisOutput\spring-framework\6c631e3d5cb14a401befcc9f5ba6971153477d38\org\springframework\web\client\RestTemplate\left.java C:\UFPE\miningframework\SOOTAnalysisOutput\spring-framework\6c631e3d5cb14a401befcc9f5ba6971153477d38\org\springframework\web\client\RestTemplate\base.java C:\UFPE\miningframework\SOOTAnalysisOutput\spring-framework\6c631e3d5cb14a401befcc9f5ba6971153477d38\org\springframework\web\client\RestTemplate\right.java -o C:\UFPE\miningframework\SOOTAnalysisOutput\spring-framework\6c631e3d5cb14a401befcc9f5ba6971153477d38\org\springframework\web\client\RestTemplate\InsertionLevelInitializationBlockHandler.java --handle-initialization-blocks false --handle-initialization-blocks-multiple-blocks true
java_class_path (initial): s3m.jar
Launcher Type: SUN_STANDARD

Environment Variables:
JAVA_HOME=C:\Program Files\Java\jdk1.8.0_291
PATH=C:\Program Files\Common Files\Oracle\Java\javapath;C:\Program Files (x86)\Common Files\Oracle\Java\javapath;C:\Windows\system32;C:\Windows;C:\Windows\System32\Wbem;C:\Windows\System32\WindowsPowerShell\v1.0\;C:\Windows\System32\OpenSSH\;C:\Program Files (x86)\NVIDIA Corporation\PhysX\Common;C:\Program Files\NVIDIA Corporation\NVIDIA NvDLISR;C:\Program Files (x86)\Groovy\bin;C:\Program Files (x86)\GnuWin32\bin;C:\UFPE\maven\apache-maven-3.6.3\bin;C:\WINDOWS\system32;C:\WINDOWS;C:\WINDOWS\System32\Wbem;C:\WINDOWS\System32\WindowsPowerShell\v1.0\;C:\WINDOWS\System32\OpenSSH\;C:\Program Files\Git\cmd;C:\Program Files\dotnet\;C:\Users\leona\AppData\Local\Microsoft\WindowsApps;C:\Program Files\Java\jdk-11.0.15\bin;C:\UFPE\maven\apache-maven-3.6.3\bin;C:\Users\leona\AppData\Local\GitHubDesktop\bin;C:\Users\leona\AppData\Local\Programs\Microsoft VS Code\bin;C:\Program Files\JetBrains\IntelliJ IDEA Community Edition 2020.2.3\bin;;C:\Program Files (x86)\GnuWin32\bin;C:\Users\leona\AppData\Local\Microsoft\WindowsApps;C:\flutter\flutter\bin;C:\gradle\bin;
USERNAME=leona
OS=Windows_NT
PROCESSOR_IDENTIFIER=Intel64 Family 6 Model 142 Stepping 12, GenuineIntel



---------------  S Y S T E M  ---------------

OS: Windows 10.0 , 64 bit Build 19041 (10.0.19041.1806)

CPU:total 8 (initial active 8) (4 cores per cpu, 2 threads per core) family 6 model 142 stepping 12, cmov, cx8, fxsr, mmx, sse, sse2, sse3, ssse3, sse4.1, sse4.2, popcnt, avx, avx2, aes, clmul, erms, 3dnowpref, lzcnt, ht, tsc, tscinvbit, bmi1, bmi2, adx

Memory: 4k page, physical 16556280k(1019060k free), swap 45608436k(5472k free)

vm_info: Java HotSpot(TM) 64-Bit Server VM (25.251-b08) for windows-amd64 JRE (1.8.0_251-b08), built on Mar 12 2020 06:31:49 by "" with MS VC++ 10.0 (VS2010)

time: Thu Jul 21 14:56:24 2022
timezone: Hora Padrão de Buenos Aires
elapsed time: 1 seconds (0d 0h 0m 1s)

