#
# There is insufficient memory for the Java Runtime Environment to continue.
# Native memory allocation (malloc) failed to allocate 1310752 bytes for Chunk::new
# Possible reasons:
#   The system is out of physical RAM or swap space
#   The process is running with CompressedOops enabled, and the Java Heap may be blocking the growth of the native heap
# Possible solutions:
#   Reduce memory load on the system
#   Increase physical memory or swap space
#   Check if swap backing store is full
#   Decrease Java heap size (-Xmx/-Xms)
#   Decrease number of Java threads
#   Decrease Java thread stack sizes (-Xss)
#   Set larger code cache with -XX:ReservedCodeCacheSize=
#   JVM is running with Zero Based Compressed Oops mode in which the Java heap is
#     placed in the first 32GB address space. The Java Heap base address is the
#     maximum limit for the native heap growth. Please use -XX:HeapBaseMinAddress
#     to set the Java Heap base and to place the Java Heap above 32GB virtual address.
# This output file may be truncated or incomplete.
#
#  Out of Memory Error (allocation.cpp:389), pid=9940, tid=0x00000000000005b0
#
# JRE version: Java(TM) SE Runtime Environment (8.0_251-b08) (build 1.8.0_251-b08)
# Java VM: Java HotSpot(TM) 64-Bit Server VM (25.251-b08 mixed mode windows-amd64 compressed oops)
# Failed to write core dump. Minidumps are not enabled by default on client versions of Windows
#

---------------  T H R E A D  ---------------

Current thread (0x000000001e9ad800):  JavaThread "C2 CompilerThread1" daemon [_thread_in_native, id=1456, stack(0x000000001f3a0000,0x000000001f4a0000)]

Stack: [0x000000001f3a0000,0x000000001f4a0000]
[error occurred during error reporting (printing stack bounds), id 0xc0000005]

Native frames: (J=compiled Java code, j=interpreted, Vv=VM code, C=native code)


Current CompileTask:
C2:   1036 1003       4       de.ovgu.cide.fstgen.ast.AbstractFSTParser::applyReplacements (248 bytes)


---------------  P R O C E S S  ---------------

Java Threads: ( => current thread )
  0x000000001ea3e000 JavaThread "Service Thread" daemon [_thread_blocked, id=79416, stack(0x000000001f6a0000,0x000000001f7a0000)]
  0x000000001e9b5800 JavaThread "C1 CompilerThread3" daemon [_thread_blocked, id=86396, stack(0x000000001f5a0000,0x000000001f6a0000)]
  0x000000001e9b0000 JavaThread "C2 CompilerThread2" daemon [_thread_in_native, id=72852, stack(0x000000001f4a0000,0x000000001f5a0000)]
=>0x000000001e9ad800 JavaThread "C2 CompilerThread1" daemon [_thread_in_native, id=1456, stack(0x000000001f3a0000,0x000000001f4a0000)]
  0x000000001e9aa800 JavaThread "C2 CompilerThread0" daemon [_thread_in_native, id=70552, stack(0x000000001f2a0000,0x000000001f3a0000)]
  0x000000001e9a8800 JavaThread "Attach Listener" daemon [_thread_blocked, id=36496, stack(0x000000001f1a0000,0x000000001f2a0000)]
  0x000000001e9a7000 JavaThread "Signal Dispatcher" daemon [_thread_blocked, id=85636, stack(0x000000001f0a0000,0x000000001f1a0000)]
  0x0000000003238000 JavaThread "Finalizer" daemon [_thread_blocked, id=88512, stack(0x000000001ee80000,0x000000001ef80000)]
  0x000000001e9a0800 JavaThread "Reference Handler" daemon [_thread_blocked, id=82360, stack(0x000000001ed80000,0x000000001ee80000)]
  0x0000000003142800 JavaThread "main" [_thread_in_Java, id=18100, stack(0x0000000002f40000,0x0000000003040000)]

Other Threads:
  0x000000001cb79000 VMThread [stack: 0x000000001e880000,0x000000001e980000] [id=81752]
  0x000000001ea69000 WatcherThread [stack: 0x000000001f7a0000,0x000000001f8a0000] [id=15628]

VM state:not at safepoint (normal execution)

VM Mutex/Monitor currently owned by a thread: None

heap address: 0x00000006c3400000, size: 4044 MB, Compressed Oops mode: Zero based, Oop shift amount: 3
Narrow klass base: 0x0000000000000000, Narrow klass shift: 3
Compressed class space size: 1073741824 Address: 0x00000007c0000000

Heap:
 PSYoungGen      total 140800K, used 57082K [0x000000076bc00000, 0x000000077c100000, 0x00000007c0000000)
  eden space 130048K, 41% used [0x000000076bc00000,0x000000076f130a50,0x0000000773b00000)
  from space 10752K, 24% used [0x0000000773b00000,0x0000000773d8ddd0,0x0000000774580000)
  to   space 3584K, 0% used [0x000000077bd80000,0x000000077bd80000,0x000000077c100000)
 ParOldGen       total 173568K, used 48K [0x00000006c3400000, 0x00000006cdd80000, 0x000000076bc00000)
  object space 173568K, 0% used [0x00000006c3400000,0x00000006c340c000,0x00000006cdd80000)
 Metaspace       used 9062K, capacity 9294K, committed 9600K, reserved 1058816K
  class space    used 957K, capacity 1033K, committed 1152K, reserved 1048576K

Card table byte_map: [0x0000000012600000,0x0000000012df0000] byte_map_base: 0x000000000efe6000

Marking Bits: (ParMarkBitMap*) 0x000000007046af90
 Begin Bits: [0x0000000013b40000, 0x0000000017a70000)
 End Bits:   [0x0000000017a70000, 0x000000001b9a0000)

Polling page: 0x0000000001070000

CodeCache: size=245760Kb used=4879Kb max_used=4891Kb free=240880Kb
 bounds [0x0000000003240000, 0x0000000003710000, 0x0000000012240000]
 total_blobs=1585 nmethods=1230 adapters=268
 compilation: enabled

Compilation events (10 events):
Event: 1.030 Thread 0x000000001e9b5800 1228       2       br.ufpe.cin.generated.Java18MergeParser::jj_3R_173 (13 bytes)
Event: 1.030 Thread 0x000000001e9b5800 nmethod 1228 0x0000000003704750 code [0x00000000037048c0, 0x0000000003704a48]
Event: 1.030 Thread 0x000000001e9b5800 1231       2       br.ufpe.cin.generated.Java18MergeParser::jj_3R_176 (13 bytes)
Event: 1.030 Thread 0x000000001e9b5800 nmethod 1231 0x0000000003702ed0 code [0x0000000003703040, 0x00000000037031c8]
Event: 1.030 Thread 0x000000001e9b5800 1229       2       br.ufpe.cin.generated.Java18MergeParser::jj_3R_174 (13 bytes)
Event: 1.030 Thread 0x000000001e9b0000 nmethod 1215 0x0000000003702b90 code [0x0000000003702ce0, 0x0000000003702dc8]
Event: 1.030 Thread 0x000000001e9b0000 1219       4       br.ufpe.cin.generated.Java18MergeParser::jj_3_65 (31 bytes)
Event: 1.030 Thread 0x000000001e9b5800 nmethod 1229 0x00000000037043d0 code [0x0000000003704540, 0x00000000037046c8]
Event: 1.030 Thread 0x000000001e9b5800 1230       2       br.ufpe.cin.generated.Java18MergeParser::jj_3R_175 (13 bytes)
Event: 1.030 Thread 0x000000001e9b5800 nmethod 1230 0x0000000003704050 code [0x00000000037041c0, 0x0000000003704348]

GC Heap History (10 events):
Event: 0.679 GC heap before
{Heap before GC invocations=1 (full 0):
 PSYoungGen      total 75776K, used 65024K [0x000000076bc00000, 0x0000000771080000, 0x00000007c0000000)
  eden space 65024K, 100% used [0x000000076bc00000,0x000000076fb80000,0x000000076fb80000)
  from space 10752K, 0% used [0x0000000770600000,0x0000000770600000,0x0000000771080000)
  to   space 10752K, 0% used [0x000000076fb80000,0x000000076fb80000,0x0000000770600000)
 ParOldGen       total 173568K, used 0K [0x00000006c3400000, 0x00000006cdd80000, 0x000000076bc00000)
  object space 173568K, 0% used [0x00000006c3400000,0x00000006c3400000,0x00000006cdd80000)
 Metaspace       used 8913K, capacity 9166K, committed 9344K, reserved 1056768K
  class space    used 957K, capacity 1033K, committed 1152K, reserved 1048576K
Event: 0.683 GC heap after
Heap after GC invocations=1 (full 0):
 PSYoungGen      total 75776K, used 3291K [0x000000076bc00000, 0x0000000771080000, 0x00000007c0000000)
  eden space 65024K, 0% used [0x000000076bc00000,0x000000076bc00000,0x000000076fb80000)
  from space 10752K, 30% used [0x000000076fb80000,0x000000076feb6ea0,0x0000000770600000)
  to   space 10752K, 0% used [0x0000000770600000,0x0000000770600000,0x0000000771080000)
 ParOldGen       total 173568K, used 16K [0x00000006c3400000, 0x00000006cdd80000, 0x000000076bc00000)
  object space 173568K, 0% used [0x00000006c3400000,0x00000006c3404000,0x00000006cdd80000)
 Metaspace       used 8913K, capacity 9166K, committed 9344K, reserved 1056768K
  class space    used 957K, capacity 1033K, committed 1152K, reserved 1048576K
}
Event: 0.736 GC heap before
{Heap before GC invocations=2 (full 0):
 PSYoungGen      total 75776K, used 68315K [0x000000076bc00000, 0x0000000771080000, 0x00000007c0000000)
  eden space 65024K, 100% used [0x000000076bc00000,0x000000076fb80000,0x000000076fb80000)
  from space 10752K, 30% used [0x000000076fb80000,0x000000076feb6ea0,0x0000000770600000)
  to   space 10752K, 0% used [0x0000000770600000,0x0000000770600000,0x0000000771080000)
 ParOldGen       total 173568K, used 16K [0x00000006c3400000, 0x00000006cdd80000, 0x000000076bc00000)
  object space 173568K, 0% used [0x00000006c3400000,0x00000006c3404000,0x00000006cdd80000)
 Metaspace       used 8970K, capacity 9230K, committed 9600K, reserved 1058816K
  class space    used 957K, capacity 1033K, committed 1152K, reserved 1048576K
Event: 0.738 GC heap after
Heap after GC invocations=2 (full 0):
 PSYoungGen      total 75776K, used 2135K [0x000000076bc00000, 0x0000000775000000, 0x00000007c0000000)
  eden space 65024K, 0% used [0x000000076bc00000,0x000000076bc00000,0x000000076fb80000)
  from space 10752K, 19% used [0x0000000770600000,0x0000000770815dd0,0x0000000771080000)
  to   space 10752K, 0% used [0x000000076fb80000,0x000000076fb80000,0x0000000770600000)
 ParOldGen       total 173568K, used 24K [0x00000006c3400000, 0x00000006cdd80000, 0x000000076bc00000)
  object space 173568K, 0% used [0x00000006c3400000,0x00000006c3406000,0x00000006cdd80000)
 Metaspace       used 8970K, capacity 9230K, committed 9600K, reserved 1058816K
  class space    used 957K, capacity 1033K, committed 1152K, reserved 1048576K
}
Event: 0.790 GC heap before
{Heap before GC invocations=3 (full 0):
 PSYoungGen      total 75776K, used 67159K [0x000000076bc00000, 0x0000000775000000, 0x00000007c0000000)
  eden space 65024K, 100% used [0x000000076bc00000,0x000000076fb80000,0x000000076fb80000)
  from space 10752K, 19% used [0x0000000770600000,0x0000000770815dd0,0x0000000771080000)
  to   space 10752K, 0% used [0x000000076fb80000,0x000000076fb80000,0x0000000770600000)
 ParOldGen       total 173568K, used 24K [0x00000006c3400000, 0x00000006cdd80000, 0x000000076bc00000)
  object space 173568K, 0% used [0x00000006c3400000,0x00000006c3406000,0x00000006cdd80000)
 Metaspace       used 9012K, capacity 9230K, committed 9600K, reserved 1058816K
  class space    used 957K, capacity 1033K, committed 1152K, reserved 1048576K
Event: 0.793 GC heap after
Heap after GC invocations=3 (full 0):
 PSYoungGen      total 75776K, used 2119K [0x000000076bc00000, 0x0000000775000000, 0x00000007c0000000)
  eden space 65024K, 0% used [0x000000076bc00000,0x000000076bc00000,0x000000076fb80000)
  from space 10752K, 19% used [0x000000076fb80000,0x000000076fd91de0,0x0000000770600000)
  to   space 10752K, 0% used [0x0000000774580000,0x0000000774580000,0x0000000775000000)
 ParOldGen       total 173568K, used 32K [0x00000006c3400000, 0x00000006cdd80000, 0x000000076bc00000)
  object space 173568K, 0% used [0x00000006c3400000,0x00000006c3408000,0x00000006cdd80000)
 Metaspace       used 9012K, capacity 9230K, committed 9600K, reserved 1058816K
  class space    used 957K, capacity 1033K, committed 1152K, reserved 1048576K
}
Event: 0.847 GC heap before
{Heap before GC invocations=4 (full 0):
 PSYoungGen      total 75776K, used 67143K [0x000000076bc00000, 0x0000000775000000, 0x00000007c0000000)
  eden space 65024K, 100% used [0x000000076bc00000,0x000000076fb80000,0x000000076fb80000)
  from space 10752K, 19% used [0x000000076fb80000,0x000000076fd91de0,0x0000000770600000)
  to   space 10752K, 0% used [0x0000000774580000,0x0000000774580000,0x0000000775000000)
 ParOldGen       total 173568K, used 32K [0x00000006c3400000, 0x00000006cdd80000, 0x000000076bc00000)
  object space 173568K, 0% used [0x00000006c3400000,0x00000006c3408000,0x00000006cdd80000)
 Metaspace       used 9022K, capacity 9230K, committed 9600K, reserved 1058816K
  class space    used 957K, capacity 1033K, committed 1152K, reserved 1048576K
Event: 0.849 GC heap after
Heap after GC invocations=4 (full 0):
 PSYoungGen      total 140800K, used 2311K [0x000000076bc00000, 0x0000000775000000, 0x00000007c0000000)
  eden space 130048K, 0% used [0x000000076bc00000,0x000000076bc00000,0x0000000773b00000)
  from space 10752K, 21% used [0x0000000774580000,0x00000007747c1de0,0x0000000775000000)
  to   space 10752K, 0% used [0x0000000773b00000,0x0000000773b00000,0x0000000774580000)
 ParOldGen       total 173568K, used 40K [0x00000006c3400000, 0x00000006cdd80000, 0x000000076bc00000)
  object space 173568K, 0% used [0x00000006c3400000,0x00000006c340a000,0x00000006cdd80000)
 Metaspace       used 9022K, capacity 9230K, committed 9600K, reserved 1058816K
  class space    used 957K, capacity 1033K, committed 1152K, reserved 1048576K
}
Event: 0.983 GC heap before
{Heap before GC invocations=5 (full 0):
 PSYoungGen      total 140800K, used 132359K [0x000000076bc00000, 0x0000000775000000, 0x00000007c0000000)
  eden space 130048K, 100% used [0x000000076bc00000,0x0000000773b00000,0x0000000773b00000)
  from space 10752K, 21% used [0x0000000774580000,0x00000007747c1de0,0x0000000775000000)
  to   space 10752K, 0% used [0x0000000773b00000,0x0000000773b00000,0x0000000774580000)
 ParOldGen       total 173568K, used 40K [0x00000006c3400000, 0x00000006cdd80000, 0x000000076bc00000)
  object space 173568K, 0% used [0x00000006c3400000,0x00000006c340a000,0x00000006cdd80000)
 Metaspace       used 9053K, capacity 9294K, committed 9600K, reserved 1058816K
  class space    used 957K, capacity 1033K, committed 1152K, reserved 1048576K
Event: 0.987 GC heap after
Heap after GC invocations=5 (full 0):
 PSYoungGen      total 140800K, used 2615K [0x000000076bc00000, 0x000000077c100000, 0x00000007c0000000)
  eden space 130048K, 0% used [0x000000076bc00000,0x000000076bc00000,0x0000000773b00000)
  from space 10752K, 24% used [0x0000000773b00000,0x0000000773d8ddd0,0x0000000774580000)
  to   space 3584K, 0% used [0x000000077bd80000,0x000000077bd80000,0x000000077c100000)
 ParOldGen       total 173568K, used 48K [0x00000006c3400000, 0x00000006cdd80000, 0x000000076bc00000)
  object space 173568K, 0% used [0x00000006c3400000,0x00000006c340c000,0x00000006cdd80000)
 Metaspace       used 9053K, capacity 9294K, committed 9600K, reserved 1058816K
  class space    used 957K, capacity 1033K, committed 1152K, reserved 1048576K
}

Deoptimization events (10 events):
Event: 0.551 Thread 0x0000000003142800 Uncommon trap: reason=bimorphic action=maybe_recompile pc=0x00000000034e3f88 method=java.util.regex.Pattern$BmpCharProperty.match(Ljava/util/regex/Matcher;ILjava/lang/CharSequence;)Z @ 31
Event: 0.553 Thread 0x0000000003142800 Uncommon trap: reason=bimorphic action=maybe_recompile pc=0x00000000034e3f88 method=java.util.regex.Pattern$BmpCharProperty.match(Ljava/util/regex/Matcher;ILjava/lang/CharSequence;)Z @ 31
Event: 0.553 Thread 0x0000000003142800 Uncommon trap: reason=bimorphic action=maybe_recompile pc=0x00000000034e3f88 method=java.util.regex.Pattern$BmpCharProperty.match(Ljava/util/regex/Matcher;ILjava/lang/CharSequence;)Z @ 31
Event: 0.557 Thread 0x0000000003142800 Uncommon trap: reason=unstable_if action=reinterpret pc=0x0000000003544358 method=java.util.regex.Pattern$CharProperty.match(Ljava/util/regex/Matcher;ILjava/lang/CharSequence;)Z @ 21
Event: 0.558 Thread 0x0000000003142800 Uncommon trap: reason=unstable_if action=reinterpret pc=0x0000000003544dac method=java.util.regex.Pattern$BmpCharProperty.match(Ljava/util/regex/Matcher;ILjava/lang/CharSequence;)Z @ 34
Event: 0.988 Thread 0x0000000003142800 Uncommon trap: reason=unstable_if action=reinterpret pc=0x0000000003692144 method=cide.gparser.OffsetCharStream.readChar()C @ 90
Event: 0.988 Thread 0x0000000003142800 Uncommon trap: reason=unstable_if action=reinterpret pc=0x000000000360e564 method=cide.gparser.OffsetCharStream.readChar()C @ 90
Event: 0.988 Thread 0x0000000003142800 Uncommon trap: reason=unstable_if action=reinterpret pc=0x00000000035f0fb8 method=java.util.regex.Matcher.quoteReplacement(Ljava/lang/String;)Ljava/lang/String; @ 7
Event: 1.015 Thread 0x0000000003142800 Uncommon trap: reason=unstable_if action=reinterpret pc=0x00000000036c564c method=br.ufpe.cin.generated.Java18MergeParser.jj_3R_198()Z @ 15
Event: 1.023 Thread 0x0000000003142800 Uncommon trap: reason=unstable_if action=reinterpret pc=0x00000000036f74ec method=br.ufpe.cin.generated.Java18MergeParser.jj_3R_169()Z @ 6

Classes redefined (0 events):
No events

Internal exceptions (10 events):
Event: 0.165 Thread 0x0000000003142800 Exception <a 'java/lang/NoSuchFieldError': method resolution failed> (0x000000076bed06d8) thrown at [C:\jenkins\workspace\8-2-build-windows-amd64-cygwin\jdk8u251\737\hotspot\src\share\vm\prims\methodHandles.cpp, line 1167]
Event: 0.166 Thread 0x0000000003142800 Exception <a 'java/lang/NoSuchFieldError': method resolution failed> (0x000000076beddad8) thrown at [C:\jenkins\workspace\8-2-build-windows-amd64-cygwin\jdk8u251\737\hotspot\src\share\vm\prims\methodHandles.cpp, line 1167]
Event: 0.185 Thread 0x0000000003142800 Exception <a 'sun/nio/fs/WindowsException'> (0x000000076bf5c348) thrown at [C:\jenkins\workspace\8-2-build-windows-amd64-cygwin\jdk8u251\737\hotspot\src\share\vm\prims\jni.cpp, line 710]
Event: 0.189 Thread 0x0000000003142800 Exception <a 'sun/nio/fs/WindowsException'> (0x000000076bf61958) thrown at [C:\jenkins\workspace\8-2-build-windows-amd64-cygwin\jdk8u251\737\hotspot\src\share\vm\prims\jni.cpp, line 710]
Event: 0.253 Thread 0x0000000003142800 Exception <a 'java/lang/ArrayIndexOutOfBoundsException'> (0x000000076c0e8728) thrown at [C:\jenkins\workspace\8-2-build-windows-amd64-cygwin\jdk8u251\737\hotspot\src\share\vm\runtime\sharedRuntime.cpp, line 605]
Event: 0.254 Thread 0x0000000003142800 Exception <a 'java/lang/ArrayIndexOutOfBoundsException'> (0x000000076c0e9630) thrown at [C:\jenkins\workspace\8-2-build-windows-amd64-cygwin\jdk8u251\737\hotspot\src\share\vm\runtime\sharedRuntime.cpp, line 605]
Event: 0.303 Thread 0x0000000003142800 Exception <a 'java/security/PrivilegedActionException'> (0x000000076c29aeb0) thrown at [C:\jenkins\workspace\8-2-build-windows-amd64-cygwin\jdk8u251\737\hotspot\src\share\vm\prims\jvm.cpp, line 1502]
Event: 0.303 Thread 0x0000000003142800 Exception <a 'java/security/PrivilegedActionException'> (0x000000076c29b2a8) thrown at [C:\jenkins\workspace\8-2-build-windows-amd64-cygwin\jdk8u251\737\hotspot\src\share\vm\prims\jvm.cpp, line 1502]
Event: 0.303 Thread 0x0000000003142800 Exception <a 'java/security/PrivilegedActionException'> (0x000000076c29f588) thrown at [C:\jenkins\workspace\8-2-build-windows-amd64-cygwin\jdk8u251\737\hotspot\src\share\vm\prims\jvm.cpp, line 1502]
Event: 0.303 Thread 0x0000000003142800 Exception <a 'java/security/PrivilegedActionException'> (0x000000076c29f980) thrown at [C:\jenkins\workspace\8-2-build-windows-amd64-cygwin\jdk8u251\737\hotspot\src\share\vm\prims\jvm.cpp, line 1502]

Events (10 events):
Event: 0.988 Thread 0x0000000003142800 DEOPT UNPACKING pc=0x000000000328583b sp=0x000000000303de48 mode 2
Event: 0.988 Thread 0x0000000003142800 Uncommon trap: trap_request=0xffffff65 fr.pc=0x00000000035f0fb8
Event: 0.988 Thread 0x0000000003142800 DEOPT PACKING pc=0x00000000035f0fb8 sp=0x000000000303b6e0
Event: 0.988 Thread 0x0000000003142800 DEOPT UNPACKING pc=0x000000000328583b sp=0x000000000303b660 mode 2
Event: 1.015 Thread 0x0000000003142800 Uncommon trap: trap_request=0xffffff65 fr.pc=0x00000000036c564c
Event: 1.015 Thread 0x0000000003142800 DEOPT PACKING pc=0x00000000036c564c sp=0x000000000303df30
Event: 1.015 Thread 0x0000000003142800 DEOPT UNPACKING pc=0x000000000328583b sp=0x000000000303de90 mode 2
Event: 1.023 Thread 0x0000000003142800 Uncommon trap: trap_request=0xffffff65 fr.pc=0x00000000036f74ec
Event: 1.023 Thread 0x0000000003142800 DEOPT PACKING pc=0x00000000036f74ec sp=0x000000000303f140
Event: 1.023 Thread 0x0000000003142800 DEOPT UNPACKING pc=0x000000000328583b sp=0x000000000303f090 mode 2


Dynamic libraries:
0x00007ff6586c0000 - 0x00007ff6586f7000 	C:\Program Files\Java\jdk1.8.0_251\bin\java.exe
0x00007ffbe7030000 - 0x00007ffbe7228000 	C:\WINDOWS\SYSTEM32\ntdll.dll
0x00007ffbe61a0000 - 0x00007ffbe625d000 	C:\WINDOWS\System32\KERNEL32.DLL
0x00007ffbe4750000 - 0x00007ffbe4a1e000 	C:\WINDOWS\System32\KERNELBASE.dll
0x00007ffbe6410000 - 0x00007ffbe64be000 	C:\WINDOWS\System32\ADVAPI32.dll
0x00007ffbe5d40000 - 0x00007ffbe5dde000 	C:\WINDOWS\System32\msvcrt.dll
0x00007ffbe5840000 - 0x00007ffbe58dc000 	C:\WINDOWS\System32\sechost.dll
0x00007ffbe5e40000 - 0x00007ffbe5f65000 	C:\WINDOWS\System32\RPCRT4.dll
0x00007ffbe5f70000 - 0x00007ffbe6110000 	C:\WINDOWS\System32\USER32.dll
0x00007ffbe4c20000 - 0x00007ffbe4c42000 	C:\WINDOWS\System32\win32u.dll
0x00007ffbe6170000 - 0x00007ffbe619a000 	C:\WINDOWS\System32\GDI32.dll
0x00007ffbe4b10000 - 0x00007ffbe4c1b000 	C:\WINDOWS\System32\gdi32full.dll
0x00007ffbe4a70000 - 0x00007ffbe4b0d000 	C:\WINDOWS\System32\msvcp_win.dll
0x00007ffbe4f00000 - 0x00007ffbe5000000 	C:\WINDOWS\System32\ucrtbase.dll
0x00007ffbcd7c0000 - 0x00007ffbcda5a000 	C:\WINDOWS\WinSxS\amd64_microsoft.windows.common-controls_6595b64144ccf1df_6.0.19041.1110_none_60b5254171f9507e\COMCTL32.dll
0x00007ffbe5c40000 - 0x00007ffbe5c70000 	C:\WINDOWS\System32\IMM32.DLL
0x0000000076e20000 - 0x0000000076ef2000 	C:\Program Files\Java\jdk1.8.0_251\jre\bin\msvcr100.dll
0x000000006fc40000 - 0x00000000704eb000 	C:\Program Files\Java\jdk1.8.0_251\jre\bin\server\jvm.dll
0x00007ffbe5a70000 - 0x00007ffbe5a78000 	C:\WINDOWS\System32\PSAPI.DLL
0x00007ffbcf9d0000 - 0x00007ffbcf9d9000 	C:\WINDOWS\SYSTEM32\WSOCK32.dll
0x00007ffbdaf40000 - 0x00007ffbdaf67000 	C:\WINDOWS\SYSTEM32\WINMM.dll
0x00007ffbdb380000 - 0x00007ffbdb38a000 	C:\WINDOWS\SYSTEM32\VERSION.dll
0x00007ffbe5a80000 - 0x00007ffbe5aeb000 	C:\WINDOWS\System32\WS2_32.dll
0x00007ffbdbce0000 - 0x00007ffbdbcef000 	C:\Program Files\Java\jdk1.8.0_251\jre\bin\verify.dll
0x00007ffbdb160000 - 0x00007ffbdb189000 	C:\Program Files\Java\jdk1.8.0_251\jre\bin\java.dll
0x00007ffbdbc80000 - 0x00007ffbdbc96000 	C:\Program Files\Java\jdk1.8.0_251\jre\bin\zip.dll
0x00007ffbe5090000 - 0x00007ffbe57d4000 	C:\WINDOWS\System32\SHELL32.dll
0x00007ffbe2370000 - 0x00007ffbe2b04000 	C:\WINDOWS\SYSTEM32\windows.storage.dll
0x00007ffbe6c30000 - 0x00007ffbe6f84000 	C:\WINDOWS\System32\combase.dll
0x00007ffbe4140000 - 0x00007ffbe4170000 	C:\WINDOWS\SYSTEM32\Wldp.dll
0x00007ffbe64e0000 - 0x00007ffbe658d000 	C:\WINDOWS\System32\SHCORE.dll
0x00007ffbe6f90000 - 0x00007ffbe6fe5000 	C:\WINDOWS\System32\shlwapi.dll
0x00007ffbe4690000 - 0x00007ffbe46af000 	C:\WINDOWS\SYSTEM32\profapi.dll
0x00007ffbd77c0000 - 0x00007ffbd77da000 	C:\Program Files\Java\jdk1.8.0_251\jre\bin\net.dll
0x00007ffbe3e20000 - 0x00007ffbe3e8a000 	C:\WINDOWS\system32\mswsock.dll
0x00007ffbd71b0000 - 0x00007ffbd71c2000 	C:\Program Files\Java\jdk1.8.0_251\jre\bin\nio.dll

VM Arguments:
java_command: s3m.jar C:\UFPE\miningframework\SOOTAnalysisOutput\spring-framework\6c631e3d5cb14a401befcc9f5ba6971153477d38\org\springframework\web\client\RestTemplate\left.java C:\UFPE\miningframework\SOOTAnalysisOutput\spring-framework\6c631e3d5cb14a401befcc9f5ba6971153477d38\org\springframework\web\client\RestTemplate\base.java C:\UFPE\miningframework\SOOTAnalysisOutput\spring-framework\6c631e3d5cb14a401befcc9f5ba6971153477d38\org\springframework\web\client\RestTemplate\right.java -o C:\UFPE\miningframework\SOOTAnalysisOutput\spring-framework\6c631e3d5cb14a401befcc9f5ba6971153477d38\org\springframework\web\client\RestTemplate\InsertionLevelInitializationBlockHandler.java --handle-initialization-blocks false --handle-initialization-blocks-multiple-blocks true
java_class_path (initial): s3m.jar
Launcher Type: SUN_STANDARD

Environment Variables:
JAVA_HOME=C:\Program Files\Java\jdk1.8.0_291
PATH=C:\Program Files\Common Files\Oracle\Java\javapath;C:\Program Files (x86)\Common Files\Oracle\Java\javapath;C:\Windows\system32;C:\Windows;C:\Windows\System32\Wbem;C:\Windows\System32\WindowsPowerShell\v1.0\;C:\Windows\System32\OpenSSH\;C:\Program Files (x86)\NVIDIA Corporation\PhysX\Common;C:\Program Files\NVIDIA Corporation\NVIDIA NvDLISR;C:\Program Files (x86)\Groovy\bin;C:\Program Files (x86)\GnuWin32\bin;C:\UFPE\maven\apache-maven-3.6.3\bin;C:\WINDOWS\system32;C:\WINDOWS;C:\WINDOWS\System32\Wbem;C:\WINDOWS\System32\WindowsPowerShell\v1.0\;C:\WINDOWS\System32\OpenSSH\;C:\Program Files\Git\cmd;C:\Program Files\dotnet\;C:\Users\leona\AppData\Local\Microsoft\WindowsApps;C:\Program Files\Java\jdk-11.0.15\bin;C:\UFPE\maven\apache-maven-3.6.3\bin;C:\Users\leona\AppData\Local\GitHubDesktop\bin;C:\Users\leona\AppData\Local\Programs\Microsoft VS Code\bin;C:\Program Files\JetBrains\IntelliJ IDEA Community Edition 2020.2.3\bin;;C:\Program Files (x86)\GnuWin32\bin;C:\Users\leona\AppData\Local\Microsoft\WindowsApps;C:\flutter\flutter\bin;C:\gradle\bin;
USERNAME=leona
OS=Windows_NT
PROCESSOR_IDENTIFIER=Intel64 Family 6 Model 142 Stepping 12, GenuineIntel



---------------  S Y S T E M  ---------------

OS: Windows 10.0 , 64 bit Build 19041 (10.0.19041.1806)

CPU:total 8 (initial active 8) (4 cores per cpu, 2 threads per core) family 6 model 142 stepping 12, cmov, cx8, fxsr, mmx, sse, sse2, sse3, ssse3, sse4.1, sse4.2, popcnt, avx, avx2, aes, clmul, erms, 3dnowpref, lzcnt, ht, tsc, tscinvbit, bmi1, bmi2, adx

Memory: 4k page, physical 16556280k(1129768k free), swap 45608436k(6364k free)

vm_info: Java HotSpot(TM) 64-Bit Server VM (25.251-b08) for windows-amd64 JRE (1.8.0_251-b08), built on Mar 12 2020 06:31:49 by "" with MS VC++ 10.0 (VS2010)

time: Thu Jul 21 14:56:22 2022
timezone: Hora Padrão de Buenos Aires
elapsed time: 1 seconds (0d 0h 0m 1s)

