#
# There is insufficient memory for the Java Runtime Environment to continue.
# Native memory allocation (malloc) failed to allocate 32784 bytes for Chunk::new
# Possible reasons:
#   The system is out of physical RAM or swap space
#   The process is running with CompressedOops enabled, and the Java Heap may be blocking the growth of the native heap
# Possible solutions:
#   Reduce memory load on the system
#   Increase physical memory or swap space
#   Check if swap backing store is full
#   Decrease Java heap size (-Xmx/-Xms)
#   Decrease number of Java threads
#   Decrease Java thread stack sizes (-Xss)
#   Set larger code cache with -XX:ReservedCodeCacheSize=
#   JVM is running with Zero Based Compressed Oops mode in which the Java heap is
#     placed in the first 32GB address space. The Java Heap base address is the
#     maximum limit for the native heap growth. Please use -XX:HeapBaseMinAddress
#     to set the Java Heap base and to place the Java Heap above 32GB virtual address.
# This output file may be truncated or incomplete.
#
#  Out of Memory Error (allocation.cpp:389), pid=157872, tid=0x0000000000026598
#
# JRE version: Java(TM) SE Runtime Environment (8.0_251-b08) (build 1.8.0_251-b08)
# Java VM: Java HotSpot(TM) 64-Bit Server VM (25.251-b08 mixed mode windows-amd64 compressed oops)
# Failed to write core dump. Minidumps are not enabled by default on client versions of Windows
#

---------------  T H R E A D  ---------------

Current thread (0x000000001eb0c800):  JavaThread "C2 CompilerThread0" daemon [_thread_in_native, id=157080, stack(0x000000001f400000,0x000000001f500000)]

Stack: [0x000000001f400000,0x000000001f500000]
[error occurred during error reporting (printing stack bounds), id 0xc0000005]

Native frames: (J=compiled Java code, j=interpreted, Vv=VM code, C=native code)


Current CompileTask:
C2:   8644 2438       4       org.eclipse.jdt.internal.compiler.parser.Parser::consumeToken (2061 bytes)


---------------  P R O C E S S  ---------------

Java Threads: ( => current thread )
  0x000000001eb32000 JavaThread "Service Thread" daemon [_thread_blocked, id=148652, stack(0x000000001f800000,0x000000001f900000)]
  0x000000001eb1a000 JavaThread "C1 CompilerThread3" daemon [_thread_in_vm, id=153052, stack(0x000000001f700000,0x000000001f800000)]
  0x000000001eb12800 JavaThread "C2 CompilerThread2" daemon [_thread_in_native, id=17956, stack(0x000000001f600000,0x000000001f700000)]
  0x000000001eb0f800 JavaThread "C2 CompilerThread1" daemon [_thread_in_native, id=119944, stack(0x000000001f500000,0x000000001f600000)]
=>0x000000001eb0c800 JavaThread "C2 CompilerThread0" daemon [_thread_in_native, id=157080, stack(0x000000001f400000,0x000000001f500000)]
  0x000000001eb09800 JavaThread "Attach Listener" daemon [_thread_blocked, id=147956, stack(0x000000001f300000,0x000000001f400000)]
  0x000000001eb07000 JavaThread "Signal Dispatcher" daemon [_thread_blocked, id=152500, stack(0x000000001f200000,0x000000001f300000)]
  0x000000001eb01800 JavaThread "Finalizer" daemon [_thread_blocked, id=159528, stack(0x000000001efe0000,0x000000001f0e0000)]
  0x000000001eb00800 JavaThread "Reference Handler" daemon [_thread_blocked, id=53132, stack(0x000000001eee0000,0x000000001efe0000)]
  0x0000000003322800 JavaThread "main" [_thread_in_Java, id=104424, stack(0x0000000003220000,0x0000000003320000)]

Other Threads:
  0x000000001cd09000 VMThread [stack: 0x000000001e9e0000,0x000000001eae0000] [id=151716]
  0x000000001eb35000 WatcherThread [stack: 0x000000001f900000,0x000000001fa00000] [id=150264]

VM state:not at safepoint (normal execution)

VM Mutex/Monitor currently owned by a thread: None

heap address: 0x00000006c3e00000, size: 4034 MB, Compressed Oops mode: Zero based, Oop shift amount: 3
Narrow klass base: 0x0000000000000000, Narrow klass shift: 3
Compressed class space size: 1073741824 Address: 0x00000007c0000000

Heap:
 PSYoungGen      total 1337856K, used 461696K [0x000000076bf80000, 0x00000007c0000000, 0x00000007c0000000)
  eden space 1332224K, 34% used [0x000000076bf80000,0x0000000787f50218,0x00000007bd480000)
  from space 5632K, 55% used [0x00000007bda00000,0x00000007bdd10000,0x00000007bdf80000)
  to   space 5632K, 0% used [0x00000007bd480000,0x00000007bd480000,0x00000007bda00000)
 ParOldGen       total 173568K, used 15464K [0x00000006c3e00000, 0x00000006ce780000, 0x000000076bf80000)
  object space 173568K, 8% used [0x00000006c3e00000,0x00000006c4d1a188,0x00000006ce780000)
 Metaspace       used 17165K, capacity 17436K, committed 17664K, reserved 1064960K
  class space    used 1599K, capacity 1670K, committed 1792K, reserved 1048576K

Card table byte_map: [0x00000000127e0000,0x0000000012fd0000] byte_map_base: 0x000000000f1c1000

Marking Bits: (ParMarkBitMap*) 0x0000000074c9af90
 Begin Bits: [0x0000000013d20000, 0x0000000017c28000)
 End Bits:   [0x0000000017c28000, 0x000000001bb30000)

Polling page: 0x0000000001840000

CodeCache: size=245760Kb used=13613Kb max_used=13613Kb free=232146Kb
 bounds [0x0000000003420000, 0x0000000004180000, 0x0000000012420000]
 total_blobs=3099 nmethods=2684 adapters=322
 compilation: enabled

Compilation events (10 events):
Event: 8.638 Thread 0x000000001eb1a000 nmethod 2679 0x000000000415be90 code [0x000000000415c040, 0x000000000415c5e8]
Event: 8.638 Thread 0x000000001eb1a000 2681       3       org.eclipse.jdt.internal.compiler.lookup.Scope::getJavaLangString (24 bytes)
Event: 8.638 Thread 0x000000001eb1a000 nmethod 2681 0x000000000415c7d0 code [0x000000000415c980, 0x000000000415ce88]
Event: 8.638 Thread 0x000000001eb1a000 2683       3       org.eclipse.jdt.internal.compiler.impl.StringConstant::fromValue (9 bytes)
Event: 8.639 Thread 0x000000001eb1a000 nmethod 2683 0x0000000004152d90 code [0x0000000004152f00, 0x00000000041531b0]
Event: 8.639 Thread 0x000000001eb1a000 2684       3       org.eclipse.jdt.internal.compiler.impl.StringConstant::<init> (10 bytes)
Event: 8.639 Thread 0x000000001eb1a000 nmethod 2684 0x000000000415d110 code [0x000000000415d280, 0x000000000415d4b0]
Event: 8.639 Thread 0x000000001eb1a000 2692       3       org.eclipse.jdt.internal.compiler.ast.StringLiteral::computeConstant (15 bytes)
Event: 8.639 Thread 0x000000001eb1a000 nmethod 2692 0x000000000415d590 code [0x000000000415d760, 0x000000000415de68]
Event: 8.639 Thread 0x000000001eb1a000 2697       3       org.eclipse.jdt.internal.compiler.lookup.LookupEnvironment::computeBoxingType (581 bytes)

GC Heap History (10 events):
Event: 2.456 GC heap before
{Heap before GC invocations=10 (full 0):
 PSYoungGen      total 525824K, used 522368K [0x000000076bf80000, 0x000000079f880000, 0x00000007c0000000)
  eden space 520192K, 100% used [0x000000076bf80000,0x000000078bb80000,0x000000078bb80000)
  from space 5632K, 38% used [0x000000078bb80000,0x000000078bda0000,0x000000078c100000)
  to   space 6144K, 0% used [0x000000079f280000,0x000000079f280000,0x000000079f880000)
 ParOldGen       total 173568K, used 4471K [0x00000006c3e00000, 0x00000006ce780000, 0x000000076bf80000)
  object space 173568K, 2% used [0x00000006c3e00000,0x00000006c425dde8,0x00000006ce780000)
 Metaspace       used 9348K, capacity 9550K, committed 9856K, reserved 1058816K
  class space    used 967K, capacity 1033K, committed 1152K, reserved 1048576K
Event: 2.462 GC heap after
Heap after GC invocations=10 (full 0):
 PSYoungGen      total 837632K, used 2592K [0x000000076bf80000, 0x000000079f780000, 0x00000007c0000000)
  eden space 832512K, 0% used [0x000000076bf80000,0x000000076bf80000,0x000000079ec80000)
  from space 5120K, 50% used [0x000000079f280000,0x000000079f508000,0x000000079f780000)
  to   space 5632K, 0% used [0x000000079ec80000,0x000000079ec80000,0x000000079f200000)
 ParOldGen       total 173568K, used 5535K [0x00000006c3e00000, 0x00000006ce780000, 0x000000076bf80000)
  object space 173568K, 3% used [0x00000006c3e00000,0x00000006c4367de8,0x00000006ce780000)
 Metaspace       used 9348K, capacity 9550K, committed 9856K, reserved 1058816K
  class space    used 967K, capacity 1033K, committed 1152K, reserved 1048576K
}
Event: 3.206 GC heap before
{Heap before GC invocations=11 (full 0):
 PSYoungGen      total 837632K, used 835104K [0x000000076bf80000, 0x000000079f780000, 0x00000007c0000000)
  eden space 832512K, 100% used [0x000000076bf80000,0x000000079ec80000,0x000000079ec80000)
  from space 5120K, 50% used [0x000000079f280000,0x000000079f508000,0x000000079f780000)
  to   space 5632K, 0% used [0x000000079ec80000,0x000000079ec80000,0x000000079f200000)
 ParOldGen       total 173568K, used 5535K [0x00000006c3e00000, 0x00000006ce780000, 0x000000076bf80000)
  object space 173568K, 3% used [0x00000006c3e00000,0x00000006c4367de8,0x00000006ce780000)
 Metaspace       used 9374K, capacity 9550K, committed 9856K, reserved 1058816K
  class space    used 967K, capacity 1033K, committed 1152K, reserved 1048576K
Event: 3.213 GC heap after
Heap after GC invocations=11 (full 0):
 PSYoungGen      total 838144K, used 2240K [0x000000076bf80000, 0x00000007bdf80000, 0x00000007c0000000)
  eden space 832512K, 0% used [0x000000076bf80000,0x000000076bf80000,0x000000079ec80000)
  from space 5632K, 39% used [0x000000079ec80000,0x000000079eeb0020,0x000000079f200000)
  to   space 5632K, 0% used [0x00000007bda00000,0x00000007bda00000,0x00000007bdf80000)
 ParOldGen       total 173568K, used 8030K [0x00000006c3e00000, 0x00000006ce780000, 0x000000076bf80000)
  object space 173568K, 4% used [0x00000006c3e00000,0x00000006c45d7878,0x00000006ce780000)
 Metaspace       used 9374K, capacity 9550K, committed 9856K, reserved 1058816K
  class space    used 967K, capacity 1033K, committed 1152K, reserved 1048576K
}
Event: 3.827 GC heap before
{Heap before GC invocations=12 (full 0):
 PSYoungGen      total 838144K, used 834752K [0x000000076bf80000, 0x00000007bdf80000, 0x00000007c0000000)
  eden space 832512K, 100% used [0x000000076bf80000,0x000000079ec80000,0x000000079ec80000)
  from space 5632K, 39% used [0x000000079ec80000,0x000000079eeb0020,0x000000079f200000)
  to   space 5632K, 0% used [0x00000007bda00000,0x00000007bda00000,0x00000007bdf80000)
 ParOldGen       total 173568K, used 8030K [0x00000006c3e00000, 0x00000006ce780000, 0x000000076bf80000)
  object space 173568K, 4% used [0x00000006c3e00000,0x00000006c45d7878,0x00000006ce780000)
 Metaspace       used 9375K, capacity 9550K, committed 9856K, reserved 1058816K
  class space    used 967K, capacity 1033K, committed 1152K, reserved 1048576K
Event: 3.832 GC heap after
Heap after GC invocations=12 (full 0):
 PSYoungGen      total 1337856K, used 1760K [0x000000076bf80000, 0x00000007bdf80000, 0x00000007c0000000)
  eden space 1332224K, 0% used [0x000000076bf80000,0x000000076bf80000,0x00000007bd480000)
  from space 5632K, 31% used [0x00000007bda00000,0x00000007bdbb8000,0x00000007bdf80000)
  to   space 5632K, 0% used [0x00000007bd480000,0x00000007bd480000,0x00000007bda00000)
 ParOldGen       total 173568K, used 10208K [0x00000006c3e00000, 0x00000006ce780000, 0x000000076bf80000)
  object space 173568K, 5% used [0x00000006c3e00000,0x00000006c47f8348,0x00000006ce780000)
 Metaspace       used 9375K, capacity 9550K, committed 9856K, reserved 1058816K
  class space    used 967K, capacity 1033K, committed 1152K, reserved 1048576K
}
Event: 4.723 GC heap before
{Heap before GC invocations=13 (full 0):
 PSYoungGen      total 1337856K, used 1333984K [0x000000076bf80000, 0x00000007bdf80000, 0x00000007c0000000)
  eden space 1332224K, 100% used [0x000000076bf80000,0x00000007bd480000,0x00000007bd480000)
  from space 5632K, 31% used [0x00000007bda00000,0x00000007bdbb8000,0x00000007bdf80000)
  to   space 5632K, 0% used [0x00000007bd480000,0x00000007bd480000,0x00000007bda00000)
 ParOldGen       total 173568K, used 10208K [0x00000006c3e00000, 0x00000006ce780000, 0x000000076bf80000)
  object space 173568K, 5% used [0x00000006c3e00000,0x00000006c47f8348,0x00000006ce780000)
 Metaspace       used 9420K, capacity 9614K, committed 9856K, reserved 1058816K
  class space    used 967K, capacity 1033K, committed 1152K, reserved 1048576K
Event: 4.728 GC heap after
Heap after GC invocations=13 (full 0):
 PSYoungGen      total 1337856K, used 3680K [0x000000076bf80000, 0x00000007bdf80000, 0x00000007c0000000)
  eden space 1332224K, 0% used [0x000000076bf80000,0x000000076bf80000,0x00000007bd480000)
  from space 5632K, 65% used [0x00000007bd480000,0x00000007bd818020,0x00000007bda00000)
  to   space 5632K, 0% used [0x00000007bda00000,0x00000007bda00000,0x00000007bdf80000)
 ParOldGen       total 173568K, used 11920K [0x00000006c3e00000, 0x00000006ce780000, 0x000000076bf80000)
  object space 173568K, 6% used [0x00000006c3e00000,0x00000006c49a4348,0x00000006ce780000)
 Metaspace       used 9420K, capacity 9614K, committed 9856K, reserved 1058816K
  class space    used 967K, capacity 1033K, committed 1152K, reserved 1048576K
}
Event: 5.400 GC heap before
{Heap before GC invocations=14 (full 0):
 PSYoungGen      total 1337856K, used 1335904K [0x000000076bf80000, 0x00000007bdf80000, 0x00000007c0000000)
  eden space 1332224K, 100% used [0x000000076bf80000,0x00000007bd480000,0x00000007bd480000)
  from space 5632K, 65% used [0x00000007bd480000,0x00000007bd818020,0x00000007bda00000)
  to   space 5632K, 0% used [0x00000007bda00000,0x00000007bda00000,0x00000007bdf80000)
 ParOldGen       total 173568K, used 11920K [0x00000006c3e00000, 0x00000006ce780000, 0x000000076bf80000)
  object space 173568K, 6% used [0x00000006c3e00000,0x00000006c49a4348,0x00000006ce780000)
 Metaspace       used 9423K, capacity 9614K, committed 9856K, reserved 1058816K
  class space    used 967K, capacity 1033K, committed 1152K, reserved 1048576K
Event: 5.407 GC heap after
Heap after GC invocations=14 (full 0):
 PSYoungGen      total 1337856K, used 3136K [0x000000076bf80000, 0x00000007c0000000, 0x00000007c0000000)
  eden space 1332224K, 0% used [0x000000076bf80000,0x000000076bf80000,0x00000007bd480000)
  from space 5632K, 55% used [0x00000007bda00000,0x00000007bdd10000,0x00000007bdf80000)
  to   space 5632K, 0% used [0x00000007bd480000,0x00000007bd480000,0x00000007bda00000)
 ParOldGen       total 173568K, used 15464K [0x00000006c3e00000, 0x00000006ce780000, 0x000000076bf80000)
  object space 173568K, 8% used [0x00000006c3e00000,0x00000006c4d1a188,0x00000006ce780000)
 Metaspace       used 9423K, capacity 9614K, committed 9856K, reserved 1058816K
  class space    used 967K, capacity 1033K, committed 1152K, reserved 1048576K
}

Deoptimization events (10 events):
Event: 7.823 Thread 0x0000000003322800 Uncommon trap: reason=class_check action=maybe_recompile pc=0x000000000376bfd8 method=java.util.stream.ReduceOps$3ReducingSink.accept(Ljava/lang/Object;)V @ 9
Event: 7.823 Thread 0x0000000003322800 Uncommon trap: reason=class_check action=maybe_recompile pc=0x000000000376bfd8 method=java.util.stream.ReduceOps$3ReducingSink.accept(Ljava/lang/Object;)V @ 9
Event: 7.823 Thread 0x0000000003322800 Uncommon trap: reason=class_check action=maybe_recompile pc=0x000000000376bfd8 method=java.util.stream.ReduceOps$3ReducingSink.accept(Ljava/lang/Object;)V @ 9
Event: 7.880 Thread 0x0000000003322800 Uncommon trap: reason=unstable_if action=reinterpret pc=0x0000000003871e4c method=java.util.regex.Pattern.RemoveQEQuoting()V @ 41
Event: 8.300 Thread 0x0000000003322800 Uncommon trap: reason=unstable_if action=reinterpret pc=0x0000000003fb818c method=org.eclipse.jdt.internal.compiler.parser.Parser.consumeToken(I)V @ 1366
Event: 8.349 Thread 0x0000000003322800 Uncommon trap: reason=unstable_if action=reinterpret pc=0x0000000003ff6124 method=org.eclipse.jdt.internal.compiler.parser.Scanner.getNextToken0()I @ 2095
Event: 8.405 Thread 0x0000000003322800 Uncommon trap: reason=unstable_if action=reinterpret pc=0x000000000404036c method=java.util.zip.ZipFile$ZipEntryIterator.hasNext()Z @ 25
Event: 8.410 Thread 0x0000000003322800 Uncommon trap: reason=unstable_if action=reinterpret pc=0x000000000402d32c method=java.util.zip.ZipFile$ZipEntryIterator.hasNext()Z @ 25
Event: 8.462 Thread 0x0000000003322800 Uncommon trap: reason=unstable_if action=reinterpret pc=0x0000000003f55854 method=org.eclipse.jdt.internal.compiler.parser.Scanner.getNextToken()I @ 80
Event: 8.465 Thread 0x0000000003322800 Uncommon trap: reason=unstable_if action=reinterpret pc=0x0000000003eeee48 method=sun.net.www.ParseUtil.encodePath(Ljava/lang/String;Z)Ljava/lang/String; @ 109

Classes redefined (0 events):
No events

Internal exceptions (10 events):
Event: 0.350 Thread 0x0000000003322800 Exception <a 'java/security/PrivilegedActionException'> (0x000000076cb73798) thrown at [C:\jenkins\workspace\8-2-build-windows-amd64-cygwin\jdk8u251\737\hotspot\src\share\vm\prims\jvm.cpp, line 1502]
Event: 0.350 Thread 0x0000000003322800 Exception <a 'java/security/PrivilegedActionException'> (0x000000076cb73b90) thrown at [C:\jenkins\workspace\8-2-build-windows-amd64-cygwin\jdk8u251\737\hotspot\src\share\vm\prims\jvm.cpp, line 1502]
Event: 0.592 Thread 0x0000000003322800 Implicit null exception at 0x0000000003729791 to 0x00000000037297bd
Event: 5.766 Thread 0x0000000003322800 Implicit null exception at 0x0000000003767560 to 0x0000000003767959
Event: 8.027 Thread 0x0000000003322800 Exception <a 'java/io/FileNotFoundException'> (0x0000000781bd88a0) thrown at [C:\jenkins\workspace\8-2-build-windows-amd64-cygwin\jdk8u251\737\hotspot\src\share\vm\prims\jni.cpp, line 710]
Event: 8.304 Thread 0x0000000003322800 Exception <a 'java/lang/ArrayIndexOutOfBoundsException'> (0x00000007829d5650) thrown at [C:\jenkins\workspace\8-2-build-windows-amd64-cygwin\jdk8u251\737\hotspot\src\share\vm\runtime\sharedRuntime.cpp, line 605]
Event: 8.304 Thread 0x0000000003322800 Exception <a 'java/lang/ArrayIndexOutOfBoundsException'> (0x00000007829d5890) thrown at [C:\jenkins\workspace\8-2-build-windows-amd64-cygwin\jdk8u251\737\hotspot\src\share\vm\runtime\sharedRuntime.cpp, line 605]
Event: 8.304 Thread 0x0000000003322800 Exception <a 'java/lang/ArrayIndexOutOfBoundsException'> (0x00000007829d5ad0) thrown at [C:\jenkins\workspace\8-2-build-windows-amd64-cygwin\jdk8u251\737\hotspot\src\share\vm\runtime\sharedRuntime.cpp, line 605]
Event: 8.350 Thread 0x0000000003322800 Exception <a 'java/lang/ArrayIndexOutOfBoundsException': 259057> (0x0000000782b76840) thrown at [C:\jenkins\workspace\8-2-build-windows-amd64-cygwin\jdk8u251\737\hotspot\src\share\vm\interpreter\interpreterRuntime.cpp, line 368]
Event: 8.362 Thread 0x0000000003322800 Exception <a 'java/lang/IncompatibleClassChangeError': Found class java.lang.Object, but interface was expected> (0x0000000782bca940) thrown at [C:\jenkins\workspace\8-2-build-windows-amd64-cygwin\jdk8u251\737\hotspot\src\share\vm\interpreter\linkResolver

Events (10 events):
Event: 8.589 loading class org/eclipse/jdt/internal/compiler/lookup/ParameterizedFieldBinding
Event: 8.589 loading class org/eclipse/jdt/internal/compiler/lookup/ParameterizedFieldBinding done
Event: 8.589 Executing VM operation: Deoptimize
Event: 8.590 Executing VM operation: Deoptimize done
Event: 8.594 loading class org/eclipse/jdt/internal/compiler/util/ObjectVector
Event: 8.594 loading class org/eclipse/jdt/internal/compiler/util/ObjectVector done
Event: 8.594 loading class org/eclipse/jdt/internal/compiler/impl/BooleanConstant
Event: 8.594 loading class org/eclipse/jdt/internal/compiler/impl/BooleanConstant done
Event: 8.604 loading class sun/misc/FloatingDecimal$ASCIIToBinaryBuffer
Event: 8.604 loading class sun/misc/FloatingDecimal$ASCIIToBinaryBuffer done


Dynamic libraries:
0x00007ff7939c0000 - 0x00007ff7939f7000 	C:\Program Files\Java\jdk1.8.0_251\bin\java.exe
0x00007ffd09a30000 - 0x00007ffd09c28000 	C:\WINDOWS\SYSTEM32\ntdll.dll
0x00007ffd08070000 - 0x00007ffd0812f000 	C:\WINDOWS\System32\KERNEL32.DLL
0x00007ffd07540000 - 0x00007ffd07812000 	C:\WINDOWS\System32\KERNELBASE.dll
0x00007ffd085a0000 - 0x00007ffd0864e000 	C:\WINDOWS\System32\ADVAPI32.dll
0x00007ffd089c0000 - 0x00007ffd08a5e000 	C:\WINDOWS\System32\msvcrt.dll
0x00007ffd08650000 - 0x00007ffd086ec000 	C:\WINDOWS\System32\sechost.dll
0x00007ffd07d10000 - 0x00007ffd07e35000 	C:\WINDOWS\System32\RPCRT4.dll
0x00007ffd08e70000 - 0x00007ffd09011000 	C:\WINDOWS\System32\USER32.dll
0x00007ffd073d0000 - 0x00007ffd073f2000 	C:\WINDOWS\System32\win32u.dll
0x00007ffd07f70000 - 0x00007ffd07f9b000 	C:\WINDOWS\System32\GDI32.dll
0x00007ffd07120000 - 0x00007ffd0722f000 	C:\WINDOWS\System32\gdi32full.dll
0x00007ffd07820000 - 0x00007ffd078bd000 	C:\WINDOWS\System32\msvcp_win.dll
0x00007ffd07230000 - 0x00007ffd07330000 	C:\WINDOWS\System32\ucrtbase.dll
0x00007ffce8280000 - 0x00007ffce851a000 	C:\WINDOWS\WinSxS\amd64_microsoft.windows.common-controls_6595b64144ccf1df_6.0.19041.1110_none_60b5254171f9507e\COMCTL32.dll
0x00007ffd07ad0000 - 0x00007ffd07b02000 	C:\WINDOWS\System32\IMM32.DLL
0x0000000075ee0000 - 0x0000000075fb2000 	C:\Program Files\Java\jdk1.8.0_251\jre\bin\msvcr100.dll
0x0000000074470000 - 0x0000000074d1b000 	C:\Program Files\Java\jdk1.8.0_251\jre\bin\server\jvm.dll
0x00007ffd07e40000 - 0x00007ffd07e48000 	C:\WINDOWS\System32\PSAPI.DLL
0x00007ffcfd9c0000 - 0x00007ffcfd9ca000 	C:\WINDOWS\SYSTEM32\VERSION.dll
0x00007ffd01200000 - 0x00007ffd01227000 	C:\WINDOWS\SYSTEM32\WINMM.dll
0x00007ffcecb50000 - 0x00007ffcecb59000 	C:\WINDOWS\SYSTEM32\WSOCK32.dll
0x00007ffd097d0000 - 0x00007ffd0983b000 	C:\WINDOWS\System32\WS2_32.dll
0x00007ffcf8240000 - 0x00007ffcf824f000 	C:\Program Files\Java\jdk1.8.0_251\jre\bin\verify.dll
0x00007ffcd0830000 - 0x00007ffcd0859000 	C:\Program Files\Java\jdk1.8.0_251\jre\bin\java.dll
0x00007ffcefb40000 - 0x00007ffcefb56000 	C:\Program Files\Java\jdk1.8.0_251\jre\bin\zip.dll
0x00007ffd09020000 - 0x00007ffd09765000 	C:\WINDOWS\System32\SHELL32.dll
0x00007ffd04d00000 - 0x00007ffd05492000 	C:\WINDOWS\SYSTEM32\windows.storage.dll
0x00007ffd08b10000 - 0x00007ffd08e65000 	C:\WINDOWS\System32\combase.dll
0x00007ffd06b80000 - 0x00007ffd06bb0000 	C:\WINDOWS\SYSTEM32\Wldp.dll
0x00007ffd07ec0000 - 0x00007ffd07f6d000 	C:\WINDOWS\System32\SHCORE.dll
0x00007ffd07e50000 - 0x00007ffd07ea5000 	C:\WINDOWS\System32\shlwapi.dll
0x00007ffd07060000 - 0x00007ffd0707f000 	C:\WINDOWS\SYSTEM32\profapi.dll
0x00007ffce5da0000 - 0x00007ffce5dba000 	C:\Program Files\Java\jdk1.8.0_251\jre\bin\net.dll
0x00007ffd068e0000 - 0x00007ffd0694a000 	C:\WINDOWS\system32\mswsock.dll
0x00007ffcd6df0000 - 0x00007ffcd6e02000 	C:\Program Files\Java\jdk1.8.0_251\jre\bin\nio.dll

VM Arguments:
java_command: s3m.jar C:\UFPE\miningframework\SOOTAnalysisOutput\hive\b3914c37aa6df1e4a3536ebe9f277a765f3eadff\org\apache\hadoop\hive\conf\HiveConf\left.java C:\UFPE\miningframework\SOOTAnalysisOutput\hive\b3914c37aa6df1e4a3536ebe9f277a765f3eadff\org\apache\hadoop\hive\conf\HiveConf\base.java C:\UFPE\miningframework\SOOTAnalysisOutput\hive\b3914c37aa6df1e4a3536ebe9f277a765f3eadff\org\apache\hadoop\hive\conf\HiveConf\right.java -o C:\UFPE\miningframework\SOOTAnalysisOutput\hive\b3914c37aa6df1e4a3536ebe9f277a765f3eadff\org\apache\hadoop\hive\conf\HiveConf\InsertionLevelInitializationBlockHandler.java --handle-initialization-blocks false --handle-initialization-blocks-multiple-blocks true
java_class_path (initial): s3m.jar
Launcher Type: SUN_STANDARD

Environment Variables:
JAVA_HOME=C:\Program Files\Java\jdk1.8.0_291
PATH=C:\Program Files\Common Files\Oracle\Java\javapath;C:\Program Files (x86)\Common Files\Oracle\Java\javapath;C:\Windows\system32;C:\Windows;C:\Windows\System32\Wbem;C:\Windows\System32\WindowsPowerShell\v1.0\;C:\Windows\System32\OpenSSH\;C:\Program Files (x86)\NVIDIA Corporation\PhysX\Common;C:\Program Files\NVIDIA Corporation\NVIDIA NvDLISR;C:\Program Files (x86)\Groovy\bin;C:\Program Files (x86)\GnuWin32\bin;C:\UFPE\maven\apache-maven-3.6.3\bin;C:\WINDOWS\system32;C:\WINDOWS;C:\WINDOWS\System32\Wbem;C:\WINDOWS\System32\WindowsPowerShell\v1.0\;C:\WINDOWS\System32\OpenSSH\;C:\Program Files\Git\cmd;C:\Program Files\dotnet\;C:\Users\leona\AppData\Local\Microsoft\WindowsApps;C:\Program Files\Java\jdk-11.0.15\bin;C:\UFPE\maven\apache-maven-3.6.3\bin;C:\Users\leona\AppData\Local\GitHubDesktop\bin;C:\Users\leona\AppData\Local\Programs\Microsoft VS Code\bin;C:\Program Files\JetBrains\IntelliJ IDEA Community Edition 2020.2.3\bin;;C:\Program Files (x86)\GnuWin32\bin;C:\Users\leona\AppData\Local\Microsoft\WindowsApps;C:\flutter\flutter\bin;C:\gradle\bin;
USERNAME=leona
OS=Windows_NT
PROCESSOR_IDENTIFIER=Intel64 Family 6 Model 142 Stepping 12, GenuineIntel



---------------  S Y S T E M  ---------------

OS: Windows 10.0 , 64 bit Build 19041 (10.0.19041.2546)

CPU:total 8 (initial active 8) (4 cores per cpu, 2 threads per core) family 6 model 142 stepping 12, cmov, cx8, fxsr, mmx, sse, sse2, sse3, ssse3, sse4.1, sse4.2, popcnt, avx, avx2, aes, clmul, erms, 3dnowpref, lzcnt, ht, tsc, tscinvbit, bmi1, bmi2, adx

Memory: 4k page, physical 16521856k(1100848k free), swap 45574012k(5296k free)

vm_info: Java HotSpot(TM) 64-Bit Server VM (25.251-b08) for windows-amd64 JRE (1.8.0_251-b08), built on Mar 12 2020 06:31:49 by "" with MS VC++ 10.0 (VS2010)

time: Tue Mar 07 00:50:12 2023
timezone: Hora Padrão de Buenos Aires
elapsed time: 8 seconds (0d 0h 0m 8s)

