#
# There is insufficient memory for the Java Runtime Environment to continue.
# Native memory allocation (malloc) failed to allocate 1861056 bytes for Chunk::new
# Possible reasons:
#   The system is out of physical RAM or swap space
#   The process is running with CompressedOops enabled, and the Java Heap may be blocking the growth of the native heap
# Possible solutions:
#   Reduce memory load on the system
#   Increase physical memory or swap space
#   Check if swap backing store is full
#   Decrease Java heap size (-Xmx/-Xms)
#   Decrease number of Java threads
#   Decrease Java thread stack sizes (-Xss)
#   Set larger code cache with -XX:ReservedCodeCacheSize=
#   JVM is running with Zero Based Compressed Oops mode in which the Java heap is
#     placed in the first 32GB address space. The Java Heap base address is the
#     maximum limit for the native heap growth. Please use -XX:HeapBaseMinAddress
#     to set the Java Heap base and to place the Java Heap above 32GB virtual address.
# This output file may be truncated or incomplete.
#
#  Out of Memory Error (allocation.cpp:389), pid=157852, tid=0x00000000000028e4
#
# JRE version: Java(TM) SE Runtime Environment (8.0_251-b08) (build 1.8.0_251-b08)
# Java VM: Java HotSpot(TM) 64-Bit Server VM (25.251-b08 mixed mode windows-amd64 compressed oops)
# Failed to write core dump. Minidumps are not enabled by default on client versions of Windows
#

---------------  T H R E A D  ---------------

Current thread (0x000000001e6c3000):  JavaThread "C2 CompilerThread1" daemon [_thread_in_native, id=10468, stack(0x000000001f0b0000,0x000000001f1b0000)]

Stack: [0x000000001f0b0000,0x000000001f1b0000]
[error occurred during error reporting (printing stack bounds), id 0xc0000005]

Native frames: (J=compiled Java code, j=interpreted, Vv=VM code, C=native code)


Current CompileTask:
C2:   6545 2542       4       org.eclipse.jdt.internal.compiler.lookup.BinaryTypeBinding::createMethod (1613 bytes)


---------------  P R O C E S S  ---------------

Java Threads: ( => current thread )
  0x000000001e759000 JavaThread "Service Thread" daemon [_thread_blocked, id=157820, stack(0x000000001f3b0000,0x000000001f4b0000)]
  0x000000001e6cb000 JavaThread "C1 CompilerThread3" daemon [_thread_in_native, id=155428, stack(0x000000001f2b0000,0x000000001f3b0000)]
  0x000000001e6c4000 JavaThread "C2 CompilerThread2" daemon [_thread_blocked, id=154024, stack(0x000000001f1b0000,0x000000001f2b0000)]
=>0x000000001e6c3000 JavaThread "C2 CompilerThread1" daemon [_thread_in_native, id=10468, stack(0x000000001f0b0000,0x000000001f1b0000)]
  0x000000001e6c1000 JavaThread "C2 CompilerThread0" daemon [_thread_blocked, id=128880, stack(0x000000001efb0000,0x000000001f0b0000)]
  0x000000001e6ba000 JavaThread "Attach Listener" daemon [_thread_blocked, id=156172, stack(0x000000001eeb0000,0x000000001efb0000)]
  0x000000001e6b8000 JavaThread "Signal Dispatcher" daemon [_thread_blocked, id=105452, stack(0x000000001edb0000,0x000000001eeb0000)]
  0x000000001c8d3800 JavaThread "Finalizer" daemon [_thread_blocked, id=152468, stack(0x000000001eb90000,0x000000001ec90000)]
  0x000000001e6b0800 JavaThread "Reference Handler" daemon [_thread_blocked, id=148916, stack(0x000000001ea90000,0x000000001eb90000)]
  0x0000000002ee2800 JavaThread "main" [_thread_in_vm, id=142900, stack(0x0000000002ce0000,0x0000000002de0000)]

Other Threads:
  0x000000001c8c9000 VMThread [stack: 0x000000001e590000,0x000000001e690000] [id=2352]
  0x000000001e784000 WatcherThread [stack: 0x000000001f4b0000,0x000000001f5b0000] [id=153692]

VM state:not at safepoint (normal execution)

VM Mutex/Monitor currently owned by a thread: None

heap address: 0x00000006c3e00000, size: 4034 MB, Compressed Oops mode: Zero based, Oop shift amount: 3
Narrow klass base: 0x0000000000000000, Narrow klass shift: 3
Compressed class space size: 1073741824 Address: 0x00000007c0000000

Heap:
 PSYoungGen      total 1337856K, used 435057K [0x000000076bf80000, 0x00000007c0000000, 0x00000007c0000000)
  eden space 1332224K, 32% used [0x000000076bf80000,0x000000078654c470,0x00000007bd480000)
  from space 5632K, 55% used [0x00000007bda00000,0x00000007bdd10000,0x00000007bdf80000)
  to   space 5632K, 0% used [0x00000007bd480000,0x00000007bd480000,0x00000007bda00000)
 ParOldGen       total 173568K, used 15456K [0x00000006c3e00000, 0x00000006ce780000, 0x000000076bf80000)
  object space 173568K, 8% used [0x00000006c3e00000,0x00000006c4d18318,0x00000006ce780000)
 Metaspace       used 18946K, capacity 19310K, committed 19584K, reserved 1067008K
  class space    used 1744K, capacity 1841K, committed 1920K, reserved 1048576K

Card table byte_map: [0x00000000123a0000,0x0000000012b90000] byte_map_base: 0x000000000ed81000

Marking Bits: (ParMarkBitMap*) 0x0000000074c9af90
 Begin Bits: [0x00000000138e0000, 0x00000000177e8000)
 End Bits:   [0x00000000177e8000, 0x000000001b6f0000)

Polling page: 0x0000000001370000

CodeCache: size=245760Kb used=13775Kb max_used=13775Kb free=231984Kb
 bounds [0x0000000002fe0000, 0x0000000003d60000, 0x0000000011fe0000]
 total_blobs=3283 nmethods=2859 adapters=335
 compilation: enabled

Compilation events (10 events):
Event: 6.526 Thread 0x000000001e6cb000 nmethod 2851 0x0000000003d44ad0 code [0x0000000003d44c40, 0x0000000003d44e28]
Event: 6.530 Thread 0x000000001e6cb000 2852       3       java.lang.invoke.MethodHandles$Lookup::lookupClassOrNull (17 bytes)
Event: 6.531 Thread 0x000000001e6cb000 nmethod 2852 0x0000000003d44750 code [0x0000000003d448a0, 0x0000000003d44a50]
Event: 6.533 Thread 0x000000001e6cb000 2853       3       org.eclipse.jdt.internal.compiler.parser.Scanner::scanIdentifierOrKeyword (196 bytes)
Event: 6.533 Thread 0x000000001e6c4000 nmethod 2837 0x0000000003d47fd0 code [0x0000000003d48180, 0x0000000003d48a68]
Event: 6.533 Thread 0x000000001e6cb000 nmethod 2853 0x0000000003d43a50 code [0x0000000003d43c20, 0x0000000003d44458]
Event: 6.533 Thread 0x000000001e6cb000 2854   !   3       org.eclipse.jdt.internal.compiler.parser.Scanner::getNextToken0 (3678 bytes)
Event: 6.535 Thread 0x000000001e6c4000 2862       4       org.eclipse.jdt.internal.compiler.parser.Scanner::getNextToken (144 bytes)
Event: 6.535 Thread 0x000000001e6c1000 2863       4       java.util.HashMap::put (13 bytes)
Event: 6.536 Thread 0x000000001e6c1000 nmethod 2863 0x0000000003d436d0 code [0x0000000003d43820, 0x0000000003d43948]

GC Heap History (10 events):
Event: 2.549 GC heap before
{Heap before GC invocations=10 (full 0):
 PSYoungGen      total 525824K, used 522336K [0x000000076bf80000, 0x000000079f780000, 0x00000007c0000000)
  eden space 520192K, 100% used [0x000000076bf80000,0x000000078bb80000,0x000000078bb80000)
  from space 5632K, 38% used [0x000000078bb80000,0x000000078bd98000,0x000000078c100000)
  to   space 5632K, 0% used [0x000000079f200000,0x000000079f200000,0x000000079f780000)
 ParOldGen       total 173568K, used 4445K [0x00000006c3e00000, 0x00000006ce780000, 0x000000076bf80000)
  object space 173568K, 2% used [0x00000006c3e00000,0x00000006c4257760,0x00000006ce780000)
 Metaspace       used 9284K, capacity 9486K, committed 9856K, reserved 1058816K
  class space    used 959K, capacity 1033K, committed 1152K, reserved 1048576K
Event: 2.554 GC heap after
Heap after GC invocations=10 (full 0):
 PSYoungGen      total 838144K, used 2592K [0x000000076bf80000, 0x000000079f780000, 0x00000007c0000000)
  eden space 832512K, 0% used [0x000000076bf80000,0x000000076bf80000,0x000000079ec80000)
  from space 5632K, 46% used [0x000000079f200000,0x000000079f488000,0x000000079f780000)
  to   space 5632K, 0% used [0x000000079ec80000,0x000000079ec80000,0x000000079f200000)
 ParOldGen       total 173568K, used 5501K [0x00000006c3e00000, 0x00000006ce780000, 0x000000076bf80000)
  object space 173568K, 3% used [0x00000006c3e00000,0x00000006c435f760,0x00000006ce780000)
 Metaspace       used 9284K, capacity 9486K, committed 9856K, reserved 1058816K
  class space    used 959K, capacity 1033K, committed 1152K, reserved 1048576K
}
Event: 3.302 GC heap before
{Heap before GC invocations=11 (full 0):
 PSYoungGen      total 838144K, used 835104K [0x000000076bf80000, 0x000000079f780000, 0x00000007c0000000)
  eden space 832512K, 100% used [0x000000076bf80000,0x000000079ec80000,0x000000079ec80000)
  from space 5632K, 46% used [0x000000079f200000,0x000000079f488000,0x000000079f780000)
  to   space 5632K, 0% used [0x000000079ec80000,0x000000079ec80000,0x000000079f200000)
 ParOldGen       total 173568K, used 5501K [0x00000006c3e00000, 0x00000006ce780000, 0x000000076bf80000)
  object space 173568K, 3% used [0x00000006c3e00000,0x00000006c435f760,0x00000006ce780000)
 Metaspace       used 9313K, capacity 9550K, committed 9856K, reserved 1058816K
  class space    used 959K, capacity 1033K, committed 1152K, reserved 1048576K
Event: 3.308 GC heap after
Heap after GC invocations=11 (full 0):
 PSYoungGen      total 838144K, used 2192K [0x000000076bf80000, 0x00000007bdf80000, 0x00000007c0000000)
  eden space 832512K, 0% used [0x000000076bf80000,0x000000076bf80000,0x000000079ec80000)
  from space 5632K, 38% used [0x000000079ec80000,0x000000079eea4030,0x000000079f200000)
  to   space 5632K, 0% used [0x00000007bda00000,0x00000007bda00000,0x00000007bdf80000)
 ParOldGen       total 173568K, used 8004K [0x00000006c3e00000, 0x00000006ce780000, 0x000000076bf80000)
  object space 173568K, 4% used [0x00000006c3e00000,0x00000006c45d11f0,0x00000006ce780000)
 Metaspace       used 9313K, capacity 9550K, committed 9856K, reserved 1058816K
  class space    used 959K, capacity 1033K, committed 1152K, reserved 1048576K
}
Event: 3.890 GC heap before
{Heap before GC invocations=12 (full 0):
 PSYoungGen      total 838144K, used 834704K [0x000000076bf80000, 0x00000007bdf80000, 0x00000007c0000000)
  eden space 832512K, 100% used [0x000000076bf80000,0x000000079ec80000,0x000000079ec80000)
  from space 5632K, 38% used [0x000000079ec80000,0x000000079eea4030,0x000000079f200000)
  to   space 5632K, 0% used [0x00000007bda00000,0x00000007bda00000,0x00000007bdf80000)
 ParOldGen       total 173568K, used 8004K [0x00000006c3e00000, 0x00000006ce780000, 0x000000076bf80000)
  object space 173568K, 4% used [0x00000006c3e00000,0x00000006c45d11f0,0x00000006ce780000)
 Metaspace       used 9314K, capacity 9550K, committed 9856K, reserved 1058816K
  class space    used 959K, capacity 1033K, committed 1152K, reserved 1048576K
Event: 3.895 GC heap after
Heap after GC invocations=12 (full 0):
 PSYoungGen      total 1337856K, used 1760K [0x000000076bf80000, 0x00000007bdf80000, 0x00000007c0000000)
  eden space 1332224K, 0% used [0x000000076bf80000,0x000000076bf80000,0x00000007bd480000)
  from space 5632K, 31% used [0x00000007bda00000,0x00000007bdbb8000,0x00000007bdf80000)
  to   space 5632K, 0% used [0x00000007bd480000,0x00000007bd480000,0x00000007bda00000)
 ParOldGen       total 173568K, used 10172K [0x00000006c3e00000, 0x00000006ce780000, 0x000000076bf80000)
  object space 173568K, 5% used [0x00000006c3e00000,0x00000006c47ef110,0x00000006ce780000)
 Metaspace       used 9314K, capacity 9550K, committed 9856K, reserved 1058816K
  class space    used 959K, capacity 1033K, committed 1152K, reserved 1048576K
}
Event: 4.715 GC heap before
{Heap before GC invocations=13 (full 0):
 PSYoungGen      total 1337856K, used 1333984K [0x000000076bf80000, 0x00000007bdf80000, 0x00000007c0000000)
  eden space 1332224K, 100% used [0x000000076bf80000,0x00000007bd480000,0x00000007bd480000)
  from space 5632K, 31% used [0x00000007bda00000,0x00000007bdbb8000,0x00000007bdf80000)
  to   space 5632K, 0% used [0x00000007bd480000,0x00000007bd480000,0x00000007bda00000)
 ParOldGen       total 173568K, used 10172K [0x00000006c3e00000, 0x00000006ce780000, 0x000000076bf80000)
  object space 173568K, 5% used [0x00000006c3e00000,0x00000006c47ef110,0x00000006ce780000)
 Metaspace       used 9363K, capacity 9614K, committed 9856K, reserved 1058816K
  class space    used 959K, capacity 1033K, committed 1152K, reserved 1048576K
Event: 4.720 GC heap after
Heap after GC invocations=13 (full 0):
 PSYoungGen      total 1337856K, used 3680K [0x000000076bf80000, 0x00000007bdf80000, 0x00000007c0000000)
  eden space 1332224K, 0% used [0x000000076bf80000,0x000000076bf80000,0x00000007bd480000)
  from space 5632K, 65% used [0x00000007bd480000,0x00000007bd818020,0x00000007bda00000)
  to   space 5632K, 0% used [0x00000007bda00000,0x00000007bda00000,0x00000007bdf80000)
 ParOldGen       total 173568K, used 11900K [0x00000006c3e00000, 0x00000006ce780000, 0x000000076bf80000)
  object space 173568K, 6% used [0x00000006c3e00000,0x00000006c499f110,0x00000006ce780000)
 Metaspace       used 9363K, capacity 9614K, committed 9856K, reserved 1058816K
  class space    used 959K, capacity 1033K, committed 1152K, reserved 1048576K
}
Event: 5.332 GC heap before
{Heap before GC invocations=14 (full 0):
 PSYoungGen      total 1337856K, used 1335904K [0x000000076bf80000, 0x00000007bdf80000, 0x00000007c0000000)
  eden space 1332224K, 100% used [0x000000076bf80000,0x00000007bd480000,0x00000007bd480000)
  from space 5632K, 65% used [0x00000007bd480000,0x00000007bd818020,0x00000007bda00000)
  to   space 5632K, 0% used [0x00000007bda00000,0x00000007bda00000,0x00000007bdf80000)
 ParOldGen       total 173568K, used 11900K [0x00000006c3e00000, 0x00000006ce780000, 0x000000076bf80000)
  object space 173568K, 6% used [0x00000006c3e00000,0x00000006c499f110,0x00000006ce780000)
 Metaspace       used 9366K, capacity 9614K, committed 9856K, reserved 1058816K
  class space    used 959K, capacity 1033K, committed 1152K, reserved 1048576K
Event: 5.339 GC heap after
Heap after GC invocations=14 (full 0):
 PSYoungGen      total 1337856K, used 3136K [0x000000076bf80000, 0x00000007c0000000, 0x00000007c0000000)
  eden space 1332224K, 0% used [0x000000076bf80000,0x000000076bf80000,0x00000007bd480000)
  from space 5632K, 55% used [0x00000007bda00000,0x00000007bdd10000,0x00000007bdf80000)
  to   space 5632K, 0% used [0x00000007bd480000,0x00000007bd480000,0x00000007bda00000)
 ParOldGen       total 173568K, used 15456K [0x00000006c3e00000, 0x00000006ce780000, 0x000000076bf80000)
  object space 173568K, 8% used [0x00000006c3e00000,0x00000006c4d18318,0x00000006ce780000)
 Metaspace       used 9366K, capacity 9614K, committed 9856K, reserved 1058816K
  class space    used 959K, capacity 1033K, committed 1152K, reserved 1048576K
}

Deoptimization events (10 events):
Event: 5.643 Thread 0x0000000002ee2800 Uncommon trap: reason=class_check action=maybe_recompile pc=0x00000000031e2ea4 method=java.util.stream.ReduceOps$3ReducingSink.accept(Ljava/lang/Object;)V @ 9
Event: 5.698 Thread 0x0000000002ee2800 Uncommon trap: reason=unstable_if action=reinterpret pc=0x00000000039c4cec method=org.apache.commons.lang3.StringUtils.getLevenshteinDistance(Ljava/lang/CharSequence;Ljava/lang/CharSequence;)I @ 108
Event: 5.726 Thread 0x0000000002ee2800 Uncommon trap: reason=unstable_if action=reinterpret pc=0x000000000345808c method=java.util.regex.Pattern.RemoveQEQuoting()V @ 41
Event: 6.156 Thread 0x0000000002ee2800 Uncommon trap: reason=unstable_if action=reinterpret pc=0x0000000003aff4a0 method=org.eclipse.jdt.internal.compiler.parser.Scanner.getNextToken0()I @ 281
Event: 6.159 Thread 0x0000000002ee2800 Uncommon trap: reason=unstable_if action=reinterpret pc=0x0000000003af57d0 method=org.eclipse.jdt.internal.compiler.parser.Scanner.getNextToken()I @ 80
Event: 6.164 Thread 0x0000000002ee2800 Uncommon trap: reason=unstable_if action=reinterpret pc=0x0000000003a4b8c8 method=sun.net.www.ParseUtil.encodePath(Ljava/lang/String;Z)Ljava/lang/String; @ 109
Event: 6.175 Thread 0x0000000002ee2800 Uncommon trap: reason=unloaded action=reinterpret pc=0x0000000003af0590 method=org.eclipse.jdt.internal.compiler.parser.Parser.consumeToken(I)V @ 1326
Event: 6.446 Thread 0x0000000002ee2800 Uncommon trap: reason=predicate action=maybe_recompile pc=0x00000000039af854 method=java.util.ArrayList.indexOf(Ljava/lang/Object;)I @ 44
Event: 6.527 Thread 0x0000000002ee2800 Uncommon trap: reason=unstable_if action=reinterpret pc=0x0000000003c4ddb4 method=org.eclipse.jdt.internal.compiler.parser.Scanner.scanIdentifierOrKeyword()I @ 27
Event: 6.530 Thread 0x0000000002ee2800 Uncommon trap: reason=unstable_if action=reinterpret pc=0x0000000003b1d3c4 method=org.eclipse.jdt.internal.compiler.parser.Scanner.scanIdentifierOrKeyword()I @ 27

Classes redefined (0 events):
No events

Internal exceptions (10 events):
Event: 0.223 Thread 0x0000000002ee2800 Exception <a 'java/lang/ArrayIndexOutOfBoundsException'> (0x000000076c460ef0) thrown at [C:\jenkins\workspace\8-2-build-windows-amd64-cygwin\jdk8u251\737\hotspot\src\share\vm\runtime\sharedRuntime.cpp, line 605]
Event: 0.224 Thread 0x0000000002ee2800 Exception <a 'java/lang/ArrayIndexOutOfBoundsException'> (0x000000076c461df8) thrown at [C:\jenkins\workspace\8-2-build-windows-amd64-cygwin\jdk8u251\737\hotspot\src\share\vm\runtime\sharedRuntime.cpp, line 605]
Event: 0.303 Thread 0x0000000002ee2800 Exception <a 'java/security/PrivilegedActionException'> (0x000000076cb6a730) thrown at [C:\jenkins\workspace\8-2-build-windows-amd64-cygwin\jdk8u251\737\hotspot\src\share\vm\prims\jvm.cpp, line 1502]
Event: 0.303 Thread 0x0000000002ee2800 Exception <a 'java/security/PrivilegedActionException'> (0x000000076cb6ab28) thrown at [C:\jenkins\workspace\8-2-build-windows-amd64-cygwin\jdk8u251\737\hotspot\src\share\vm\prims\jvm.cpp, line 1502]
Event: 0.303 Thread 0x0000000002ee2800 Exception <a 'java/security/PrivilegedActionException'> (0x000000076cb6ee08) thrown at [C:\jenkins\workspace\8-2-build-windows-amd64-cygwin\jdk8u251\737\hotspot\src\share\vm\prims\jvm.cpp, line 1502]
Event: 0.303 Thread 0x0000000002ee2800 Exception <a 'java/security/PrivilegedActionException'> (0x000000076cb6f200) thrown at [C:\jenkins\workspace\8-2-build-windows-amd64-cygwin\jdk8u251\737\hotspot\src\share\vm\prims\jvm.cpp, line 1502]
Event: 0.552 Thread 0x0000000002ee2800 Implicit null exception at 0x00000000032ff751 to 0x00000000032ff77d
Event: 5.854 Thread 0x0000000002ee2800 Exception <a 'java/io/FileNotFoundException'> (0x0000000780b28e80) thrown at [C:\jenkins\workspace\8-2-build-windows-amd64-cygwin\jdk8u251\737\hotspot\src\share\vm\prims\jni.cpp, line 710]
Event: 6.066 Thread 0x0000000002ee2800 Exception <a 'java/lang/ArrayIndexOutOfBoundsException'> (0x0000000781886e20) thrown at [C:\jenkins\workspace\8-2-build-windows-amd64-cygwin\jdk8u251\737\hotspot\src\share\vm\runtime\sharedRuntime.cpp, line 605]
Event: 6.078 Thread 0x0000000002ee2800 Exception <a 'java/lang/IncompatibleClassChangeError': Found class java.lang.Object, but interface was expected> (0x00000007818dd5f8) thrown at [C:\jenkins\workspace\8-2-build-windows-amd64-cygwin\jdk8u251\737\hotspot\src\share\vm\interpreter\linkResolver

Events (10 events):
Event: 6.532 loading class org/eclipse/jdt/core/dom/PrimitiveType$Code
Event: 6.532 loading class org/eclipse/jdt/core/dom/PrimitiveType$Code done
Event: 6.537 loading class org/eclipse/jdt/internal/compiler/ast/DoStatement
Event: 6.537 loading class org/eclipse/jdt/internal/compiler/ast/DoStatement done
Event: 6.538 loading class org/eclipse/jdt/internal/compiler/ast/LabeledStatement
Event: 6.538 loading class org/eclipse/jdt/internal/compiler/ast/LabeledStatement done
Event: 6.538 loading class org/eclipse/jdt/core/dom/MethodBinding
Event: 6.538 loading class org/eclipse/jdt/core/dom/MethodBinding done
Event: 6.540 loading class org/eclipse/jdt/internal/compiler/ast/SynchronizedStatement
Event: 6.540 loading class org/eclipse/jdt/internal/compiler/ast/SynchronizedStatement done


Dynamic libraries:
0x00007ff7939c0000 - 0x00007ff7939f7000 	C:\Program Files\Java\jdk1.8.0_251\bin\java.exe
0x00007ffd09a30000 - 0x00007ffd09c28000 	C:\WINDOWS\SYSTEM32\ntdll.dll
0x00007ffd08070000 - 0x00007ffd0812f000 	C:\WINDOWS\System32\KERNEL32.DLL
0x00007ffd07540000 - 0x00007ffd07812000 	C:\WINDOWS\System32\KERNELBASE.dll
0x00007ffd085a0000 - 0x00007ffd0864e000 	C:\WINDOWS\System32\ADVAPI32.dll
0x00007ffd089c0000 - 0x00007ffd08a5e000 	C:\WINDOWS\System32\msvcrt.dll
0x00007ffd08650000 - 0x00007ffd086ec000 	C:\WINDOWS\System32\sechost.dll
0x00007ffd07d10000 - 0x00007ffd07e35000 	C:\WINDOWS\System32\RPCRT4.dll
0x00007ffd08e70000 - 0x00007ffd09011000 	C:\WINDOWS\System32\USER32.dll
0x00007ffd073d0000 - 0x00007ffd073f2000 	C:\WINDOWS\System32\win32u.dll
0x00007ffd07f70000 - 0x00007ffd07f9b000 	C:\WINDOWS\System32\GDI32.dll
0x00007ffd07120000 - 0x00007ffd0722f000 	C:\WINDOWS\System32\gdi32full.dll
0x00007ffd07820000 - 0x00007ffd078bd000 	C:\WINDOWS\System32\msvcp_win.dll
0x00007ffd07230000 - 0x00007ffd07330000 	C:\WINDOWS\System32\ucrtbase.dll
0x00007ffce8280000 - 0x00007ffce851a000 	C:\WINDOWS\WinSxS\amd64_microsoft.windows.common-controls_6595b64144ccf1df_6.0.19041.1110_none_60b5254171f9507e\COMCTL32.dll
0x00007ffd07ad0000 - 0x00007ffd07b02000 	C:\WINDOWS\System32\IMM32.DLL
0x0000000075ee0000 - 0x0000000075fb2000 	C:\Program Files\Java\jdk1.8.0_251\jre\bin\msvcr100.dll
0x0000000074470000 - 0x0000000074d1b000 	C:\Program Files\Java\jdk1.8.0_251\jre\bin\server\jvm.dll
0x00007ffd07e40000 - 0x00007ffd07e48000 	C:\WINDOWS\System32\PSAPI.DLL
0x00007ffcfd9c0000 - 0x00007ffcfd9ca000 	C:\WINDOWS\SYSTEM32\VERSION.dll
0x00007ffcecb50000 - 0x00007ffcecb59000 	C:\WINDOWS\SYSTEM32\WSOCK32.dll
0x00007ffd01200000 - 0x00007ffd01227000 	C:\WINDOWS\SYSTEM32\WINMM.dll
0x00007ffd097d0000 - 0x00007ffd0983b000 	C:\WINDOWS\System32\WS2_32.dll
0x00007ffcf8240000 - 0x00007ffcf824f000 	C:\Program Files\Java\jdk1.8.0_251\jre\bin\verify.dll
0x00007ffcd0830000 - 0x00007ffcd0859000 	C:\Program Files\Java\jdk1.8.0_251\jre\bin\java.dll
0x00007ffcefb40000 - 0x00007ffcefb56000 	C:\Program Files\Java\jdk1.8.0_251\jre\bin\zip.dll
0x00007ffd09020000 - 0x00007ffd09765000 	C:\WINDOWS\System32\SHELL32.dll
0x00007ffd04d00000 - 0x00007ffd05492000 	C:\WINDOWS\SYSTEM32\windows.storage.dll
0x00007ffd08b10000 - 0x00007ffd08e65000 	C:\WINDOWS\System32\combase.dll
0x00007ffd06b80000 - 0x00007ffd06bb0000 	C:\WINDOWS\SYSTEM32\Wldp.dll
0x00007ffd07ec0000 - 0x00007ffd07f6d000 	C:\WINDOWS\System32\SHCORE.dll
0x00007ffd07e50000 - 0x00007ffd07ea5000 	C:\WINDOWS\System32\shlwapi.dll
0x00007ffd07060000 - 0x00007ffd0707f000 	C:\WINDOWS\SYSTEM32\profapi.dll
0x00007ffce5da0000 - 0x00007ffce5dba000 	C:\Program Files\Java\jdk1.8.0_251\jre\bin\net.dll
0x00007ffd068e0000 - 0x00007ffd0694a000 	C:\WINDOWS\system32\mswsock.dll
0x00007ffcd6df0000 - 0x00007ffcd6e02000 	C:\Program Files\Java\jdk1.8.0_251\jre\bin\nio.dll

VM Arguments:
java_command: s3m.jar C:\UFPE\miningframework\SOOTAnalysisOutput\hive\568872dcd8e7d142f0f77d86b61ba31580542da5\org\apache\hadoop\hive\conf\HiveConf\left.java C:\UFPE\miningframework\SOOTAnalysisOutput\hive\568872dcd8e7d142f0f77d86b61ba31580542da5\org\apache\hadoop\hive\conf\HiveConf\base.java C:\UFPE\miningframework\SOOTAnalysisOutput\hive\568872dcd8e7d142f0f77d86b61ba31580542da5\org\apache\hadoop\hive\conf\HiveConf\right.java -o C:\UFPE\miningframework\SOOTAnalysisOutput\hive\568872dcd8e7d142f0f77d86b61ba31580542da5\org\apache\hadoop\hive\conf\HiveConf\SimpleInitializationBlockHandler.java --handle-initialization-blocks true --handle-initialization-blocks-multiple-blocks false
java_class_path (initial): s3m.jar
Launcher Type: SUN_STANDARD

Environment Variables:
JAVA_HOME=C:\Program Files\Java\jdk1.8.0_291
PATH=C:\Program Files\Common Files\Oracle\Java\javapath;C:\Program Files (x86)\Common Files\Oracle\Java\javapath;C:\Windows\system32;C:\Windows;C:\Windows\System32\Wbem;C:\Windows\System32\WindowsPowerShell\v1.0\;C:\Windows\System32\OpenSSH\;C:\Program Files (x86)\NVIDIA Corporation\PhysX\Common;C:\Program Files\NVIDIA Corporation\NVIDIA NvDLISR;C:\Program Files (x86)\Groovy\bin;C:\Program Files (x86)\GnuWin32\bin;C:\UFPE\maven\apache-maven-3.6.3\bin;C:\WINDOWS\system32;C:\WINDOWS;C:\WINDOWS\System32\Wbem;C:\WINDOWS\System32\WindowsPowerShell\v1.0\;C:\WINDOWS\System32\OpenSSH\;C:\Program Files\Git\cmd;C:\Program Files\dotnet\;C:\Users\leona\AppData\Local\Microsoft\WindowsApps;C:\Program Files\Java\jdk-11.0.15\bin;C:\UFPE\maven\apache-maven-3.6.3\bin;C:\Users\leona\AppData\Local\GitHubDesktop\bin;C:\Users\leona\AppData\Local\Programs\Microsoft VS Code\bin;C:\Program Files\JetBrains\IntelliJ IDEA Community Edition 2020.2.3\bin;;C:\Program Files (x86)\GnuWin32\bin;C:\Users\leona\AppData\Local\Microsoft\WindowsApps;C:\flutter\flutter\bin;C:\gradle\bin;
USERNAME=leona
OS=Windows_NT
PROCESSOR_IDENTIFIER=Intel64 Family 6 Model 142 Stepping 12, GenuineIntel



---------------  S Y S T E M  ---------------

OS: Windows 10.0 , 64 bit Build 19041 (10.0.19041.2546)

CPU:total 8 (initial active 8) (4 cores per cpu, 2 threads per core) family 6 model 142 stepping 12, cmov, cx8, fxsr, mmx, sse, sse2, sse3, ssse3, sse4.1, sse4.2, popcnt, avx, avx2, aes, clmul, erms, 3dnowpref, lzcnt, ht, tsc, tscinvbit, bmi1, bmi2, adx

Memory: 4k page, physical 16521856k(1078640k free), swap 45574012k(5696k free)

vm_info: Java HotSpot(TM) 64-Bit Server VM (25.251-b08) for windows-amd64 JRE (1.8.0_251-b08), built on Mar 12 2020 06:31:49 by "" with MS VC++ 10.0 (VS2010)

time: Tue Mar 07 00:52:28 2023
timezone: Hora Padrão de Buenos Aires
elapsed time: 6 seconds (0d 0h 0m 6s)

