#
# There is insufficient memory for the Java Runtime Environment to continue.
# Native memory allocation (malloc) failed to allocate 273936 bytes for Chunk::new
# Possible reasons:
#   The system is out of physical RAM or swap space
#   The process is running with CompressedOops enabled, and the Java Heap may be blocking the growth of the native heap
# Possible solutions:
#   Reduce memory load on the system
#   Increase physical memory or swap space
#   Check if swap backing store is full
#   Decrease Java heap size (-Xmx/-Xms)
#   Decrease number of Java threads
#   Decrease Java thread stack sizes (-Xss)
#   Set larger code cache with -XX:ReservedCodeCacheSize=
#   JVM is running with Zero Based Compressed Oops mode in which the Java heap is
#     placed in the first 32GB address space. The Java Heap base address is the
#     maximum limit for the native heap growth. Please use -XX:HeapBaseMinAddress
#     to set the Java Heap base and to place the Java Heap above 32GB virtual address.
# This output file may be truncated or incomplete.
#
#  Out of Memory Error (allocation.cpp:389), pid=167652, tid=0x0000000000028a68
#
# JRE version: Java(TM) SE Runtime Environment (8.0_251-b08) (build 1.8.0_251-b08)
# Java VM: Java HotSpot(TM) 64-Bit Server VM (25.251-b08 mixed mode windows-amd64 compressed oops)
# Failed to write core dump. Minidumps are not enabled by default on client versions of Windows
#

---------------  T H R E A D  ---------------

Current thread (0x000000001ea41000):  JavaThread "C2 CompilerThread2" daemon [_thread_in_native, id=166504, stack(0x000000001f530000,0x000000001f630000)]

Stack: [0x000000001f530000,0x000000001f630000]
[error occurred during error reporting (printing stack bounds), id 0xc0000005]

Native frames: (J=compiled Java code, j=interpreted, Vv=VM code, C=native code)


Current CompileTask:
C2:   4294 1935       4       org.eclipse.jdt.internal.compiler.parser.Parser::consumeToken (2061 bytes)


---------------  P R O C E S S  ---------------

Java Threads: ( => current thread )
  0x000000001ea63000 JavaThread "Service Thread" daemon [_thread_blocked, id=161576, stack(0x000000001f730000,0x000000001f830000)]
  0x000000001ea49000 JavaThread "C1 CompilerThread3" daemon [_thread_in_native, id=162152, stack(0x000000001f630000,0x000000001f730000)]
=>0x000000001ea41000 JavaThread "C2 CompilerThread2" daemon [_thread_in_native, id=166504, stack(0x000000001f530000,0x000000001f630000)]
  0x000000001ea3e800 JavaThread "C2 CompilerThread1" daemon [_thread_in_native, id=165472, stack(0x000000001f430000,0x000000001f530000)]
  0x000000001ea3b800 JavaThread "C2 CompilerThread0" daemon [_thread_in_native, id=163600, stack(0x000000001f330000,0x000000001f430000)]
  0x000000001ea38800 JavaThread "Attach Listener" daemon [_thread_blocked, id=164708, stack(0x000000001f230000,0x000000001f330000)]
  0x000000001ea36000 JavaThread "Signal Dispatcher" daemon [_thread_blocked, id=163276, stack(0x000000001f130000,0x000000001f230000)]
  0x000000001ea31800 JavaThread "Finalizer" daemon [_thread_blocked, id=163468, stack(0x000000001ef10000,0x000000001f010000)]
  0x000000001ea30800 JavaThread "Reference Handler" daemon [_thread_blocked, id=167556, stack(0x000000001ee10000,0x000000001ef10000)]
  0x0000000003252800 JavaThread "main" [_thread_in_vm, id=132700, stack(0x0000000003150000,0x0000000003250000)]

Other Threads:
  0x000000001cc39000 VMThread [stack: 0x000000001e910000,0x000000001ea10000] [id=161724]
  0x000000001ea65000 WatcherThread [stack: 0x000000001f830000,0x000000001f930000] [id=167920]

VM state:not at safepoint (normal execution)

VM Mutex/Monitor currently owned by a thread: None

heap address: 0x00000006c3e00000, size: 4034 MB, Compressed Oops mode: Zero based, Oop shift amount: 3
Narrow klass base: 0x0000000000000000, Narrow klass shift: 3
Compressed class space size: 1073741824 Address: 0x00000007c0000000

Heap:
 PSYoungGen      total 835584K, used 602524K [0x000000076bf80000, 0x000000079f400000, 0x00000007c0000000)
  eden space 830976K, 72% used [0x000000076bf80000,0x0000000790a531c8,0x000000079eb00000)
  from space 4608K, 35% used [0x000000079ef80000,0x000000079f114010,0x000000079f400000)
  to   space 4608K, 0% used [0x000000079eb00000,0x000000079eb00000,0x000000079ef80000)
 ParOldGen       total 173568K, used 4967K [0x00000006c3e00000, 0x00000006ce780000, 0x000000076bf80000)
  object space 173568K, 2% used [0x00000006c3e00000,0x00000006c42d9fb0,0x00000006ce780000)
 Metaspace       used 16760K, capacity 17044K, committed 17408K, reserved 1067008K
  class space    used 1588K, capacity 1670K, committed 1792K, reserved 1048576K

Card table byte_map: [0x0000000012710000,0x0000000012f00000] byte_map_base: 0x000000000f0f1000

Marking Bits: (ParMarkBitMap*) 0x0000000074c9af90
 Begin Bits: [0x0000000013c50000, 0x0000000017b58000)
 End Bits:   [0x0000000017b58000, 0x000000001ba60000)

Polling page: 0x0000000001760000

CodeCache: size=245760Kb used=9548Kb max_used=9548Kb free=236211Kb
 bounds [0x0000000003350000, 0x0000000003cb0000, 0x0000000012350000]
 total_blobs=2474 nmethods=2069 adapters=317
 compilation: enabled

Compilation events (10 events):
Event: 4.284 Thread 0x000000001ea49000 2074       3       org.eclipse.jdt.internal.compiler.lookup.ReferenceBinding$3::compare (13 bytes)
Event: 4.284 Thread 0x000000001ea49000 nmethod 2074 0x0000000003ca1cd0 code [0x0000000003ca1e40, 0x0000000003ca21a8]
Event: 4.284 Thread 0x000000001ea49000 2075       3       org.eclipse.jdt.internal.compiler.lookup.ReferenceBinding$3::compare (56 bytes)
Event: 4.285 Thread 0x000000001ea49000 nmethod 2075 0x0000000003ca2290 code [0x0000000003ca2400, 0x0000000003ca2648]
Event: 4.285 Thread 0x000000001ea49000 2080       1       org.eclipse.jdt.internal.compiler.lookup.TypeVariableBinding::kind (4 bytes)
Event: 4.285 Thread 0x000000001ea49000 nmethod 2080 0x0000000003ca2810 code [0x0000000003ca2960, 0x0000000003ca2a70]
Event: 4.285 Thread 0x000000001ea49000 2079       3       org.eclipse.jdt.internal.compiler.lookup.LookupEnvironment::convertUnresolvedBinaryToRawType (291 bytes)
Event: 4.286 Thread 0x000000001ea49000 nmethod 2079 0x0000000003ca2ad0 code [0x0000000003ca2da0, 0x0000000003ca4358]
Event: 4.286 Thread 0x000000001ea49000 2076       3       org.eclipse.jdt.internal.compiler.lookup.TypeBinding::isMemberType (17 bytes)
Event: 4.286 Thread 0x000000001ea49000 nmethod 2076 0x0000000003ca4990 code [0x0000000003ca4ae0, 0x0000000003ca4c90]

GC Heap History (10 events):
Event: 1.536 GC heap before
{Heap before GC invocations=6 (full 0):
 PSYoungGen      total 140800K, used 133198K [0x000000076bf80000, 0x000000077c580000, 0x00000007c0000000)
  eden space 130048K, 100% used [0x000000076bf80000,0x0000000773e80000,0x0000000773e80000)
  from space 10752K, 29% used [0x0000000773e80000,0x0000000774193b50,0x0000000774900000)
  to   space 4096K, 0% used [0x000000077c180000,0x000000077c180000,0x000000077c580000)
 ParOldGen       total 173568K, used 48K [0x00000006c3e00000, 0x00000006ce780000, 0x000000076bf80000)
  object space 173568K, 0% used [0x00000006c3e00000,0x00000006c3e0c000,0x00000006ce780000)
 Metaspace       used 9580K, capacity 9742K, committed 10112K, reserved 1058816K
  class space    used 981K, capacity 1033K, committed 1152K, reserved 1048576K
Event: 1.542 GC heap after
Heap after GC invocations=6 (full 0):
 PSYoungGen      total 263680K, used 3593K [0x000000076bf80000, 0x000000077c680000, 0x00000007c0000000)
  eden space 259584K, 0% used [0x000000076bf80000,0x000000076bf80000,0x000000077bd00000)
  from space 4096K, 87% used [0x000000077c180000,0x000000077c502750,0x000000077c580000)
  to   space 4608K, 0% used [0x000000077bd00000,0x000000077bd00000,0x000000077c180000)
 ParOldGen       total 173568K, used 56K [0x00000006c3e00000, 0x00000006ce780000, 0x000000076bf80000)
  object space 173568K, 0% used [0x00000006c3e00000,0x00000006c3e0e000,0x00000006ce780000)
 Metaspace       used 9580K, capacity 9742K, committed 10112K, reserved 1058816K
  class space    used 981K, capacity 1033K, committed 1152K, reserved 1048576K
}
Event: 1.857 GC heap before
{Heap before GC invocations=7 (full 0):
 PSYoungGen      total 263680K, used 263177K [0x000000076bf80000, 0x000000077c680000, 0x00000007c0000000)
  eden space 259584K, 100% used [0x000000076bf80000,0x000000077bd00000,0x000000077bd00000)
  from space 4096K, 87% used [0x000000077c180000,0x000000077c502750,0x000000077c580000)
  to   space 4608K, 0% used [0x000000077bd00000,0x000000077bd00000,0x000000077c180000)
 ParOldGen       total 173568K, used 56K [0x00000006c3e00000, 0x00000006ce780000, 0x000000076bf80000)
  object space 173568K, 0% used [0x00000006c3e00000,0x00000006c3e0e000,0x00000006ce780000)
 Metaspace       used 9590K, capacity 9806K, committed 10112K, reserved 1058816K
  class space    used 981K, capacity 1033K, committed 1152K, reserved 1048576K
Event: 1.865 GC heap after
Heap after GC invocations=7 (full 0):
 PSYoungGen      total 264192K, used 2112K [0x000000076bf80000, 0x000000078c380000, 0x00000007c0000000)
  eden space 259584K, 0% used [0x000000076bf80000,0x000000076bf80000,0x000000077bd00000)
  from space 4608K, 45% used [0x000000077bd00000,0x000000077bf10000,0x000000077c180000)
  to   space 4608K, 0% used [0x000000078bf00000,0x000000078bf00000,0x000000078c380000)
 ParOldGen       total 173568K, used 2266K [0x00000006c3e00000, 0x00000006ce780000, 0x000000076bf80000)
  object space 173568K, 1% used [0x00000006c3e00000,0x00000006c4036bf0,0x00000006ce780000)
 Metaspace       used 9590K, capacity 9806K, committed 10112K, reserved 1058816K
  class space    used 981K, capacity 1033K, committed 1152K, reserved 1048576K
}
Event: 2.113 GC heap before
{Heap before GC invocations=8 (full 0):
 PSYoungGen      total 264192K, used 261696K [0x000000076bf80000, 0x000000078c380000, 0x00000007c0000000)
  eden space 259584K, 100% used [0x000000076bf80000,0x000000077bd00000,0x000000077bd00000)
  from space 4608K, 45% used [0x000000077bd00000,0x000000077bf10000,0x000000077c180000)
  to   space 4608K, 0% used [0x000000078bf00000,0x000000078bf00000,0x000000078c380000)
 ParOldGen       total 173568K, used 2266K [0x00000006c3e00000, 0x00000006ce780000, 0x000000076bf80000)
  object space 173568K, 1% used [0x00000006c3e00000,0x00000006c4036bf0,0x00000006ce780000)
 Metaspace       used 9598K, capacity 9806K, committed 10112K, reserved 1058816K
  class space    used 981K, capacity 1033K, committed 1152K, reserved 1048576K
Event: 2.118 GC heap after
Heap after GC invocations=8 (full 0):
 PSYoungGen      total 522752K, used 2672K [0x000000076bf80000, 0x000000078c280000, 0x00000007c0000000)
  eden space 519168K, 0% used [0x000000076bf80000,0x000000076bf80000,0x000000078ba80000)
  from space 3584K, 74% used [0x000000078bf00000,0x000000078c19c030,0x000000078c280000)
  to   space 4096K, 0% used [0x000000078ba80000,0x000000078ba80000,0x000000078be80000)
 ParOldGen       total 173568K, used 2731K [0x00000006c3e00000, 0x00000006ce780000, 0x000000076bf80000)
  object space 173568K, 1% used [0x00000006c3e00000,0x00000006c40aaf40,0x00000006ce780000)
 Metaspace       used 9598K, capacity 9806K, committed 10112K, reserved 1058816K
  class space    used 981K, capacity 1033K, committed 1152K, reserved 1048576K
}
Event: 2.807 GC heap before
{Heap before GC invocations=9 (full 0):
 PSYoungGen      total 522752K, used 521840K [0x000000076bf80000, 0x000000078c280000, 0x00000007c0000000)
  eden space 519168K, 100% used [0x000000076bf80000,0x000000078ba80000,0x000000078ba80000)
  from space 3584K, 74% used [0x000000078bf00000,0x000000078c19c030,0x000000078c280000)
  to   space 4096K, 0% used [0x000000078ba80000,0x000000078ba80000,0x000000078be80000)
 ParOldGen       total 173568K, used 2731K [0x00000006c3e00000, 0x00000006ce780000, 0x000000076bf80000)
  object space 173568K, 1% used [0x00000006c3e00000,0x00000006c40aaf40,0x00000006ce780000)
 Metaspace       used 9637K, capacity 9806K, committed 10112K, reserved 1058816K
  class space    used 981K, capacity 1033K, committed 1152K, reserved 1048576K
Event: 2.813 GC heap after
Heap after GC invocations=9 (full 0):
 PSYoungGen      total 523264K, used 3616K [0x000000076bf80000, 0x000000079f400000, 0x00000007c0000000)
  eden space 519168K, 0% used [0x000000076bf80000,0x000000076bf80000,0x000000078ba80000)
  from space 4096K, 88% used [0x000000078ba80000,0x000000078be08020,0x000000078be80000)
  to   space 4608K, 0% used [0x000000079ef80000,0x000000079ef80000,0x000000079f400000)
 ParOldGen       total 173568K, used 3575K [0x00000006c3e00000, 0x00000006ce780000, 0x000000076bf80000)
  object space 173568K, 2% used [0x00000006c3e00000,0x00000006c417dfb0,0x00000006ce780000)
 Metaspace       used 9637K, capacity 9806K, committed 10112K, reserved 1058816K
  class space    used 981K, capacity 1033K, committed 1152K, reserved 1048576K
}
Event: 3.197 GC heap before
{Heap before GC invocations=10 (full 0):
 PSYoungGen      total 523264K, used 522784K [0x000000076bf80000, 0x000000079f400000, 0x00000007c0000000)
  eden space 519168K, 100% used [0x000000076bf80000,0x000000078ba80000,0x000000078ba80000)
  from space 4096K, 88% used [0x000000078ba80000,0x000000078be08020,0x000000078be80000)
  to   space 4608K, 0% used [0x000000079ef80000,0x000000079ef80000,0x000000079f400000)
 ParOldGen       total 173568K, used 3575K [0x00000006c3e00000, 0x00000006ce780000, 0x000000076bf80000)
  object space 173568K, 2% used [0x00000006c3e00000,0x00000006c417dfb0,0x00000006ce780000)
 Metaspace       used 9656K, capacity 9806K, committed 10112K, reserved 1058816K
  class space    used 981K, capacity 1033K, committed 1152K, reserved 1048576K
Event: 3.199 GC heap after
Heap after GC invocations=10 (full 0):
 PSYoungGen      total 835584K, used 1616K [0x000000076bf80000, 0x000000079f400000, 0x00000007c0000000)
  eden space 830976K, 0% used [0x000000076bf80000,0x000000076bf80000,0x000000079eb00000)
  from space 4608K, 35% used [0x000000079ef80000,0x000000079f114010,0x000000079f400000)
  to   space 4608K, 0% used [0x000000079eb00000,0x000000079eb00000,0x000000079ef80000)
 ParOldGen       total 173568K, used 4967K [0x00000006c3e00000, 0x00000006ce780000, 0x000000076bf80000)
  object space 173568K, 2% used [0x00000006c3e00000,0x00000006c42d9fb0,0x00000006ce780000)
 Metaspace       used 9656K, capacity 9806K, committed 10112K, reserved 1058816K
  class space    used 981K, capacity 1033K, committed 1152K, reserved 1048576K
}

Deoptimization events (10 events):
Event: 3.574 Thread 0x0000000003252800 Uncommon trap: reason=unstable_if action=reinterpret pc=0x00000000036f55e0 method=java.util.regex.Pattern.closure(Ljava/util/regex/Pattern$Node;)Ljava/util/regex/Pattern$Node; @ 113
Event: 3.574 Thread 0x0000000003252800 Uncommon trap: reason=unstable_if action=reinterpret pc=0x00000000037064c8 method=java.util.regex.Pattern.sequence(Ljava/util/regex/Pattern$Node;)Ljava/util/regex/Pattern$Node; @ 151
Event: 3.574 Thread 0x0000000003252800 Uncommon trap: reason=unstable_if action=reinterpret pc=0x0000000003760bb0 method=java.util.regex.Pattern.expr(Ljava/util/regex/Pattern$Node;)Ljava/util/regex/Pattern$Node; @ 129
Event: 3.599 Thread 0x0000000003252800 Uncommon trap: reason=class_check action=maybe_recompile pc=0x0000000003677c4c method=java.util.stream.ReduceOps$3ReducingSink.accept(Ljava/lang/Object;)V @ 9
Event: 3.600 Thread 0x0000000003252800 Uncommon trap: reason=class_check action=maybe_recompile pc=0x0000000003677c4c method=java.util.stream.ReduceOps$3ReducingSink.accept(Ljava/lang/Object;)V @ 9
Event: 3.600 Thread 0x0000000003252800 Uncommon trap: reason=class_check action=maybe_recompile pc=0x0000000003677c4c method=java.util.stream.ReduceOps$3ReducingSink.accept(Ljava/lang/Object;)V @ 9
Event: 3.600 Thread 0x0000000003252800 Uncommon trap: reason=class_check action=maybe_recompile pc=0x0000000003677c4c method=java.util.stream.ReduceOps$3ReducingSink.accept(Ljava/lang/Object;)V @ 9
Event: 3.633 Thread 0x0000000003252800 Uncommon trap: reason=unstable_if action=reinterpret pc=0x00000000036d170c method=java.util.regex.Pattern.RemoveQEQuoting()V @ 41
Event: 4.110 Thread 0x0000000003252800 Uncommon trap: reason=unstable_if action=reinterpret pc=0x0000000003bf45ec method=java.util.zip.ZipFile$ZipEntryIterator.hasNext()Z @ 25
Event: 4.110 Thread 0x0000000003252800 Uncommon trap: reason=unstable_if action=reinterpret pc=0x0000000003bf3f6c method=java.util.zip.ZipFile$ZipEntryIterator.hasNext()Z @ 25

Classes redefined (0 events):
No events

Internal exceptions (10 events):
Event: 0.286 Thread 0x0000000003252800 Exception <a 'java/lang/ArrayIndexOutOfBoundsException'> (0x000000076c45fc20) thrown at [C:\jenkins\workspace\8-2-build-windows-amd64-cygwin\jdk8u251\737\hotspot\src\share\vm\runtime\sharedRuntime.cpp, line 605]
Event: 0.286 Thread 0x0000000003252800 Exception <a 'java/lang/ArrayIndexOutOfBoundsException'> (0x000000076c460b28) thrown at [C:\jenkins\workspace\8-2-build-windows-amd64-cygwin\jdk8u251\737\hotspot\src\share\vm\runtime\sharedRuntime.cpp, line 605]
Event: 0.476 Thread 0x0000000003252800 Exception <a 'java/security/PrivilegedActionException'> (0x000000076c8dbf20) thrown at [C:\jenkins\workspace\8-2-build-windows-amd64-cygwin\jdk8u251\737\hotspot\src\share\vm\prims\jvm.cpp, line 1502]
Event: 0.476 Thread 0x0000000003252800 Exception <a 'java/security/PrivilegedActionException'> (0x000000076c8dc318) thrown at [C:\jenkins\workspace\8-2-build-windows-amd64-cygwin\jdk8u251\737\hotspot\src\share\vm\prims\jvm.cpp, line 1502]
Event: 0.477 Thread 0x0000000003252800 Exception <a 'java/security/PrivilegedActionException'> (0x000000076c8e05f8) thrown at [C:\jenkins\workspace\8-2-build-windows-amd64-cygwin\jdk8u251\737\hotspot\src\share\vm\prims\jvm.cpp, line 1502]
Event: 0.477 Thread 0x0000000003252800 Exception <a 'java/security/PrivilegedActionException'> (0x000000076c8e09f0) thrown at [C:\jenkins\workspace\8-2-build-windows-amd64-cygwin\jdk8u251\737\hotspot\src\share\vm\prims\jvm.cpp, line 1502]
Event: 0.650 Thread 0x0000000003252800 Implicit null exception at 0x0000000003602711 to 0x000000000360273d
Event: 3.817 Thread 0x0000000003252800 Exception <a 'java/io/FileNotFoundException'> (0x000000078c7a5388) thrown at [C:\jenkins\workspace\8-2-build-windows-amd64-cygwin\jdk8u251\737\hotspot\src\share\vm\prims\jni.cpp, line 710]
Event: 4.049 Thread 0x0000000003252800 Exception <a 'java/lang/ArrayIndexOutOfBoundsException': 57323> (0x000000078d37bc58) thrown at [C:\jenkins\workspace\8-2-build-windows-amd64-cygwin\jdk8u251\737\hotspot\src\share\vm\interpreter\interpreterRuntime.cpp, line 368]
Event: 4.061 Thread 0x0000000003252800 Exception <a 'java/lang/IncompatibleClassChangeError': Found class java.lang.Object, but interface was expected> (0x000000078d3dfd98) thrown at [C:\jenkins\workspace\8-2-build-windows-amd64-cygwin\jdk8u251\737\hotspot\src\share\vm\interpreter\linkResolver

Events (10 events):
Event: 4.284 loading class org/eclipse/jdt/internal/compiler/lookup/InferenceContext18
Event: 4.284 loading class org/eclipse/jdt/internal/compiler/lookup/InferenceContext18 done
Event: 4.286 loading class org/eclipse/jdt/internal/compiler/lookup/CaptureBinding18
Event: 4.286 loading class org/eclipse/jdt/internal/compiler/lookup/CaptureBinding18 done
Event: 4.287 loading class org/eclipse/jdt/internal/compiler/lookup/CaptureBinding
Event: 4.287 loading class org/eclipse/jdt/internal/compiler/lookup/CaptureBinding done
Event: 4.288 loading class org/eclipse/jdt/internal/compiler/lookup/ConstraintFormula
Event: 4.288 loading class org/eclipse/jdt/internal/compiler/lookup/ConstraintFormula done
Event: 4.288 loading class org/eclipse/jdt/internal/compiler/lookup/ConstraintExpressionFormula
Event: 4.288 loading class org/eclipse/jdt/internal/compiler/lookup/ConstraintExpressionFormula done


Dynamic libraries:
0x00007ff7939c0000 - 0x00007ff7939f7000 	C:\Program Files\Java\jdk1.8.0_251\bin\java.exe
0x00007ffd09a30000 - 0x00007ffd09c28000 	C:\WINDOWS\SYSTEM32\ntdll.dll
0x00007ffd08070000 - 0x00007ffd0812f000 	C:\WINDOWS\System32\KERNEL32.DLL
0x00007ffd07540000 - 0x00007ffd07812000 	C:\WINDOWS\System32\KERNELBASE.dll
0x00007ffd085a0000 - 0x00007ffd0864e000 	C:\WINDOWS\System32\ADVAPI32.dll
0x00007ffd089c0000 - 0x00007ffd08a5e000 	C:\WINDOWS\System32\msvcrt.dll
0x00007ffd08650000 - 0x00007ffd086ec000 	C:\WINDOWS\System32\sechost.dll
0x00007ffd07d10000 - 0x00007ffd07e35000 	C:\WINDOWS\System32\RPCRT4.dll
0x00007ffd08e70000 - 0x00007ffd09011000 	C:\WINDOWS\System32\USER32.dll
0x00007ffd073d0000 - 0x00007ffd073f2000 	C:\WINDOWS\System32\win32u.dll
0x00007ffd07f70000 - 0x00007ffd07f9b000 	C:\WINDOWS\System32\GDI32.dll
0x00007ffd07120000 - 0x00007ffd0722f000 	C:\WINDOWS\System32\gdi32full.dll
0x00007ffd07820000 - 0x00007ffd078bd000 	C:\WINDOWS\System32\msvcp_win.dll
0x00007ffd07230000 - 0x00007ffd07330000 	C:\WINDOWS\System32\ucrtbase.dll
0x00007ffce8280000 - 0x00007ffce851a000 	C:\WINDOWS\WinSxS\amd64_microsoft.windows.common-controls_6595b64144ccf1df_6.0.19041.1110_none_60b5254171f9507e\COMCTL32.dll
0x00007ffd07ad0000 - 0x00007ffd07b02000 	C:\WINDOWS\System32\IMM32.DLL
0x0000000075ee0000 - 0x0000000075fb2000 	C:\Program Files\Java\jdk1.8.0_251\jre\bin\msvcr100.dll
0x0000000074470000 - 0x0000000074d1b000 	C:\Program Files\Java\jdk1.8.0_251\jre\bin\server\jvm.dll
0x00007ffd07e40000 - 0x00007ffd07e48000 	C:\WINDOWS\System32\PSAPI.DLL
0x00007ffd01200000 - 0x00007ffd01227000 	C:\WINDOWS\SYSTEM32\WINMM.dll
0x00007ffcfd9c0000 - 0x00007ffcfd9ca000 	C:\WINDOWS\SYSTEM32\VERSION.dll
0x00007ffcecb50000 - 0x00007ffcecb59000 	C:\WINDOWS\SYSTEM32\WSOCK32.dll
0x00007ffd097d0000 - 0x00007ffd0983b000 	C:\WINDOWS\System32\WS2_32.dll
0x00007ffcf8240000 - 0x00007ffcf824f000 	C:\Program Files\Java\jdk1.8.0_251\jre\bin\verify.dll
0x00007ffcd0830000 - 0x00007ffcd0859000 	C:\Program Files\Java\jdk1.8.0_251\jre\bin\java.dll
0x00007ffcefb40000 - 0x00007ffcefb56000 	C:\Program Files\Java\jdk1.8.0_251\jre\bin\zip.dll
0x00007ffd09020000 - 0x00007ffd09765000 	C:\WINDOWS\System32\SHELL32.dll
0x00007ffd04d00000 - 0x00007ffd05492000 	C:\WINDOWS\SYSTEM32\windows.storage.dll
0x00007ffd08b10000 - 0x00007ffd08e65000 	C:\WINDOWS\System32\combase.dll
0x00007ffd06b80000 - 0x00007ffd06bb0000 	C:\WINDOWS\SYSTEM32\Wldp.dll
0x00007ffd07ec0000 - 0x00007ffd07f6d000 	C:\WINDOWS\System32\SHCORE.dll
0x00007ffd07e50000 - 0x00007ffd07ea5000 	C:\WINDOWS\System32\shlwapi.dll
0x00007ffd07060000 - 0x00007ffd0707f000 	C:\WINDOWS\SYSTEM32\profapi.dll
0x00007ffce5da0000 - 0x00007ffce5dba000 	C:\Program Files\Java\jdk1.8.0_251\jre\bin\net.dll
0x00007ffd068e0000 - 0x00007ffd0694a000 	C:\WINDOWS\system32\mswsock.dll
0x00007ffcd6df0000 - 0x00007ffcd6e02000 	C:\Program Files\Java\jdk1.8.0_251\jre\bin\nio.dll

VM Arguments:
java_command: s3m.jar C:\UFPE\miningframework\SOOTAnalysisOutput\processing\2368391e875c12d4bf9468c3a96d4c612a3f958c\processing\app\Base\left.java C:\UFPE\miningframework\SOOTAnalysisOutput\processing\2368391e875c12d4bf9468c3a96d4c612a3f958c\processing\app\Base\base.java C:\UFPE\miningframework\SOOTAnalysisOutput\processing\2368391e875c12d4bf9468c3a96d4c612a3f958c\processing\app\Base\right.java -o C:\UFPE\miningframework\SOOTAnalysisOutput\processing\2368391e875c12d4bf9468c3a96d4c612a3f958c\processing\app\Base\InsertionLevelInitializationBlockHandler.java --handle-initialization-blocks false --handle-initialization-blocks-multiple-blocks true
java_class_path (initial): s3m.jar
Launcher Type: SUN_STANDARD

Environment Variables:
JAVA_HOME=C:\Program Files\Java\jdk1.8.0_291
PATH=C:\Program Files\Common Files\Oracle\Java\javapath;C:\Program Files (x86)\Common Files\Oracle\Java\javapath;C:\Windows\system32;C:\Windows;C:\Windows\System32\Wbem;C:\Windows\System32\WindowsPowerShell\v1.0\;C:\Windows\System32\OpenSSH\;C:\Program Files (x86)\NVIDIA Corporation\PhysX\Common;C:\Program Files\NVIDIA Corporation\NVIDIA NvDLISR;C:\Program Files (x86)\Groovy\bin;C:\Program Files (x86)\GnuWin32\bin;C:\UFPE\maven\apache-maven-3.6.3\bin;C:\WINDOWS\system32;C:\WINDOWS;C:\WINDOWS\System32\Wbem;C:\WINDOWS\System32\WindowsPowerShell\v1.0\;C:\WINDOWS\System32\OpenSSH\;C:\Program Files\Git\cmd;C:\Program Files\dotnet\;C:\Users\leona\AppData\Local\Microsoft\WindowsApps;C:\Program Files\Java\jdk-11.0.15\bin;C:\UFPE\maven\apache-maven-3.6.3\bin;C:\Users\leona\AppData\Local\GitHubDesktop\bin;C:\Users\leona\AppData\Local\Programs\Microsoft VS Code\bin;C:\Program Files\JetBrains\IntelliJ IDEA Community Edition 2020.2.3\bin;;C:\Program Files (x86)\GnuWin32\bin;C:\Users\leona\AppData\Local\Microsoft\WindowsApps;C:\flutter\flutter\bin;C:\gradle\bin;
USERNAME=leona
OS=Windows_NT
PROCESSOR_IDENTIFIER=Intel64 Family 6 Model 142 Stepping 12, GenuineIntel



---------------  S Y S T E M  ---------------

OS: Windows 10.0 , 64 bit Build 19041 (10.0.19041.2546)

CPU:total 8 (initial active 8) (4 cores per cpu, 2 threads per core) family 6 model 142 stepping 12, cmov, cx8, fxsr, mmx, sse, sse2, sse3, ssse3, sse4.1, sse4.2, popcnt, avx, avx2, aes, clmul, erms, 3dnowpref, lzcnt, ht, tsc, tscinvbit, bmi1, bmi2, adx

Memory: 4k page, physical 16521856k(1780492k free), swap 45574012k(5372k free)

vm_info: Java HotSpot(TM) 64-Bit Server VM (25.251-b08) for windows-amd64 JRE (1.8.0_251-b08), built on Mar 12 2020 06:31:49 by "" with MS VC++ 10.0 (VS2010)

time: Tue Mar 07 05:36:47 2023
timezone: Hora Padrão de Buenos Aires
elapsed time: 4 seconds (0d 0h 0m 4s)

