#
# There is insufficient memory for the Java Runtime Environment to continue.
# Native memory allocation (malloc) failed to allocate 318896 bytes for Chunk::new
# Possible reasons:
#   The system is out of physical RAM or swap space
#   The process is running with CompressedOops enabled, and the Java Heap may be blocking the growth of the native heap
# Possible solutions:
#   Reduce memory load on the system
#   Increase physical memory or swap space
#   Check if swap backing store is full
#   Decrease Java heap size (-Xmx/-Xms)
#   Decrease number of Java threads
#   Decrease Java thread stack sizes (-Xss)
#   Set larger code cache with -XX:ReservedCodeCacheSize=
#   JVM is running with Zero Based Compressed Oops mode in which the Java heap is
#     placed in the first 32GB address space. The Java Heap base address is the
#     maximum limit for the native heap growth. Please use -XX:HeapBaseMinAddress
#     to set the Java Heap base and to place the Java Heap above 32GB virtual address.
# This output file may be truncated or incomplete.
#
#  Out of Memory Error (allocation.cpp:389), pid=145652, tid=0x0000000000026b58
#
# JRE version: Java(TM) SE Runtime Environment (8.0_251-b08) (build 1.8.0_251-b08)
# Java VM: Java HotSpot(TM) 64-Bit Server VM (25.251-b08 mixed mode windows-amd64 compressed oops)
# Failed to write core dump. Minidumps are not enabled by default on client versions of Windows
#

---------------  T H R E A D  ---------------

Current thread (0x000000001de34000):  JavaThread "C2 CompilerThread2" daemon [_thread_in_native, id=158552, stack(0x000000001e920000,0x000000001ea20000)]

Stack: [0x000000001e920000,0x000000001ea20000]
[error occurred during error reporting (printing stack bounds), id 0xc0000005]

Native frames: (J=compiled Java code, j=interpreted, Vv=VM code, C=native code)


Current CompileTask:
C2:   6829 2173       4       org.eclipse.jdt.internal.compiler.parser.Parser::consumeToken (2061 bytes)


---------------  P R O C E S S  ---------------

Java Threads: ( => current thread )
  0x000000001debb800 JavaThread "Service Thread" daemon [_thread_blocked, id=153628, stack(0x000000001eb20000,0x000000001ec20000)]
  0x000000001de3c800 JavaThread "C1 CompilerThread3" daemon [_thread_in_native, id=117100, stack(0x000000001ea20000,0x000000001eb20000)]
=>0x000000001de34000 JavaThread "C2 CompilerThread2" daemon [_thread_in_native, id=158552, stack(0x000000001e920000,0x000000001ea20000)]
  0x000000001de33800 JavaThread "C2 CompilerThread1" daemon [_thread_in_native, id=154508, stack(0x000000001e820000,0x000000001e920000)]
  0x000000001de31000 JavaThread "C2 CompilerThread0" daemon [_thread_in_native, id=145524, stack(0x000000001e720000,0x000000001e820000)]
  0x000000001de29800 JavaThread "Attach Listener" daemon [_thread_blocked, id=159216, stack(0x000000001e620000,0x000000001e720000)]
  0x000000001de27800 JavaThread "Signal Dispatcher" daemon [_thread_blocked, id=158088, stack(0x000000001e520000,0x000000001e620000)]
  0x000000001de21000 JavaThread "Finalizer" daemon [_thread_blocked, id=156120, stack(0x000000001e300000,0x000000001e400000)]
  0x000000001de20800 JavaThread "Reference Handler" daemon [_thread_blocked, id=155956, stack(0x000000001e200000,0x000000001e300000)]
  0x00000000025c2800 JavaThread "main" [_thread_in_native, id=159576, stack(0x00000000024c0000,0x00000000025c0000)]

Other Threads:
  0x000000001bff9000 VMThread [stack: 0x000000001dd00000,0x000000001de00000] [id=142628]
  0x000000001dee5800 WatcherThread [stack: 0x000000001ec20000,0x000000001ed20000] [id=151624]

VM state:not at safepoint (normal execution)

VM Mutex/Monitor currently owned by a thread: None

heap address: 0x00000006c3e00000, size: 4034 MB, Compressed Oops mode: Zero based, Oop shift amount: 3
Narrow klass base: 0x0000000000000000, Narrow klass shift: 3
Compressed class space size: 1073741824 Address: 0x00000007c0000000

Heap:
 PSYoungGen      total 1333760K, used 220565K [0x000000076bf80000, 0x00000007c0000000, 0x00000007c0000000)
  eden space 1329152K, 16% used [0x000000076bf80000,0x0000000779285698,0x00000007bd180000)
  from space 4608K, 97% used [0x00000007bd180000,0x00000007bd5e0000,0x00000007bd600000)
  to   space 5120K, 0% used [0x00000007bfb00000,0x00000007bfb00000,0x00000007c0000000)
 ParOldGen       total 173568K, used 15201K [0x00000006c3e00000, 0x00000006ce780000, 0x000000076bf80000)
  object space 173568K, 8% used [0x00000006c3e00000,0x00000006c4cd8648,0x00000006ce780000)
 Metaspace       used 15778K, capacity 15986K, committed 16512K, reserved 1064960K
  class space    used 1484K, capacity 1559K, committed 1664K, reserved 1048576K

Card table byte_map: [0x0000000011a80000,0x0000000012270000] byte_map_base: 0x000000000e461000

Marking Bits: (ParMarkBitMap*) 0x0000000074c9af90
 Begin Bits: [0x0000000012fc0000, 0x0000000016ec8000)
 End Bits:   [0x0000000016ec8000, 0x000000001add0000)

Polling page: 0x0000000002300000

CodeCache: size=245760Kb used=11361Kb max_used=11361Kb free=234398Kb
 bounds [0x00000000026c0000, 0x00000000031e0000, 0x00000000116c0000]
 total_blobs=2574 nmethods=2174 adapters=313
 compilation: enabled

Compilation events (10 events):
Event: 6.796 Thread 0x000000001de3c800 2224       3       org.eclipse.jdt.core.compiler.CharOperation::equals (52 bytes)
Event: 6.797 Thread 0x000000001de3c800 nmethod 2224 0x00000000031dbc50 code [0x00000000031dbdc0, 0x00000000031dc150]
Event: 6.797 Thread 0x000000001de3c800 2225       3       org.eclipse.jdt.internal.compiler.ast.ImportReference::isStatic (14 bytes)
Event: 6.797 Thread 0x000000001de3c800 nmethod 2225 0x00000000031dc290 code [0x00000000031dc3e0, 0x00000000031dc590]
Event: 6.797 Thread 0x000000001de3c800 2227       3       org.eclipse.jdt.core.compiler.CharOperation::equals (55 bytes)
Event: 6.797 Thread 0x000000001de3c800 nmethod 2227 0x00000000031dc610 code [0x00000000031dc7a0, 0x00000000031dcb88]
Event: 6.797 Thread 0x000000001de3c800 2226       3       org.eclipse.jdt.internal.compiler.lookup.ImportBinding::isStatic (21 bytes)
Event: 6.798 Thread 0x000000001de3c800 nmethod 2226 0x00000000031dcd10 code [0x00000000031dce80, 0x00000000031dd110]
Event: 6.821 Thread 0x000000001de3c800 2231       2       org.eclipse.jdt.internal.compiler.classfmt.ClassFileStruct::u2At (35 bytes)
Event: 6.822 Thread 0x000000001de3c800 nmethod 2231 0x00000000031dd3d0 code [0x00000000031dd520, 0x00000000031dd6d0]

GC Heap History (10 events):
Event: 3.047 GC heap before
{Heap before GC invocations=9 (full 0):
 PSYoungGen      total 523776K, used 521568K [0x000000076bf80000, 0x000000078c380000, 0x00000007c0000000)
  eden space 519168K, 100% used [0x000000076bf80000,0x000000078ba80000,0x000000078ba80000)
  from space 4608K, 52% used [0x000000078bf00000,0x000000078c158000,0x000000078c380000)
  to   space 4608K, 0% used [0x000000078ba80000,0x000000078ba80000,0x000000078bf00000)
 ParOldGen       total 173568K, used 3189K [0x00000006c3e00000, 0x00000006ce780000, 0x000000076bf80000)
  object space 173568K, 1% used [0x00000006c3e00000,0x00000006c411d760,0x00000006ce780000)
 Metaspace       used 9238K, capacity 9454K, committed 9728K, reserved 1058816K
  class space    used 944K, capacity 1001K, committed 1024K, reserved 1048576K
Event: 3.054 GC heap after
Heap after GC invocations=9 (full 0):
 PSYoungGen      total 523776K, used 3456K [0x000000076bf80000, 0x000000079f400000, 0x00000007c0000000)
  eden space 519168K, 0% used [0x000000076bf80000,0x000000076bf80000,0x000000078ba80000)
  from space 4608K, 75% used [0x000000078ba80000,0x000000078bde0000,0x000000078bf00000)
  to   space 4608K, 0% used [0x000000079ef80000,0x000000079ef80000,0x000000079f400000)
 ParOldGen       total 173568K, used 3981K [0x00000006c3e00000, 0x00000006ce780000, 0x000000076bf80000)
  object space 173568K, 2% used [0x00000006c3e00000,0x00000006c41e3760,0x00000006ce780000)
 Metaspace       used 9238K, capacity 9454K, committed 9728K, reserved 1058816K
  class space    used 944K, capacity 1001K, committed 1024K, reserved 1048576K
}
Event: 3.542 GC heap before
{Heap before GC invocations=10 (full 0):
 PSYoungGen      total 523776K, used 522624K [0x000000076bf80000, 0x000000079f400000, 0x00000007c0000000)
  eden space 519168K, 100% used [0x000000076bf80000,0x000000078ba80000,0x000000078ba80000)
  from space 4608K, 75% used [0x000000078ba80000,0x000000078bde0000,0x000000078bf00000)
  to   space 4608K, 0% used [0x000000079ef80000,0x000000079ef80000,0x000000079f400000)
 ParOldGen       total 173568K, used 3981K [0x00000006c3e00000, 0x00000006ce780000, 0x000000076bf80000)
  object space 173568K, 2% used [0x00000006c3e00000,0x00000006c41e3760,0x00000006ce780000)
 Metaspace       used 9287K, capacity 9454K, committed 9728K, reserved 1058816K
  class space    used 944K, capacity 1001K, committed 1024K, reserved 1048576K
Event: 3.548 GC heap after
Heap after GC invocations=10 (full 0):
 PSYoungGen      total 835072K, used 4000K [0x000000076bf80000, 0x000000079f500000, 0x00000007c0000000)
  eden space 830464K, 0% used [0x000000076bf80000,0x000000076bf80000,0x000000079ea80000)
  from space 4608K, 86% used [0x000000079ef80000,0x000000079f368020,0x000000079f400000)
  to   space 5120K, 0% used [0x000000079ea80000,0x000000079ea80000,0x000000079ef80000)
 ParOldGen       total 173568K, used 5473K [0x00000006c3e00000, 0x00000006ce780000, 0x000000076bf80000)
  object space 173568K, 3% used [0x00000006c3e00000,0x00000006c43587d0,0x00000006ce780000)
 Metaspace       used 9287K, capacity 9454K, committed 9728K, reserved 1058816K
  class space    used 944K, capacity 1001K, committed 1024K, reserved 1048576K
}
Event: 4.313 GC heap before
{Heap before GC invocations=11 (full 0):
 PSYoungGen      total 835072K, used 834464K [0x000000076bf80000, 0x000000079f500000, 0x00000007c0000000)
  eden space 830464K, 100% used [0x000000076bf80000,0x000000079ea80000,0x000000079ea80000)
  from space 4608K, 86% used [0x000000079ef80000,0x000000079f368020,0x000000079f400000)
  to   space 5120K, 0% used [0x000000079ea80000,0x000000079ea80000,0x000000079ef80000)
 ParOldGen       total 173568K, used 5473K [0x00000006c3e00000, 0x00000006ce780000, 0x000000076bf80000)
  object space 173568K, 3% used [0x00000006c3e00000,0x00000006c43587d0,0x00000006ce780000)
 Metaspace       used 9294K, capacity 9518K, committed 9728K, reserved 1058816K
  class space    used 944K, capacity 1001K, committed 1024K, reserved 1048576K
Event: 4.320 GC heap after
Heap after GC invocations=11 (full 0):
 PSYoungGen      total 835584K, used 2720K [0x000000076bf80000, 0x00000007bda80000, 0x00000007c0000000)
  eden space 830464K, 0% used [0x000000076bf80000,0x000000076bf80000,0x000000079ea80000)
  from space 5120K, 53% used [0x000000079ea80000,0x000000079ed28000,0x000000079ef80000)
  to   space 4608K, 0% used [0x00000007bd600000,0x00000007bd600000,0x00000007bda80000)
 ParOldGen       total 173568K, used 9387K [0x00000006c3e00000, 0x00000006ce780000, 0x000000076bf80000)
  object space 173568K, 5% used [0x00000006c3e00000,0x00000006c472ae38,0x00000006ce780000)
 Metaspace       used 9294K, capacity 9518K, committed 9728K, reserved 1058816K
  class space    used 944K, capacity 1001K, committed 1024K, reserved 1048576K
}
Event: 4.923 GC heap before
{Heap before GC invocations=12 (full 0):
 PSYoungGen      total 835584K, used 833184K [0x000000076bf80000, 0x00000007bda80000, 0x00000007c0000000)
  eden space 830464K, 100% used [0x000000076bf80000,0x000000079ea80000,0x000000079ea80000)
  from space 5120K, 53% used [0x000000079ea80000,0x000000079ed28000,0x000000079ef80000)
  to   space 4608K, 0% used [0x00000007bd600000,0x00000007bd600000,0x00000007bda80000)
 ParOldGen       total 173568K, used 9387K [0x00000006c3e00000, 0x00000006ce780000, 0x000000076bf80000)
  object space 173568K, 5% used [0x00000006c3e00000,0x00000006c472ae38,0x00000006ce780000)
 Metaspace       used 9307K, capacity 9518K, committed 9728K, reserved 1058816K
  class space    used 944K, capacity 1001K, committed 1024K, reserved 1048576K
Event: 4.930 GC heap after
Heap after GC invocations=12 (full 0):
 PSYoungGen      total 1333760K, used 3280K [0x000000076bf80000, 0x00000007bda80000, 0x00000007c0000000)
  eden space 1329152K, 0% used [0x000000076bf80000,0x000000076bf80000,0x00000007bd180000)
  from space 4608K, 71% used [0x00000007bd600000,0x00000007bd934030,0x00000007bda80000)
  to   space 4608K, 0% used [0x00000007bd180000,0x00000007bd180000,0x00000007bd600000)
 ParOldGen       total 173568K, used 12007K [0x00000006c3e00000, 0x00000006ce780000, 0x000000076bf80000)
  object space 173568K, 6% used [0x00000006c3e00000,0x00000006c49b9ea8,0x00000006ce780000)
 Metaspace       used 9307K, capacity 9518K, committed 9728K, reserved 1058816K
  class space    used 944K, capacity 1001K, committed 1024K, reserved 1048576K
}
Event: 6.018 GC heap before
{Heap before GC invocations=13 (full 0):
 PSYoungGen      total 1333760K, used 1332432K [0x000000076bf80000, 0x00000007bda80000, 0x00000007c0000000)
  eden space 1329152K, 100% used [0x000000076bf80000,0x00000007bd180000,0x00000007bd180000)
  from space 4608K, 71% used [0x00000007bd600000,0x00000007bd934030,0x00000007bda80000)
  to   space 4608K, 0% used [0x00000007bd180000,0x00000007bd180000,0x00000007bd600000)
 ParOldGen       total 173568K, used 12007K [0x00000006c3e00000, 0x00000006ce780000, 0x000000076bf80000)
  object space 173568K, 6% used [0x00000006c3e00000,0x00000006c49b9ea8,0x00000006ce780000)
 Metaspace       used 9314K, capacity 9518K, committed 9728K, reserved 1058816K
  class space    used 944K, capacity 1001K, committed 1024K, reserved 1048576K
Event: 6.027 GC heap after
Heap after GC invocations=13 (full 0):
 PSYoungGen      total 1333760K, used 4480K [0x000000076bf80000, 0x00000007c0000000, 0x00000007c0000000)
  eden space 1329152K, 0% used [0x000000076bf80000,0x000000076bf80000,0x00000007bd180000)
  from space 4608K, 97% used [0x00000007bd180000,0x00000007bd5e0000,0x00000007bd600000)
  to   space 5120K, 0% used [0x00000007bfb00000,0x00000007bfb00000,0x00000007c0000000)
 ParOldGen       total 173568K, used 15201K [0x00000006c3e00000, 0x00000006ce780000, 0x000000076bf80000)
  object space 173568K, 8% used [0x00000006c3e00000,0x00000006c4cd8648,0x00000006ce780000)
 Metaspace       used 9314K, capacity 9518K, committed 9728K, reserved 1058816K
  class space    used 944K, capacity 1001K, committed 1024K, reserved 1048576K
}

Deoptimization events (10 events):
Event: 6.153 Thread 0x00000000025c2800 Uncommon trap: reason=class_check action=maybe_recompile pc=0x0000000002aa24c8 method=org.eclipse.jgit.diff.SubsequenceComparator.equals(Lorg/eclipse/jgit/diff/Subsequence;ILorg/eclipse/jgit/diff/Subsequence;I)Z @ 25
Event: 6.214 Thread 0x00000000025c2800 Uncommon trap: reason=unstable_if action=reinterpret pc=0x0000000002b71848 method=java.util.regex.Pattern.sequence(Ljava/util/regex/Pattern$Node;)Ljava/util/regex/Pattern$Node; @ 388
Event: 6.214 Thread 0x00000000025c2800 Uncommon trap: reason=unstable_if action=reinterpret pc=0x0000000002b2c4a0 method=java.util.regex.Pattern.closure(Ljava/util/regex/Pattern$Node;)Ljava/util/regex/Pattern$Node; @ 113
Event: 6.215 Thread 0x00000000025c2800 Uncommon trap: reason=unstable_if action=reinterpret pc=0x0000000002b71788 method=java.util.regex.Pattern.sequence(Ljava/util/regex/Pattern$Node;)Ljava/util/regex/Pattern$Node; @ 151
Event: 6.215 Thread 0x00000000025c2800 Uncommon trap: reason=unstable_if action=reinterpret pc=0x0000000002b90b30 method=java.util.regex.Pattern.expr(Ljava/util/regex/Pattern$Node;)Ljava/util/regex/Pattern$Node; @ 129
Event: 6.257 Thread 0x00000000025c2800 Uncommon trap: reason=class_check action=maybe_recompile pc=0x00000000028b91cc method=java.util.stream.ReduceOps$3ReducingSink.accept(Ljava/lang/Object;)V @ 9
Event: 6.257 Thread 0x00000000025c2800 Uncommon trap: reason=class_check action=maybe_recompile pc=0x00000000028b91cc method=java.util.stream.ReduceOps$3ReducingSink.accept(Ljava/lang/Object;)V @ 9
Event: 6.257 Thread 0x00000000025c2800 Uncommon trap: reason=class_check action=maybe_recompile pc=0x00000000028b91cc method=java.util.stream.ReduceOps$3ReducingSink.accept(Ljava/lang/Object;)V @ 9
Event: 6.257 Thread 0x00000000025c2800 Uncommon trap: reason=class_check action=maybe_recompile pc=0x00000000028b91cc method=java.util.stream.ReduceOps$3ReducingSink.accept(Ljava/lang/Object;)V @ 9
Event: 6.261 Thread 0x00000000025c2800 Uncommon trap: reason=unstable_if action=reinterpret pc=0x0000000002b3ee0c method=java.util.regex.Pattern.RemoveQEQuoting()V @ 41

Classes redefined (0 events):
No events

Internal exceptions (10 events):
Event: 0.181 Thread 0x00000000025c2800 Exception <a 'java/lang/NoSuchFieldError': method resolution failed> (0x000000076c25dad8) thrown at [C:\jenkins\workspace\8-2-build-windows-amd64-cygwin\jdk8u251\737\hotspot\src\share\vm\prims\methodHandles.cpp, line 1167]
Event: 0.271 Thread 0x00000000025c2800 Exception <a 'java/lang/ArrayIndexOutOfBoundsException'> (0x000000076c460360) thrown at [C:\jenkins\workspace\8-2-build-windows-amd64-cygwin\jdk8u251\737\hotspot\src\share\vm\runtime\sharedRuntime.cpp, line 605]
Event: 0.271 Thread 0x00000000025c2800 Exception <a 'java/lang/ArrayIndexOutOfBoundsException'> (0x000000076c461268) thrown at [C:\jenkins\workspace\8-2-build-windows-amd64-cygwin\jdk8u251\737\hotspot\src\share\vm\runtime\sharedRuntime.cpp, line 605]
Event: 0.356 Thread 0x00000000025c2800 Exception <a 'java/security/PrivilegedActionException'> (0x000000076c8baa38) thrown at [C:\jenkins\workspace\8-2-build-windows-amd64-cygwin\jdk8u251\737\hotspot\src\share\vm\prims\jvm.cpp, line 1502]
Event: 0.356 Thread 0x00000000025c2800 Exception <a 'java/security/PrivilegedActionException'> (0x000000076c8bae30) thrown at [C:\jenkins\workspace\8-2-build-windows-amd64-cygwin\jdk8u251\737\hotspot\src\share\vm\prims\jvm.cpp, line 1502]
Event: 0.357 Thread 0x00000000025c2800 Exception <a 'java/security/PrivilegedActionException'> (0x000000076c8bf110) thrown at [C:\jenkins\workspace\8-2-build-windows-amd64-cygwin\jdk8u251\737\hotspot\src\share\vm\prims\jvm.cpp, line 1502]
Event: 0.357 Thread 0x00000000025c2800 Exception <a 'java/security/PrivilegedActionException'> (0x000000076c8bf508) thrown at [C:\jenkins\workspace\8-2-build-windows-amd64-cygwin\jdk8u251\737\hotspot\src\share\vm\prims\jvm.cpp, line 1502]
Event: 6.430 Thread 0x00000000025c2800 Exception <a 'java/io/FileNotFoundException'> (0x0000000775764e18) thrown at [C:\jenkins\workspace\8-2-build-windows-amd64-cygwin\jdk8u251\737\hotspot\src\share\vm\prims\jni.cpp, line 710]
Event: 6.701 Thread 0x00000000025c2800 Exception <a 'java/lang/ArrayIndexOutOfBoundsException'> (0x000000077638fde8) thrown at [C:\jenkins\workspace\8-2-build-windows-amd64-cygwin\jdk8u251\737\hotspot\src\share\vm\runtime\sharedRuntime.cpp, line 605]
Event: 6.715 Thread 0x00000000025c2800 Exception <a 'java/lang/IncompatibleClassChangeError': Found class java.lang.Object, but interface was expected> (0x00000007763ea278) thrown at [C:\jenkins\workspace\8-2-build-windows-amd64-cygwin\jdk8u251\737\hotspot\src\share\vm\interpreter\linkResolver

Events (10 events):
Event: 6.813 loading class org/eclipse/jdt/internal/compiler/lookup/AnnotationHolder$AnnotationMethodHolder
Event: 6.813 loading class org/eclipse/jdt/internal/compiler/lookup/AnnotationHolder$AnnotationMethodHolder done
Event: 6.813 loading class org/eclipse/jdt/internal/compiler/lookup/AnnotationHolder$MethodHolder
Event: 6.813 loading class org/eclipse/jdt/internal/compiler/lookup/AnnotationHolder$MethodHolder done
Event: 6.814 loading class org/eclipse/jdt/internal/compiler/lookup/SignatureWrapper
Event: 6.814 loading class org/eclipse/jdt/internal/compiler/lookup/SignatureWrapper done
Event: 6.817 loading class org/eclipse/jdt/internal/compiler/lookup/TypeSystem$HashedParameterizedTypes$PTBKey
Event: 6.817 loading class org/eclipse/jdt/internal/compiler/lookup/TypeSystem$HashedParameterizedTypes$PTBKey done
Event: 6.822 loading class org/eclipse/jdt/internal/compiler/classfmt/FieldInfo
Event: 6.822 loading class org/eclipse/jdt/internal/compiler/classfmt/FieldInfo done


Dynamic libraries:
0x00007ff7939c0000 - 0x00007ff7939f7000 	C:\Program Files\Java\jdk1.8.0_251\bin\java.exe
0x00007ffd09a30000 - 0x00007ffd09c28000 	C:\WINDOWS\SYSTEM32\ntdll.dll
0x00007ffd08070000 - 0x00007ffd0812f000 	C:\WINDOWS\System32\KERNEL32.DLL
0x00007ffd07540000 - 0x00007ffd07812000 	C:\WINDOWS\System32\KERNELBASE.dll
0x00007ffd085a0000 - 0x00007ffd0864e000 	C:\WINDOWS\System32\ADVAPI32.dll
0x00007ffd089c0000 - 0x00007ffd08a5e000 	C:\WINDOWS\System32\msvcrt.dll
0x00007ffd08650000 - 0x00007ffd086ec000 	C:\WINDOWS\System32\sechost.dll
0x00007ffd07d10000 - 0x00007ffd07e35000 	C:\WINDOWS\System32\RPCRT4.dll
0x00007ffd08e70000 - 0x00007ffd09011000 	C:\WINDOWS\System32\USER32.dll
0x00007ffd073d0000 - 0x00007ffd073f2000 	C:\WINDOWS\System32\win32u.dll
0x00007ffd07f70000 - 0x00007ffd07f9b000 	C:\WINDOWS\System32\GDI32.dll
0x00007ffd07120000 - 0x00007ffd0722f000 	C:\WINDOWS\System32\gdi32full.dll
0x00007ffd07820000 - 0x00007ffd078bd000 	C:\WINDOWS\System32\msvcp_win.dll
0x00007ffd07230000 - 0x00007ffd07330000 	C:\WINDOWS\System32\ucrtbase.dll
0x00007ffce8280000 - 0x00007ffce851a000 	C:\WINDOWS\WinSxS\amd64_microsoft.windows.common-controls_6595b64144ccf1df_6.0.19041.1110_none_60b5254171f9507e\COMCTL32.dll
0x00007ffd07ad0000 - 0x00007ffd07b02000 	C:\WINDOWS\System32\IMM32.DLL
0x0000000075ee0000 - 0x0000000075fb2000 	C:\Program Files\Java\jdk1.8.0_251\jre\bin\msvcr100.dll
0x0000000074470000 - 0x0000000074d1b000 	C:\Program Files\Java\jdk1.8.0_251\jre\bin\server\jvm.dll
0x00007ffd07e40000 - 0x00007ffd07e48000 	C:\WINDOWS\System32\PSAPI.DLL
0x00007ffcfd9c0000 - 0x00007ffcfd9ca000 	C:\WINDOWS\SYSTEM32\VERSION.dll
0x00007ffd01200000 - 0x00007ffd01227000 	C:\WINDOWS\SYSTEM32\WINMM.dll
0x00007ffcecb50000 - 0x00007ffcecb59000 	C:\WINDOWS\SYSTEM32\WSOCK32.dll
0x00007ffd097d0000 - 0x00007ffd0983b000 	C:\WINDOWS\System32\WS2_32.dll
0x00007ffcf8240000 - 0x00007ffcf824f000 	C:\Program Files\Java\jdk1.8.0_251\jre\bin\verify.dll
0x00007ffcd0830000 - 0x00007ffcd0859000 	C:\Program Files\Java\jdk1.8.0_251\jre\bin\java.dll
0x00007ffcefb40000 - 0x00007ffcefb56000 	C:\Program Files\Java\jdk1.8.0_251\jre\bin\zip.dll
0x00007ffd09020000 - 0x00007ffd09765000 	C:\WINDOWS\System32\SHELL32.dll
0x00007ffd04d00000 - 0x00007ffd05492000 	C:\WINDOWS\SYSTEM32\windows.storage.dll
0x00007ffd08b10000 - 0x00007ffd08e65000 	C:\WINDOWS\System32\combase.dll
0x00007ffd06b80000 - 0x00007ffd06bb0000 	C:\WINDOWS\SYSTEM32\Wldp.dll
0x00007ffd07ec0000 - 0x00007ffd07f6d000 	C:\WINDOWS\System32\SHCORE.dll
0x00007ffd07e50000 - 0x00007ffd07ea5000 	C:\WINDOWS\System32\shlwapi.dll
0x00007ffd07060000 - 0x00007ffd0707f000 	C:\WINDOWS\SYSTEM32\profapi.dll
0x00007ffce5da0000 - 0x00007ffce5dba000 	C:\Program Files\Java\jdk1.8.0_251\jre\bin\net.dll
0x00007ffd068e0000 - 0x00007ffd0694a000 	C:\WINDOWS\system32\mswsock.dll
0x00007ffcd6df0000 - 0x00007ffcd6e02000 	C:\Program Files\Java\jdk1.8.0_251\jre\bin\nio.dll

VM Arguments:
java_command: s3m.jar C:\UFPE\miningframework\SOOTAnalysisOutput\hive\7f3ba41332bc7cbcab56c72a4e1f623fa884316a\org\apache\hadoop\hive\ql\exec\Utilities\left.java C:\UFPE\miningframework\SOOTAnalysisOutput\hive\7f3ba41332bc7cbcab56c72a4e1f623fa884316a\org\apache\hadoop\hive\ql\exec\Utilities\base.java C:\UFPE\miningframework\SOOTAnalysisOutput\hive\7f3ba41332bc7cbcab56c72a4e1f623fa884316a\org\apache\hadoop\hive\ql\exec\Utilities\right.java -o C:\UFPE\miningframework\SOOTAnalysisOutput\hive\7f3ba41332bc7cbcab56c72a4e1f623fa884316a\org\apache\hadoop\hive\ql\exec\Utilities\SimpleInitializationBlockHandler.java --handle-initialization-blocks true --handle-initialization-blocks-multiple-blocks false
java_class_path (initial): s3m.jar
Launcher Type: SUN_STANDARD

Environment Variables:
JAVA_HOME=C:\Program Files\Java\jdk1.8.0_291
PATH=C:\Program Files\Common Files\Oracle\Java\javapath;C:\Program Files (x86)\Common Files\Oracle\Java\javapath;C:\Windows\system32;C:\Windows;C:\Windows\System32\Wbem;C:\Windows\System32\WindowsPowerShell\v1.0\;C:\Windows\System32\OpenSSH\;C:\Program Files (x86)\NVIDIA Corporation\PhysX\Common;C:\Program Files\NVIDIA Corporation\NVIDIA NvDLISR;C:\Program Files (x86)\Groovy\bin;C:\Program Files (x86)\GnuWin32\bin;C:\UFPE\maven\apache-maven-3.6.3\bin;C:\WINDOWS\system32;C:\WINDOWS;C:\WINDOWS\System32\Wbem;C:\WINDOWS\System32\WindowsPowerShell\v1.0\;C:\WINDOWS\System32\OpenSSH\;C:\Program Files\Git\cmd;C:\Program Files\dotnet\;C:\Users\leona\AppData\Local\Microsoft\WindowsApps;C:\Program Files\Java\jdk-11.0.15\bin;C:\UFPE\maven\apache-maven-3.6.3\bin;C:\Users\leona\AppData\Local\GitHubDesktop\bin;C:\Users\leona\AppData\Local\Programs\Microsoft VS Code\bin;C:\Program Files\JetBrains\IntelliJ IDEA Community Edition 2020.2.3\bin;;C:\Program Files (x86)\GnuWin32\bin;C:\Users\leona\AppData\Local\Microsoft\WindowsApps;C:\flutter\flutter\bin;C:\gradle\bin;
USERNAME=leona
OS=Windows_NT
PROCESSOR_IDENTIFIER=Intel64 Family 6 Model 142 Stepping 12, GenuineIntel



---------------  S Y S T E M  ---------------

OS: Windows 10.0 , 64 bit Build 19041 (10.0.19041.2546)

CPU:total 8 (initial active 8) (4 cores per cpu, 2 threads per core) family 6 model 142 stepping 12, cmov, cx8, fxsr, mmx, sse, sse2, sse3, ssse3, sse4.1, sse4.2, popcnt, avx, avx2, aes, clmul, erms, 3dnowpref, lzcnt, ht, tsc, tscinvbit, bmi1, bmi2, adx

Memory: 4k page, physical 16521856k(1287516k free), swap 45574012k(6020k free)

vm_info: Java HotSpot(TM) 64-Bit Server VM (25.251-b08) for windows-amd64 JRE (1.8.0_251-b08), built on Mar 12 2020 06:31:49 by "" with MS VC++ 10.0 (VS2010)

time: Tue Mar 07 02:06:59 2023
timezone: Hora Padrão de Buenos Aires
elapsed time: 6 seconds (0d 0h 0m 6s)

