#
# There is insufficient memory for the Java Runtime Environment to continue.
# Native memory allocation (malloc) failed to allocate 1042896 bytes for Chunk::new
# Possible reasons:
#   The system is out of physical RAM or swap space
#   The process is running with CompressedOops enabled, and the Java Heap may be blocking the growth of the native heap
# Possible solutions:
#   Reduce memory load on the system
#   Increase physical memory or swap space
#   Check if swap backing store is full
#   Decrease Java heap size (-Xmx/-Xms)
#   Decrease number of Java threads
#   Decrease Java thread stack sizes (-Xss)
#   Set larger code cache with -XX:ReservedCodeCacheSize=
#   JVM is running with Zero Based Compressed Oops mode in which the Java heap is
#     placed in the first 32GB address space. The Java Heap base address is the
#     maximum limit for the native heap growth. Please use -XX:HeapBaseMinAddress
#     to set the Java Heap base and to place the Java Heap above 32GB virtual address.
# This output file may be truncated or incomplete.
#
#  Out of Memory Error (allocation.cpp:389), pid=154412, tid=0x0000000000004f0c
#
# JRE version: Java(TM) SE Runtime Environment (8.0_251-b08) (build 1.8.0_251-b08)
# Java VM: Java HotSpot(TM) 64-Bit Server VM (25.251-b08 mixed mode windows-amd64 compressed oops)
# Failed to write core dump. Minidumps are not enabled by default on client versions of Windows
#

---------------  T H R E A D  ---------------

Current thread (0x000000001e65f800):  JavaThread "C2 CompilerThread1" daemon [_thread_in_native, id=20236, stack(0x000000001f050000,0x000000001f150000)]

Stack: [0x000000001f050000,0x000000001f150000]
[error occurred during error reporting (printing stack bounds), id 0xc0000005]

Native frames: (J=compiled Java code, j=interpreted, Vv=VM code, C=native code)


Current CompileTask:
C2:   8482 2811       4       org.eclipse.jdt.internal.compiler.lookup.BinaryTypeBinding::createMethod (1613 bytes)


---------------  P R O C E S S  ---------------

Java Threads: ( => current thread )
  0x000000001e6f1000 JavaThread "Service Thread" daemon [_thread_blocked, id=159312, stack(0x000000001f350000,0x000000001f450000)]
  0x000000001e66d000 JavaThread "C1 CompilerThread3" daemon [_thread_blocked, id=155124, stack(0x000000001f250000,0x000000001f350000)]
  0x000000001e666000 JavaThread "C2 CompilerThread2" daemon [_thread_in_native, id=151404, stack(0x000000001f150000,0x000000001f250000)]
=>0x000000001e65f800 JavaThread "C2 CompilerThread1" daemon [_thread_in_native, id=20236, stack(0x000000001f050000,0x000000001f150000)]
  0x000000001e65d000 JavaThread "C2 CompilerThread0" daemon [_thread_blocked, id=157516, stack(0x000000001ef50000,0x000000001f050000)]
  0x000000001e659800 JavaThread "Attach Listener" daemon [_thread_blocked, id=120480, stack(0x000000001ee50000,0x000000001ef50000)]
  0x000000001e657000 JavaThread "Signal Dispatcher" daemon [_thread_blocked, id=154880, stack(0x000000001ed50000,0x000000001ee50000)]
  0x000000001e651800 JavaThread "Finalizer" daemon [_thread_blocked, id=138120, stack(0x000000001eb30000,0x000000001ec30000)]
  0x000000001e650800 JavaThread "Reference Handler" daemon [_thread_blocked, id=151908, stack(0x000000001ea30000,0x000000001eb30000)]
  0x0000000002e72800 JavaThread "main" [_thread_in_Java, id=155972, stack(0x0000000002d70000,0x0000000002e70000)]

Other Threads:
  0x000000001c859000 VMThread [stack: 0x000000001e530000,0x000000001e630000] [id=82624]
  0x000000001e714000 WatcherThread [stack: 0x000000001f450000,0x000000001f550000] [id=159360]

VM state:not at safepoint (normal execution)

VM Mutex/Monitor currently owned by a thread: None

heap address: 0x00000006c3e00000, size: 4034 MB, Compressed Oops mode: Zero based, Oop shift amount: 3
Narrow klass base: 0x0000000000000000, Narrow klass shift: 3
Compressed class space size: 1073741824 Address: 0x00000007c0000000

Heap:
 PSYoungGen      total 1371136K, used 445877K [0x000000076bf80000, 0x00000007c0000000, 0x00000007c0000000)
  eden space 1365504K, 32% used [0x000000076bf80000,0x0000000786fd5780,0x00000007bf500000)
  from space 5632K, 56% used [0x00000007bfa80000,0x00000007bfd98000,0x00000007c0000000)
  to   space 5632K, 0% used [0x00000007bf500000,0x00000007bf500000,0x00000007bfa80000)
 ParOldGen       total 173568K, used 15508K [0x00000006c3e00000, 0x00000006ce780000, 0x000000076bf80000)
  object space 173568K, 8% used [0x00000006c3e00000,0x00000006c4d251c0,0x00000006ce780000)
 Metaspace       used 19532K, capacity 19806K, committed 20096K, reserved 1067008K
  class space    used 1770K, capacity 1835K, committed 1920K, reserved 1048576K

Card table byte_map: [0x0000000012330000,0x0000000012b20000] byte_map_base: 0x000000000ed11000

Marking Bits: (ParMarkBitMap*) 0x0000000074c9af90
 Begin Bits: [0x0000000013870000, 0x0000000017778000)
 End Bits:   [0x0000000017778000, 0x000000001b680000)

Polling page: 0x0000000001400000

CodeCache: size=245760Kb used=15492Kb max_used=15503Kb free=230267Kb
 bounds [0x0000000002f70000, 0x0000000003eb0000, 0x0000000011f70000]
 total_blobs=3585 nmethods=3158 adapters=338
 compilation: enabled

Compilation events (10 events):
Event: 8.392 Thread 0x000000001e66d000 nmethod 3150 0x0000000003e97b10 code [0x0000000003e97c60, 0x0000000003e97d70]
Event: 8.399 Thread 0x000000001e65d000 nmethod 3140 0x0000000003e99c50 code [0x0000000003e9a1a0, 0x0000000003e9ae80]
Event: 8.399 Thread 0x000000001e65d000 3149 %     4       org.eclipse.jdt.core.dom.ASTRecoveryPropagator::markIncludedProblems @ 15 (366 bytes)
Event: 8.405 Thread 0x000000001e65d000 nmethod 3149% 0x0000000003e97ed0 code [0x0000000003e98020, 0x0000000003e98538]
Event: 8.405 Thread 0x000000001e65d000 3157       4       java.util.HashMap::resize (359 bytes)
Event: 8.413 Thread 0x000000001e65d000 nmethod 3157 0x0000000003e9c890 code [0x0000000003e9ca20, 0x0000000003e9cf98]
Event: 8.413 Thread 0x000000001e65d000 3144       4       org.eclipse.jdt.core.dom.ASTNode$NodeList$Cursor::hasNext (21 bytes)
Event: 8.413 Thread 0x000000001e65d000 nmethod 3144 0x0000000003e9c610 code [0x0000000003e9c740, 0x0000000003e9c7d8]
Event: 8.413 Thread 0x000000001e65d000 3148       4       org.eclipse.jdt.core.dom.ASTNode::acceptChild (11 bytes)
Event: 8.414 Thread 0x000000001e65d000 nmethod 3148 0x0000000003e9c2d0 code [0x0000000003e9c420, 0x0000000003e9c4d8]

GC Heap History (10 events):
Event: 2.518 GC heap before
{Heap before GC invocations=10 (full 0):
 PSYoungGen      total 525824K, used 521920K [0x000000076bf80000, 0x000000079f780000, 0x00000007c0000000)
  eden space 519680K, 100% used [0x000000076bf80000,0x000000078bb00000,0x000000078bb00000)
  from space 6144K, 36% used [0x000000078bb00000,0x000000078bd30000,0x000000078c100000)
  to   space 6144K, 0% used [0x000000079f180000,0x000000079f180000,0x000000079f780000)
 ParOldGen       total 173568K, used 4459K [0x00000006c3e00000, 0x00000006ce780000, 0x000000076bf80000)
  object space 173568K, 2% used [0x00000006c3e00000,0x00000006c425add8,0x00000006ce780000)
 Metaspace       used 9354K, capacity 9550K, committed 9856K, reserved 1058816K
  class space    used 967K, capacity 1033K, committed 1152K, reserved 1048576K
Event: 2.524 GC heap after
Heap after GC invocations=10 (full 0):
 PSYoungGen      total 837632K, used 2592K [0x000000076bf80000, 0x000000079f780000, 0x00000007c0000000)
  eden space 831488K, 0% used [0x000000076bf80000,0x000000076bf80000,0x000000079eb80000)
  from space 6144K, 42% used [0x000000079f180000,0x000000079f408000,0x000000079f780000)
  to   space 6144K, 0% used [0x000000079eb80000,0x000000079eb80000,0x000000079f180000)
 ParOldGen       total 173568K, used 5523K [0x00000006c3e00000, 0x00000006ce780000, 0x000000076bf80000)
  object space 173568K, 3% used [0x00000006c3e00000,0x00000006c4364dd8,0x00000006ce780000)
 Metaspace       used 9354K, capacity 9550K, committed 9856K, reserved 1058816K
  class space    used 967K, capacity 1033K, committed 1152K, reserved 1048576K
}
Event: 3.248 GC heap before
{Heap before GC invocations=11 (full 0):
 PSYoungGen      total 837632K, used 834080K [0x000000076bf80000, 0x000000079f780000, 0x00000007c0000000)
  eden space 831488K, 100% used [0x000000076bf80000,0x000000079eb80000,0x000000079eb80000)
  from space 6144K, 42% used [0x000000079f180000,0x000000079f408000,0x000000079f780000)
  to   space 6144K, 0% used [0x000000079eb80000,0x000000079eb80000,0x000000079f180000)
 ParOldGen       total 173568K, used 5523K [0x00000006c3e00000, 0x00000006ce780000, 0x000000076bf80000)
  object space 173568K, 3% used [0x00000006c3e00000,0x00000006c4364dd8,0x00000006ce780000)
 Metaspace       used 9384K, capacity 9614K, committed 9856K, reserved 1058816K
  class space    used 967K, capacity 1033K, committed 1152K, reserved 1048576K
Event: 3.256 GC heap after
Heap after GC invocations=11 (full 0):
 PSYoungGen      total 837632K, used 2240K [0x000000076bf80000, 0x00000007bde00000, 0x00000007c0000000)
  eden space 831488K, 0% used [0x000000076bf80000,0x000000076bf80000,0x000000079eb80000)
  from space 6144K, 36% used [0x000000079eb80000,0x000000079edb0020,0x000000079f180000)
  to   space 5632K, 0% used [0x00000007bd880000,0x00000007bd880000,0x00000007bde00000)
 ParOldGen       total 173568K, used 8050K [0x00000006c3e00000, 0x00000006ce780000, 0x000000076bf80000)
  object space 173568K, 4% used [0x00000006c3e00000,0x00000006c45dc868,0x00000006ce780000)
 Metaspace       used 9384K, capacity 9614K, committed 9856K, reserved 1058816K
  class space    used 967K, capacity 1033K, committed 1152K, reserved 1048576K
}
Event: 3.856 GC heap before
{Heap before GC invocations=12 (full 0):
 PSYoungGen      total 837632K, used 833728K [0x000000076bf80000, 0x00000007bde00000, 0x00000007c0000000)
  eden space 831488K, 100% used [0x000000076bf80000,0x000000079eb80000,0x000000079eb80000)
  from space 6144K, 36% used [0x000000079eb80000,0x000000079edb0020,0x000000079f180000)
  to   space 5632K, 0% used [0x00000007bd880000,0x00000007bd880000,0x00000007bde00000)
 ParOldGen       total 173568K, used 8050K [0x00000006c3e00000, 0x00000006ce780000, 0x000000076bf80000)
  object space 173568K, 4% used [0x00000006c3e00000,0x00000006c45dc868,0x00000006ce780000)
 Metaspace       used 9385K, capacity 9614K, committed 9856K, reserved 1058816K
  class space    used 967K, capacity 1033K, committed 1152K, reserved 1048576K
Event: 3.862 GC heap after
Heap after GC invocations=12 (full 0):
 PSYoungGen      total 1336320K, used 1792K [0x000000076bf80000, 0x00000007bde00000, 0x00000007c0000000)
  eden space 1330688K, 0% used [0x000000076bf80000,0x000000076bf80000,0x00000007bd300000)
  from space 5632K, 31% used [0x00000007bd880000,0x00000007bda40000,0x00000007bde00000)
  to   space 5632K, 0% used [0x00000007bd300000,0x00000007bd300000,0x00000007bd880000)
 ParOldGen       total 173568K, used 10212K [0x00000006c3e00000, 0x00000006ce780000, 0x000000076bf80000)
  object space 173568K, 5% used [0x00000006c3e00000,0x00000006c47f9338,0x00000006ce780000)
 Metaspace       used 9385K, capacity 9614K, committed 9856K, reserved 1058816K
  class space    used 967K, capacity 1033K, committed 1152K, reserved 1048576K
}
Event: 4.816 GC heap before
{Heap before GC invocations=13 (full 0):
 PSYoungGen      total 1336320K, used 1332480K [0x000000076bf80000, 0x00000007bde00000, 0x00000007c0000000)
  eden space 1330688K, 100% used [0x000000076bf80000,0x00000007bd300000,0x00000007bd300000)
  from space 5632K, 31% used [0x00000007bd880000,0x00000007bda40000,0x00000007bde00000)
  to   space 5632K, 0% used [0x00000007bd300000,0x00000007bd300000,0x00000007bd880000)
 ParOldGen       total 173568K, used 10212K [0x00000006c3e00000, 0x00000006ce780000, 0x000000076bf80000)
  object space 173568K, 5% used [0x00000006c3e00000,0x00000006c47f9338,0x00000006ce780000)
 Metaspace       used 9431K, capacity 9614K, committed 9856K, reserved 1058816K
  class space    used 967K, capacity 1033K, committed 1152K, reserved 1048576K
Event: 4.822 GC heap after
Heap after GC invocations=13 (full 0):
 PSYoungGen      total 1336320K, used 3648K [0x000000076bf80000, 0x00000007c0000000, 0x00000007c0000000)
  eden space 1330688K, 0% used [0x000000076bf80000,0x000000076bf80000,0x00000007bd300000)
  from space 5632K, 64% used [0x00000007bd300000,0x00000007bd690020,0x00000007bd880000)
  to   space 5632K, 0% used [0x00000007bfa80000,0x00000007bfa80000,0x00000007c0000000)
 ParOldGen       total 173568K, used 11940K [0x00000006c3e00000, 0x00000006ce780000, 0x000000076bf80000)
  object space 173568K, 6% used [0x00000006c3e00000,0x00000006c49a9338,0x00000006ce780000)
 Metaspace       used 9431K, capacity 9614K, committed 9856K, reserved 1058816K
  class space    used 967K, capacity 1033K, committed 1152K, reserved 1048576K
}
Event: 5.460 GC heap before
{Heap before GC invocations=14 (full 0):
 PSYoungGen      total 1336320K, used 1334336K [0x000000076bf80000, 0x00000007c0000000, 0x00000007c0000000)
  eden space 1330688K, 100% used [0x000000076bf80000,0x00000007bd300000,0x00000007bd300000)
  from space 5632K, 64% used [0x00000007bd300000,0x00000007bd690020,0x00000007bd880000)
  to   space 5632K, 0% used [0x00000007bfa80000,0x00000007bfa80000,0x00000007c0000000)
 ParOldGen       total 173568K, used 11940K [0x00000006c3e00000, 0x00000006ce780000, 0x000000076bf80000)
  object space 173568K, 6% used [0x00000006c3e00000,0x00000006c49a9338,0x00000006ce780000)
 Metaspace       used 9433K, capacity 9614K, committed 9856K, reserved 1058816K
  class space    used 967K, capacity 1033K, committed 1152K, reserved 1048576K
Event: 5.468 GC heap after
Heap after GC invocations=14 (full 0):
 PSYoungGen      total 1371136K, used 3168K [0x000000076bf80000, 0x00000007c0000000, 0x00000007c0000000)
  eden space 1365504K, 0% used [0x000000076bf80000,0x000000076bf80000,0x00000007bf500000)
  from space 5632K, 56% used [0x00000007bfa80000,0x00000007bfd98000,0x00000007c0000000)
  to   space 5632K, 0% used [0x00000007bf500000,0x00000007bf500000,0x00000007bfa80000)
 ParOldGen       total 173568K, used 15508K [0x00000006c3e00000, 0x00000006ce780000, 0x000000076bf80000)
  object space 173568K, 8% used [0x00000006c3e00000,0x00000006c4d251c0,0x00000006ce780000)
 Metaspace       used 9433K, capacity 9614K, committed 9856K, reserved 1058816K
  class space    used 967K, capacity 1033K, committed 1152K, reserved 1048576K
}

Deoptimization events (10 events):
Event: 8.172 Thread 0x0000000002e72800 Uncommon trap: reason=unstable_if action=reinterpret pc=0x0000000003b4d92c method=org.eclipse.jdt.internal.compiler.util.Util.getLineNumber(I[III)I @ 50
Event: 8.175 Thread 0x0000000002e72800 Uncommon trap: reason=predicate action=maybe_recompile pc=0x00000000039cdb14 method=java.util.ArrayList.indexOf(Ljava/lang/Object;)I @ 44
Event: 8.263 Thread 0x0000000002e72800 Uncommon trap: reason=class_check action=maybe_recompile pc=0x0000000003c72e10 method=org.eclipse.jdt.internal.compiler.parser.Scanner.getNextToken()I @ 47
Event: 8.265 Thread 0x0000000002e72800 Uncommon trap: reason=class_check action=maybe_recompile pc=0x0000000003c72e10 method=org.eclipse.jdt.internal.compiler.parser.Scanner.getNextToken()I @ 47
Event: 8.265 Thread 0x0000000002e72800 Uncommon trap: reason=class_check action=maybe_recompile pc=0x0000000003c72e10 method=org.eclipse.jdt.internal.compiler.parser.Scanner.getNextToken()I @ 47
Event: 8.265 Thread 0x0000000002e72800 Uncommon trap: reason=unstable_if action=reinterpret pc=0x0000000003cb14fc method=org.eclipse.jdt.internal.compiler.parser.Scanner.scanIdentifierOrKeyword()I @ 27
Event: 8.265 Thread 0x0000000002e72800 Uncommon trap: reason=class_check action=maybe_recompile pc=0x0000000003c72e10 method=org.eclipse.jdt.internal.compiler.parser.Scanner.getNextToken()I @ 47
Event: 8.269 Thread 0x0000000002e72800 Uncommon trap: reason=unstable_if action=reinterpret pc=0x0000000003ac5b44 method=org.eclipse.jdt.internal.compiler.parser.Scanner.scanIdentifierOrKeyword()I @ 27
Event: 8.306 Thread 0x0000000002e72800 Uncommon trap: reason=unstable_if action=reinterpret pc=0x0000000003bbf464 method=org.eclipse.jdt.internal.compiler.parser.Scanner.getNextChar(C)Z @ 8
Event: 8.397 Thread 0x0000000002e72800 Uncommon trap: reason=unstable_if action=reinterpret pc=0x000000000397acd4 method=java.util.regex.Pattern.expr(Ljava/util/regex/Pattern$Node;)Ljava/util/regex/Pattern$Node; @ 59

Classes redefined (0 events):
No events

Internal exceptions (10 events):
Event: 0.316 Thread 0x0000000002e72800 Exception <a 'java/security/PrivilegedActionException'> (0x000000076cb73798) thrown at [C:\jenkins\workspace\8-2-build-windows-amd64-cygwin\jdk8u251\737\hotspot\src\share\vm\prims\jvm.cpp, line 1502]
Event: 0.316 Thread 0x0000000002e72800 Exception <a 'java/security/PrivilegedActionException'> (0x000000076cb73b90) thrown at [C:\jenkins\workspace\8-2-build-windows-amd64-cygwin\jdk8u251\737\hotspot\src\share\vm\prims\jvm.cpp, line 1502]
Event: 0.544 Thread 0x0000000002e72800 Implicit null exception at 0x000000000328f391 to 0x000000000328f3bd
Event: 5.758 Thread 0x0000000002e72800 Implicit null exception at 0x00000000032c65e0 to 0x00000000032c69bd
Event: 7.523 Thread 0x0000000002e72800 Exception <a 'java/io/FileNotFoundException'> (0x000000077f919ea0) thrown at [C:\jenkins\workspace\8-2-build-windows-amd64-cygwin\jdk8u251\737\hotspot\src\share\vm\prims\jni.cpp, line 710]
Event: 7.758 Thread 0x0000000002e72800 Exception <a 'java/lang/ArrayIndexOutOfBoundsException'> (0x0000000780716cd0) thrown at [C:\jenkins\workspace\8-2-build-windows-amd64-cygwin\jdk8u251\737\hotspot\src\share\vm\runtime\sharedRuntime.cpp, line 605]
Event: 7.758 Thread 0x0000000002e72800 Exception <a 'java/lang/ArrayIndexOutOfBoundsException'> (0x0000000780716f10) thrown at [C:\jenkins\workspace\8-2-build-windows-amd64-cygwin\jdk8u251\737\hotspot\src\share\vm\runtime\sharedRuntime.cpp, line 605]
Event: 7.758 Thread 0x0000000002e72800 Exception <a 'java/lang/ArrayIndexOutOfBoundsException'> (0x0000000780717150) thrown at [C:\jenkins\workspace\8-2-build-windows-amd64-cygwin\jdk8u251\737\hotspot\src\share\vm\runtime\sharedRuntime.cpp, line 605]
Event: 7.797 Thread 0x0000000002e72800 Exception <a 'java/lang/ArrayIndexOutOfBoundsException': 259057> (0x00000007808b7ec0) thrown at [C:\jenkins\workspace\8-2-build-windows-amd64-cygwin\jdk8u251\737\hotspot\src\share\vm\interpreter\interpreterRuntime.cpp, line 368]
Event: 7.812 Thread 0x0000000002e72800 Exception <a 'java/lang/IncompatibleClassChangeError': Found class java.lang.Object, but interface was expected> (0x000000078090bfc0) thrown at [C:\jenkins\workspace\8-2-build-windows-amd64-cygwin\jdk8u251\737\hotspot\src\share\vm\interpreter\linkResolver

Events (10 events):
Event: 8.392 loading class org/eclipse/jdt/internal/core/dom/SourceRangeVerifier done
Event: 8.392 Executing VM operation: Deoptimize
Event: 8.393 Executing VM operation: Deoptimize done
Event: 8.393 loading class java/util/Hashtable$ValueCollection
Event: 8.393 loading class java/util/Hashtable$ValueCollection done
Event: 8.394 loading class br/ufpe/cin/mergers/handlers/MyProblem
Event: 8.394 loading class br/ufpe/cin/mergers/handlers/MyProblem done
Event: 8.397 Thread 0x0000000002e72800 Uncommon trap: trap_request=0xffffff65 fr.pc=0x000000000397acd4
Event: 8.397 Thread 0x0000000002e72800 DEOPT PACKING pc=0x000000000397acd4 sp=0x0000000002e6eb90
Event: 8.397 Thread 0x0000000002e72800 DEOPT UNPACKING pc=0x0000000002fb583b sp=0x0000000002e6eb80 mode 2


Dynamic libraries:
0x00007ff7939c0000 - 0x00007ff7939f7000 	C:\Program Files\Java\jdk1.8.0_251\bin\java.exe
0x00007ffd09a30000 - 0x00007ffd09c28000 	C:\WINDOWS\SYSTEM32\ntdll.dll
0x00007ffd08070000 - 0x00007ffd0812f000 	C:\WINDOWS\System32\KERNEL32.DLL
0x00007ffd07540000 - 0x00007ffd07812000 	C:\WINDOWS\System32\KERNELBASE.dll
0x00007ffd085a0000 - 0x00007ffd0864e000 	C:\WINDOWS\System32\ADVAPI32.dll
0x00007ffd089c0000 - 0x00007ffd08a5e000 	C:\WINDOWS\System32\msvcrt.dll
0x00007ffd08650000 - 0x00007ffd086ec000 	C:\WINDOWS\System32\sechost.dll
0x00007ffd07d10000 - 0x00007ffd07e35000 	C:\WINDOWS\System32\RPCRT4.dll
0x00007ffd08e70000 - 0x00007ffd09011000 	C:\WINDOWS\System32\USER32.dll
0x00007ffd073d0000 - 0x00007ffd073f2000 	C:\WINDOWS\System32\win32u.dll
0x00007ffd07f70000 - 0x00007ffd07f9b000 	C:\WINDOWS\System32\GDI32.dll
0x00007ffd07120000 - 0x00007ffd0722f000 	C:\WINDOWS\System32\gdi32full.dll
0x00007ffd07820000 - 0x00007ffd078bd000 	C:\WINDOWS\System32\msvcp_win.dll
0x00007ffd07230000 - 0x00007ffd07330000 	C:\WINDOWS\System32\ucrtbase.dll
0x00007ffce8280000 - 0x00007ffce851a000 	C:\WINDOWS\WinSxS\amd64_microsoft.windows.common-controls_6595b64144ccf1df_6.0.19041.1110_none_60b5254171f9507e\COMCTL32.dll
0x00007ffd07ad0000 - 0x00007ffd07b02000 	C:\WINDOWS\System32\IMM32.DLL
0x0000000075ee0000 - 0x0000000075fb2000 	C:\Program Files\Java\jdk1.8.0_251\jre\bin\msvcr100.dll
0x0000000074470000 - 0x0000000074d1b000 	C:\Program Files\Java\jdk1.8.0_251\jre\bin\server\jvm.dll
0x00007ffd07e40000 - 0x00007ffd07e48000 	C:\WINDOWS\System32\PSAPI.DLL
0x00007ffcecb50000 - 0x00007ffcecb59000 	C:\WINDOWS\SYSTEM32\WSOCK32.dll
0x00007ffcfd9c0000 - 0x00007ffcfd9ca000 	C:\WINDOWS\SYSTEM32\VERSION.dll
0x00007ffd01200000 - 0x00007ffd01227000 	C:\WINDOWS\SYSTEM32\WINMM.dll
0x00007ffd097d0000 - 0x00007ffd0983b000 	C:\WINDOWS\System32\WS2_32.dll
0x00007ffcf8240000 - 0x00007ffcf824f000 	C:\Program Files\Java\jdk1.8.0_251\jre\bin\verify.dll
0x00007ffcd0830000 - 0x00007ffcd0859000 	C:\Program Files\Java\jdk1.8.0_251\jre\bin\java.dll
0x00007ffcefb40000 - 0x00007ffcefb56000 	C:\Program Files\Java\jdk1.8.0_251\jre\bin\zip.dll
0x00007ffd09020000 - 0x00007ffd09765000 	C:\WINDOWS\System32\SHELL32.dll
0x00007ffd04d00000 - 0x00007ffd05492000 	C:\WINDOWS\SYSTEM32\windows.storage.dll
0x00007ffd08b10000 - 0x00007ffd08e65000 	C:\WINDOWS\System32\combase.dll
0x00007ffd06b80000 - 0x00007ffd06bb0000 	C:\WINDOWS\SYSTEM32\Wldp.dll
0x00007ffd07ec0000 - 0x00007ffd07f6d000 	C:\WINDOWS\System32\SHCORE.dll
0x00007ffd07e50000 - 0x00007ffd07ea5000 	C:\WINDOWS\System32\shlwapi.dll
0x00007ffd07060000 - 0x00007ffd0707f000 	C:\WINDOWS\SYSTEM32\profapi.dll
0x00007ffce5da0000 - 0x00007ffce5dba000 	C:\Program Files\Java\jdk1.8.0_251\jre\bin\net.dll
0x00007ffd068e0000 - 0x00007ffd0694a000 	C:\WINDOWS\system32\mswsock.dll
0x00007ffcd6df0000 - 0x00007ffcd6e02000 	C:\Program Files\Java\jdk1.8.0_251\jre\bin\nio.dll

VM Arguments:
java_command: s3m.jar C:\UFPE\miningframework\SOOTAnalysisOutput\hive\b3914c37aa6df1e4a3536ebe9f277a765f3eadff\org\apache\hadoop\hive\conf\HiveConf\left.java C:\UFPE\miningframework\SOOTAnalysisOutput\hive\b3914c37aa6df1e4a3536ebe9f277a765f3eadff\org\apache\hadoop\hive\conf\HiveConf\base.java C:\UFPE\miningframework\SOOTAnalysisOutput\hive\b3914c37aa6df1e4a3536ebe9f277a765f3eadff\org\apache\hadoop\hive\conf\HiveConf\right.java -o C:\UFPE\miningframework\SOOTAnalysisOutput\hive\b3914c37aa6df1e4a3536ebe9f277a765f3eadff\org\apache\hadoop\hive\conf\HiveConf\InsertionLevelInitializationBlockHandler.java --handle-initialization-blocks false --handle-initialization-blocks-multiple-blocks true
java_class_path (initial): s3m.jar
Launcher Type: SUN_STANDARD

Environment Variables:
JAVA_HOME=C:\Program Files\Java\jdk1.8.0_291
PATH=C:\Program Files\Common Files\Oracle\Java\javapath;C:\Program Files (x86)\Common Files\Oracle\Java\javapath;C:\Windows\system32;C:\Windows;C:\Windows\System32\Wbem;C:\Windows\System32\WindowsPowerShell\v1.0\;C:\Windows\System32\OpenSSH\;C:\Program Files (x86)\NVIDIA Corporation\PhysX\Common;C:\Program Files\NVIDIA Corporation\NVIDIA NvDLISR;C:\Program Files (x86)\Groovy\bin;C:\Program Files (x86)\GnuWin32\bin;C:\UFPE\maven\apache-maven-3.6.3\bin;C:\WINDOWS\system32;C:\WINDOWS;C:\WINDOWS\System32\Wbem;C:\WINDOWS\System32\WindowsPowerShell\v1.0\;C:\WINDOWS\System32\OpenSSH\;C:\Program Files\Git\cmd;C:\Program Files\dotnet\;C:\Users\leona\AppData\Local\Microsoft\WindowsApps;C:\Program Files\Java\jdk-11.0.15\bin;C:\UFPE\maven\apache-maven-3.6.3\bin;C:\Users\leona\AppData\Local\GitHubDesktop\bin;C:\Users\leona\AppData\Local\Programs\Microsoft VS Code\bin;C:\Program Files\JetBrains\IntelliJ IDEA Community Edition 2020.2.3\bin;;C:\Program Files (x86)\GnuWin32\bin;C:\Users\leona\AppData\Local\Microsoft\WindowsApps;C:\flutter\flutter\bin;C:\gradle\bin;
USERNAME=leona
OS=Windows_NT
PROCESSOR_IDENTIFIER=Intel64 Family 6 Model 142 Stepping 12, GenuineIntel



---------------  S Y S T E M  ---------------

OS: Windows 10.0 , 64 bit Build 19041 (10.0.19041.2546)

CPU:total 8 (initial active 8) (4 cores per cpu, 2 threads per core) family 6 model 142 stepping 12, cmov, cx8, fxsr, mmx, sse, sse2, sse3, ssse3, sse4.1, sse4.2, popcnt, avx, avx2, aes, clmul, erms, 3dnowpref, lzcnt, ht, tsc, tscinvbit, bmi1, bmi2, adx

Memory: 4k page, physical 16521856k(1094340k free), swap 45574012k(5428k free)

vm_info: Java HotSpot(TM) 64-Bit Server VM (25.251-b08) for windows-amd64 JRE (1.8.0_251-b08), built on Mar 12 2020 06:31:49 by "" with MS VC++ 10.0 (VS2010)

time: Tue Mar 07 00:50:30 2023
timezone: Hora Padrão de Buenos Aires
elapsed time: 8 seconds (0d 0h 0m 8s)

