#
# There is insufficient memory for the Java Runtime Environment to continue.
# Native memory allocation (malloc) failed to allocate 138736 bytes for Chunk::new
# Possible reasons:
#   The system is out of physical RAM or swap space
#   The process is running with CompressedOops enabled, and the Java Heap may be blocking the growth of the native heap
# Possible solutions:
#   Reduce memory load on the system
#   Increase physical memory or swap space
#   Check if swap backing store is full
#   Decrease Java heap size (-Xmx/-Xms)
#   Decrease number of Java threads
#   Decrease Java thread stack sizes (-Xss)
#   Set larger code cache with -XX:ReservedCodeCacheSize=
#   JVM is running with Zero Based Compressed Oops mode in which the Java heap is
#     placed in the first 32GB address space. The Java Heap base address is the
#     maximum limit for the native heap growth. Please use -XX:HeapBaseMinAddress
#     to set the Java Heap base and to place the Java Heap above 32GB virtual address.
# This output file may be truncated or incomplete.
#
#  Out of Memory Error (allocation.cpp:389), pid=114124, tid=0x000000000001b650
#
# JRE version: Java(TM) SE Runtime Environment (8.0_251-b08) (build 1.8.0_251-b08)
# Java VM: Java HotSpot(TM) 64-Bit Server VM (25.251-b08 mixed mode windows-amd64 compressed oops)
# Failed to write core dump. Minidumps are not enabled by default on client versions of Windows
#

---------------  T H R E A D  ---------------

Current thread (0x000000001e25b000):  JavaThread "C2 CompilerThread0" daemon [_thread_in_native, id=112208, stack(0x000000001eb50000,0x000000001ec50000)]

Stack: [0x000000001eb50000,0x000000001ec50000]
[error occurred during error reporting (printing stack bounds), id 0xc0000005]

Native frames: (J=compiled Java code, j=interpreted, Vv=VM code, C=native code)


Current CompileTask:
C2:   3846 2144       4       org.eclipse.jdt.internal.compiler.parser.Scanner::internalScanIdentifierOrKeyword (4446 bytes)


---------------  P R O C E S S  ---------------

Java Threads: ( => current thread )
  0x000000001e2ee000 JavaThread "Service Thread" daemon [_thread_blocked, id=107808, stack(0x000000001ef50000,0x000000001f050000)]
  0x000000001e265800 JavaThread "C1 CompilerThread3" daemon [_thread_in_native, id=102208, stack(0x000000001ee50000,0x000000001ef50000)]
  0x000000001e260800 JavaThread "C2 CompilerThread2" daemon [_thread_in_native, id=113352, stack(0x000000001ed50000,0x000000001ee50000)]
  0x000000001e25d800 JavaThread "C2 CompilerThread1" daemon [_thread_in_native, id=31776, stack(0x000000001ec50000,0x000000001ed50000)]
=>0x000000001e25b000 JavaThread "C2 CompilerThread0" daemon [_thread_in_native, id=112208, stack(0x000000001eb50000,0x000000001ec50000)]
  0x000000001e258800 JavaThread "Attach Listener" daemon [_thread_blocked, id=80524, stack(0x000000001ea50000,0x000000001eb50000)]
  0x000000001c44e800 JavaThread "Signal Dispatcher" daemon [_thread_blocked, id=110476, stack(0x000000001e950000,0x000000001ea50000)]
  0x0000000002af8000 JavaThread "Finalizer" daemon [_thread_blocked, id=103908, stack(0x000000001e730000,0x000000001e830000)]
  0x000000001e250800 JavaThread "Reference Handler" daemon [_thread_blocked, id=112536, stack(0x000000001e630000,0x000000001e730000)]
  0x0000000002a02800 JavaThread "main" [_thread_in_Java, id=108732, stack(0x0000000002900000,0x0000000002a00000)]

Other Threads:
  0x000000001c439000 VMThread [stack: 0x000000001e130000,0x000000001e230000] [id=112524]
  0x000000001e311000 WatcherThread [stack: 0x000000001f050000,0x000000001f150000] [id=112460]

VM state:not at safepoint (normal execution)

VM Mutex/Monitor currently owned by a thread: None

heap address: 0x00000006c3400000, size: 4044 MB, Compressed Oops mode: Zero based, Oop shift amount: 3
Narrow klass base: 0x0000000000000000, Narrow klass shift: 3
Compressed class space size: 1073741824 Address: 0x00000007c0000000

Heap:
 PSYoungGen      total 836096K, used 56601K [0x000000076bc00000, 0x000000079f280000, 0x00000007c0000000)
  eden space 830464K, 6% used [0x000000076bc00000,0x000000076eef1158,0x000000079e700000)
  from space 5632K, 78% used [0x000000079e700000,0x000000079eb55350,0x000000079ec80000)
  to   space 5120K, 0% used [0x000000079ec80000,0x000000079ec80000,0x000000079f180000)
 ParOldGen       total 173568K, used 6684K [0x00000006c3400000, 0x00000006cdd80000, 0x000000076bc00000)
  object space 173568K, 3% used [0x00000006c3400000,0x00000006c3a87090,0x00000006cdd80000)
 Metaspace       used 16786K, capacity 17036K, committed 17408K, reserved 1064960K
  class space    used 1599K, capacity 1666K, committed 1792K, reserved 1048576K

Card table byte_map: [0x0000000011ec0000,0x00000000126b0000] byte_map_base: 0x000000000e8a6000

Marking Bits: (ParMarkBitMap*) 0x000000006112af90
 Begin Bits: [0x0000000013400000, 0x0000000017330000)
 End Bits:   [0x0000000017330000, 0x000000001b260000)

Polling page: 0x00000000009c0000

CodeCache: size=245760Kb used=10496Kb max_used=10496Kb free=235263Kb
 bounds [0x0000000002b00000, 0x0000000003550000, 0x0000000011b00000]
 total_blobs=2611 nmethods=2204 adapters=318
 compilation: enabled

Compilation events (10 events):
Event: 3.827 Thread 0x000000001e265800 nmethod 2184 0x00000000035243d0 code [0x0000000003524540, 0x0000000003524868]
Event: 3.827 Thread 0x000000001e265800 2181       3       org.eclipse.jdt.internal.compiler.lookup.ReferenceBinding::<init> (5 bytes)
Event: 3.827 Thread 0x000000001e265800 nmethod 2181 0x0000000003524950 code [0x0000000003524ac0, 0x0000000003524d70]
Event: 3.827 Thread 0x000000001e265800 2183       1       org.eclipse.jdt.internal.compiler.lookup.ProblemReferenceBinding::problemId (5 bytes)
Event: 3.827 Thread 0x000000001e265800 nmethod 2183 0x0000000003524e90 code [0x0000000003524fe0, 0x00000000035250f0]
Event: 3.827 Thread 0x000000001e265800 2177       3       org.eclipse.jdt.internal.core.util.CommentRecorderParser::getCommentPtr (89 bytes)
Event: 3.827 Thread 0x000000001e265800 nmethod 2177 0x0000000003525150 code [0x00000000035252e0, 0x0000000003525728]
Event: 3.828 Thread 0x000000001e265800 2187       3       org.eclipse.jdt.internal.compiler.lookup.LookupEnvironment::getTypeFromTypeSignature (754 bytes)
Event: 3.831 Thread 0x000000001e265800 nmethod 2187 0x0000000003525890 code [0x0000000003525d80, 0x0000000003528d28]
Event: 3.831 Thread 0x000000001e265800 2198       3       org.eclipse.jdt.internal.compiler.lookup.BinaryTypeBinding::createMethod (1613 bytes)

GC Heap History (10 events):
Event: 1.475 GC heap before
{Heap before GC invocations=7 (full 0):
 PSYoungGen      total 263680K, used 263445K [0x000000076bc00000, 0x000000077c300000, 0x00000007c0000000)
  eden space 259584K, 100% used [0x000000076bc00000,0x000000077b980000,0x000000077b980000)
  from space 4096K, 94% used [0x000000077be00000,0x000000077c1c5678,0x000000077c200000)
  to   space 4608K, 0% used [0x000000077b980000,0x000000077b980000,0x000000077be00000)
 ParOldGen       total 173568K, used 139K [0x00000006c3400000, 0x00000006cdd80000, 0x000000076bc00000)
  object space 173568K, 0% used [0x00000006c3400000,0x00000006c3422c10,0x00000006cdd80000)
 Metaspace       used 9691K, capacity 9902K, committed 10112K, reserved 1058816K
  class space    used 987K, capacity 1065K, committed 1152K, reserved 1048576K
Event: 1.481 GC heap after
Heap after GC invocations=7 (full 0):
 PSYoungGen      total 264192K, used 2576K [0x000000076bc00000, 0x000000078c000000, 0x00000007c0000000)
  eden space 259584K, 0% used [0x000000076bc00000,0x000000076bc00000,0x000000077b980000)
  from space 4608K, 55% used [0x000000077b980000,0x000000077bc04180,0x000000077be00000)
  to   space 4608K, 0% used [0x000000078bb80000,0x000000078bb80000,0x000000078c000000)
 ParOldGen       total 173568K, used 2612K [0x00000006c3400000, 0x00000006cdd80000, 0x000000076bc00000)
  object space 173568K, 1% used [0x00000006c3400000,0x00000006c368d378,0x00000006cdd80000)
 Metaspace       used 9691K, capacity 9902K, committed 10112K, reserved 1058816K
  class space    used 987K, capacity 1065K, committed 1152K, reserved 1048576K
}
Event: 1.684 GC heap before
{Heap before GC invocations=8 (full 0):
 PSYoungGen      total 264192K, used 262160K [0x000000076bc00000, 0x000000078c000000, 0x00000007c0000000)
  eden space 259584K, 100% used [0x000000076bc00000,0x000000077b980000,0x000000077b980000)
  from space 4608K, 55% used [0x000000077b980000,0x000000077bc04180,0x000000077be00000)
  to   space 4608K, 0% used [0x000000078bb80000,0x000000078bb80000,0x000000078c000000)
 ParOldGen       total 173568K, used 2612K [0x00000006c3400000, 0x00000006cdd80000, 0x000000076bc00000)
  object space 173568K, 1% used [0x00000006c3400000,0x00000006c368d378,0x00000006cdd80000)
 Metaspace       used 9723K, capacity 9966K, committed 10112K, reserved 1058816K
  class space    used 987K, capacity 1065K, committed 1152K, reserved 1048576K
Event: 1.688 GC heap after
Heap after GC invocations=8 (full 0):
 PSYoungGen      total 523776K, used 3424K [0x000000076bc00000, 0x000000078c000000, 0x00000007c0000000)
  eden space 519168K, 0% used [0x000000076bc00000,0x000000076bc00000,0x000000078b700000)
  from space 4608K, 74% used [0x000000078bb80000,0x000000078bed8350,0x000000078c000000)
  to   space 4608K, 0% used [0x000000078b700000,0x000000078b700000,0x000000078bb80000)
 ParOldGen       total 173568K, used 3102K [0x00000006c3400000, 0x00000006cdd80000, 0x000000076bc00000)
  object space 173568K, 1% used [0x00000006c3400000,0x00000006c3707ac8,0x00000006cdd80000)
 Metaspace       used 9723K, capacity 9966K, committed 10112K, reserved 1058816K
  class space    used 987K, capacity 1065K, committed 1152K, reserved 1048576K
}
Event: 2.202 GC heap before
{Heap before GC invocations=9 (full 0):
 PSYoungGen      total 523776K, used 522592K [0x000000076bc00000, 0x000000078c000000, 0x00000007c0000000)
  eden space 519168K, 100% used [0x000000076bc00000,0x000000078b700000,0x000000078b700000)
  from space 4608K, 74% used [0x000000078bb80000,0x000000078bed8350,0x000000078c000000)
  to   space 4608K, 0% used [0x000000078b700000,0x000000078b700000,0x000000078bb80000)
 ParOldGen       total 173568K, used 3102K [0x00000006c3400000, 0x00000006cdd80000, 0x000000076bc00000)
  object space 173568K, 1% used [0x00000006c3400000,0x00000006c3707ac8,0x00000006cdd80000)
 Metaspace       used 9738K, capacity 9966K, committed 10112K, reserved 1058816K
  class space    used 987K, capacity 1065K, committed 1152K, reserved 1048576K
Event: 2.208 GC heap after
Heap after GC invocations=9 (full 0):
 PSYoungGen      total 523776K, used 4577K [0x000000076bc00000, 0x000000079f180000, 0x00000007c0000000)
  eden space 519168K, 0% used [0x000000076bc00000,0x000000076bc00000,0x000000078b700000)
  from space 4608K, 99% used [0x000000078b700000,0x000000078bb784e0,0x000000078bb80000)
  to   space 5120K, 0% used [0x000000079ec80000,0x000000079ec80000,0x000000079f180000)
 ParOldGen       total 173568K, used 4030K [0x00000006c3400000, 0x00000006cdd80000, 0x000000076bc00000)
  object space 173568K, 2% used [0x00000006c3400000,0x00000006c37efac8,0x00000006cdd80000)
 Metaspace       used 9738K, capacity 9966K, committed 10112K, reserved 1058816K
  class space    used 987K, capacity 1065K, committed 1152K, reserved 1048576K
}
Event: 2.568 GC heap before
{Heap before GC invocations=10 (full 0):
 PSYoungGen      total 523776K, used 523745K [0x000000076bc00000, 0x000000079f180000, 0x00000007c0000000)
  eden space 519168K, 100% used [0x000000076bc00000,0x000000078b700000,0x000000078b700000)
  from space 4608K, 99% used [0x000000078b700000,0x000000078bb784e0,0x000000078bb80000)
  to   space 5120K, 0% used [0x000000079ec80000,0x000000079ec80000,0x000000079f180000)
 ParOldGen       total 173568K, used 4030K [0x00000006c3400000, 0x00000006cdd80000, 0x000000076bc00000)
  object space 173568K, 2% used [0x00000006c3400000,0x00000006c37efac8,0x00000006cdd80000)
 Metaspace       used 9755K, capacity 9966K, committed 10112K, reserved 1058816K
  class space    used 987K, capacity 1065K, committed 1152K, reserved 1048576K
Event: 2.571 GC heap after
Heap after GC invocations=10 (full 0):
 PSYoungGen      total 835584K, used 1392K [0x000000076bc00000, 0x000000079f280000, 0x00000007c0000000)
  eden space 830464K, 0% used [0x000000076bc00000,0x000000076bc00000,0x000000079e700000)
  from space 5120K, 27% used [0x000000079ec80000,0x000000079eddc1a0,0x000000079f180000)
  to   space 5632K, 0% used [0x000000079e700000,0x000000079e700000,0x000000079ec80000)
 ParOldGen       total 173568K, used 6231K [0x00000006c3400000, 0x00000006cdd80000, 0x000000076bc00000)
  object space 173568K, 3% used [0x00000006c3400000,0x00000006c3a15df8,0x00000006cdd80000)
 Metaspace       used 9755K, capacity 9966K, committed 10112K, reserved 1058816K
  class space    used 987K, capacity 1065K, committed 1152K, reserved 1048576K
}
Event: 3.511 GC heap before
{Heap before GC invocations=11 (full 0):
 PSYoungGen      total 835584K, used 831856K [0x000000076bc00000, 0x000000079f280000, 0x00000007c0000000)
  eden space 830464K, 100% used [0x000000076bc00000,0x000000079e700000,0x000000079e700000)
  from space 5120K, 27% used [0x000000079ec80000,0x000000079eddc1a0,0x000000079f180000)
  to   space 5632K, 0% used [0x000000079e700000,0x000000079e700000,0x000000079ec80000)
 ParOldGen       total 173568K, used 6231K [0x00000006c3400000, 0x00000006cdd80000, 0x000000076bc00000)
  object space 173568K, 3% used [0x00000006c3400000,0x00000006c3a15df8,0x00000006cdd80000)
 Metaspace       used 12699K, capacity 12958K, committed 13184K, reserved 1060864K
  class space    used 1222K, capacity 1309K, committed 1408K, reserved 1048576K
Event: 3.519 GC heap after
Heap after GC invocations=11 (full 0):
 PSYoungGen      total 836096K, used 4436K [0x000000076bc00000, 0x000000079f280000, 0x00000007c0000000)
  eden space 830464K, 0% used [0x000000076bc00000,0x000000076bc00000,0x000000079e700000)
  from space 5632K, 78% used [0x000000079e700000,0x000000079eb55350,0x000000079ec80000)
  to   space 5120K, 0% used [0x000000079ec80000,0x000000079ec80000,0x000000079f180000)
 ParOldGen       total 173568K, used 6684K [0x00000006c3400000, 0x00000006cdd80000, 0x000000076bc00000)
  object space 173568K, 3% used [0x00000006c3400000,0x00000006c3a87090,0x00000006cdd80000)
 Metaspace       used 12699K, capacity 12958K, committed 13184K, reserved 1060864K
  class space    used 1222K, capacity 1309K, committed 1408K, reserved 1048576K
}

Deoptimization events (10 events):
Event: 3.133 Thread 0x0000000002a02800 Uncommon trap: reason=unstable_if action=reinterpret pc=0x0000000002f48688 method=java.util.regex.Pattern.sequence(Ljava/util/regex/Pattern$Node;)Ljava/util/regex/Pattern$Node; @ 151
Event: 3.133 Thread 0x0000000002a02800 Uncommon trap: reason=unstable_if action=reinterpret pc=0x0000000002f678b0 method=java.util.regex.Pattern.expr(Ljava/util/regex/Pattern$Node;)Ljava/util/regex/Pattern$Node; @ 129
Event: 3.163 Thread 0x0000000002a02800 Uncommon trap: reason=class_check action=maybe_recompile pc=0x0000000002e2f3cc method=java.util.stream.ReduceOps$3ReducingSink.accept(Ljava/lang/Object;)V @ 9
Event: 3.163 Thread 0x0000000002a02800 Uncommon trap: reason=class_check action=maybe_recompile pc=0x0000000002e2f3cc method=java.util.stream.ReduceOps$3ReducingSink.accept(Ljava/lang/Object;)V @ 9
Event: 3.163 Thread 0x0000000002a02800 Uncommon trap: reason=class_check action=maybe_recompile pc=0x0000000002e2f3cc method=java.util.stream.ReduceOps$3ReducingSink.accept(Ljava/lang/Object;)V @ 9
Event: 3.163 Thread 0x0000000002a02800 Uncommon trap: reason=class_check action=maybe_recompile pc=0x0000000002e2f3cc method=java.util.stream.ReduceOps$3ReducingSink.accept(Ljava/lang/Object;)V @ 9
Event: 3.362 Thread 0x0000000002a02800 Uncommon trap: reason=unstable_if action=reinterpret pc=0x0000000002f11c4c method=java.util.regex.Pattern.RemoveQEQuoting()V @ 41
Event: 3.737 Thread 0x0000000002a02800 Uncommon trap: reason=unstable_if action=reinterpret pc=0x00000000034cb72c method=java.util.zip.ZipFile$ZipEntryIterator.hasNext()Z @ 25
Event: 3.737 Thread 0x0000000002a02800 Uncommon trap: reason=unstable_if action=reinterpret pc=0x00000000034cf8ec method=java.util.zip.ZipFile$ZipEntryIterator.hasNext()Z @ 25
Event: 3.783 Thread 0x0000000002a02800 Uncommon trap: reason=predicate action=maybe_recompile pc=0x00000000033b7f98 method=java.util.ArrayList.indexOf(Ljava/lang/Object;)I @ 44

Classes redefined (0 events):
No events

Internal exceptions (10 events):
Event: 0.166 Thread 0x0000000002a02800 Exception <a 'sun/nio/fs/WindowsException'> (0x000000076bf5bdb0) thrown at [C:\jenkins\workspace\8-2-build-windows-amd64-cygwin\jdk8u251\737\hotspot\src\share\vm\prims\jni.cpp, line 710]
Event: 0.232 Thread 0x0000000002a02800 Exception <a 'java/lang/ArrayIndexOutOfBoundsException'> (0x000000076c0e06b8) thrown at [C:\jenkins\workspace\8-2-build-windows-amd64-cygwin\jdk8u251\737\hotspot\src\share\vm\runtime\sharedRuntime.cpp, line 605]
Event: 0.233 Thread 0x0000000002a02800 Exception <a 'java/lang/ArrayIndexOutOfBoundsException'> (0x000000076c0e15c0) thrown at [C:\jenkins\workspace\8-2-build-windows-amd64-cygwin\jdk8u251\737\hotspot\src\share\vm\runtime\sharedRuntime.cpp, line 605]
Event: 0.361 Thread 0x0000000002a02800 Exception <a 'java/security/PrivilegedActionException'> (0x000000076c5d0900) thrown at [C:\jenkins\workspace\8-2-build-windows-amd64-cygwin\jdk8u251\737\hotspot\src\share\vm\prims\jvm.cpp, line 1502]
Event: 0.361 Thread 0x0000000002a02800 Exception <a 'java/security/PrivilegedActionException'> (0x000000076c5d0cf8) thrown at [C:\jenkins\workspace\8-2-build-windows-amd64-cygwin\jdk8u251\737\hotspot\src\share\vm\prims\jvm.cpp, line 1502]
Event: 0.362 Thread 0x0000000002a02800 Exception <a 'java/security/PrivilegedActionException'> (0x000000076c5d4fd8) thrown at [C:\jenkins\workspace\8-2-build-windows-amd64-cygwin\jdk8u251\737\hotspot\src\share\vm\prims\jvm.cpp, line 1502]
Event: 0.362 Thread 0x0000000002a02800 Exception <a 'java/security/PrivilegedActionException'> (0x000000076c5d53d0) thrown at [C:\jenkins\workspace\8-2-build-windows-amd64-cygwin\jdk8u251\737\hotspot\src\share\vm\prims\jvm.cpp, line 1502]
Event: 3.500 Thread 0x0000000002a02800 Exception <a 'java/io/FileNotFoundException'> (0x000000079e677ea0) thrown at [C:\jenkins\workspace\8-2-build-windows-amd64-cygwin\jdk8u251\737\hotspot\src\share\vm\prims\jni.cpp, line 710]
Event: 3.699 Thread 0x0000000002a02800 Exception <a 'java/lang/ArrayIndexOutOfBoundsException'> (0x000000076c79f8c8) thrown at [C:\jenkins\workspace\8-2-build-windows-amd64-cygwin\jdk8u251\737\hotspot\src\share\vm\runtime\sharedRuntime.cpp, line 605]
Event: 3.709 Thread 0x0000000002a02800 Exception <a 'java/lang/IncompatibleClassChangeError': Found class java.lang.Object, but interface was expected> (0x000000076c7f6210) thrown at [C:\jenkins\workspace\8-2-build-windows-amd64-cygwin\jdk8u251\737\hotspot\src\share\vm\interpreter\linkResolver

Events (10 events):
Event: 3.800 loading class org/eclipse/jdt/internal/compiler/ast/ConditionalExpression
Event: 3.800 loading class org/eclipse/jdt/internal/compiler/ast/ConditionalExpression done
Event: 3.808 loading class org/eclipse/jdt/internal/compiler/ast/WhileStatement
Event: 3.808 loading class org/eclipse/jdt/internal/compiler/ast/WhileStatement done
Event: 3.810 loading class org/eclipse/jdt/internal/compiler/ast/OR_OR_Expression
Event: 3.810 loading class org/eclipse/jdt/internal/compiler/ast/OR_OR_Expression done
Event: 3.811 loading class org/eclipse/jdt/internal/compiler/ast/SynchronizedStatement
Event: 3.811 loading class org/eclipse/jdt/internal/compiler/ast/SynchronizedStatement done
Event: 3.819 loading class org/eclipse/jdt/internal/compiler/ast/PostfixExpression
Event: 3.819 loading class org/eclipse/jdt/internal/compiler/ast/PostfixExpression done


Dynamic libraries:
0x00007ff6ae770000 - 0x00007ff6ae7a7000 	C:\Program Files\Java\jdk1.8.0_251\bin\java.exe
0x00007ffce49d0000 - 0x00007ffce4bc8000 	C:\WINDOWS\SYSTEM32\ntdll.dll
0x00007ffce4620000 - 0x00007ffce46dd000 	C:\WINDOWS\System32\KERNEL32.DLL
0x00007ffce2360000 - 0x00007ffce262e000 	C:\WINDOWS\System32\KERNELBASE.dll
0x00007ffce3dc0000 - 0x00007ffce3e6e000 	C:\WINDOWS\System32\ADVAPI32.dll
0x00007ffce3e70000 - 0x00007ffce3f0e000 	C:\WINDOWS\System32\msvcrt.dll
0x00007ffce4790000 - 0x00007ffce482c000 	C:\WINDOWS\System32\sechost.dll
0x00007ffce2a30000 - 0x00007ffce2b55000 	C:\WINDOWS\System32\RPCRT4.dll
0x00007ffce4480000 - 0x00007ffce4620000 	C:\WINDOWS\System32\USER32.dll
0x00007ffce2120000 - 0x00007ffce2142000 	C:\WINDOWS\System32\win32u.dll
0x00007ffce4830000 - 0x00007ffce485a000 	C:\WINDOWS\System32\GDI32.dll
0x00007ffce2920000 - 0x00007ffce2a2b000 	C:\WINDOWS\System32\gdi32full.dll
0x00007ffce26a0000 - 0x00007ffce273d000 	C:\WINDOWS\System32\msvcp_win.dll
0x00007ffce2740000 - 0x00007ffce2840000 	C:\WINDOWS\System32\ucrtbase.dll
0x00007ffccc6d0000 - 0x00007ffccc96a000 	C:\WINDOWS\WinSxS\amd64_microsoft.windows.common-controls_6595b64144ccf1df_6.0.19041.1110_none_60b5254171f9507e\COMCTL32.dll
0x00007ffce2cc0000 - 0x00007ffce2cf0000 	C:\WINDOWS\System32\IMM32.DLL
0x00000000611b0000 - 0x0000000061282000 	C:\Program Files\Java\jdk1.8.0_251\jre\bin\msvcr100.dll
0x0000000060900000 - 0x00000000611ab000 	C:\Program Files\Java\jdk1.8.0_251\jre\bin\server\jvm.dll
0x00007ffce2c30000 - 0x00007ffce2c38000 	C:\WINDOWS\System32\PSAPI.DLL
0x00007ffccd3c0000 - 0x00007ffccd3c9000 	C:\WINDOWS\SYSTEM32\WSOCK32.dll
0x00007ffcd7520000 - 0x00007ffcd752a000 	C:\WINDOWS\SYSTEM32\VERSION.dll
0x00007ffcdc200000 - 0x00007ffcdc227000 	C:\WINDOWS\SYSTEM32\WINMM.dll
0x00007ffce3c30000 - 0x00007ffce3c9b000 	C:\WINDOWS\System32\WS2_32.dll
0x00007ffcc0e10000 - 0x00007ffcc0e1f000 	C:\Program Files\Java\jdk1.8.0_251\jre\bin\verify.dll
0x00007ffc9aa60000 - 0x00007ffc9aa89000 	C:\Program Files\Java\jdk1.8.0_251\jre\bin\java.dll
0x00007ffc9d470000 - 0x00007ffc9d486000 	C:\Program Files\Java\jdk1.8.0_251\jre\bin\zip.dll
0x00007ffce31d0000 - 0x00007ffce3914000 	C:\WINDOWS\System32\SHELL32.dll
0x00007ffcdfd10000 - 0x00007ffce04a4000 	C:\WINDOWS\SYSTEM32\windows.storage.dll
0x00007ffce3fe0000 - 0x00007ffce4334000 	C:\WINDOWS\System32\combase.dll
0x00007ffce1b50000 - 0x00007ffce1b80000 	C:\WINDOWS\SYSTEM32\Wldp.dll
0x00007ffce46e0000 - 0x00007ffce478d000 	C:\WINDOWS\System32\SHCORE.dll
0x00007ffce3b70000 - 0x00007ffce3bc5000 	C:\WINDOWS\System32\shlwapi.dll
0x00007ffce2030000 - 0x00007ffce204f000 	C:\WINDOWS\SYSTEM32\profapi.dll
0x00007ffcac710000 - 0x00007ffcac72a000 	C:\Program Files\Java\jdk1.8.0_251\jre\bin\net.dll
0x00007ffce18b0000 - 0x00007ffce191a000 	C:\WINDOWS\system32\mswsock.dll
0x00007ffca60b0000 - 0x00007ffca60c2000 	C:\Program Files\Java\jdk1.8.0_251\jre\bin\nio.dll

VM Arguments:
java_command: s3m.jar C:\UFPE\miningframework\SOOTAnalysisOutput\jenkins\8991d8a6482909a9dd0627c568e63e02d1beb7f7\hudson\model\Queue\left.java C:\UFPE\miningframework\SOOTAnalysisOutput\jenkins\8991d8a6482909a9dd0627c568e63e02d1beb7f7\hudson\model\Queue\base.java C:\UFPE\miningframework\SOOTAnalysisOutput\jenkins\8991d8a6482909a9dd0627c568e63e02d1beb7f7\hudson\model\Queue\right.java -o C:\UFPE\miningframework\SOOTAnalysisOutput\jenkins\8991d8a6482909a9dd0627c568e63e02d1beb7f7\hudson\model\Queue\SimpleInitializationBlockHandler.java --handle-initialization-blocks true --handle-initialization-blocks-multiple-blocks false
java_class_path (initial): s3m.jar
Launcher Type: SUN_STANDARD

Environment Variables:
JAVA_HOME=C:\Program Files\Java\jdk1.8.0_291
PATH=C:\Program Files\Common Files\Oracle\Java\javapath;C:\Program Files (x86)\Common Files\Oracle\Java\javapath;C:\Windows\system32;C:\Windows;C:\Windows\System32\Wbem;C:\Windows\System32\WindowsPowerShell\v1.0\;C:\Windows\System32\OpenSSH\;C:\Program Files (x86)\NVIDIA Corporation\PhysX\Common;C:\Program Files\NVIDIA Corporation\NVIDIA NvDLISR;C:\Program Files (x86)\Groovy\bin;C:\Program Files (x86)\GnuWin32\bin;C:\UFPE\maven\apache-maven-3.6.3\bin;C:\WINDOWS\system32;C:\WINDOWS;C:\WINDOWS\System32\Wbem;C:\WINDOWS\System32\WindowsPowerShell\v1.0\;C:\WINDOWS\System32\OpenSSH\;C:\Program Files\Git\cmd;C:\Program Files\dotnet\;C:\Users\leona\AppData\Local\Microsoft\WindowsApps;C:\Program Files\Java\jdk-11.0.15\bin;C:\UFPE\maven\apache-maven-3.6.3\bin;C:\Users\leona\AppData\Local\GitHubDesktop\bin;C:\Users\leona\AppData\Local\Programs\Microsoft VS Code\bin;C:\Program Files\JetBrains\IntelliJ IDEA Community Edition 2020.2.3\bin;;C:\Program Files (x86)\GnuWin32\bin;C:\Users\leona\AppData\Local\Microsoft\WindowsApps;C:\flutter\flutter\bin;C:\gradle\bin;
USERNAME=leona
OS=Windows_NT
PROCESSOR_IDENTIFIER=Intel64 Family 6 Model 142 Stepping 12, GenuineIntel



---------------  S Y S T E M  ---------------

OS: Windows 10.0 , 64 bit Build 19041 (10.0.19041.1806)

CPU:total 8 (initial active 8) (4 cores per cpu, 2 threads per core) family 6 model 142 stepping 12, cmov, cx8, fxsr, mmx, sse, sse2, sse3, ssse3, sse4.1, sse4.2, popcnt, avx, avx2, aes, clmul, erms, 3dnowpref, lzcnt, ht, tsc, tscinvbit, bmi1, bmi2, adx

Memory: 4k page, physical 16556280k(818096k free), swap 45608436k(5904k free)

vm_info: Java HotSpot(TM) 64-Bit Server VM (25.251-b08) for windows-amd64 JRE (1.8.0_251-b08), built on Mar 12 2020 06:31:49 by "" with MS VC++ 10.0 (VS2010)

time: Tue Aug 02 20:43:01 2022
timezone: Hora Padrão de Buenos Aires
elapsed time: 3 seconds (0d 0h 0m 3s)

