#
# There is insufficient memory for the Java Runtime Environment to continue.
# Native memory allocation (malloc) failed to allocate 32744 bytes for ChunkPool::allocate
# Possible reasons:
#   The system is out of physical RAM or swap space
#   The process is running with CompressedOops enabled, and the Java Heap may be blocking the growth of the native heap
# Possible solutions:
#   Reduce memory load on the system
#   Increase physical memory or swap space
#   Check if swap backing store is full
#   Decrease Java heap size (-Xmx/-Xms)
#   Decrease number of Java threads
#   Decrease Java thread stack sizes (-Xss)
#   Set larger code cache with -XX:ReservedCodeCacheSize=
#   JVM is running with Zero Based Compressed Oops mode in which the Java heap is
#     placed in the first 32GB address space. The Java Heap base address is the
#     maximum limit for the native heap growth. Please use -XX:HeapBaseMinAddress
#     to set the Java Heap base and to place the Java Heap above 32GB virtual address.
# This output file may be truncated or incomplete.
#
#  Out of Memory Error (allocation.cpp:272), pid=156148, tid=0x0000000000024eb0
#
# JRE version: Java(TM) SE Runtime Environment (8.0_251-b08) (build 1.8.0_251-b08)
# Java VM: Java HotSpot(TM) 64-Bit Server VM (25.251-b08 mixed mode windows-amd64 compressed oops)
# Failed to write core dump. Minidumps are not enabled by default on client versions of Windows
#

---------------  T H R E A D  ---------------

Current thread (0x000000001e28e800):  JavaThread "C2 CompilerThread1" daemon [_thread_in_native, id=151216, stack(0x000000001ec80000,0x000000001ed80000)]

Stack: [0x000000001ec80000,0x000000001ed80000]
[error occurred during error reporting (printing stack bounds), id 0xc0000005]

Native frames: (J=compiled Java code, j=interpreted, Vv=VM code, C=native code)


Current CompileTask:
C2:   5683 2500       4       org.eclipse.jdt.internal.compiler.util.HashtableOfType::get (68 bytes)


---------------  P R O C E S S  ---------------

Java Threads: ( => current thread )
  0x000000001e326000 JavaThread "Service Thread" daemon [_thread_blocked, id=142804, stack(0x000000001ef80000,0x000000001f080000)]
  0x000000001e29b800 JavaThread "C1 CompilerThread3" daemon [_thread_in_native, id=153336, stack(0x000000001ee80000,0x000000001ef80000)]
  0x000000001e297800 JavaThread "C2 CompilerThread2" daemon [_thread_in_native, id=51036, stack(0x000000001ed80000,0x000000001ee80000)]
=>0x000000001e28e800 JavaThread "C2 CompilerThread1" daemon [_thread_in_native, id=151216, stack(0x000000001ec80000,0x000000001ed80000)]
  0x000000001e28c000 JavaThread "C2 CompilerThread0" daemon [_thread_in_native, id=120480, stack(0x000000001eb80000,0x000000001ec80000)]
  0x000000001e289000 JavaThread "Attach Listener" daemon [_thread_blocked, id=158676, stack(0x000000001ea80000,0x000000001eb80000)]
  0x000000001e286800 JavaThread "Signal Dispatcher" daemon [_thread_blocked, id=37256, stack(0x000000001e980000,0x000000001ea80000)]
  0x000000001e281000 JavaThread "Finalizer" daemon [_thread_blocked, id=150896, stack(0x000000001e760000,0x000000001e860000)]
  0x000000001e280800 JavaThread "Reference Handler" daemon [_thread_blocked, id=152636, stack(0x000000001e660000,0x000000001e760000)]
  0x0000000002aa2800 JavaThread "main" [_thread_blocked, id=156032, stack(0x0000000002930000,0x0000000002a30000)]

Other Threads:
  0x000000001c489000 VMThread [stack: 0x000000001e160000,0x000000001e260000] [id=158644]
  0x000000001e349000 WatcherThread [stack: 0x000000001f080000,0x000000001f180000] [id=154036]

VM state:at safepoint (normal execution)

VM Mutex/Monitor currently owned by a thread:  ([mutex/lock_event])
[0x0000000002a9d810] Threads_lock - owner thread: 0x000000001c489000
[0x0000000002a9df10] Heap_lock - owner thread: 0x0000000002aa2800

heap address: 0x00000006c3e00000, size: 4034 MB, Compressed Oops mode: Zero based, Oop shift amount: 3
Narrow klass base: 0x0000000000000000, Narrow klass shift: 3
Compressed class space size: 1073741824 Address: 0x00000007c0000000

Heap:
 PSYoungGen      total 1333760K, used 194058K [0x000000076bf80000, 0x00000007c0000000, 0x00000007c0000000)
  eden space 1329152K, 14% used [0x000000076bf80000,0x00000007778a2858,0x00000007bd180000)
  from space 4608K, 97% used [0x00000007bd180000,0x00000007bd5e0000,0x00000007bd600000)
  to   space 5120K, 99% used [0x00000007bfb00000,0x00000007bfffe028,0x00000007c0000000)
 ParOldGen       total 173568K, used 23209K [0x00000006c3e00000, 0x00000006ce780000, 0x000000076bf80000)
  object space 173568K, 13% used [0x00000006c3e00000,0x00000006c54aece0,0x00000006ce780000)
 Metaspace       used 16518K, capacity 16766K, committed 17024K, reserved 1069056K
  class space    used 1549K, capacity 1625K, committed 1664K, reserved 1048576K

Card table byte_map: [0x0000000011f60000,0x0000000012750000] byte_map_base: 0x000000000e941000

Marking Bits: (ParMarkBitMap*) 0x0000000074c9af90
 Begin Bits: [0x00000000134a0000, 0x00000000173a8000)
 End Bits:   [0x00000000173a8000, 0x000000001b2b0000)

Polling page: 0x0000000001040000

CodeCache: size=245760Kb used=12558Kb max_used=12558Kb free=233201Kb
 bounds [0x0000000002ba0000, 0x00000000037f0000, 0x0000000011ba0000]
 total_blobs=2896 nmethods=2491 adapters=317
 compilation: enabled

Compilation events (10 events):
Event: 5.670 Thread 0x000000001e29b800 nmethod 2488 0x00000000037e8390 code [0x00000000037e84e0, 0x00000000037e85f0]
Event: 5.670 Thread 0x000000001e29b800 2506   !   3       org.eclipse.jdt.internal.compiler.lookup.MethodBinding::sourceMethod (78 bytes)
Event: 5.671 Thread 0x000000001e29b800 nmethod 2506 0x00000000037e8650 code [0x00000000037e87e0, 0x00000000037e8db0]
Event: 5.671 Thread 0x000000001e29b800 2511  s    3       org.eclipse.jdt.internal.compiler.batch.ClasspathJar::getModulesDeclaringPackage (104 bytes)
Event: 5.672 Thread 0x000000001e29b800 nmethod 2511 0x00000000037e8fd0 code [0x00000000037e9280, 0x00000000037ea488]
Event: 5.672 Thread 0x000000001e29b800 2510       3       org.eclipse.jdt.internal.compiler.env.IModuleAwareNameEnvironment$LookupStrategy::matches (12 bytes)
Event: 5.673 Thread 0x000000001e29b800 nmethod 2510 0x00000000037eac50 code [0x00000000037eade0, 0x00000000037eb188]
Event: 5.673 Thread 0x000000001e29b800 2515       3       org.eclipse.jdt.internal.compiler.lookup.TypeBinding::isRawType (14 bytes)
Event: 5.673 Thread 0x000000001e29b800 nmethod 2515 0x00000000037eb2d0 code [0x00000000037eb440, 0x00000000037eb6a8]
Event: 5.673 Thread 0x000000001e29b800 2504       3       org.eclipse.jdt.internal.compiler.ast.ASTNode::isTypeUseDeprecated (215 bytes)

GC Heap History (10 events):
Event: 2.590 GC heap before
{Heap before GC invocations=9 (full 0):
 PSYoungGen      total 523776K, used 521632K [0x000000076bf80000, 0x000000078c380000, 0x00000007c0000000)
  eden space 519168K, 100% used [0x000000076bf80000,0x000000078ba80000,0x000000078ba80000)
  from space 4608K, 53% used [0x000000078bf00000,0x000000078c168000,0x000000078c380000)
  to   space 4608K, 0% used [0x000000078ba80000,0x000000078ba80000,0x000000078bf00000)
 ParOldGen       total 173568K, used 3177K [0x00000006c3e00000, 0x00000006ce780000, 0x000000076bf80000)
  object space 173568K, 1% used [0x00000006c3e00000,0x00000006c411a750,0x00000006ce780000)
 Metaspace       used 9319K, capacity 9550K, committed 9856K, reserved 1058816K
  class space    used 958K, capacity 1033K, committed 1152K, reserved 1048576K
Event: 2.597 GC heap after
Heap after GC invocations=9 (full 0):
 PSYoungGen      total 523776K, used 3520K [0x000000076bf80000, 0x000000079f400000, 0x00000007c0000000)
  eden space 519168K, 0% used [0x000000076bf80000,0x000000076bf80000,0x000000078ba80000)
  from space 4608K, 76% used [0x000000078ba80000,0x000000078bdf0000,0x000000078bf00000)
  to   space 4608K, 0% used [0x000000079ef80000,0x000000079ef80000,0x000000079f400000)
 ParOldGen       total 173568K, used 4021K [0x00000006c3e00000, 0x00000006ce780000, 0x000000076bf80000)
  object space 173568K, 2% used [0x00000006c3e00000,0x00000006c41ed7f8,0x00000006ce780000)
 Metaspace       used 9319K, capacity 9550K, committed 9856K, reserved 1058816K
  class space    used 958K, capacity 1033K, committed 1152K, reserved 1048576K
}
Event: 2.979 GC heap before
{Heap before GC invocations=10 (full 0):
 PSYoungGen      total 523776K, used 522688K [0x000000076bf80000, 0x000000079f400000, 0x00000007c0000000)
  eden space 519168K, 100% used [0x000000076bf80000,0x000000078ba80000,0x000000078ba80000)
  from space 4608K, 76% used [0x000000078ba80000,0x000000078bdf0000,0x000000078bf00000)
  to   space 4608K, 0% used [0x000000079ef80000,0x000000079ef80000,0x000000079f400000)
 ParOldGen       total 173568K, used 4021K [0x00000006c3e00000, 0x00000006ce780000, 0x000000076bf80000)
  object space 173568K, 2% used [0x00000006c3e00000,0x00000006c41ed7f8,0x00000006ce780000)
 Metaspace       used 9368K, capacity 9550K, committed 9856K, reserved 1058816K
  class space    used 958K, capacity 1033K, committed 1152K, reserved 1048576K
Event: 2.985 GC heap after
Heap after GC invocations=10 (full 0):
 PSYoungGen      total 835072K, used 4000K [0x000000076bf80000, 0x000000079f500000, 0x00000007c0000000)
  eden space 830464K, 0% used [0x000000076bf80000,0x000000076bf80000,0x000000079ea80000)
  from space 4608K, 86% used [0x000000079ef80000,0x000000079f368020,0x000000079f400000)
  to   space 5120K, 0% used [0x000000079ea80000,0x000000079ea80000,0x000000079ef80000)
 ParOldGen       total 173568K, used 5581K [0x00000006c3e00000, 0x00000006ce780000, 0x000000076bf80000)
  object space 173568K, 3% used [0x00000006c3e00000,0x00000006c43737f8,0x00000006ce780000)
 Metaspace       used 9368K, capacity 9550K, committed 9856K, reserved 1058816K
  class space    used 958K, capacity 1033K, committed 1152K, reserved 1048576K
}
Event: 3.527 GC heap before
{Heap before GC invocations=11 (full 0):
 PSYoungGen      total 835072K, used 834464K [0x000000076bf80000, 0x000000079f500000, 0x00000007c0000000)
  eden space 830464K, 100% used [0x000000076bf80000,0x000000079ea80000,0x000000079ea80000)
  from space 4608K, 86% used [0x000000079ef80000,0x000000079f368020,0x000000079f400000)
  to   space 5120K, 0% used [0x000000079ea80000,0x000000079ea80000,0x000000079ef80000)
 ParOldGen       total 173568K, used 5581K [0x00000006c3e00000, 0x00000006ce780000, 0x000000076bf80000)
  object space 173568K, 3% used [0x00000006c3e00000,0x00000006c43737f8,0x00000006ce780000)
 Metaspace       used 9376K, capacity 9614K, committed 9856K, reserved 1058816K
  class space    used 958K, capacity 1033K, committed 1152K, reserved 1048576K
Event: 3.534 GC heap after
Heap after GC invocations=11 (full 0):
 PSYoungGen      total 835584K, used 2752K [0x000000076bf80000, 0x00000007bdb80000, 0x00000007c0000000)
  eden space 830464K, 0% used [0x000000076bf80000,0x000000076bf80000,0x000000079ea80000)
  from space 5120K, 53% used [0x000000079ea80000,0x000000079ed30000,0x000000079ef80000)
  to   space 5120K, 0% used [0x00000007bd680000,0x00000007bd680000,0x00000007bdb80000)
 ParOldGen       total 173568K, used 9479K [0x00000006c3e00000, 0x00000006ce780000, 0x000000076bf80000)
  object space 173568K, 5% used [0x00000006c3e00000,0x00000006c4741e60,0x00000006ce780000)
 Metaspace       used 9376K, capacity 9614K, committed 9856K, reserved 1058816K
  class space    used 958K, capacity 1033K, committed 1152K, reserved 1048576K
}
Event: 4.005 GC heap before
{Heap before GC invocations=12 (full 0):
 PSYoungGen      total 835584K, used 833216K [0x000000076bf80000, 0x00000007bdb80000, 0x00000007c0000000)
  eden space 830464K, 100% used [0x000000076bf80000,0x000000079ea80000,0x000000079ea80000)
  from space 5120K, 53% used [0x000000079ea80000,0x000000079ed30000,0x000000079ef80000)
  to   space 5120K, 0% used [0x00000007bd680000,0x00000007bd680000,0x00000007bdb80000)
 ParOldGen       total 173568K, used 9479K [0x00000006c3e00000, 0x00000006ce780000, 0x000000076bf80000)
  object space 173568K, 5% used [0x00000006c3e00000,0x00000006c4741e60,0x00000006ce780000)
 Metaspace       used 9388K, capacity 9614K, committed 9856K, reserved 1058816K
  class space    used 958K, capacity 1033K, committed 1152K, reserved 1048576K
Event: 4.011 GC heap after
Heap after GC invocations=12 (full 0):
 PSYoungGen      total 1333248K, used 3264K [0x000000076bf80000, 0x00000007bda80000, 0x00000007c0000000)
  eden space 1329152K, 0% used [0x000000076bf80000,0x000000076bf80000,0x00000007bd180000)
  from space 4096K, 79% used [0x00000007bd680000,0x00000007bd9b0020,0x00000007bda80000)
  to   space 4608K, 0% used [0x00000007bd180000,0x00000007bd180000,0x00000007bd600000)
 ParOldGen       total 173568K, used 12127K [0x00000006c3e00000, 0x00000006ce780000, 0x000000076bf80000)
  object space 173568K, 6% used [0x00000006c3e00000,0x00000006c49d7f70,0x00000006ce780000)
 Metaspace       used 9388K, capacity 9614K, committed 9856K, reserved 1058816K
  class space    used 958K, capacity 1033K, committed 1152K, reserved 1048576K
}
Event: 4.896 GC heap before
{Heap before GC invocations=13 (full 0):
 PSYoungGen      total 1333248K, used 1332416K [0x000000076bf80000, 0x00000007bda80000, 0x00000007c0000000)
  eden space 1329152K, 100% used [0x000000076bf80000,0x00000007bd180000,0x00000007bd180000)
  from space 4096K, 79% used [0x00000007bd680000,0x00000007bd9b0020,0x00000007bda80000)
  to   space 4608K, 0% used [0x00000007bd180000,0x00000007bd180000,0x00000007bd600000)
 ParOldGen       total 173568K, used 12127K [0x00000006c3e00000, 0x00000006ce780000, 0x000000076bf80000)
  object space 173568K, 6% used [0x00000006c3e00000,0x00000006c49d7f70,0x00000006ce780000)
 Metaspace       used 9395K, capacity 9614K, committed 9856K, reserved 1058816K
  class space    used 958K, capacity 1033K, committed 1152K, reserved 1048576K
Event: 4.904 GC heap after
Heap after GC invocations=13 (full 0):
 PSYoungGen      total 1333760K, used 4480K [0x000000076bf80000, 0x00000007c0000000, 0x00000007c0000000)
  eden space 1329152K, 0% used [0x000000076bf80000,0x000000076bf80000,0x00000007bd180000)
  from space 4608K, 97% used [0x00000007bd180000,0x00000007bd5e0000,0x00000007bd600000)
  to   space 5120K, 0% used [0x00000007bfb00000,0x00000007bfb00000,0x00000007c0000000)
 ParOldGen       total 173568K, used 15329K [0x00000006c3e00000, 0x00000006ce780000, 0x000000076bf80000)
  object space 173568K, 8% used [0x00000006c3e00000,0x00000006c4cf8710,0x00000006ce780000)
 Metaspace       used 9395K, capacity 9614K, committed 9856K, reserved 1058816K
  class space    used 958K, capacity 1033K, committed 1152K, reserved 1048576K
}

Deoptimization events (10 events):
Event: 5.026 Thread 0x0000000002aa2800 Uncommon trap: reason=unstable_if action=reinterpret pc=0x000000000305d430 method=java.util.regex.Pattern.expr(Ljava/util/regex/Pattern$Node;)Ljava/util/regex/Pattern$Node; @ 129
Event: 5.055 Thread 0x0000000002aa2800 Uncommon trap: reason=class_check action=maybe_recompile pc=0x0000000002d9e1a8 method=java.util.stream.ReduceOps$3ReducingSink.accept(Ljava/lang/Object;)V @ 9
Event: 5.055 Thread 0x0000000002aa2800 Uncommon trap: reason=class_check action=maybe_recompile pc=0x0000000002d9e1a8 method=java.util.stream.ReduceOps$3ReducingSink.accept(Ljava/lang/Object;)V @ 9
Event: 5.055 Thread 0x0000000002aa2800 Uncommon trap: reason=class_check action=maybe_recompile pc=0x0000000002d9e1a8 method=java.util.stream.ReduceOps$3ReducingSink.accept(Ljava/lang/Object;)V @ 9
Event: 5.055 Thread 0x0000000002aa2800 Uncommon trap: reason=class_check action=maybe_recompile pc=0x0000000002d9e1a8 method=java.util.stream.ReduceOps$3ReducingSink.accept(Ljava/lang/Object;)V @ 9
Event: 5.057 Thread 0x0000000002aa2800 Uncommon trap: reason=unstable_if action=reinterpret pc=0x000000000301e60c method=java.util.regex.Pattern.RemoveQEQuoting()V @ 41
Event: 5.491 Thread 0x0000000002aa2800 Uncommon trap: reason=unstable_if action=reinterpret pc=0x00000000036ab410 method=org.eclipse.jdt.internal.compiler.parser.Scanner.getNextToken0()I @ 281
Event: 5.504 Thread 0x0000000002aa2800 Uncommon trap: reason=unloaded action=reinterpret pc=0x00000000036cfc28 method=org.eclipse.jdt.internal.compiler.parser.Parser.consumeToken(I)V @ 1578
Event: 5.504 Thread 0x0000000002aa2800 Uncommon trap: reason=unstable_if action=reinterpret pc=0x00000000036231b0 method=sun.net.www.ParseUtil.encodePath(Ljava/lang/String;Z)Ljava/lang/String; @ 109
Event: 5.525 Thread 0x0000000002aa2800 Uncommon trap: reason=unstable_if action=reinterpret pc=0x00000000036f9e5c method=org.eclipse.jdt.internal.compiler.parser.Scanner.getNextToken()I @ 80

Classes redefined (0 events):
No events

Internal exceptions (10 events):
Event: 0.158 Thread 0x0000000002aa2800 Exception <a 'sun/nio/fs/WindowsException'> (0x000000076c2dc348) thrown at [C:\jenkins\workspace\8-2-build-windows-amd64-cygwin\jdk8u251\737\hotspot\src\share\vm\prims\jni.cpp, line 710]
Event: 0.217 Thread 0x0000000002aa2800 Exception <a 'java/lang/ArrayIndexOutOfBoundsException'> (0x000000076c461380) thrown at [C:\jenkins\workspace\8-2-build-windows-amd64-cygwin\jdk8u251\737\hotspot\src\share\vm\runtime\sharedRuntime.cpp, line 605]
Event: 0.217 Thread 0x0000000002aa2800 Exception <a 'java/lang/ArrayIndexOutOfBoundsException'> (0x000000076c462288) thrown at [C:\jenkins\workspace\8-2-build-windows-amd64-cygwin\jdk8u251\737\hotspot\src\share\vm\runtime\sharedRuntime.cpp, line 605]
Event: 0.299 Thread 0x0000000002aa2800 Exception <a 'java/security/PrivilegedActionException'> (0x000000076c8bef58) thrown at [C:\jenkins\workspace\8-2-build-windows-amd64-cygwin\jdk8u251\737\hotspot\src\share\vm\prims\jvm.cpp, line 1502]
Event: 0.299 Thread 0x0000000002aa2800 Exception <a 'java/security/PrivilegedActionException'> (0x000000076c8bf350) thrown at [C:\jenkins\workspace\8-2-build-windows-amd64-cygwin\jdk8u251\737\hotspot\src\share\vm\prims\jvm.cpp, line 1502]
Event: 0.300 Thread 0x0000000002aa2800 Exception <a 'java/security/PrivilegedActionException'> (0x000000076c8c3630) thrown at [C:\jenkins\workspace\8-2-build-windows-amd64-cygwin\jdk8u251\737\hotspot\src\share\vm\prims\jvm.cpp, line 1502]
Event: 0.300 Thread 0x0000000002aa2800 Exception <a 'java/security/PrivilegedActionException'> (0x000000076c8c3a28) thrown at [C:\jenkins\workspace\8-2-build-windows-amd64-cygwin\jdk8u251\737\hotspot\src\share\vm\prims\jvm.cpp, line 1502]
Event: 5.187 Thread 0x0000000002aa2800 Exception <a 'java/io/FileNotFoundException'> (0x0000000773c24530) thrown at [C:\jenkins\workspace\8-2-build-windows-amd64-cygwin\jdk8u251\737\hotspot\src\share\vm\prims\jni.cpp, line 710]
Event: 5.381 Thread 0x0000000002aa2800 Exception <a 'java/lang/ArrayIndexOutOfBoundsException'> (0x000000077484de90) thrown at [C:\jenkins\workspace\8-2-build-windows-amd64-cygwin\jdk8u251\737\hotspot\src\share\vm\runtime\sharedRuntime.cpp, line 605]
Event: 5.394 Thread 0x0000000002aa2800 Exception <a 'java/lang/IncompatibleClassChangeError': Found class java.lang.Object, but interface was expected> (0x00000007748a8320) thrown at [C:\jenkins\workspace\8-2-build-windows-amd64-cygwin\jdk8u251\737\hotspot\src\share\vm\interpreter\linkResolver

Events (10 events):
Event: 5.628 loading class org/eclipse/jdt/internal/compiler/ast/TypeReference$AnnotationPosition
Event: 5.628 loading class org/eclipse/jdt/internal/compiler/ast/TypeReference$AnnotationPosition done
Event: 5.631 loading class org/eclipse/jdt/internal/compiler/lookup/TypeBinding
Event: 5.631 loading class org/eclipse/jdt/internal/compiler/lookup/TypeBinding done
Event: 5.632 loading class org/eclipse/jdt/internal/compiler/lookup/TypeBinding
Event: 5.632 loading class org/eclipse/jdt/internal/compiler/lookup/TypeBinding done
Event: 5.632 loading class org/eclipse/jdt/internal/compiler/ast/ArrayTypeReference
Event: 5.632 loading class org/eclipse/jdt/internal/compiler/ast/ArrayTypeReference done
Event: 5.647 loading class org/eclipse/jdt/internal/compiler/impl/ByteConstant
Event: 5.647 loading class org/eclipse/jdt/internal/compiler/impl/ByteConstant done


Dynamic libraries:
0x00007ff7939c0000 - 0x00007ff7939f7000 	C:\Program Files\Java\jdk1.8.0_251\bin\java.exe
0x00007ffd09a30000 - 0x00007ffd09c28000 	C:\WINDOWS\SYSTEM32\ntdll.dll
0x00007ffd08070000 - 0x00007ffd0812f000 	C:\WINDOWS\System32\KERNEL32.DLL
0x00007ffd07540000 - 0x00007ffd07812000 	C:\WINDOWS\System32\KERNELBASE.dll
0x00007ffd085a0000 - 0x00007ffd0864e000 	C:\WINDOWS\System32\ADVAPI32.dll
0x00007ffd089c0000 - 0x00007ffd08a5e000 	C:\WINDOWS\System32\msvcrt.dll
0x00007ffd08650000 - 0x00007ffd086ec000 	C:\WINDOWS\System32\sechost.dll
0x00007ffd07d10000 - 0x00007ffd07e35000 	C:\WINDOWS\System32\RPCRT4.dll
0x00007ffd08e70000 - 0x00007ffd09011000 	C:\WINDOWS\System32\USER32.dll
0x00007ffd073d0000 - 0x00007ffd073f2000 	C:\WINDOWS\System32\win32u.dll
0x00007ffd07f70000 - 0x00007ffd07f9b000 	C:\WINDOWS\System32\GDI32.dll
0x00007ffd07120000 - 0x00007ffd0722f000 	C:\WINDOWS\System32\gdi32full.dll
0x00007ffd07820000 - 0x00007ffd078bd000 	C:\WINDOWS\System32\msvcp_win.dll
0x00007ffd07230000 - 0x00007ffd07330000 	C:\WINDOWS\System32\ucrtbase.dll
0x00007ffce8280000 - 0x00007ffce851a000 	C:\WINDOWS\WinSxS\amd64_microsoft.windows.common-controls_6595b64144ccf1df_6.0.19041.1110_none_60b5254171f9507e\COMCTL32.dll
0x00007ffd07ad0000 - 0x00007ffd07b02000 	C:\WINDOWS\System32\IMM32.DLL
0x0000000075ee0000 - 0x0000000075fb2000 	C:\Program Files\Java\jdk1.8.0_251\jre\bin\msvcr100.dll
0x0000000074470000 - 0x0000000074d1b000 	C:\Program Files\Java\jdk1.8.0_251\jre\bin\server\jvm.dll
0x00007ffd07e40000 - 0x00007ffd07e48000 	C:\WINDOWS\System32\PSAPI.DLL
0x00007ffd01200000 - 0x00007ffd01227000 	C:\WINDOWS\SYSTEM32\WINMM.dll
0x00007ffcfd9c0000 - 0x00007ffcfd9ca000 	C:\WINDOWS\SYSTEM32\VERSION.dll
0x00007ffcecb50000 - 0x00007ffcecb59000 	C:\WINDOWS\SYSTEM32\WSOCK32.dll
0x00007ffd097d0000 - 0x00007ffd0983b000 	C:\WINDOWS\System32\WS2_32.dll
0x00007ffcf8240000 - 0x00007ffcf824f000 	C:\Program Files\Java\jdk1.8.0_251\jre\bin\verify.dll
0x00007ffcd0830000 - 0x00007ffcd0859000 	C:\Program Files\Java\jdk1.8.0_251\jre\bin\java.dll
0x00007ffcefb40000 - 0x00007ffcefb56000 	C:\Program Files\Java\jdk1.8.0_251\jre\bin\zip.dll
0x00007ffd09020000 - 0x00007ffd09765000 	C:\WINDOWS\System32\SHELL32.dll
0x00007ffd04d00000 - 0x00007ffd05492000 	C:\WINDOWS\SYSTEM32\windows.storage.dll
0x00007ffd08b10000 - 0x00007ffd08e65000 	C:\WINDOWS\System32\combase.dll
0x00007ffd06b80000 - 0x00007ffd06bb0000 	C:\WINDOWS\SYSTEM32\Wldp.dll
0x00007ffd07ec0000 - 0x00007ffd07f6d000 	C:\WINDOWS\System32\SHCORE.dll
0x00007ffd07e50000 - 0x00007ffd07ea5000 	C:\WINDOWS\System32\shlwapi.dll
0x00007ffd07060000 - 0x00007ffd0707f000 	C:\WINDOWS\SYSTEM32\profapi.dll
0x00007ffce5da0000 - 0x00007ffce5dba000 	C:\Program Files\Java\jdk1.8.0_251\jre\bin\net.dll
0x00007ffd068e0000 - 0x00007ffd0694a000 	C:\WINDOWS\system32\mswsock.dll
0x00007ffcd6df0000 - 0x00007ffcd6e02000 	C:\Program Files\Java\jdk1.8.0_251\jre\bin\nio.dll

VM Arguments:
java_command: s3m.jar C:\UFPE\miningframework\SOOTAnalysisOutput\hive\7f3ba41332bc7cbcab56c72a4e1f623fa884316a\org\apache\hadoop\hive\ql\exec\Utilities\left.java C:\UFPE\miningframework\SOOTAnalysisOutput\hive\7f3ba41332bc7cbcab56c72a4e1f623fa884316a\org\apache\hadoop\hive\ql\exec\Utilities\base.java C:\UFPE\miningframework\SOOTAnalysisOutput\hive\7f3ba41332bc7cbcab56c72a4e1f623fa884316a\org\apache\hadoop\hive\ql\exec\Utilities\right.java -o C:\UFPE\miningframework\SOOTAnalysisOutput\hive\7f3ba41332bc7cbcab56c72a4e1f623fa884316a\org\apache\hadoop\hive\ql\exec\Utilities\SimpleInitializationBlockHandler.java --handle-initialization-blocks true --handle-initialization-blocks-multiple-blocks false
java_class_path (initial): s3m.jar
Launcher Type: SUN_STANDARD

Environment Variables:
JAVA_HOME=C:\Program Files\Java\jdk1.8.0_291
PATH=C:\Program Files\Common Files\Oracle\Java\javapath;C:\Program Files (x86)\Common Files\Oracle\Java\javapath;C:\Windows\system32;C:\Windows;C:\Windows\System32\Wbem;C:\Windows\System32\WindowsPowerShell\v1.0\;C:\Windows\System32\OpenSSH\;C:\Program Files (x86)\NVIDIA Corporation\PhysX\Common;C:\Program Files\NVIDIA Corporation\NVIDIA NvDLISR;C:\Program Files (x86)\Groovy\bin;C:\Program Files (x86)\GnuWin32\bin;C:\UFPE\maven\apache-maven-3.6.3\bin;C:\WINDOWS\system32;C:\WINDOWS;C:\WINDOWS\System32\Wbem;C:\WINDOWS\System32\WindowsPowerShell\v1.0\;C:\WINDOWS\System32\OpenSSH\;C:\Program Files\Git\cmd;C:\Program Files\dotnet\;C:\Users\leona\AppData\Local\Microsoft\WindowsApps;C:\Program Files\Java\jdk-11.0.15\bin;C:\UFPE\maven\apache-maven-3.6.3\bin;C:\Users\leona\AppData\Local\GitHubDesktop\bin;C:\Users\leona\AppData\Local\Programs\Microsoft VS Code\bin;C:\Program Files\JetBrains\IntelliJ IDEA Community Edition 2020.2.3\bin;;C:\Program Files (x86)\GnuWin32\bin;C:\Users\leona\AppData\Local\Microsoft\WindowsApps;C:\flutter\flutter\bin;C:\gradle\bin;
USERNAME=leona
OS=Windows_NT
PROCESSOR_IDENTIFIER=Intel64 Family 6 Model 142 Stepping 12, GenuineIntel



---------------  S Y S T E M  ---------------

OS: Windows 10.0 , 64 bit Build 19041 (10.0.19041.2546)

CPU:total 8 (initial active 8) (4 cores per cpu, 2 threads per core) family 6 model 142 stepping 12, cmov, cx8, fxsr, mmx, sse, sse2, sse3, ssse3, sse4.1, sse4.2, popcnt, avx, avx2, aes, clmul, erms, 3dnowpref, lzcnt, ht, tsc, tscinvbit, bmi1, bmi2, adx

Memory: 4k page, physical 16521856k(1279904k free), swap 45574012k(5124k free)

vm_info: Java HotSpot(TM) 64-Bit Server VM (25.251-b08) for windows-amd64 JRE (1.8.0_251-b08), built on Mar 12 2020 06:31:49 by "" with MS VC++ 10.0 (VS2010)

time: Tue Mar 07 02:07:12 2023
timezone: Hora Padrão de Buenos Aires
elapsed time: 5 seconds (0d 0h 0m 5s)

