#
# There is insufficient memory for the Java Runtime Environment to continue.
# Native memory allocation (malloc) failed to allocate 32784 bytes for Chunk::new
# Possible reasons:
#   The system is out of physical RAM or swap space
#   The process is running with CompressedOops enabled, and the Java Heap may be blocking the growth of the native heap
# Possible solutions:
#   Reduce memory load on the system
#   Increase physical memory or swap space
#   Check if swap backing store is full
#   Decrease Java heap size (-Xmx/-Xms)
#   Decrease number of Java threads
#   Decrease Java thread stack sizes (-Xss)
#   Set larger code cache with -XX:ReservedCodeCacheSize=
#   JVM is running with Zero Based Compressed Oops mode in which the Java heap is
#     placed in the first 32GB address space. The Java Heap base address is the
#     maximum limit for the native heap growth. Please use -XX:HeapBaseMinAddress
#     to set the Java Heap base and to place the Java Heap above 32GB virtual address.
# This output file may be truncated or incomplete.
#
#  Out of Memory Error (allocation.cpp:389), pid=100112, tid=0x00000000000152c4
#
# JRE version: Java(TM) SE Runtime Environment (8.0_251-b08) (build 1.8.0_251-b08)
# Java VM: Java HotSpot(TM) 64-Bit Server VM (25.251-b08 mixed mode windows-amd64 compressed oops)
# Failed to write core dump. Minidumps are not enabled by default on client versions of Windows
#

---------------  T H R E A D  ---------------

Current thread (0x000000001e25c000):  JavaThread "C2 CompilerThread0" daemon [_thread_in_native, id=86724, stack(0x000000001eb50000,0x000000001ec50000)]

Stack: [0x000000001eb50000,0x000000001ec50000]
[error occurred during error reporting (printing stack bounds), id 0xc0000005]

Native frames: (J=compiled Java code, j=interpreted, Vv=VM code, C=native code)


Current CompileTask:
C2:   6592 2853       4       org.eclipse.jdt.internal.compiler.parser.Parser::consumeToken (2061 bytes)


---------------  P R O C E S S  ---------------

Java Threads: ( => current thread )
  0x000000001e2f6800 JavaThread "Service Thread" daemon [_thread_blocked, id=106016, stack(0x000000001ef50000,0x000000001f050000)]
  0x000000001e265800 JavaThread "C1 CompilerThread3" daemon [_thread_in_vm, id=112992, stack(0x000000001ee50000,0x000000001ef50000)]
  0x000000001e261800 JavaThread "C2 CompilerThread2" daemon [_thread_in_native, id=110564, stack(0x000000001ed50000,0x000000001ee50000)]
  0x000000001e25e800 JavaThread "C2 CompilerThread1" daemon [_thread_in_native, id=101988, stack(0x000000001ec50000,0x000000001ed50000)]
=>0x000000001e25c000 JavaThread "C2 CompilerThread0" daemon [_thread_in_native, id=86724, stack(0x000000001eb50000,0x000000001ec50000)]
  0x000000001e259800 JavaThread "Attach Listener" daemon [_thread_blocked, id=96492, stack(0x000000001ea50000,0x000000001eb50000)]
  0x000000001c45e800 JavaThread "Signal Dispatcher" daemon [_thread_blocked, id=112372, stack(0x000000001e950000,0x000000001ea50000)]
  0x0000000002ab8000 JavaThread "Finalizer" daemon [_thread_blocked, id=30984, stack(0x000000001e730000,0x000000001e830000)]
  0x000000001e250800 JavaThread "Reference Handler" daemon [_thread_blocked, id=83828, stack(0x000000001e630000,0x000000001e730000)]
  0x00000000029c2800 JavaThread "main" [_thread_in_Java, id=111988, stack(0x00000000028c0000,0x00000000029c0000)]

Other Threads:
  0x000000001c449000 VMThread [stack: 0x000000001e130000,0x000000001e230000] [id=17912]
  0x000000001e319800 WatcherThread [stack: 0x000000001f050000,0x000000001f150000] [id=111444]

VM state:not at safepoint (normal execution)

VM Mutex/Monitor currently owned by a thread: None

heap address: 0x00000006c3400000, size: 4044 MB, Compressed Oops mode: Zero based, Oop shift amount: 3
Narrow klass base: 0x0000000000000000, Narrow klass shift: 3
Compressed class space size: 1073741824 Address: 0x00000007c0000000

Heap:
 PSYoungGen      total 835072K, used 660337K [0x000000076bc00000, 0x00000007bdb80000, 0x00000007c0000000)
  eden space 830976K, 78% used [0x000000076bc00000,0x0000000793ce40a8,0x000000079e780000)
  from space 4096K, 99% used [0x000000079e780000,0x000000079eb785c8,0x000000079eb80000)
  to   space 6656K, 0% used [0x00000007bd500000,0x00000007bd500000,0x00000007bdb80000)
 ParOldGen       total 173568K, used 10082K [0x00000006c3400000, 0x00000006cdd80000, 0x000000076bc00000)
  object space 173568K, 5% used [0x00000006c3400000,0x00000006c3dd8928,0x00000006cdd80000)
 Metaspace       used 19469K, capacity 19866K, committed 20096K, reserved 1067008K
  class space    used 1764K, capacity 1871K, committed 1920K, reserved 1048576K

Card table byte_map: [0x0000000011e80000,0x0000000012670000] byte_map_base: 0x000000000e866000

Marking Bits: (ParMarkBitMap*) 0x000000006112af90
 Begin Bits: [0x00000000133c0000, 0x00000000172f0000)
 End Bits:   [0x00000000172f0000, 0x000000001b220000)

Polling page: 0x0000000000f50000

CodeCache: size=245760Kb used=11369Kb max_used=12455Kb free=234390Kb
 bounds [0x0000000002ac0000, 0x0000000003700000, 0x0000000011ac0000]
 total_blobs=2969 nmethods=2544 adapters=337
 compilation: enabled

Compilation events (10 events):
Event: 6.587 Thread 0x000000001e265800 nmethod 3027 0x00000000032d0d10 code [0x00000000032d0e80, 0x00000000032d1130]
Event: 6.587 Thread 0x000000001e265800 3021       3       org.eclipse.jdt.internal.compiler.lookup.TypeBinding::isCompatibleWith (7 bytes)
Event: 6.588 Thread 0x000000001e265800 nmethod 3021 0x00000000032d08d0 code [0x00000000032d0a40, 0x00000000032d0c68]
Event: 6.588 Thread 0x000000001e265800 3008       3       org.eclipse.jdt.internal.compiler.lookup.Scope::findType (74 bytes)
Event: 6.588 Thread 0x000000001e265800 nmethod 3008 0x0000000002e7ef10 code [0x0000000002e7f1c0, 0x0000000002e80818]
Event: 6.588 Thread 0x000000001e265800 3007       3       org.eclipse.jdt.internal.compiler.ast.LocalDeclaration::isTypeNameVar (22 bytes)
Event: 6.589 Thread 0x000000001e265800 nmethod 3007 0x000000000340d690 code [0x000000000340d800, 0x000000000340daa8]
Event: 6.589 Thread 0x000000001e265800 3025       3       org.eclipse.jdt.internal.compiler.ast.SingleNameReference::computeConversion (205 bytes)
Event: 6.590 Thread 0x000000001e265800 nmethod 3025 0x0000000003224dd0 code [0x0000000003225120, 0x00000000032271b8]
Event: 6.590 Thread 0x000000001e265800 3031       3       org.eclipse.jdt.internal.compiler.lookup.Scope::findExactMethod (268 bytes)

GC Heap History (10 events):
Event: 1.293 GC heap before
{Heap before GC invocations=7 (full 0):
 PSYoungGen      total 263168K, used 263143K [0x000000076bc00000, 0x000000077c200000, 0x00000007c0000000)
  eden space 259584K, 100% used [0x000000076bc00000,0x000000077b980000,0x000000077b980000)
  from space 3584K, 99% used [0x000000077bd80000,0x000000077c0f9ec0,0x000000077c100000)
  to   space 4096K, 0% used [0x000000077b980000,0x000000077b980000,0x000000077bd80000)
 ParOldGen       total 173568K, used 64K [0x00000006c3400000, 0x00000006cdd80000, 0x000000076bc00000)
  object space 173568K, 0% used [0x00000006c3400000,0x00000006c3410000,0x00000006cdd80000)
 Metaspace       used 9126K, capacity 9326K, committed 9472K, reserved 1058816K
  class space    used 946K, capacity 1001K, committed 1024K, reserved 1048576K
Event: 1.299 GC heap after
Heap after GC invocations=7 (full 0):
 PSYoungGen      total 263680K, used 2272K [0x000000076bc00000, 0x000000078bf00000, 0x00000007c0000000)
  eden space 259584K, 0% used [0x000000076bc00000,0x000000076bc00000,0x000000077b980000)
  from space 4096K, 55% used [0x000000077b980000,0x000000077bbb8000,0x000000077bd80000)
  to   space 4096K, 0% used [0x000000078bb00000,0x000000078bb00000,0x000000078bf00000)
 ParOldGen       total 173568K, used 2227K [0x00000006c3400000, 0x00000006cdd80000, 0x000000076bc00000)
  object space 173568K, 1% used [0x00000006c3400000,0x00000006c362cf80,0x00000006cdd80000)
 Metaspace       used 9126K, capacity 9326K, committed 9472K, reserved 1058816K
  class space    used 946K, capacity 1001K, committed 1024K, reserved 1048576K
}
Event: 1.499 GC heap before
{Heap before GC invocations=8 (full 0):
 PSYoungGen      total 263680K, used 261856K [0x000000076bc00000, 0x000000078bf00000, 0x00000007c0000000)
  eden space 259584K, 100% used [0x000000076bc00000,0x000000077b980000,0x000000077b980000)
  from space 4096K, 55% used [0x000000077b980000,0x000000077bbb8000,0x000000077bd80000)
  to   space 4096K, 0% used [0x000000078bb00000,0x000000078bb00000,0x000000078bf00000)
 ParOldGen       total 173568K, used 2227K [0x00000006c3400000, 0x00000006cdd80000, 0x000000076bc00000)
  object space 173568K, 1% used [0x00000006c3400000,0x00000006c362cf80,0x00000006cdd80000)
 Metaspace       used 9168K, capacity 9390K, committed 9472K, reserved 1058816K
  class space    used 946K, capacity 1001K, committed 1024K, reserved 1048576K
Event: 1.502 GC heap after
Heap after GC invocations=8 (full 0):
 PSYoungGen      total 523264K, used 2880K [0x000000076bc00000, 0x000000078bf00000, 0x00000007c0000000)
  eden space 519168K, 0% used [0x000000076bc00000,0x000000076bc00000,0x000000078b700000)
  from space 4096K, 70% used [0x000000078bb00000,0x000000078bdd0020,0x000000078bf00000)
  to   space 4096K, 0% used [0x000000078b700000,0x000000078b700000,0x000000078bb00000)
 ParOldGen       total 173568K, used 2651K [0x00000006c3400000, 0x00000006cdd80000, 0x000000076bc00000)
  object space 173568K, 1% used [0x00000006c3400000,0x00000006c3696f80,0x00000006cdd80000)
 Metaspace       used 9168K, capacity 9390K, committed 9472K, reserved 1058816K
  class space    used 946K, capacity 1001K, committed 1024K, reserved 1048576K
}
Event: 2.000 GC heap before
{Heap before GC invocations=9 (full 0):
 PSYoungGen      total 523264K, used 522048K [0x000000076bc00000, 0x000000078bf00000, 0x00000007c0000000)
  eden space 519168K, 100% used [0x000000076bc00000,0x000000078b700000,0x000000078b700000)
  from space 4096K, 70% used [0x000000078bb00000,0x000000078bdd0020,0x000000078bf00000)
  to   space 4096K, 0% used [0x000000078b700000,0x000000078b700000,0x000000078bb00000)
 ParOldGen       total 173568K, used 2651K [0x00000006c3400000, 0x00000006cdd80000, 0x000000076bc00000)
  object space 173568K, 1% used [0x00000006c3400000,0x00000006c3696f80,0x00000006cdd80000)
 Metaspace       used 9186K, capacity 9390K, committed 9472K, reserved 1058816K
  class space    used 946K, capacity 1001K, committed 1024K, reserved 1048576K
Event: 2.004 GC heap after
Heap after GC invocations=9 (full 0):
 PSYoungGen      total 523264K, used 1776K [0x000000076bc00000, 0x000000079ef80000, 0x00000007c0000000)
  eden space 519168K, 0% used [0x000000076bc00000,0x000000076bc00000,0x000000078b700000)
  from space 4096K, 43% used [0x000000078b700000,0x000000078b8bc030,0x000000078bb00000)
  to   space 4096K, 0% used [0x000000079eb80000,0x000000079eb80000,0x000000079ef80000)
 ParOldGen       total 173568K, used 3603K [0x00000006c3400000, 0x00000006cdd80000, 0x000000076bc00000)
  object space 173568K, 2% used [0x00000006c3400000,0x00000006c3784f80,0x00000006cdd80000)
 Metaspace       used 9186K, capacity 9390K, committed 9472K, reserved 1058816K
  class space    used 946K, capacity 1001K, committed 1024K, reserved 1048576K
}
Event: 2.283 GC heap before
{Heap before GC invocations=10 (full 0):
 PSYoungGen      total 523264K, used 520944K [0x000000076bc00000, 0x000000079ef80000, 0x00000007c0000000)
  eden space 519168K, 100% used [0x000000076bc00000,0x000000078b700000,0x000000078b700000)
  from space 4096K, 43% used [0x000000078b700000,0x000000078b8bc030,0x000000078bb00000)
  to   space 4096K, 0% used [0x000000079eb80000,0x000000079eb80000,0x000000079ef80000)
 ParOldGen       total 173568K, used 3603K [0x00000006c3400000, 0x00000006cdd80000, 0x000000076bc00000)
  object space 173568K, 2% used [0x00000006c3400000,0x00000006c3784f80,0x00000006cdd80000)
 Metaspace       used 9195K, capacity 9390K, committed 9472K, reserved 1058816K
  class space    used 946K, capacity 1001K, committed 1024K, reserved 1048576K
Event: 2.287 GC heap after
Heap after GC invocations=10 (full 0):
 PSYoungGen      total 835072K, used 2464K [0x000000076bc00000, 0x000000079ef80000, 0x00000007c0000000)
  eden space 830976K, 0% used [0x000000076bc00000,0x000000076bc00000,0x000000079e780000)
  from space 4096K, 60% used [0x000000079eb80000,0x000000079ede8020,0x000000079ef80000)
  to   space 4096K, 0% used [0x000000079e780000,0x000000079e780000,0x000000079eb80000)
 ParOldGen       total 173568K, used 4726K [0x00000006c3400000, 0x00000006cdd80000, 0x000000076bc00000)
  object space 173568K, 2% used [0x00000006c3400000,0x00000006c389d870,0x00000006cdd80000)
 Metaspace       used 9195K, capacity 9390K, committed 9472K, reserved 1058816K
  class space    used 946K, capacity 1001K, committed 1024K, reserved 1048576K
}
Event: 5.089 GC heap before
{Heap before GC invocations=11 (full 0):
 PSYoungGen      total 835072K, used 833440K [0x000000076bc00000, 0x000000079ef80000, 0x00000007c0000000)
  eden space 830976K, 100% used [0x000000076bc00000,0x000000079e780000,0x000000079e780000)
  from space 4096K, 60% used [0x000000079eb80000,0x000000079ede8020,0x000000079ef80000)
  to   space 4096K, 0% used [0x000000079e780000,0x000000079e780000,0x000000079eb80000)
 ParOldGen       total 173568K, used 4726K [0x00000006c3400000, 0x00000006cdd80000, 0x000000076bc00000)
  object space 173568K, 2% used [0x00000006c3400000,0x00000006c389d870,0x00000006cdd80000)
 Metaspace       used 18978K, capacity 19264K, committed 19712K, reserved 1067008K
  class space    used 1730K, capacity 1790K, committed 1792K, reserved 1048576K
Event: 5.095 GC heap after
Heap after GC invocations=11 (full 0):
 PSYoungGen      total 835072K, used 4065K [0x000000076bc00000, 0x00000007bdb80000, 0x00000007c0000000)
  eden space 830976K, 0% used [0x000000076bc00000,0x000000076bc00000,0x000000079e780000)
  from space 4096K, 99% used [0x000000079e780000,0x000000079eb785c8,0x000000079eb80000)
  to   space 6656K, 0% used [0x00000007bd500000,0x00000007bd500000,0x00000007bdb80000)
 ParOldGen       total 173568K, used 10082K [0x00000006c3400000, 0x00000006cdd80000, 0x000000076bc00000)
  object space 173568K, 5% used [0x00000006c3400000,0x00000006c3dd8928,0x00000006cdd80000)
 Metaspace       used 18978K, capacity 19264K, committed 19712K, reserved 1067008K
  class space    used 1730K, capacity 1790K, committed 1792K, reserved 1048576K
}

Deoptimization events (10 events):
Event: 5.910 Thread 0x00000000029c2800 Uncommon trap: reason=bimorphic action=maybe_recompile pc=0x0000000003222bd4 method=java.util.regex.Pattern$Curly.study(Ljava/util/regex/Pattern$TreeInfo;)Z @ 31
Event: 5.910 Thread 0x00000000029c2800 Uncommon trap: reason=bimorphic action=maybe_recompile pc=0x00000000036f0524 method=java.util.regex.Pattern$Curly.match0(Ljava/util/regex/Matcher;IILjava/lang/CharSequence;)Z @ 141
Event: 6.203 Thread 0x00000000029c2800 Uncommon trap: reason=unstable_if action=reinterpret pc=0x0000000002db002c method=org.apache.commons.lang.StringUtils.deleteWhitespace(Ljava/lang/String;)Ljava/lang/String; @ 61
Event: 6.244 Thread 0x00000000029c2800 Uncommon trap: reason=unstable_if action=reinterpret pc=0x0000000002ed1a70 method=java.util.regex.Pattern.range(Ljava/util/regex/Pattern$BitClass;)Ljava/util/regex/Pattern$CharProperty; @ 8
Event: 6.244 Thread 0x00000000029c2800 Uncommon trap: reason=unstable_if action=reinterpret pc=0x0000000002ebd18c method=java.util.regex.Pattern.range(Ljava/util/regex/Pattern$BitClass;)Ljava/util/regex/Pattern$CharProperty; @ 8
Event: 6.244 Thread 0x00000000029c2800 Uncommon trap: reason=bimorphic action=maybe_recompile pc=0x0000000002c72a80 method=java.util.regex.Pattern$BmpCharProperty.match(Ljava/util/regex/Matcher;ILjava/lang/CharSequence;)Z @ 16
Event: 6.244 Thread 0x00000000029c2800 Uncommon trap: reason=bimorphic action=maybe_recompile pc=0x0000000002c72a80 method=java.util.regex.Pattern$BmpCharProperty.match(Ljava/util/regex/Matcher;ILjava/lang/CharSequence;)Z @ 16
Event: 6.464 Thread 0x00000000029c2800 Uncommon trap: reason=unstable_if action=reinterpret pc=0x0000000003504f48 method=org.eclipse.jdt.internal.compiler.parser.Scanner.internalScanIdentifierOrKeyword(II[C)I @ 3687
Event: 6.466 Thread 0x00000000029c2800 Uncommon trap: reason=unstable_if action=reinterpret pc=0x00000000035fe9c4 method=org.eclipse.jdt.internal.core.util.CommentRecorderParser.checkComment()V @ 11
Event: 6.547 Thread 0x00000000029c2800 Uncommon trap: reason=unstable_if action=reinterpret pc=0x000000000361ddb8 method=org.eclipse.jdt.internal.compiler.lookup.TypeBinding.isLocalType()Z @ 10

Classes redefined (0 events):
No events

Internal exceptions (10 events):
Event: 3.057 Thread 0x00000000029c2800 Exception <a 'java/io/FileNotFoundException'> (0x0000000777cfce48) thrown at [C:\jenkins\workspace\8-2-build-windows-amd64-cygwin\jdk8u251\737\hotspot\src\share\vm\prims\jni.cpp, line 710]
Event: 3.205 Thread 0x00000000029c2800 Exception <a 'java/lang/ArrayIndexOutOfBoundsException': 57161> (0x00000007788d2848) thrown at [C:\jenkins\workspace\8-2-build-windows-amd64-cygwin\jdk8u251\737\hotspot\src\share\vm\interpreter\interpreterRuntime.cpp, line 368]
Event: 3.261 Thread 0x00000000029c2800 Exception <a 'java/lang/ArrayIndexOutOfBoundsException'> (0x00000007789d3a30) thrown at [C:\jenkins\workspace\8-2-build-windows-amd64-cygwin\jdk8u251\737\hotspot\src\share\vm\runtime\sharedRuntime.cpp, line 605]
Event: 3.261 Thread 0x00000000029c2800 Exception <a 'java/lang/ArrayIndexOutOfBoundsException'> (0x00000007789d3c70) thrown at [C:\jenkins\workspace\8-2-build-windows-amd64-cygwin\jdk8u251\737\hotspot\src\share\vm\runtime\sharedRuntime.cpp, line 605]
Event: 3.261 Thread 0x00000000029c2800 Exception <a 'java/lang/ArrayIndexOutOfBoundsException'> (0x00000007789d3eb0) thrown at [C:\jenkins\workspace\8-2-build-windows-amd64-cygwin\jdk8u251\737\hotspot\src\share\vm\runtime\sharedRuntime.cpp, line 605]
Event: 3.306 Thread 0x00000000029c2800 Exception <a 'java/lang/ArrayIndexOutOfBoundsException'> (0x0000000778a95298) thrown at [C:\jenkins\workspace\8-2-build-windows-amd64-cygwin\jdk8u251\737\hotspot\src\share\vm\runtime\sharedRuntime.cpp, line 605]
Event: 3.323 Thread 0x00000000029c2800 Exception <a 'java/lang/IncompatibleClassChangeError': Found class java.lang.Object, but interface was expected> (0x0000000778b2adb8) thrown at [C:\jenkins\workspace\8-2-build-windows-amd64-cygwin\jdk8u251\737\hotspot\src\share\vm\interpreter\linkResolver
Event: 3.841 Thread 0x00000000029c2800 Implicit null exception at 0x0000000002d79151 to 0x0000000002d7917d
Event: 6.454 Thread 0x00000000029c2800 Exception <a 'java/io/FileNotFoundException'> (0x00000007924fb0c8) thrown at [C:\jenkins\workspace\8-2-build-windows-amd64-cygwin\jdk8u251\737\hotspot\src\share\vm\prims\jni.cpp, line 710]
Event: 6.467 Thread 0x00000000029c2800 Exception <a 'java/lang/ArrayIndexOutOfBoundsException'> (0x000000079252d8d0) thrown at [C:\jenkins\workspace\8-2-build-windows-amd64-cygwin\jdk8u251\737\hotspot\src\share\vm\runtime\sharedRuntime.cpp, line 605]

Events (10 events):
Event: 6.580 loading class org/eclipse/jdt/internal/compiler/ast/NullAnnotationMatching
Event: 6.581 loading class org/eclipse/jdt/internal/compiler/ast/NullAnnotationMatching done
Event: 6.582 loading class org/eclipse/jdt/internal/compiler/ast/NullAnnotationMatching$1
Event: 6.582 loading class org/eclipse/jdt/internal/compiler/ast/NullAnnotationMatching$1 done
Event: 6.583 loading class org/eclipse/jdt/internal/compiler/ast/NullAnnotationMatching$SearchContradictions
Event: 6.583 loading class org/eclipse/jdt/internal/compiler/ast/NullAnnotationMatching$SearchContradictions done
Event: 6.583 loading class org/eclipse/jdt/internal/compiler/ast/NullAnnotationMatching$Severity
Event: 6.583 loading class org/eclipse/jdt/internal/compiler/ast/NullAnnotationMatching$Severity done
Event: 6.591 Executing VM operation: ForceSafepoint
Event: 6.591 Executing VM operation: ForceSafepoint done


Dynamic libraries:
0x00007ff6ae770000 - 0x00007ff6ae7a7000 	C:\Program Files\Java\jdk1.8.0_251\bin\java.exe
0x00007ffce49d0000 - 0x00007ffce4bc8000 	C:\WINDOWS\SYSTEM32\ntdll.dll
0x00007ffce4620000 - 0x00007ffce46dd000 	C:\WINDOWS\System32\KERNEL32.DLL
0x00007ffce2360000 - 0x00007ffce262e000 	C:\WINDOWS\System32\KERNELBASE.dll
0x00007ffce3dc0000 - 0x00007ffce3e6e000 	C:\WINDOWS\System32\ADVAPI32.dll
0x00007ffce3e70000 - 0x00007ffce3f0e000 	C:\WINDOWS\System32\msvcrt.dll
0x00007ffce4790000 - 0x00007ffce482c000 	C:\WINDOWS\System32\sechost.dll
0x00007ffce2a30000 - 0x00007ffce2b55000 	C:\WINDOWS\System32\RPCRT4.dll
0x00007ffce4480000 - 0x00007ffce4620000 	C:\WINDOWS\System32\USER32.dll
0x00007ffce2120000 - 0x00007ffce2142000 	C:\WINDOWS\System32\win32u.dll
0x00007ffce4830000 - 0x00007ffce485a000 	C:\WINDOWS\System32\GDI32.dll
0x00007ffce2920000 - 0x00007ffce2a2b000 	C:\WINDOWS\System32\gdi32full.dll
0x00007ffce26a0000 - 0x00007ffce273d000 	C:\WINDOWS\System32\msvcp_win.dll
0x00007ffce2740000 - 0x00007ffce2840000 	C:\WINDOWS\System32\ucrtbase.dll
0x00007ffccc6d0000 - 0x00007ffccc96a000 	C:\WINDOWS\WinSxS\amd64_microsoft.windows.common-controls_6595b64144ccf1df_6.0.19041.1110_none_60b5254171f9507e\COMCTL32.dll
0x00007ffce2cc0000 - 0x00007ffce2cf0000 	C:\WINDOWS\System32\IMM32.DLL
0x00000000611b0000 - 0x0000000061282000 	C:\Program Files\Java\jdk1.8.0_251\jre\bin\msvcr100.dll
0x0000000060900000 - 0x00000000611ab000 	C:\Program Files\Java\jdk1.8.0_251\jre\bin\server\jvm.dll
0x00007ffce2c30000 - 0x00007ffce2c38000 	C:\WINDOWS\System32\PSAPI.DLL
0x00007ffcd7520000 - 0x00007ffcd752a000 	C:\WINDOWS\SYSTEM32\VERSION.dll
0x00007ffcdc200000 - 0x00007ffcdc227000 	C:\WINDOWS\SYSTEM32\WINMM.dll
0x00007ffccd3c0000 - 0x00007ffccd3c9000 	C:\WINDOWS\SYSTEM32\WSOCK32.dll
0x00007ffce3c30000 - 0x00007ffce3c9b000 	C:\WINDOWS\System32\WS2_32.dll
0x00007ffcc0e10000 - 0x00007ffcc0e1f000 	C:\Program Files\Java\jdk1.8.0_251\jre\bin\verify.dll
0x00007ffc9aa60000 - 0x00007ffc9aa89000 	C:\Program Files\Java\jdk1.8.0_251\jre\bin\java.dll
0x00007ffc9d470000 - 0x00007ffc9d486000 	C:\Program Files\Java\jdk1.8.0_251\jre\bin\zip.dll
0x00007ffce31d0000 - 0x00007ffce3914000 	C:\WINDOWS\System32\SHELL32.dll
0x00007ffcdfd10000 - 0x00007ffce04a4000 	C:\WINDOWS\SYSTEM32\windows.storage.dll
0x00007ffce3fe0000 - 0x00007ffce4334000 	C:\WINDOWS\System32\combase.dll
0x00007ffce1b50000 - 0x00007ffce1b80000 	C:\WINDOWS\SYSTEM32\Wldp.dll
0x00007ffce46e0000 - 0x00007ffce478d000 	C:\WINDOWS\System32\SHCORE.dll
0x00007ffce3b70000 - 0x00007ffce3bc5000 	C:\WINDOWS\System32\shlwapi.dll
0x00007ffce2030000 - 0x00007ffce204f000 	C:\WINDOWS\SYSTEM32\profapi.dll
0x00007ffcac710000 - 0x00007ffcac72a000 	C:\Program Files\Java\jdk1.8.0_251\jre\bin\net.dll
0x00007ffce18b0000 - 0x00007ffce191a000 	C:\WINDOWS\system32\mswsock.dll
0x00007ffca60b0000 - 0x00007ffca60c2000 	C:\Program Files\Java\jdk1.8.0_251\jre\bin\nio.dll

VM Arguments:
java_command: s3m.jar C:\UFPE\miningframework\SOOTAnalysisOutput\jenkins\de1b368aaa2f7476772e0f0849667c8f73a41fbb\hudson\model\Run\left.java C:\UFPE\miningframework\SOOTAnalysisOutput\jenkins\de1b368aaa2f7476772e0f0849667c8f73a41fbb\hudson\model\Run\base.java C:\UFPE\miningframework\SOOTAnalysisOutput\jenkins\de1b368aaa2f7476772e0f0849667c8f73a41fbb\hudson\model\Run\right.java -o C:\UFPE\miningframework\SOOTAnalysisOutput\jenkins\de1b368aaa2f7476772e0f0849667c8f73a41fbb\hudson\model\Run\InsertionLevelInitializationBlockHandler.java --handle-initialization-blocks false --handle-initialization-blocks-multiple-blocks true
java_class_path (initial): s3m.jar
Launcher Type: SUN_STANDARD

Environment Variables:
JAVA_HOME=C:\Program Files\Java\jdk1.8.0_291
PATH=C:\Program Files\Common Files\Oracle\Java\javapath;C:\Program Files (x86)\Common Files\Oracle\Java\javapath;C:\Windows\system32;C:\Windows;C:\Windows\System32\Wbem;C:\Windows\System32\WindowsPowerShell\v1.0\;C:\Windows\System32\OpenSSH\;C:\Program Files (x86)\NVIDIA Corporation\PhysX\Common;C:\Program Files\NVIDIA Corporation\NVIDIA NvDLISR;C:\Program Files (x86)\Groovy\bin;C:\Program Files (x86)\GnuWin32\bin;C:\UFPE\maven\apache-maven-3.6.3\bin;C:\WINDOWS\system32;C:\WINDOWS;C:\WINDOWS\System32\Wbem;C:\WINDOWS\System32\WindowsPowerShell\v1.0\;C:\WINDOWS\System32\OpenSSH\;C:\Program Files\Git\cmd;C:\Program Files\dotnet\;C:\Users\leona\AppData\Local\Microsoft\WindowsApps;C:\Program Files\Java\jdk-11.0.15\bin;C:\UFPE\maven\apache-maven-3.6.3\bin;C:\Users\leona\AppData\Local\GitHubDesktop\bin;C:\Users\leona\AppData\Local\Programs\Microsoft VS Code\bin;C:\Program Files\JetBrains\IntelliJ IDEA Community Edition 2020.2.3\bin;;C:\Program Files (x86)\GnuWin32\bin;C:\Users\leona\AppData\Local\Microsoft\WindowsApps;C:\flutter\flutter\bin;C:\gradle\bin;
USERNAME=leona
OS=Windows_NT
PROCESSOR_IDENTIFIER=Intel64 Family 6 Model 142 Stepping 12, GenuineIntel



---------------  S Y S T E M  ---------------

OS: Windows 10.0 , 64 bit Build 19041 (10.0.19041.1806)

CPU:total 8 (initial active 8) (4 cores per cpu, 2 threads per core) family 6 model 142 stepping 12, cmov, cx8, fxsr, mmx, sse, sse2, sse3, ssse3, sse4.1, sse4.2, popcnt, avx, avx2, aes, clmul, erms, 3dnowpref, lzcnt, ht, tsc, tscinvbit, bmi1, bmi2, adx

Memory: 4k page, physical 16556280k(1495164k free), swap 45608436k(5136k free)

vm_info: Java HotSpot(TM) 64-Bit Server VM (25.251-b08) for windows-amd64 JRE (1.8.0_251-b08), built on Mar 12 2020 06:31:49 by "" with MS VC++ 10.0 (VS2010)

time: Tue Aug 02 22:35:27 2022
timezone: Hora Padrão de Buenos Aires
elapsed time: 6 seconds (0d 0h 0m 6s)

