#
# There is insufficient memory for the Java Runtime Environment to continue.
# Native memory allocation (malloc) failed to allocate 32744 bytes for ChunkPool::allocate
# Possible reasons:
#   The system is out of physical RAM or swap space
#   The process is running with CompressedOops enabled, and the Java Heap may be blocking the growth of the native heap
# Possible solutions:
#   Reduce memory load on the system
#   Increase physical memory or swap space
#   Check if swap backing store is full
#   Decrease Java heap size (-Xmx/-Xms)
#   Decrease number of Java threads
#   Decrease Java thread stack sizes (-Xss)
#   Set larger code cache with -XX:ReservedCodeCacheSize=
#   JVM is running with Zero Based Compressed Oops mode in which the Java heap is
#     placed in the first 32GB address space. The Java Heap base address is the
#     maximum limit for the native heap growth. Please use -XX:HeapBaseMinAddress
#     to set the Java Heap base and to place the Java Heap above 32GB virtual address.
# This output file may be truncated or incomplete.
#
#  Out of Memory Error (allocation.cpp:272), pid=105612, tid=0x0000000000004468
#
# JRE version: Java(TM) SE Runtime Environment (8.0_251-b08) (build 1.8.0_251-b08)
# Java VM: Java HotSpot(TM) 64-Bit Server VM (25.251-b08 mixed mode windows-amd64 compressed oops)
# Failed to write core dump. Minidumps are not enabled by default on client versions of Windows
#

---------------  T H R E A D  ---------------

Current thread (0x000000001ea24800):  JavaThread "C1 CompilerThread3" daemon [_thread_in_native, id=17512, stack(0x000000001f610000,0x000000001f710000)]

Stack: [0x000000001f610000,0x000000001f710000]
[error occurred during error reporting (printing stack bounds), id 0xc0000005]

Native frames: (J=compiled Java code, j=interpreted, Vv=VM code, C=native code)


Current CompileTask:
C1:   6152 2062       3      
[error occurred during error reporting (printing current compile task), id 0xe0000001]


---------------  P R O C E S S  ---------------

Java Threads: ( => current thread )
  0x000000001eab9800 JavaThread "Service Thread" daemon [_thread_blocked, id=110348, stack(0x000000001f710000,0x000000001f810000)]
=>0x000000001ea24800 JavaThread "C1 CompilerThread3" daemon [_thread_in_native, id=17512, stack(0x000000001f610000,0x000000001f710000)]
  0x000000001ea20800 JavaThread "C2 CompilerThread2" daemon [_thread_blocked, id=111076, stack(0x000000001f510000,0x000000001f610000)]
  0x000000001ea1d800 JavaThread "C2 CompilerThread1" daemon [_thread_blocked, id=39900, stack(0x000000001f410000,0x000000001f510000)]
  0x000000001ea1b000 JavaThread "C2 CompilerThread0" daemon [_thread_blocked, id=112320, stack(0x000000001f310000,0x000000001f410000)]
  0x000000001ea18800 JavaThread "Attach Listener" daemon [_thread_blocked, id=16644, stack(0x000000001f210000,0x000000001f310000)]
  0x000000001ea17800 JavaThread "Signal Dispatcher" daemon [_thread_blocked, id=112768, stack(0x000000001f110000,0x000000001f210000)]
  0x00000000032e8000 JavaThread "Finalizer" daemon [_thread_blocked, id=101160, stack(0x000000001eef0000,0x000000001eff0000)]
  0x000000001ea10800 JavaThread "Reference Handler" daemon [_thread_blocked, id=60880, stack(0x000000001edf0000,0x000000001eef0000)]
  0x00000000031f2800 JavaThread "main" [_thread_in_vm, id=104436, stack(0x0000000003020000,0x0000000003120000)]

Other Threads:
  0x000000001cc29000 VMThread [stack: 0x000000001e8f0000,0x000000001e9f0000] [id=14332]
  0x000000001ead3000 WatcherThread [stack: 0x000000001f810000,0x000000001f910000] [id=104384]

VM state:not at safepoint (normal execution)

VM Mutex/Monitor currently owned by a thread: None

heap address: 0x00000006c3400000, size: 4044 MB, Compressed Oops mode: Zero based, Oop shift amount: 3
Narrow klass base: 0x0000000000000000, Narrow klass shift: 3
Compressed class space size: 1073741824 Address: 0x00000007c0000000

Heap:
 PSYoungGen      total 834560K, used 23970K [0x000000076bc00000, 0x00000007bdb80000, 0x00000007c0000000)
  eden space 829440K, 2% used [0x000000076bc00000,0x000000076ce6acd8,0x000000079e600000)
  from space 5120K, 99% used [0x000000079ec80000,0x000000079f17de50,0x000000079f180000)
  to   space 6656K, 0% used [0x000000079e600000,0x000000079e600000,0x000000079ec80000)
 ParOldGen       total 173568K, used 8856K [0x00000006c3400000, 0x00000006cdd80000, 0x000000076bc00000)
  object space 173568K, 5% used [0x00000006c3400000,0x00000006c3ca6030,0x00000006cdd80000)
 Metaspace       used 15250K, capacity 15462K, committed 15872K, reserved 1062912K
  class space    used 1422K, capacity 1489K, committed 1536K, reserved 1048576K

Card table byte_map: [0x00000000126b0000,0x0000000012ea0000] byte_map_base: 0x000000000f096000

Marking Bits: (ParMarkBitMap*) 0x000000006112af90
 Begin Bits: [0x0000000013bf0000, 0x0000000017b20000)
 End Bits:   [0x0000000017b20000, 0x000000001ba50000)

Polling page: 0x0000000001150000

CodeCache: size=245760Kb used=9715Kb max_used=9715Kb free=236044Kb
 bounds [0x00000000032f0000, 0x0000000003c80000, 0x00000000122f0000]
 total_blobs=2453 nmethods=2059 adapters=307
 compilation: enabled

Compilation events (10 events):
Event: 6.124 Thread 0x000000001ea24800 nmethod 2056 0x0000000003c56f10 code [0x0000000003c57080, 0x0000000003c57290]
Event: 6.124 Thread 0x000000001ea24800 2060   !   3       org.eclipse.jdt.internal.compiler.parser.Scanner::getNextToken0 (3678 bytes)
Event: 6.135 Thread 0x000000001ea24800 nmethod 2060 0x0000000003c5a6d0 code [0x0000000003c5b220, 0x0000000003c64ab8]
Event: 6.135 Thread 0x000000001ea24800 2057       3       org.eclipse.jdt.internal.compiler.parser.Scanner::areRestrictedModuleKeywordsActive (21 bytes)
Event: 6.135 Thread 0x000000001ea24800 nmethod 2057 0x0000000003c56950 code [0x0000000003c56aa0, 0x0000000003c56c90]
Event: 6.135 Thread 0x000000001ea24800 2058       3       org.eclipse.jdt.internal.compiler.parser.Parser::consumeToken (2061 bytes)
Event: 6.138 Thread 0x000000001ea24800 nmethod 2058 0x0000000003c6ab90 code [0x0000000003c6b560, 0x0000000003c72008]
Event: 6.138 Thread 0x000000001ea24800 2061       3       org.eclipse.jdt.internal.compiler.parser.Parser::ntAction (8 bytes)
Event: 6.138 Thread 0x000000001ea24800 nmethod 2061 0x0000000003c55d90 code [0x0000000003c55ee0, 0x0000000003c56050]
Event: 6.138 Thread 0x000000001ea24800 2062       3       org.eclipse.jdt.internal.compiler.parser.Parser::consumeRule (7138 bytes)

GC Heap History (10 events):
Event: 1.425 GC heap before
{Heap before GC invocations=8 (full 0):
 PSYoungGen      total 264192K, used 262080K [0x000000076bc00000, 0x000000078c000000, 0x00000007c0000000)
  eden space 259584K, 100% used [0x000000076bc00000,0x000000077b980000,0x000000077b980000)
  from space 4608K, 54% used [0x000000077b980000,0x000000077bbf0000,0x000000077be00000)
  to   space 4608K, 0% used [0x000000078bb80000,0x000000078bb80000,0x000000078c000000)
 ParOldGen       total 173568K, used 2497K [0x00000006c3400000, 0x00000006cdd80000, 0x000000076bc00000)
  object space 173568K, 1% used [0x00000006c3400000,0x00000006c3670408,0x00000006cdd80000)
 Metaspace       used 9202K, capacity 9390K, committed 9472K, reserved 1058816K
  class space    used 944K, capacity 1001K, committed 1024K, reserved 1048576K
Event: 1.429 GC heap after
Heap after GC invocations=8 (full 0):
 PSYoungGen      total 522752K, used 2912K [0x000000076bc00000, 0x000000078bf00000, 0x00000007c0000000)
  eden space 519168K, 0% used [0x000000076bc00000,0x000000076bc00000,0x000000078b700000)
  from space 3584K, 81% used [0x000000078bb80000,0x000000078be58000,0x000000078bf00000)
  to   space 4096K, 0% used [0x000000078b700000,0x000000078b700000,0x000000078bb00000)
 ParOldGen       total 173568K, used 2977K [0x00000006c3400000, 0x00000006cdd80000, 0x000000076bc00000)
  object space 173568K, 1% used [0x00000006c3400000,0x00000006c36e8408,0x00000006cdd80000)
 Metaspace       used 9202K, capacity 9390K, committed 9472K, reserved 1058816K
  class space    used 944K, capacity 1001K, committed 1024K, reserved 1048576K
}
Event: 1.901 GC heap before
{Heap before GC invocations=9 (full 0):
 PSYoungGen      total 522752K, used 522080K [0x000000076bc00000, 0x000000078bf00000, 0x00000007c0000000)
  eden space 519168K, 100% used [0x000000076bc00000,0x000000078b700000,0x000000078b700000)
  from space 3584K, 81% used [0x000000078bb80000,0x000000078be58000,0x000000078bf00000)
  to   space 4096K, 0% used [0x000000078b700000,0x000000078b700000,0x000000078bb00000)
 ParOldGen       total 173568K, used 2977K [0x00000006c3400000, 0x00000006cdd80000, 0x000000076bc00000)
  object space 173568K, 1% used [0x00000006c3400000,0x00000006c36e8408,0x00000006cdd80000)
 Metaspace       used 9241K, capacity 9454K, committed 9728K, reserved 1058816K
  class space    used 944K, capacity 1001K, committed 1024K, reserved 1048576K
Event: 1.907 GC heap after
Heap after GC invocations=9 (full 0):
 PSYoungGen      total 523264K, used 4064K [0x000000076bc00000, 0x000000079f180000, 0x00000007c0000000)
  eden space 519168K, 0% used [0x000000076bc00000,0x000000076bc00000,0x000000078b700000)
  from space 4096K, 99% used [0x000000078b700000,0x000000078baf8020,0x000000078bb00000)
  to   space 5120K, 0% used [0x000000079ec80000,0x000000079ec80000,0x000000079f180000)
 ParOldGen       total 173568K, used 3939K [0x00000006c3400000, 0x00000006cdd80000, 0x000000076bc00000)
  object space 173568K, 2% used [0x00000006c3400000,0x00000006c37d8c30,0x00000006cdd80000)
 Metaspace       used 9241K, capacity 9454K, committed 9728K, reserved 1058816K
  class space    used 944K, capacity 1001K, committed 1024K, reserved 1048576K
}
Event: 2.214 GC heap before
{Heap before GC invocations=10 (full 0):
 PSYoungGen      total 523264K, used 523232K [0x000000076bc00000, 0x000000079f180000, 0x00000007c0000000)
  eden space 519168K, 100% used [0x000000076bc00000,0x000000078b700000,0x000000078b700000)
  from space 4096K, 99% used [0x000000078b700000,0x000000078baf8020,0x000000078bb00000)
  to   space 5120K, 0% used [0x000000079ec80000,0x000000079ec80000,0x000000079f180000)
 ParOldGen       total 173568K, used 3939K [0x00000006c3400000, 0x00000006cdd80000, 0x000000076bc00000)
  object space 173568K, 2% used [0x00000006c3400000,0x00000006c37d8c30,0x00000006cdd80000)
 Metaspace       used 9254K, capacity 9454K, committed 9728K, reserved 1058816K
  class space    used 944K, capacity 1001K, committed 1024K, reserved 1048576K
Event: 2.218 GC heap after
Heap after GC invocations=10 (full 0):
 PSYoungGen      total 836096K, used 4384K [0x000000076bc00000, 0x000000079f180000, 0x00000007c0000000)
  eden space 830976K, 0% used [0x000000076bc00000,0x000000076bc00000,0x000000079e780000)
  from space 5120K, 85% used [0x000000079ec80000,0x000000079f0c8020,0x000000079f180000)
  to   space 5120K, 0% used [0x000000079e780000,0x000000079e780000,0x000000079ec80000)
 ParOldGen       total 173568K, used 5869K [0x00000006c3400000, 0x00000006cdd80000, 0x000000076bc00000)
  object space 173568K, 3% used [0x00000006c3400000,0x00000006c39bb7b0,0x00000006cdd80000)
 Metaspace       used 9254K, capacity 9454K, committed 9728K, reserved 1058816K
  class space    used 944K, capacity 1001K, committed 1024K, reserved 1048576K
}
Event: 2.849 GC heap before
{Heap before GC invocations=11 (full 0):
 PSYoungGen      total 836096K, used 835360K [0x000000076bc00000, 0x000000079f180000, 0x00000007c0000000)
  eden space 830976K, 100% used [0x000000076bc00000,0x000000079e780000,0x000000079e780000)
  from space 5120K, 85% used [0x000000079ec80000,0x000000079f0c8020,0x000000079f180000)
  to   space 5120K, 0% used [0x000000079e780000,0x000000079e780000,0x000000079ec80000)
 ParOldGen       total 173568K, used 5869K [0x00000006c3400000, 0x00000006cdd80000, 0x000000076bc00000)
  object space 173568K, 3% used [0x00000006c3400000,0x00000006c39bb7b0,0x00000006cdd80000)
 Metaspace       used 9264K, capacity 9454K, committed 9728K, reserved 1058816K
  class space    used 944K, capacity 1001K, committed 1024K, reserved 1048576K
Event: 2.854 GC heap after
Heap after GC invocations=11 (full 0):
 PSYoungGen      total 836096K, used 2112K [0x000000076bc00000, 0x000000079f180000, 0x00000007c0000000)
  eden space 830976K, 0% used [0x000000076bc00000,0x000000076bc00000,0x000000079e780000)
  from space 5120K, 41% used [0x000000079e780000,0x000000079e990020,0x000000079ec80000)
  to   space 5120K, 0% used [0x000000079ec80000,0x000000079ec80000,0x000000079f180000)
 ParOldGen       total 173568K, used 6990K [0x00000006c3400000, 0x00000006cdd80000, 0x000000076bc00000)
  object space 173568K, 4% used [0x00000006c3400000,0x00000006c3ad3a20,0x00000006cdd80000)
 Metaspace       used 9264K, capacity 9454K, committed 9728K, reserved 1058816K
  class space    used 944K, capacity 1001K, committed 1024K, reserved 1048576K
}
Event: 5.832 GC heap before
{Heap before GC invocations=12 (full 0):
 PSYoungGen      total 836096K, used 833088K [0x000000076bc00000, 0x000000079f180000, 0x00000007c0000000)
  eden space 830976K, 100% used [0x000000076bc00000,0x000000079e780000,0x000000079e780000)
  from space 5120K, 41% used [0x000000079e780000,0x000000079e990020,0x000000079ec80000)
  to   space 5120K, 0% used [0x000000079ec80000,0x000000079ec80000,0x000000079f180000)
 ParOldGen       total 173568K, used 6990K [0x00000006c3400000, 0x00000006cdd80000, 0x000000076bc00000)
  object space 173568K, 4% used [0x00000006c3400000,0x00000006c3ad3a20,0x00000006cdd80000)
 Metaspace       used 14313K, capacity 14566K, committed 14848K, reserved 1062912K
  class space    used 1350K, capacity 1425K, committed 1536K, reserved 1048576K
Event: 6.076 GC heap after
Heap after GC invocations=12 (full 0):
 PSYoungGen      total 834560K, used 5111K [0x000000076bc00000, 0x00000007bdb80000, 0x00000007c0000000)
  eden space 829440K, 0% used [0x000000076bc00000,0x000000076bc00000,0x000000079e600000)
  from space 5120K, 99% used [0x000000079ec80000,0x000000079f17de50,0x000000079f180000)
  to   space 6656K, 0% used [0x000000079e600000,0x000000079e600000,0x000000079ec80000)
 ParOldGen       total 173568K, used 8856K [0x00000006c3400000, 0x00000006cdd80000, 0x000000076bc00000)
  object space 173568K, 5% used [0x00000006c3400000,0x00000006c3ca6030,0x00000006cdd80000)
 Metaspace       used 14313K, capacity 14566K, committed 14848K, reserved 1062912K
  class space    used 1350K, capacity 1425K, committed 1536K, reserved 1048576K
}

Deoptimization events (10 events):
Event: 4.532 Thread 0x00000000031f2800 Uncommon trap: reason=class_check action=maybe_recompile pc=0x00000000037cb8c4 method=java.util.regex.Pattern$Slice.match(Ljava/util/regex/Matcher;ILjava/lang/CharSequence;)Z @ 75
Event: 4.532 Thread 0x00000000031f2800 Uncommon trap: reason=class_check action=maybe_recompile pc=0x00000000037cb8c4 method=java.util.regex.Pattern$Slice.match(Ljava/util/regex/Matcher;ILjava/lang/CharSequence;)Z @ 75
Event: 4.532 Thread 0x00000000031f2800 Uncommon trap: reason=unstable_if action=reinterpret pc=0x00000000036429b4 method=java.util.regex.Pattern$LastNode.match(Ljava/util/regex/Matcher;ILjava/lang/CharSequence;)Z @ 5
Event: 4.532 Thread 0x00000000031f2800 Uncommon trap: reason=unstable_if action=reinterpret pc=0x0000000003bba438 method=java.util.regex.Pattern$Branch.match(Ljava/util/regex/Matcher;ILjava/lang/CharSequence;)Z @ 35
Event: 4.532 Thread 0x00000000031f2800 Uncommon trap: reason=class_check action=maybe_recompile pc=0x00000000037cb8c4 method=java.util.regex.Pattern$Slice.match(Ljava/util/regex/Matcher;ILjava/lang/CharSequence;)Z @ 75
Event: 5.633 Thread 0x00000000031f2800 Uncommon trap: reason=class_check action=maybe_recompile pc=0x00000000034ebe44 method=java.util.stream.ReduceOps$3ReducingSink.accept(Ljava/lang/Object;)V @ 9
Event: 5.634 Thread 0x00000000031f2800 Uncommon trap: reason=class_check action=maybe_recompile pc=0x00000000034ebe44 method=java.util.stream.ReduceOps$3ReducingSink.accept(Ljava/lang/Object;)V @ 9
Event: 5.634 Thread 0x00000000031f2800 Uncommon trap: reason=class_check action=maybe_recompile pc=0x00000000034ebe44 method=java.util.stream.ReduceOps$3ReducingSink.accept(Ljava/lang/Object;)V @ 9
Event: 5.634 Thread 0x00000000031f2800 Uncommon trap: reason=class_check action=maybe_recompile pc=0x00000000034ebe44 method=java.util.stream.ReduceOps$3ReducingSink.accept(Ljava/lang/Object;)V @ 9
Event: 5.636 Thread 0x00000000031f2800 Uncommon trap: reason=unstable_if action=reinterpret pc=0x00000000037265cc method=java.util.regex.Pattern.RemoveQEQuoting()V @ 41

Classes redefined (0 events):
No events

Internal exceptions (10 events):
Event: 0.117 Thread 0x00000000031f2800 Exception <a 'java/lang/NoSuchFieldError': method resolution failed> (0x000000076bed06d8) thrown at [C:\jenkins\workspace\8-2-build-windows-amd64-cygwin\jdk8u251\737\hotspot\src\share\vm\prims\methodHandles.cpp, line 1167]
Event: 0.118 Thread 0x00000000031f2800 Exception <a 'java/lang/NoSuchFieldError': method resolution failed> (0x000000076beddad8) thrown at [C:\jenkins\workspace\8-2-build-windows-amd64-cygwin\jdk8u251\737\hotspot\src\share\vm\prims\methodHandles.cpp, line 1167]
Event: 0.181 Thread 0x00000000031f2800 Exception <a 'java/lang/ArrayIndexOutOfBoundsException'> (0x000000076c0e0370) thrown at [C:\jenkins\workspace\8-2-build-windows-amd64-cygwin\jdk8u251\737\hotspot\src\share\vm\runtime\sharedRuntime.cpp, line 605]
Event: 0.182 Thread 0x00000000031f2800 Exception <a 'java/lang/ArrayIndexOutOfBoundsException'> (0x000000076c0e1278) thrown at [C:\jenkins\workspace\8-2-build-windows-amd64-cygwin\jdk8u251\737\hotspot\src\share\vm\runtime\sharedRuntime.cpp, line 605]
Event: 0.233 Thread 0x00000000031f2800 Exception <a 'java/security/PrivilegedActionException'> (0x000000076c4aab98) thrown at [C:\jenkins\workspace\8-2-build-windows-amd64-cygwin\jdk8u251\737\hotspot\src\share\vm\prims\jvm.cpp, line 1502]
Event: 0.233 Thread 0x00000000031f2800 Exception <a 'java/security/PrivilegedActionException'> (0x000000076c4aaf90) thrown at [C:\jenkins\workspace\8-2-build-windows-amd64-cygwin\jdk8u251\737\hotspot\src\share\vm\prims\jvm.cpp, line 1502]
Event: 0.234 Thread 0x00000000031f2800 Exception <a 'java/security/PrivilegedActionException'> (0x000000076c4af270) thrown at [C:\jenkins\workspace\8-2-build-windows-amd64-cygwin\jdk8u251\737\hotspot\src\share\vm\prims\jvm.cpp, line 1502]
Event: 0.234 Thread 0x00000000031f2800 Exception <a 'java/security/PrivilegedActionException'> (0x000000076c4af668) thrown at [C:\jenkins\workspace\8-2-build-windows-amd64-cygwin\jdk8u251\737\hotspot\src\share\vm\prims\jvm.cpp, line 1502]
Event: 3.390 Thread 0x00000000031f2800 Implicit null exception at 0x000000000360a720 to 0x000000000360ab11
Event: 5.748 Thread 0x00000000031f2800 Exception <a 'java/io/FileNotFoundException'> (0x000000079df01938) thrown at [C:\jenkins\workspace\8-2-build-windows-amd64-cygwin\jdk8u251\737\hotspot\src\share\vm\prims\jni.cpp, line 710]

Events (10 events):
Event: 6.146 loading class org/eclipse/jdt/internal/compiler/ast/LocalDeclaration$2
Event: 6.146 loading class org/eclipse/jdt/internal/compiler/ast/LocalDeclaration$2 done
Event: 6.146 loading class org/eclipse/jdt/internal/compiler/lookup/TypeBindingVisitor
Event: 6.146 loading class org/eclipse/jdt/internal/compiler/lookup/TypeBindingVisitor done
Event: 6.146 loading class org/eclipse/jdt/internal/compiler/ast/LocalDeclaration$1
Event: 6.146 loading class org/eclipse/jdt/internal/compiler/ast/LocalDeclaration$1 done
Event: 6.147 loading class org/eclipse/jdt/internal/compiler/lookup/CatchParameterBinding
Event: 6.147 loading class org/eclipse/jdt/internal/compiler/lookup/CatchParameterBinding done
Event: 6.149 loading class org/eclipse/jdt/internal/compiler/ast/ContainerAnnotation
Event: 6.149 loading class org/eclipse/jdt/internal/compiler/ast/ContainerAnnotation done


Dynamic libraries:
0x00007ff7397b0000 - 0x00007ff7397e7000 	C:\Program Files\Java\jdk1.8.0_251\bin\java.exe
0x00007ffce49d0000 - 0x00007ffce4bc8000 	C:\WINDOWS\SYSTEM32\ntdll.dll
0x00007ffce4620000 - 0x00007ffce46dd000 	C:\WINDOWS\System32\KERNEL32.DLL
0x00007ffce2360000 - 0x00007ffce262e000 	C:\WINDOWS\System32\KERNELBASE.dll
0x00007ffce3dc0000 - 0x00007ffce3e6e000 	C:\WINDOWS\System32\ADVAPI32.dll
0x00007ffce3e70000 - 0x00007ffce3f0e000 	C:\WINDOWS\System32\msvcrt.dll
0x00007ffce4790000 - 0x00007ffce482c000 	C:\WINDOWS\System32\sechost.dll
0x00007ffce2a30000 - 0x00007ffce2b55000 	C:\WINDOWS\System32\RPCRT4.dll
0x00007ffce4480000 - 0x00007ffce4620000 	C:\WINDOWS\System32\USER32.dll
0x00007ffce2120000 - 0x00007ffce2142000 	C:\WINDOWS\System32\win32u.dll
0x00007ffce4830000 - 0x00007ffce485a000 	C:\WINDOWS\System32\GDI32.dll
0x00007ffce2920000 - 0x00007ffce2a2b000 	C:\WINDOWS\System32\gdi32full.dll
0x00007ffce26a0000 - 0x00007ffce273d000 	C:\WINDOWS\System32\msvcp_win.dll
0x00007ffce2740000 - 0x00007ffce2840000 	C:\WINDOWS\System32\ucrtbase.dll
0x00007ffccc6d0000 - 0x00007ffccc96a000 	C:\WINDOWS\WinSxS\amd64_microsoft.windows.common-controls_6595b64144ccf1df_6.0.19041.1110_none_60b5254171f9507e\COMCTL32.dll
0x00007ffce2cc0000 - 0x00007ffce2cf0000 	C:\WINDOWS\System32\IMM32.DLL
0x00000000611b0000 - 0x0000000061282000 	C:\Program Files\Java\jdk1.8.0_251\jre\bin\msvcr100.dll
0x0000000060900000 - 0x00000000611ab000 	C:\Program Files\Java\jdk1.8.0_251\jre\bin\server\jvm.dll
0x00007ffce2c30000 - 0x00007ffce2c38000 	C:\WINDOWS\System32\PSAPI.DLL
0x00007ffcd7520000 - 0x00007ffcd752a000 	C:\WINDOWS\SYSTEM32\VERSION.dll
0x00007ffcdc200000 - 0x00007ffcdc227000 	C:\WINDOWS\SYSTEM32\WINMM.dll
0x00007ffccd3c0000 - 0x00007ffccd3c9000 	C:\WINDOWS\SYSTEM32\WSOCK32.dll
0x00007ffce3c30000 - 0x00007ffce3c9b000 	C:\WINDOWS\System32\WS2_32.dll
0x00007ffcda530000 - 0x00007ffcda53f000 	C:\Program Files\Java\jdk1.8.0_251\jre\bin\verify.dll
0x00007ffca6010000 - 0x00007ffca6039000 	C:\Program Files\Java\jdk1.8.0_251\jre\bin\java.dll
0x00007ffca6060000 - 0x00007ffca6076000 	C:\Program Files\Java\jdk1.8.0_251\jre\bin\zip.dll
0x00007ffce31d0000 - 0x00007ffce3914000 	C:\WINDOWS\System32\SHELL32.dll
0x00007ffcdfd10000 - 0x00007ffce04a4000 	C:\WINDOWS\SYSTEM32\windows.storage.dll
0x00007ffce3fe0000 - 0x00007ffce4334000 	C:\WINDOWS\System32\combase.dll
0x00007ffce1b50000 - 0x00007ffce1b80000 	C:\WINDOWS\SYSTEM32\Wldp.dll
0x00007ffce46e0000 - 0x00007ffce478d000 	C:\WINDOWS\System32\SHCORE.dll
0x00007ffce3b70000 - 0x00007ffce3bc5000 	C:\WINDOWS\System32\shlwapi.dll
0x00007ffce2030000 - 0x00007ffce204f000 	C:\WINDOWS\SYSTEM32\profapi.dll
0x00007ffcb8750000 - 0x00007ffcb876a000 	C:\Program Files\Java\jdk1.8.0_251\jre\bin\net.dll
0x00007ffce18b0000 - 0x00007ffce191a000 	C:\WINDOWS\system32\mswsock.dll
0x00007ffc9d470000 - 0x00007ffc9d482000 	C:\Program Files\Java\jdk1.8.0_251\jre\bin\nio.dll

VM Arguments:
java_command: s3m.jar C:\UFPE\miningframework\SOOTAnalysisOutput\k-9\d209c0cce362e86fc9b0b70180bfcd7b690eaea2\com\fsck\k9\fragment\MessageListFragment\left.java C:\UFPE\miningframework\SOOTAnalysisOutput\k-9\d209c0cce362e86fc9b0b70180bfcd7b690eaea2\com\fsck\k9\fragment\MessageListFragment\base.java C:\UFPE\miningframework\SOOTAnalysisOutput\k-9\d209c0cce362e86fc9b0b70180bfcd7b690eaea2\com\fsck\k9\fragment\MessageListFragment\right.java -o C:\UFPE\miningframework\SOOTAnalysisOutput\k-9\d209c0cce362e86fc9b0b70180bfcd7b690eaea2\com\fsck\k9\fragment\MessageListFragment\InsertionLevelInitializationBlockHandler.java --handle-initialization-blocks false --handle-initialization-blocks-multiple-blocks true
java_class_path (initial): s3m.jar
Launcher Type: SUN_STANDARD

Environment Variables:
JAVA_HOME=C:\Program Files\Java\jdk1.8.0_291
PATH=C:\Program Files\Common Files\Oracle\Java\javapath;C:\Program Files (x86)\Common Files\Oracle\Java\javapath;C:\Windows\system32;C:\Windows;C:\Windows\System32\Wbem;C:\Windows\System32\WindowsPowerShell\v1.0\;C:\Windows\System32\OpenSSH\;C:\Program Files (x86)\NVIDIA Corporation\PhysX\Common;C:\Program Files\NVIDIA Corporation\NVIDIA NvDLISR;C:\Program Files (x86)\Groovy\bin;C:\Program Files (x86)\GnuWin32\bin;C:\UFPE\maven\apache-maven-3.6.3\bin;C:\WINDOWS\system32;C:\WINDOWS;C:\WINDOWS\System32\Wbem;C:\WINDOWS\System32\WindowsPowerShell\v1.0\;C:\WINDOWS\System32\OpenSSH\;C:\Program Files\Git\cmd;C:\Program Files\dotnet\;C:\Users\leona\AppData\Local\Microsoft\WindowsApps;C:\Program Files\Java\jdk-11.0.15\bin;C:\UFPE\maven\apache-maven-3.6.3\bin;C:\Users\leona\AppData\Local\GitHubDesktop\bin;C:\Users\leona\AppData\Local\Programs\Microsoft VS Code\bin;C:\Program Files\JetBrains\IntelliJ IDEA Community Edition 2020.2.3\bin;;C:\Program Files (x86)\GnuWin32\bin;C:\Users\leona\AppData\Local\Microsoft\WindowsApps;C:\flutter\flutter\bin;C:\gradle\bin;
USERNAME=leona
OS=Windows_NT
PROCESSOR_IDENTIFIER=Intel64 Family 6 Model 142 Stepping 12, GenuineIntel



---------------  S Y S T E M  ---------------

OS: Windows 10.0 , 64 bit Build 19041 (10.0.19041.1806)

CPU:total 8 (initial active 8) (4 cores per cpu, 2 threads per core) family 6 model 142 stepping 12, cmov, cx8, fxsr, mmx, sse, sse2, sse3, ssse3, sse4.1, sse4.2, popcnt, avx, avx2, aes, clmul, erms, 3dnowpref, lzcnt, ht, tsc, tscinvbit, bmi1, bmi2, adx

Memory: 4k page, physical 16556280k(713676k free), swap 45608436k(332k free)

vm_info: Java HotSpot(TM) 64-Bit Server VM (25.251-b08) for windows-amd64 JRE (1.8.0_251-b08), built on Mar 12 2020 06:31:49 by "" with MS VC++ 10.0 (VS2010)

time: Tue Aug 02 11:18:13 2022
timezone: Hora Padrão de Buenos Aires
elapsed time: 6 seconds (0d 0h 0m 6s)

