#
# There is insufficient memory for the Java Runtime Environment to continue.
# Native memory allocation (malloc) failed to allocate 428976 bytes for Chunk::new
# Possible reasons:
#   The system is out of physical RAM or swap space
#   The process is running with CompressedOops enabled, and the Java Heap may be blocking the growth of the native heap
# Possible solutions:
#   Reduce memory load on the system
#   Increase physical memory or swap space
#   Check if swap backing store is full
#   Decrease Java heap size (-Xmx/-Xms)
#   Decrease number of Java threads
#   Decrease Java thread stack sizes (-Xss)
#   Set larger code cache with -XX:ReservedCodeCacheSize=
#   JVM is running with Zero Based Compressed Oops mode in which the Java heap is
#     placed in the first 32GB address space. The Java Heap base address is the
#     maximum limit for the native heap growth. Please use -XX:HeapBaseMinAddress
#     to set the Java Heap base and to place the Java Heap above 32GB virtual address.
# This output file may be truncated or incomplete.
#
#  Out of Memory Error (allocation.cpp:389), pid=176744, tid=0x000000000002ca94
#
# JRE version: Java(TM) SE Runtime Environment (8.0_251-b08) (build 1.8.0_251-b08)
# Java VM: Java HotSpot(TM) 64-Bit Server VM (25.251-b08 mixed mode windows-amd64 compressed oops)
# Failed to write core dump. Minidumps are not enabled by default on client versions of Windows
#

---------------  T H R E A D  ---------------

Current thread (0x000000001e0d1800):  JavaThread "C2 CompilerThread1" daemon [_thread_in_native, id=182932, stack(0x000000001eac0000,0x000000001ebc0000)]

Stack: [0x000000001eac0000,0x000000001ebc0000]
[error occurred during error reporting (printing stack bounds), id 0xc0000005]

Native frames: (J=compiled Java code, j=interpreted, Vv=VM code, C=native code)


Current CompileTask:
C2:   5767 2361       4       org.eclipse.jdt.internal.compiler.lookup.BinaryTypeBinding::createMethod (1613 bytes)


---------------  P R O C E S S  ---------------

Java Threads: ( => current thread )
  0x000000001e16d800 JavaThread "Service Thread" daemon [_thread_blocked, id=174148, stack(0x000000001edc0000,0x000000001eec0000)]
  0x000000001e0dc800 JavaThread "C1 CompilerThread3" daemon [_thread_blocked, id=179548, stack(0x000000001ecc0000,0x000000001edc0000)]
  0x000000001e0d6800 JavaThread "C2 CompilerThread2" daemon [_thread_blocked, id=153968, stack(0x000000001ebc0000,0x000000001ecc0000)]
=>0x000000001e0d1800 JavaThread "C2 CompilerThread1" daemon [_thread_in_native, id=182932, stack(0x000000001eac0000,0x000000001ebc0000)]
  0x000000001e0cc800 JavaThread "C2 CompilerThread0" daemon [_thread_blocked, id=179584, stack(0x000000001e9c0000,0x000000001eac0000)]
  0x000000001e0c9800 JavaThread "Attach Listener" daemon [_thread_blocked, id=12164, stack(0x000000001e8c0000,0x000000001e9c0000)]
  0x000000001e0c7000 JavaThread "Signal Dispatcher" daemon [_thread_blocked, id=173272, stack(0x000000001e7c0000,0x000000001e8c0000)]
  0x000000001e0c1800 JavaThread "Finalizer" daemon [_thread_blocked, id=160756, stack(0x000000001e5a0000,0x000000001e6a0000)]
  0x000000001e0c0800 JavaThread "Reference Handler" daemon [_thread_blocked, id=177868, stack(0x000000001e4a0000,0x000000001e5a0000)]
  0x00000000028e2800 JavaThread "main" [_thread_blocked, id=178492, stack(0x00000000027e0000,0x00000000028e0000)]

Other Threads:
  0x000000001c2c9000 VMThread [stack: 0x000000001dfa0000,0x000000001e0a0000] [id=138756]
  0x000000001e129000 WatcherThread [stack: 0x000000001eec0000,0x000000001efc0000] [id=167068]

VM state:at safepoint (normal execution)

VM Mutex/Monitor currently owned by a thread:  ([mutex/lock_event])
[0x00000000027de290] Threads_lock - owner thread: 0x000000001c2c9000
[0x00000000027ddd90] Heap_lock - owner thread: 0x00000000028e2800

heap address: 0x00000006c3e00000, size: 4034 MB, Compressed Oops mode: Zero based, Oop shift amount: 3
Narrow klass base: 0x0000000000000000, Narrow klass shift: 3
Compressed class space size: 1073741824 Address: 0x00000007c0000000

Heap:
 PSYoungGen      total 836096K, used 5102K [0x000000076bf80000, 0x00000007bdc00000, 0x00000007c0000000)
  eden space 830976K, 0% used [0x000000076bf80000,0x000000076bf80000,0x000000079eb00000)
  from space 5120K, 99% used [0x00000007bd700000,0x00000007bdbfbac0,0x00000007bdc00000)
  to   space 5120K, 0% used [0x000000079eb00000,0x000000079eb00000,0x000000079f000000)
 ParOldGen       total 173568K, used 15263K [0x00000006c3e00000, 0x00000006ce780000, 0x000000076bf80000)
  object space 173568K, 8% used [0x00000006c3e00000,0x00000006c4ce7fd0,0x00000006ce780000)
 Metaspace       used 20816K, capacity 21124K, committed 21248K, reserved 1069056K
  class space    used 1919K, capacity 2040K, committed 2048K, reserved 1048576K

Card table byte_map: [0x0000000011da0000,0x0000000012590000] byte_map_base: 0x000000000e781000

Marking Bits: (ParMarkBitMap*) 0x0000000074c9af90
 Begin Bits: [0x00000000132e0000, 0x00000000171e8000)
 End Bits:   [0x00000000171e8000, 0x000000001b0f0000)

Polling page: 0x00000000025c0000

CodeCache: size=245760Kb used=12608Kb max_used=12608Kb free=233151Kb
 bounds [0x00000000029e0000, 0x0000000003640000, 0x00000000119e0000]
 total_blobs=3225 nmethods=2784 adapters=353
 compilation: enabled

Compilation events (10 events):
Event: 5.732 Thread 0x000000001e0d6800 nmethod 2830 0x000000000362ccd0 code [0x000000000362ce20, 0x000000000362d228]
Event: 5.736 Thread 0x000000001e0dc800 2831       3       java.lang.String::equalsIgnoreCase (48 bytes)
Event: 5.737 Thread 0x000000001e0dc800 nmethod 2831 0x000000000362e010 code [0x000000000362e180, 0x000000000362e4e8]
Event: 5.743 Thread 0x000000001e0dc800 2832       3       java.io.File::isInvalid (47 bytes)
Event: 5.744 Thread 0x000000001e0dc800 nmethod 2832 0x000000000362d950 code [0x000000000362dac0, 0x000000000362df08]
Event: 5.750 Thread 0x000000001e0dc800 2833       3       java.util.AbstractSet::<init> (5 bytes)
Event: 5.751 Thread 0x000000001e0dc800 nmethod 2833 0x000000000362d510 code [0x000000000362d680, 0x000000000362d890]
Event: 5.751 Thread 0x000000001e0dc800 2834       3       sun.nio.cs.SingleByte$Encoder::encodeArrayLoop (236 bytes)
Event: 5.753 Thread 0x000000001e0dc800 nmethod 2834 0x0000000003635510 code [0x00000000036359a0, 0x0000000003638528]
Event: 5.753 Thread 0x000000001e0dc800 2835       3       java.util.regex.Pattern::atom (379 bytes)

GC Heap History (10 events):
Event: 1.832 GC heap after
Heap after GC invocations=7 (full 0):
 PSYoungGen      total 263680K, used 2240K [0x000000076bf80000, 0x000000078c280000, 0x00000007c0000000)
  eden space 259584K, 0% used [0x000000076bf80000,0x000000076bf80000,0x000000077bd00000)
  from space 4096K, 54% used [0x000000077bd00000,0x000000077bf30000,0x000000077c100000)
  to   space 4096K, 0% used [0x000000078be80000,0x000000078be80000,0x000000078c280000)
 ParOldGen       total 173568K, used 2281K [0x00000006c3e00000, 0x00000006ce780000, 0x000000076bf80000)
  object space 173568K, 1% used [0x00000006c3e00000,0x00000006c403a6a0,0x00000006ce780000)
 Metaspace       used 9158K, capacity 9326K, committed 9472K, reserved 1058816K
  class space    used 945K, capacity 1001K, committed 1024K, reserved 1048576K
}
Event: 2.058 GC heap before
{Heap before GC invocations=8 (full 0):
 PSYoungGen      total 263680K, used 261824K [0x000000076bf80000, 0x000000078c280000, 0x00000007c0000000)
  eden space 259584K, 100% used [0x000000076bf80000,0x000000077bd00000,0x000000077bd00000)
  from space 4096K, 54% used [0x000000077bd00000,0x000000077bf30000,0x000000077c100000)
  to   space 4096K, 0% used [0x000000078be80000,0x000000078be80000,0x000000078c280000)
 ParOldGen       total 173568K, used 2281K [0x00000006c3e00000, 0x00000006ce780000, 0x000000076bf80000)
  object space 173568K, 1% used [0x00000006c3e00000,0x00000006c403a6a0,0x00000006ce780000)
 Metaspace       used 9164K, capacity 9390K, committed 9472K, reserved 1058816K
  class space    used 945K, capacity 1001K, committed 1024K, reserved 1048576K
Event: 2.064 GC heap after
Heap after GC invocations=8 (full 0):
 PSYoungGen      total 523264K, used 3238K [0x000000076bf80000, 0x000000078c280000, 0x00000007c0000000)
  eden space 519168K, 0% used [0x000000076bf80000,0x000000076bf80000,0x000000078ba80000)
  from space 4096K, 79% used [0x000000078be80000,0x000000078c1a99e8,0x000000078c280000)
  to   space 4096K, 0% used [0x000000078ba80000,0x000000078ba80000,0x000000078be80000)
 ParOldGen       total 173568K, used 2639K [0x00000006c3e00000, 0x00000006ce780000, 0x000000076bf80000)
  object space 173568K, 1% used [0x00000006c3e00000,0x00000006c4093ca8,0x00000006ce780000)
 Metaspace       used 9164K, capacity 9390K, committed 9472K, reserved 1058816K
  class space    used 945K, capacity 1001K, committed 1024K, reserved 1048576K
}
Event: 2.712 GC heap before
{Heap before GC invocations=9 (full 0):
 PSYoungGen      total 523264K, used 522406K [0x000000076bf80000, 0x000000078c280000, 0x00000007c0000000)
  eden space 519168K, 100% used [0x000000076bf80000,0x000000078ba80000,0x000000078ba80000)
  from space 4096K, 79% used [0x000000078be80000,0x000000078c1a99e8,0x000000078c280000)
  to   space 4096K, 0% used [0x000000078ba80000,0x000000078ba80000,0x000000078be80000)
 ParOldGen       total 173568K, used 2639K [0x00000006c3e00000, 0x00000006ce780000, 0x000000076bf80000)
  object space 173568K, 1% used [0x00000006c3e00000,0x00000006c4093ca8,0x00000006ce780000)
 Metaspace       used 9205K, capacity 9390K, committed 9472K, reserved 1058816K
  class space    used 945K, capacity 1001K, committed 1024K, reserved 1048576K
Event: 2.721 GC heap after
Heap after GC invocations=9 (full 0):
 PSYoungGen      total 523264K, used 4067K [0x000000076bf80000, 0x000000079f500000, 0x00000007c0000000)
  eden space 519168K, 0% used [0x000000076bf80000,0x000000076bf80000,0x000000078ba80000)
  from space 4096K, 99% used [0x000000078ba80000,0x000000078be78ca8,0x000000078be80000)
  to   space 5120K, 0% used [0x000000079f000000,0x000000079f000000,0x000000079f500000)
 ParOldGen       total 173568K, used 3694K [0x00000006c3e00000, 0x00000006ce780000, 0x000000076bf80000)
  object space 173568K, 2% used [0x00000006c3e00000,0x00000006c419b8b8,0x00000006ce780000)
 Metaspace       used 9205K, capacity 9390K, committed 9472K, reserved 1058816K
  class space    used 945K, capacity 1001K, committed 1024K, reserved 1048576K
}
Event: 3.091 GC heap before
{Heap before GC invocations=10 (full 0):
 PSYoungGen      total 523264K, used 523235K [0x000000076bf80000, 0x000000079f500000, 0x00000007c0000000)
  eden space 519168K, 100% used [0x000000076bf80000,0x000000078ba80000,0x000000078ba80000)
  from space 4096K, 99% used [0x000000078ba80000,0x000000078be78ca8,0x000000078be80000)
  to   space 5120K, 0% used [0x000000079f000000,0x000000079f000000,0x000000079f500000)
 ParOldGen       total 173568K, used 3694K [0x00000006c3e00000, 0x00000006ce780000, 0x000000076bf80000)
  object space 173568K, 2% used [0x00000006c3e00000,0x00000006c419b8b8,0x00000006ce780000)
 Metaspace       used 9212K, capacity 9390K, committed 9472K, reserved 1058816K
  class space    used 945K, capacity 1001K, committed 1024K, reserved 1048576K
Event: 3.094 GC heap after
Heap after GC invocations=10 (full 0):
 PSYoungGen      total 836096K, used 931K [0x000000076bf80000, 0x000000079f500000, 0x00000007c0000000)
  eden space 830976K, 0% used [0x000000076bf80000,0x000000076bf80000,0x000000079eb00000)
  from space 5120K, 18% used [0x000000079f000000,0x000000079f0e8e08,0x000000079f500000)
  to   space 5120K, 0% used [0x000000079eb00000,0x000000079eb00000,0x000000079f000000)
 ParOldGen       total 173568K, used 5829K [0x00000006c3e00000, 0x00000006ce780000, 0x000000076bf80000)
  object space 173568K, 3% used [0x00000006c3e00000,0x00000006c43b1630,0x00000006ce780000)
 Metaspace       used 9212K, capacity 9390K, committed 9472K, reserved 1058816K
  class space    used 945K, capacity 1001K, committed 1024K, reserved 1048576K
}
Event: 3.734 GC heap before
{Heap before GC invocations=11 (full 0):
 PSYoungGen      total 836096K, used 831907K [0x000000076bf80000, 0x000000079f500000, 0x00000007c0000000)
  eden space 830976K, 100% used [0x000000076bf80000,0x000000079eb00000,0x000000079eb00000)
  from space 5120K, 18% used [0x000000079f000000,0x000000079f0e8e08,0x000000079f500000)
  to   space 5120K, 0% used [0x000000079eb00000,0x000000079eb00000,0x000000079f000000)
 ParOldGen       total 173568K, used 5829K [0x00000006c3e00000, 0x00000006ce780000, 0x000000076bf80000)
  object space 173568K, 3% used [0x00000006c3e00000,0x00000006c43b1630,0x00000006ce780000)
 Metaspace       used 9228K, capacity 9454K, committed 9728K, reserved 1058816K
  class space    used 945K, capacity 1001K, committed 1024K, reserved 1048576K
Event: 3.740 GC heap after
Heap after GC invocations=11 (full 0):
 PSYoungGen      total 836096K, used 3299K [0x000000076bf80000, 0x00000007bdc00000, 0x00000007c0000000)
  eden space 830976K, 0% used [0x000000076bf80000,0x000000076bf80000,0x000000079eb00000)
  from space 5120K, 64% used [0x000000079eb00000,0x000000079ee38de8,0x000000079f000000)
  to   space 5120K, 0% used [0x00000007bd700000,0x00000007bd700000,0x00000007bdc00000)
 ParOldGen       total 173568K, used 6584K [0x00000006c3e00000, 0x00000006ce780000, 0x000000076bf80000)
  object space 173568K, 3% used [0x00000006c3e00000,0x00000006c446e160,0x00000006ce780000)
 Metaspace       used 9228K, capacity 9454K, committed 9728K, reserved 1058816K
  class space    used 945K, capacity 1001K, committed 1024K, reserved 1048576K
}
Event: 5.754 GC heap before
{Heap before GC invocations=12 (full 0):
 PSYoungGen      total 836096K, used 255852K [0x000000076bf80000, 0x00000007bdc00000, 0x00000007c0000000)
  eden space 830976K, 30% used [0x000000076bf80000,0x000000077b622578,0x000000079eb00000)
  from space 5120K, 64% used [0x000000079eb00000,0x000000079ee38de8,0x000000079f000000)
  to   space 5120K, 0% used [0x00000007bd700000,0x00000007bd700000,0x00000007bdc00000)
 ParOldGen       total 173568K, used 6584K [0x00000006c3e00000, 0x00000006ce780000, 0x000000076bf80000)
  object space 173568K, 3% used [0x00000006c3e00000,0x00000006c446e160,0x00000006ce780000)
 Metaspace       used 20816K, capacity 21124K, committed 21248K, reserved 1069056K
  class space    used 1919K, capacity 2040K, committed 2048K, reserved 1048576K

Deoptimization events (10 events):
Event: 5.754 Thread 0x00000000028e2800 Uncommon trap: reason=class_check action=maybe_recompile pc=0x0000000002df7818 method=java.util.regex.Pattern$GroupHead.match(Ljava/util/regex/Matcher;ILjava/lang/CharSequence;)Z @ 28
Event: 5.754 Thread 0x00000000028e2800 Uncommon trap: reason=class_check action=maybe_recompile pc=0x000000000316c764 method=java.util.regex.Pattern$Curly.match0(Ljava/util/regex/Matcher;IILjava/lang/CharSequence;)Z @ 31
Event: 5.754 Thread 0x00000000028e2800 Uncommon trap: reason=class_check action=maybe_recompile pc=0x0000000002e6d848 method=java.util.regex.Pattern$GroupTail.match(Ljava/util/regex/Matcher;ILjava/lang/CharSequence;)Z @ 70
Event: 5.754 Thread 0x00000000028e2800 Uncommon trap: reason=class_check action=maybe_recompile pc=0x00000000031a66b4 method=java.util.regex.Pattern$BranchConn.match(Ljava/util/regex/Matcher;ILjava/lang/CharSequence;)Z @ 7
Event: 5.754 Thread 0x00000000028e2800 Uncommon trap: reason=class_check action=maybe_recompile pc=0x0000000002df7818 method=java.util.regex.Pattern$GroupHead.match(Ljava/util/regex/Matcher;ILjava/lang/CharSequence;)Z @ 28
Event: 5.754 Thread 0x00000000028e2800 Uncommon trap: reason=unstable_if action=reinterpret pc=0x00000000035f83c4 method=java.util.regex.Pattern$Branch.match(Ljava/util/regex/Matcher;ILjava/lang/CharSequence;)Z @ 19
Event: 5.754 Thread 0x00000000028e2800 Uncommon trap: reason=class_check action=maybe_recompile pc=0x0000000002df7818 method=java.util.regex.Pattern$GroupHead.match(Ljava/util/regex/Matcher;ILjava/lang/CharSequence;)Z @ 28
Event: 5.754 Thread 0x00000000028e2800 Uncommon trap: reason=class_check action=maybe_recompile pc=0x0000000002e6d848 method=java.util.regex.Pattern$GroupTail.match(Ljava/util/regex/Matcher;ILjava/lang/CharSequence;)Z @ 70
Event: 5.754 Thread 0x00000000028e2800 Uncommon trap: reason=class_check action=maybe_recompile pc=0x00000000031a66b4 method=java.util.regex.Pattern$BranchConn.match(Ljava/util/regex/Matcher;ILjava/lang/CharSequence;)Z @ 7
Event: 5.754 Thread 0x00000000028e2800 Uncommon trap: reason=class_check action=maybe_recompile pc=0x0000000002e7d1e0 method=java.util.regex.Pattern$GroupTail.match(Ljava/util/regex/Matcher;ILjava/lang/CharSequence;)Z @ 70

Classes redefined (0 events):
No events

Internal exceptions (10 events):
Event: 0.347 Thread 0x00000000028e2800 Exception <a 'java/security/PrivilegedActionException'> (0x000000076c75b770) thrown at [C:\jenkins\workspace\8-2-build-windows-amd64-cygwin\jdk8u251\737\hotspot\src\share\vm\prims\jvm.cpp, line 1502]
Event: 0.348 Thread 0x00000000028e2800 Exception <a 'java/security/PrivilegedActionException'> (0x000000076c75fa50) thrown at [C:\jenkins\workspace\8-2-build-windows-amd64-cygwin\jdk8u251\737\hotspot\src\share\vm\prims\jvm.cpp, line 1502]
Event: 0.348 Thread 0x00000000028e2800 Exception <a 'java/security/PrivilegedActionException'> (0x000000076c75fe48) thrown at [C:\jenkins\workspace\8-2-build-windows-amd64-cygwin\jdk8u251\737\hotspot\src\share\vm\prims\jvm.cpp, line 1502]
Event: 4.446 Thread 0x00000000028e2800 Exception <a 'java/io/FileNotFoundException'> (0x0000000775cf9c68) thrown at [C:\jenkins\workspace\8-2-build-windows-amd64-cygwin\jdk8u251\737\hotspot\src\share\vm\prims\jni.cpp, line 710]
Event: 4.756 Thread 0x00000000028e2800 Exception <a 'java/lang/ArrayIndexOutOfBoundsException'> (0x000000077697c2b8) thrown at [C:\jenkins\workspace\8-2-build-windows-amd64-cygwin\jdk8u251\737\hotspot\src\share\vm\runtime\sharedRuntime.cpp, line 605]
Event: 4.756 Thread 0x00000000028e2800 Exception <a 'java/lang/ArrayIndexOutOfBoundsException'> (0x000000077697c4f8) thrown at [C:\jenkins\workspace\8-2-build-windows-amd64-cygwin\jdk8u251\737\hotspot\src\share\vm\runtime\sharedRuntime.cpp, line 605]
Event: 4.756 Thread 0x00000000028e2800 Exception <a 'java/lang/ArrayIndexOutOfBoundsException'> (0x000000077697c738) thrown at [C:\jenkins\workspace\8-2-build-windows-amd64-cygwin\jdk8u251\737\hotspot\src\share\vm\runtime\sharedRuntime.cpp, line 605]
Event: 4.782 Thread 0x00000000028e2800 Exception <a 'java/lang/ArrayIndexOutOfBoundsException'> (0x0000000776a14320) thrown at [C:\jenkins\workspace\8-2-build-windows-amd64-cygwin\jdk8u251\737\hotspot\src\share\vm\runtime\sharedRuntime.cpp, line 605]
Event: 4.797 Thread 0x00000000028e2800 Exception <a 'java/lang/IncompatibleClassChangeError': Found class java.lang.Object, but interface was expected> (0x0000000776a68420) thrown at [C:\jenkins\workspace\8-2-build-windows-amd64-cygwin\jdk8u251\737\hotspot\src\share\vm\interpreter\linkResolver
Event: 4.958 Thread 0x00000000028e2800 Implicit null exception at 0x00000000033b1f3d to 0x00000000033b26d5

Events (10 events):
Event: 5.754 Thread 0x00000000028e2800 Uncommon trap: trap_request=0xffffffde fr.pc=0x00000000031a66b4
Event: 5.754 Thread 0x00000000028e2800 DEOPT PACKING pc=0x00000000031a66b4 sp=0x00000000028de4c0
Event: 5.754 Thread 0x00000000028e2800 DEOPT UNPACKING pc=0x0000000002a2583b sp=0x00000000028de460 mode 2
Event: 5.754 Thread 0x00000000028e2800 Uncommon trap: trap_request=0xffffffde fr.pc=0x0000000002e7d1e0
Event: 5.754 Thread 0x00000000028e2800 DEOPT PACKING pc=0x0000000002e7d1e0 sp=0x00000000028de390
Event: 5.754 Thread 0x00000000028e2800 DEOPT UNPACKING pc=0x0000000002a2583b sp=0x00000000028de2d0 mode 2
Event: 5.754 loading class java/util/Formatter$FormatSpecifier
Event: 5.754 loading class java/util/Formatter$FormatString
Event: 5.754 loading class java/util/Formatter$FormatString done
Event: 5.754 Executing VM operation: CollectForMetadataAllocation


Dynamic libraries:
0x00007ff62df50000 - 0x00007ff62df87000 	C:\Program Files\Java\jdk1.8.0_251\bin\java.exe
0x00007ffd09a30000 - 0x00007ffd09c28000 	C:\WINDOWS\SYSTEM32\ntdll.dll
0x00007ffd08070000 - 0x00007ffd0812f000 	C:\WINDOWS\System32\KERNEL32.DLL
0x00007ffd07540000 - 0x00007ffd07812000 	C:\WINDOWS\System32\KERNELBASE.dll
0x00007ffd085a0000 - 0x00007ffd0864e000 	C:\WINDOWS\System32\ADVAPI32.dll
0x00007ffd089c0000 - 0x00007ffd08a5e000 	C:\WINDOWS\System32\msvcrt.dll
0x00007ffd08650000 - 0x00007ffd086ec000 	C:\WINDOWS\System32\sechost.dll
0x00007ffd07d10000 - 0x00007ffd07e35000 	C:\WINDOWS\System32\RPCRT4.dll
0x00007ffd08e70000 - 0x00007ffd09011000 	C:\WINDOWS\System32\USER32.dll
0x00007ffd073d0000 - 0x00007ffd073f2000 	C:\WINDOWS\System32\win32u.dll
0x00007ffd07f70000 - 0x00007ffd07f9b000 	C:\WINDOWS\System32\GDI32.dll
0x00007ffd07120000 - 0x00007ffd0722f000 	C:\WINDOWS\System32\gdi32full.dll
0x00007ffd07820000 - 0x00007ffd078bd000 	C:\WINDOWS\System32\msvcp_win.dll
0x00007ffd07230000 - 0x00007ffd07330000 	C:\WINDOWS\System32\ucrtbase.dll
0x00007ffce8280000 - 0x00007ffce851a000 	C:\WINDOWS\WinSxS\amd64_microsoft.windows.common-controls_6595b64144ccf1df_6.0.19041.1110_none_60b5254171f9507e\COMCTL32.dll
0x00007ffd07ad0000 - 0x00007ffd07b02000 	C:\WINDOWS\System32\IMM32.DLL
0x0000000075ee0000 - 0x0000000075fb2000 	C:\Program Files\Java\jdk1.8.0_251\jre\bin\msvcr100.dll
0x0000000074470000 - 0x0000000074d1b000 	C:\Program Files\Java\jdk1.8.0_251\jre\bin\server\jvm.dll
0x00007ffd07e40000 - 0x00007ffd07e48000 	C:\WINDOWS\System32\PSAPI.DLL
0x00007ffd01200000 - 0x00007ffd01227000 	C:\WINDOWS\SYSTEM32\WINMM.dll
0x00007ffcecb50000 - 0x00007ffcecb59000 	C:\WINDOWS\SYSTEM32\WSOCK32.dll
0x00007ffcfd9c0000 - 0x00007ffcfd9ca000 	C:\WINDOWS\SYSTEM32\VERSION.dll
0x00007ffd097d0000 - 0x00007ffd0983b000 	C:\WINDOWS\System32\WS2_32.dll
0x00007ffcfc640000 - 0x00007ffcfc64f000 	C:\Program Files\Java\jdk1.8.0_251\jre\bin\verify.dll
0x00007ffcd6e40000 - 0x00007ffcd6e69000 	C:\Program Files\Java\jdk1.8.0_251\jre\bin\java.dll
0x00007ffcf9b50000 - 0x00007ffcf9b66000 	C:\Program Files\Java\jdk1.8.0_251\jre\bin\zip.dll
0x00007ffd09020000 - 0x00007ffd09765000 	C:\WINDOWS\System32\SHELL32.dll
0x00007ffd04d00000 - 0x00007ffd05492000 	C:\WINDOWS\SYSTEM32\windows.storage.dll
0x00007ffd08b10000 - 0x00007ffd08e65000 	C:\WINDOWS\System32\combase.dll
0x00007ffd06b80000 - 0x00007ffd06bb0000 	C:\WINDOWS\SYSTEM32\Wldp.dll
0x00007ffd07ec0000 - 0x00007ffd07f6d000 	C:\WINDOWS\System32\SHCORE.dll
0x00007ffd07e50000 - 0x00007ffd07ea5000 	C:\WINDOWS\System32\shlwapi.dll
0x00007ffd07060000 - 0x00007ffd0707f000 	C:\WINDOWS\SYSTEM32\profapi.dll
0x00007ffcec740000 - 0x00007ffcec75a000 	C:\Program Files\Java\jdk1.8.0_251\jre\bin\net.dll
0x00007ffd068e0000 - 0x00007ffd0694a000 	C:\WINDOWS\system32\mswsock.dll
0x00007ffcd6df0000 - 0x00007ffcd6e02000 	C:\Program Files\Java\jdk1.8.0_251\jre\bin\nio.dll
0x00007ffce4910000 - 0x00007ffce4934000 	C:\Program Files\Java\jdk1.8.0_251\jre\bin\sunec.dll

VM Arguments:
java_command: s3m.jar C:\UFPE\miningframework\SOOTAnalysisOutput\accumulo\d4eb55daf5407679f485b9abef207fd2c76e7d73\org\apache\accumulo\core\master\thrift\TabletServerStatus\left.java C:\UFPE\miningframework\SOOTAnalysisOutput\accumulo\d4eb55daf5407679f485b9abef207fd2c76e7d73\org\apache\accumulo\core\master\thrift\TabletServerStatus\base.java C:\UFPE\miningframework\SOOTAnalysisOutput\accumulo\d4eb55daf5407679f485b9abef207fd2c76e7d73\org\apache\accumulo\core\master\thrift\TabletServerStatus\right.java -o C:\UFPE\miningframework\SOOTAnalysisOutput\accumulo\d4eb55daf5407679f485b9abef207fd2c76e7d73\org\apache\accumulo\core\master\thrift\TabletServerStatus\SimpleInitializationBlockHandler.java --handle-initialization-blocks true --handle-initialization-blocks-multiple-blocks false
java_class_path (initial): s3m.jar
Launcher Type: SUN_STANDARD

Environment Variables:
JAVA_HOME=C:\Program Files\Java\jdk1.8.0_291
PATH=C:\Program Files\Common Files\Oracle\Java\javapath;C:\Program Files (x86)\Common Files\Oracle\Java\javapath;C:\Windows\system32;C:\Windows;C:\Windows\System32\Wbem;C:\Windows\System32\WindowsPowerShell\v1.0\;C:\Windows\System32\OpenSSH\;C:\Program Files (x86)\NVIDIA Corporation\PhysX\Common;C:\Program Files\NVIDIA Corporation\NVIDIA NvDLISR;C:\Program Files (x86)\Groovy\bin;C:\Program Files (x86)\GnuWin32\bin;C:\UFPE\maven\apache-maven-3.6.3\bin;C:\WINDOWS\system32;C:\WINDOWS;C:\WINDOWS\System32\Wbem;C:\WINDOWS\System32\WindowsPowerShell\v1.0\;C:\WINDOWS\System32\OpenSSH\;C:\Program Files\Git\cmd;C:\Program Files\dotnet\;C:\Users\leona\AppData\Local\Microsoft\WindowsApps;C:\Program Files\Java\jdk-11.0.15\bin;C:\UFPE\maven\apache-maven-3.6.3\bin;C:\Users\leona\AppData\Local\GitHubDesktop\bin;C:\Users\leona\AppData\Local\Programs\Microsoft VS Code\bin;C:\Program Files\JetBrains\IntelliJ IDEA Community Edition 2020.2.3\bin;;C:\Program Files (x86)\GnuWin32\bin;C:\Users\leona\AppData\Local\Microsoft\WindowsApps;C:\flutter\flutter\bin;C:\gradle\bin;
USERNAME=leona
OS=Windows_NT
PROCESSOR_IDENTIFIER=Intel64 Family 6 Model 142 Stepping 12, GenuineIntel



---------------  S Y S T E M  ---------------

OS: Windows 10.0 , 64 bit Build 19041 (10.0.19041.2546)

CPU:total 8 (initial active 8) (4 cores per cpu, 2 threads per core) family 6 model 142 stepping 12, cmov, cx8, fxsr, mmx, sse, sse2, sse3, ssse3, sse4.1, sse4.2, popcnt, avx, avx2, aes, clmul, erms, 3dnowpref, lzcnt, ht, tsc, tscinvbit, bmi1, bmi2, adx

Memory: 4k page, physical 16521856k(1678712k free), swap 45574012k(5344k free)

vm_info: Java HotSpot(TM) 64-Bit Server VM (25.251-b08) for windows-amd64 JRE (1.8.0_251-b08), built on Mar 12 2020 06:31:49 by "" with MS VC++ 10.0 (VS2010)

time: Wed Mar 08 20:58:40 2023
timezone: Hora Padrão de Buenos Aires
elapsed time: 5 seconds (0d 0h 0m 5s)

