#
# There is insufficient memory for the Java Runtime Environment to continue.
# Native memory allocation (malloc) failed to allocate 770896 bytes for Chunk::new
# Possible reasons:
#   The system is out of physical RAM or swap space
#   The process is running with CompressedOops enabled, and the Java Heap may be blocking the growth of the native heap
# Possible solutions:
#   Reduce memory load on the system
#   Increase physical memory or swap space
#   Check if swap backing store is full
#   Decrease Java heap size (-Xmx/-Xms)
#   Decrease number of Java threads
#   Decrease Java thread stack sizes (-Xss)
#   Set larger code cache with -XX:ReservedCodeCacheSize=
#   JVM is running with Zero Based Compressed Oops mode in which the Java heap is
#     placed in the first 32GB address space. The Java Heap base address is the
#     maximum limit for the native heap growth. Please use -XX:HeapBaseMinAddress
#     to set the Java Heap base and to place the Java Heap above 32GB virtual address.
# This output file may be truncated or incomplete.
#
#  Out of Memory Error (allocation.cpp:389), pid=144364, tid=0x0000000000002564
#
# JRE version: Java(TM) SE Runtime Environment (8.0_251-b08) (build 1.8.0_251-b08)
# Java VM: Java HotSpot(TM) 64-Bit Server VM (25.251-b08 mixed mode windows-amd64 compressed oops)
# Failed to write core dump. Minidumps are not enabled by default on client versions of Windows
#

---------------  T H R E A D  ---------------

Current thread (0x000000001e66d000):  JavaThread "C2 CompilerThread0" daemon [_thread_in_native, id=9572, stack(0x000000001ef60000,0x000000001f060000)]

Stack: [0x000000001ef60000,0x000000001f060000]
[error occurred during error reporting (printing stack bounds), id 0xc0000005]

Native frames: (J=compiled Java code, j=interpreted, Vv=VM code, C=native code)


Current CompileTask:
C2:   6461 2339       4       org.eclipse.jdt.internal.compiler.lookup.BinaryTypeBinding::createMethod (1613 bytes)


---------------  P R O C E S S  ---------------

Java Threads: ( => current thread )
  0x000000001e707000 JavaThread "Service Thread" daemon [_thread_blocked, id=160508, stack(0x000000001f360000,0x000000001f460000)]
  0x000000001e67f000 JavaThread "C1 CompilerThread3" daemon [_thread_in_native, id=144296, stack(0x000000001f260000,0x000000001f360000)]
  0x000000001e677000 JavaThread "C2 CompilerThread2" daemon [_thread_in_native, id=153408, stack(0x000000001f160000,0x000000001f260000)]
  0x000000001e66f800 JavaThread "C2 CompilerThread1" daemon [_thread_in_native, id=160744, stack(0x000000001f060000,0x000000001f160000)]
=>0x000000001e66d000 JavaThread "C2 CompilerThread0" daemon [_thread_in_native, id=9572, stack(0x000000001ef60000,0x000000001f060000)]
  0x000000001e669800 JavaThread "Attach Listener" daemon [_thread_blocked, id=160192, stack(0x000000001ee60000,0x000000001ef60000)]
  0x000000001e667000 JavaThread "Signal Dispatcher" daemon [_thread_blocked, id=150308, stack(0x000000001ed60000,0x000000001ee60000)]
  0x000000001e661800 JavaThread "Finalizer" daemon [_thread_blocked, id=47624, stack(0x000000001eb40000,0x000000001ec40000)]
  0x000000001e660800 JavaThread "Reference Handler" daemon [_thread_blocked, id=157136, stack(0x000000001ea40000,0x000000001eb40000)]
  0x0000000002e92800 JavaThread "main" [_thread_in_Java, id=111212, stack(0x0000000002c90000,0x0000000002d90000)]

Other Threads:
  0x000000001c879000 VMThread [stack: 0x000000001e540000,0x000000001e640000] [id=154788]
  0x000000001e6bc000 WatcherThread [stack: 0x000000001f460000,0x000000001f560000] [id=156980]

VM state:not at safepoint (normal execution)

VM Mutex/Monitor currently owned by a thread: None

heap address: 0x00000006c3e00000, size: 4034 MB, Compressed Oops mode: Zero based, Oop shift amount: 3
Narrow klass base: 0x0000000000000000, Narrow klass shift: 3
Compressed class space size: 1073741824 Address: 0x00000007c0000000

Heap:
 PSYoungGen      total 1336832K, used 516478K [0x000000076bf80000, 0x00000007bdd80000, 0x00000007c0000000)
  eden space 1332224K, 38% used [0x000000076bf80000,0x000000078b627a30,0x00000007bd480000)
  from space 4608K, 38% used [0x00000007bd900000,0x00000007bdab8000,0x00000007bdd80000)
  to   space 4608K, 0% used [0x00000007bd480000,0x00000007bd480000,0x00000007bd900000)
 ParOldGen       total 173568K, used 6904K [0x00000006c3e00000, 0x00000006ce780000, 0x000000076bf80000)
  object space 173568K, 3% used [0x00000006c3e00000,0x00000006c44be148,0x00000006ce780000)
 Metaspace       used 16899K, capacity 17180K, committed 17408K, reserved 1064960K
  class space    used 1579K, capacity 1670K, committed 1792K, reserved 1048576K

Card table byte_map: [0x0000000012350000,0x0000000012b40000] byte_map_base: 0x000000000ed31000

Marking Bits: (ParMarkBitMap*) 0x0000000074c9af90
 Begin Bits: [0x0000000013890000, 0x0000000017798000)
 End Bits:   [0x0000000017798000, 0x000000001b6a0000)

Polling page: 0x0000000000e10000

CodeCache: size=245760Kb used=12181Kb max_used=12181Kb free=233578Kb
 bounds [0x0000000002f90000, 0x0000000003b80000, 0x0000000011f90000]
 total_blobs=2876 nmethods=2470 adapters=318
 compilation: enabled

Compilation events (10 events):
Event: 6.456 Thread 0x000000001e67f000 nmethod 2496 0x0000000003b7a290 code [0x0000000003b7a420, 0x0000000003b7ab28]
Event: 6.456 Thread 0x000000001e67f000 2499       3       org.eclipse.jdt.core.compiler.CharOperation::equals (103 bytes)
Event: 6.456 Thread 0x000000001e67f000 nmethod 2499 0x0000000003b7ad50 code [0x0000000003b7af00, 0x0000000003b7b498]
Event: 6.456 Thread 0x000000001e67f000 2502       1       org.eclipse.jdt.internal.compiler.env.ITypeAnnotationWalker$1::toMethodParameter (2 bytes)
Event: 6.456 Thread 0x000000001e67f000 nmethod 2502 0x0000000003b7b790 code [0x0000000003b7b8e0, 0x0000000003b7b9f0]
Event: 6.456 Thread 0x000000001e67f000 2501       3       org.eclipse.jdt.internal.compiler.lookup.LookupEnvironment::getTypeFromTypeVariable (68 bytes)
Event: 6.457 Thread 0x000000001e67f000 nmethod 2501 0x0000000003b7ba50 code [0x0000000003b7bc20, 0x0000000003b7c488]
Event: 6.457 Thread 0x000000001e67f000 2498       3       org.eclipse.jdt.internal.compiler.lookup.LookupEnvironment::getTypeFromVariantTypeSignature (222 bytes)
Event: 6.458 Thread 0x000000001e67f000 nmethod 2498 0x0000000003b7c790 code [0x0000000003b7c9e0, 0x0000000003b7d438]
Event: 6.458 Thread 0x000000001e67f000 2506       3       org.eclipse.jdt.internal.compiler.lookup.Scope::getTypeOrPackage (1642 bytes)

GC Heap History (10 events):
Event: 2.132 GC heap before
{Heap before GC invocations=8 (full 0):
 PSYoungGen      total 264192K, used 261376K [0x000000076bf80000, 0x000000078c480000, 0x00000007c0000000)
  eden space 260096K, 100% used [0x000000076bf80000,0x000000077bd80000,0x000000077bd80000)
  from space 4096K, 31% used [0x000000077bd80000,0x000000077bec0000,0x000000077c180000)
  to   space 4608K, 0% used [0x000000078c000000,0x000000078c000000,0x000000078c480000)
 ParOldGen       total 173568K, used 2778K [0x00000006c3e00000, 0x00000006ce780000, 0x000000076bf80000)
  object space 173568K, 1% used [0x00000006c3e00000,0x00000006c40b6878,0x00000006ce780000)
 Metaspace       used 9156K, capacity 9390K, committed 9472K, reserved 1058816K
  class space    used 954K, capacity 1001K, committed 1024K, reserved 1048576K
Event: 2.135 GC heap after
Heap after GC invocations=8 (full 0):
 PSYoungGen      total 524800K, used 1600K [0x000000076bf80000, 0x000000078c480000, 0x00000007c0000000)
  eden space 520192K, 0% used [0x000000076bf80000,0x000000076bf80000,0x000000078bb80000)
  from space 4608K, 34% used [0x000000078c000000,0x000000078c190000,0x000000078c480000)
  to   space 4608K, 0% used [0x000000078bb80000,0x000000078bb80000,0x000000078c000000)
 ParOldGen       total 173568K, used 3042K [0x00000006c3e00000, 0x00000006ce780000, 0x000000076bf80000)
  object space 173568K, 1% used [0x00000006c3e00000,0x00000006c40f8878,0x00000006ce780000)
 Metaspace       used 9156K, capacity 9390K, committed 9472K, reserved 1058816K
  class space    used 954K, capacity 1001K, committed 1024K, reserved 1048576K
}
Event: 2.767 GC heap before
{Heap before GC invocations=9 (full 0):
 PSYoungGen      total 524800K, used 521792K [0x000000076bf80000, 0x000000078c480000, 0x00000007c0000000)
  eden space 520192K, 100% used [0x000000076bf80000,0x000000078bb80000,0x000000078bb80000)
  from space 4608K, 34% used [0x000000078c000000,0x000000078c190000,0x000000078c480000)
  to   space 4608K, 0% used [0x000000078bb80000,0x000000078bb80000,0x000000078c000000)
 ParOldGen       total 173568K, used 3042K [0x00000006c3e00000, 0x00000006ce780000, 0x000000076bf80000)
  object space 173568K, 1% used [0x00000006c3e00000,0x00000006c40f8878,0x00000006ce780000)
 Metaspace       used 9236K, capacity 9454K, committed 9728K, reserved 1058816K
  class space    used 954K, capacity 1001K, committed 1024K, reserved 1048576K
Event: 2.773 GC heap after
Heap after GC invocations=9 (full 0):
 PSYoungGen      total 524800K, used 2832K [0x000000076bf80000, 0x000000079f580000, 0x00000007c0000000)
  eden space 520192K, 0% used [0x000000076bf80000,0x000000076bf80000,0x000000078bb80000)
  from space 4608K, 61% used [0x000000078bb80000,0x000000078be44030,0x000000078c000000)
  to   space 4608K, 0% used [0x000000079f100000,0x000000079f100000,0x000000079f580000)
 ParOldGen       total 173568K, used 3554K [0x00000006c3e00000, 0x00000006ce780000, 0x000000076bf80000)
  object space 173568K, 2% used [0x00000006c3e00000,0x00000006c4178878,0x00000006ce780000)
 Metaspace       used 9236K, capacity 9454K, committed 9728K, reserved 1058816K
  class space    used 954K, capacity 1001K, committed 1024K, reserved 1048576K
}
Event: 3.216 GC heap before
{Heap before GC invocations=10 (full 0):
 PSYoungGen      total 524800K, used 523024K [0x000000076bf80000, 0x000000079f580000, 0x00000007c0000000)
  eden space 520192K, 100% used [0x000000076bf80000,0x000000078bb80000,0x000000078bb80000)
  from space 4608K, 61% used [0x000000078bb80000,0x000000078be44030,0x000000078c000000)
  to   space 4608K, 0% used [0x000000079f100000,0x000000079f100000,0x000000079f580000)
 ParOldGen       total 173568K, used 3554K [0x00000006c3e00000, 0x00000006ce780000, 0x000000076bf80000)
  object space 173568K, 2% used [0x00000006c3e00000,0x00000006c4178878,0x00000006ce780000)
 Metaspace       used 9237K, capacity 9454K, committed 9728K, reserved 1058816K
  class space    used 954K, capacity 1001K, committed 1024K, reserved 1048576K
Event: 3.221 GC heap after
Heap after GC invocations=10 (full 0):
 PSYoungGen      total 837120K, used 2848K [0x000000076bf80000, 0x000000079f580000, 0x00000007c0000000)
  eden space 832512K, 0% used [0x000000076bf80000,0x000000076bf80000,0x000000079ec80000)
  from space 4608K, 61% used [0x000000079f100000,0x000000079f3c8020,0x000000079f580000)
  to   space 4608K, 0% used [0x000000079ec80000,0x000000079ec80000,0x000000079f100000)
 ParOldGen       total 173568K, used 4586K [0x00000006c3e00000, 0x00000006ce780000, 0x000000076bf80000)
  object space 173568K, 2% used [0x00000006c3e00000,0x00000006c427a878,0x00000006ce780000)
 Metaspace       used 9237K, capacity 9454K, committed 9728K, reserved 1058816K
  class space    used 954K, capacity 1001K, committed 1024K, reserved 1048576K
}
Event: 4.102 GC heap before
{Heap before GC invocations=11 (full 0):
 PSYoungGen      total 837120K, used 835360K [0x000000076bf80000, 0x000000079f580000, 0x00000007c0000000)
  eden space 832512K, 100% used [0x000000076bf80000,0x000000079ec80000,0x000000079ec80000)
  from space 4608K, 61% used [0x000000079f100000,0x000000079f3c8020,0x000000079f580000)
  to   space 4608K, 0% used [0x000000079ec80000,0x000000079ec80000,0x000000079f100000)
 ParOldGen       total 173568K, used 4586K [0x00000006c3e00000, 0x00000006ce780000, 0x000000076bf80000)
  object space 173568K, 2% used [0x00000006c3e00000,0x00000006c427a878,0x00000006ce780000)
 Metaspace       used 9286K, capacity 9518K, committed 9728K, reserved 1058816K
  class space    used 954K, capacity 1001K, committed 1024K, reserved 1048576K
Event: 4.107 GC heap after
Heap after GC invocations=11 (full 0):
 PSYoungGen      total 837120K, used 752K [0x000000076bf80000, 0x00000007bdd80000, 0x00000007c0000000)
  eden space 832512K, 0% used [0x000000076bf80000,0x000000076bf80000,0x000000079ec80000)
  from space 4608K, 16% used [0x000000079ec80000,0x000000079ed3c030,0x000000079f100000)
  to   space 4608K, 0% used [0x00000007bd900000,0x00000007bd900000,0x00000007bdd80000)
 ParOldGen       total 173568K, used 6230K [0x00000006c3e00000, 0x00000006ce780000, 0x000000076bf80000)
  object space 173568K, 3% used [0x00000006c3e00000,0x00000006c4415ad0,0x00000006ce780000)
 Metaspace       used 9286K, capacity 9518K, committed 9728K, reserved 1058816K
  class space    used 954K, capacity 1001K, committed 1024K, reserved 1048576K
}
Event: 4.848 GC heap before
{Heap before GC invocations=12 (full 0):
 PSYoungGen      total 837120K, used 833264K [0x000000076bf80000, 0x00000007bdd80000, 0x00000007c0000000)
  eden space 832512K, 100% used [0x000000076bf80000,0x000000079ec80000,0x000000079ec80000)
  from space 4608K, 16% used [0x000000079ec80000,0x000000079ed3c030,0x000000079f100000)
  to   space 4608K, 0% used [0x00000007bd900000,0x00000007bd900000,0x00000007bdd80000)
 ParOldGen       total 173568K, used 6230K [0x00000006c3e00000, 0x00000006ce780000, 0x000000076bf80000)
  object space 173568K, 3% used [0x00000006c3e00000,0x00000006c4415ad0,0x00000006ce780000)
 Metaspace       used 9286K, capacity 9518K, committed 9728K, reserved 1058816K
  class space    used 954K, capacity 1001K, committed 1024K, reserved 1048576K
Event: 4.854 GC heap after
Heap after GC invocations=12 (full 0):
 PSYoungGen      total 1336832K, used 1760K [0x000000076bf80000, 0x00000007bdd80000, 0x00000007c0000000)
  eden space 1332224K, 0% used [0x000000076bf80000,0x000000076bf80000,0x00000007bd480000)
  from space 4608K, 38% used [0x00000007bd900000,0x00000007bdab8000,0x00000007bdd80000)
  to   space 4608K, 0% used [0x00000007bd480000,0x00000007bd480000,0x00000007bd900000)
 ParOldGen       total 173568K, used 6904K [0x00000006c3e00000, 0x00000006ce780000, 0x000000076bf80000)
  object space 173568K, 3% used [0x00000006c3e00000,0x00000006c44be148,0x00000006ce780000)
 Metaspace       used 9286K, capacity 9518K, committed 9728K, reserved 1058816K
  class space    used 954K, capacity 1001K, committed 1024K, reserved 1048576K
}

Deoptimization events (10 events):
Event: 5.468 Thread 0x0000000002e92800 Uncommon trap: reason=class_check action=maybe_recompile pc=0x00000000032edadc method=java.util.stream.ReduceOps$3ReducingSink.accept(Ljava/lang/Object;)V @ 9
Event: 5.468 Thread 0x0000000002e92800 Uncommon trap: reason=class_check action=maybe_recompile pc=0x00000000032edadc method=java.util.stream.ReduceOps$3ReducingSink.accept(Ljava/lang/Object;)V @ 9
Event: 5.468 Thread 0x0000000002e92800 Uncommon trap: reason=class_check action=maybe_recompile pc=0x00000000032edadc method=java.util.stream.ReduceOps$3ReducingSink.accept(Ljava/lang/Object;)V @ 9
Event: 5.468 Thread 0x0000000002e92800 Uncommon trap: reason=class_check action=maybe_recompile pc=0x00000000032edadc method=java.util.stream.ReduceOps$3ReducingSink.accept(Ljava/lang/Object;)V @ 9
Event: 5.521 Thread 0x0000000002e92800 Uncommon trap: reason=unstable_if action=reinterpret pc=0x00000000033ab3cc method=java.util.regex.Pattern.RemoveQEQuoting()V @ 41
Event: 6.037 Thread 0x0000000002e92800 Uncommon trap: reason=unstable_if action=reinterpret pc=0x00000000039c7734 method=org.eclipse.jdt.internal.compiler.parser.Scanner.scanIdentifierOrKeyword()I @ 146
Event: 6.185 Thread 0x0000000002e92800 Uncommon trap: reason=unstable_if action=reinterpret pc=0x0000000003a34f4c method=org.eclipse.jdt.internal.compiler.parser.Scanner.getNextToken0()I @ 281
Event: 6.200 Thread 0x0000000002e92800 Uncommon trap: reason=unstable_if action=reinterpret pc=0x00000000039a79b0 method=sun.net.www.ParseUtil.encodePath(Ljava/lang/String;Z)Ljava/lang/String; @ 109
Event: 6.207 Thread 0x0000000002e92800 Uncommon trap: reason=unstable_if action=reinterpret pc=0x0000000003a50e40 method=org.eclipse.jdt.internal.compiler.parser.Scanner.getNextToken()I @ 80
Event: 6.409 Thread 0x0000000002e92800 Uncommon trap: reason=unstable_if action=reinterpret pc=0x0000000003091ca8 method=org.eclipse.jdt.internal.compiler.lookup.TypeBinding.notEquals(Lorg/eclipse/jdt/internal/compiler/lookup/TypeBinding;Lorg/eclipse/jdt/internal/compiler/lookup/TypeBinding;)Z

Classes redefined (0 events):
No events

Internal exceptions (10 events):
Event: 0.276 Thread 0x0000000002e92800 Exception <a 'java/lang/ArrayIndexOutOfBoundsException'> (0x000000076c460e60) thrown at [C:\jenkins\workspace\8-2-build-windows-amd64-cygwin\jdk8u251\737\hotspot\src\share\vm\runtime\sharedRuntime.cpp, line 605]
Event: 0.357 Thread 0x0000000002e92800 Exception <a 'java/security/PrivilegedActionException'> (0x000000076caa7d70) thrown at [C:\jenkins\workspace\8-2-build-windows-amd64-cygwin\jdk8u251\737\hotspot\src\share\vm\prims\jvm.cpp, line 1502]
Event: 0.357 Thread 0x0000000002e92800 Exception <a 'java/security/PrivilegedActionException'> (0x000000076caa8168) thrown at [C:\jenkins\workspace\8-2-build-windows-amd64-cygwin\jdk8u251\737\hotspot\src\share\vm\prims\jvm.cpp, line 1502]
Event: 0.357 Thread 0x0000000002e92800 Exception <a 'java/security/PrivilegedActionException'> (0x000000076caac448) thrown at [C:\jenkins\workspace\8-2-build-windows-amd64-cygwin\jdk8u251\737\hotspot\src\share\vm\prims\jvm.cpp, line 1502]
Event: 0.357 Thread 0x0000000002e92800 Exception <a 'java/security/PrivilegedActionException'> (0x000000076caac840) thrown at [C:\jenkins\workspace\8-2-build-windows-amd64-cygwin\jdk8u251\737\hotspot\src\share\vm\prims\jvm.cpp, line 1502]
Event: 0.606 Thread 0x0000000002e92800 Implicit null exception at 0x000000000327ba11 to 0x000000000327ba3d
Event: 2.162 Thread 0x0000000002e92800 Implicit null exception at 0x00000000034f1a95 to 0x00000000034f1bdd
Event: 5.734 Thread 0x0000000002e92800 Exception <a 'java/io/FileNotFoundException'> (0x000000078649e898) thrown at [C:\jenkins\workspace\8-2-build-windows-amd64-cygwin\jdk8u251\737\hotspot\src\share\vm\prims\jni.cpp, line 710]
Event: 6.049 Thread 0x0000000002e92800 Exception <a 'java/lang/ArrayIndexOutOfBoundsException'> (0x0000000787188300) thrown at [C:\jenkins\workspace\8-2-build-windows-amd64-cygwin\jdk8u251\737\hotspot\src\share\vm\runtime\sharedRuntime.cpp, line 605]
Event: 6.064 Thread 0x0000000002e92800 Exception <a 'java/lang/IncompatibleClassChangeError': Found class java.lang.Object, but interface was expected> (0x00000007871dde28) thrown at [C:\jenkins\workspace\8-2-build-windows-amd64-cygwin\jdk8u251\737\hotspot\src\share\vm\interpreter\linkResolver

Events (10 events):
Event: 6.419 loading class org/eclipse/jdt/internal/compiler/ast/NullAnnotationMatching$SearchContradictions
Event: 6.419 loading class org/eclipse/jdt/internal/compiler/ast/NullAnnotationMatching$SearchContradictions done
Event: 6.420 loading class org/eclipse/jdt/internal/compiler/ast/NullAnnotationMatching$1
Event: 6.420 loading class org/eclipse/jdt/internal/compiler/ast/NullAnnotationMatching$1 done
Event: 6.421 loading class org/eclipse/jdt/internal/compiler/ast/NullAnnotationMatching$Severity
Event: 6.421 loading class org/eclipse/jdt/internal/compiler/ast/NullAnnotationMatching$Severity done
Event: 6.443 loading class org/eclipse/jdt/internal/compiler/impl/CharConstant
Event: 6.443 loading class org/eclipse/jdt/internal/compiler/impl/CharConstant done
Event: 6.444 loading class org/eclipse/jdt/internal/compiler/impl/ByteConstant
Event: 6.444 loading class org/eclipse/jdt/internal/compiler/impl/ByteConstant done


Dynamic libraries:
0x00007ff7939c0000 - 0x00007ff7939f7000 	C:\Program Files\Java\jdk1.8.0_251\bin\java.exe
0x00007ffd09a30000 - 0x00007ffd09c28000 	C:\WINDOWS\SYSTEM32\ntdll.dll
0x00007ffd08070000 - 0x00007ffd0812f000 	C:\WINDOWS\System32\KERNEL32.DLL
0x00007ffd07540000 - 0x00007ffd07812000 	C:\WINDOWS\System32\KERNELBASE.dll
0x00007ffd085a0000 - 0x00007ffd0864e000 	C:\WINDOWS\System32\ADVAPI32.dll
0x00007ffd089c0000 - 0x00007ffd08a5e000 	C:\WINDOWS\System32\msvcrt.dll
0x00007ffd08650000 - 0x00007ffd086ec000 	C:\WINDOWS\System32\sechost.dll
0x00007ffd07d10000 - 0x00007ffd07e35000 	C:\WINDOWS\System32\RPCRT4.dll
0x00007ffd08e70000 - 0x00007ffd09011000 	C:\WINDOWS\System32\USER32.dll
0x00007ffd073d0000 - 0x00007ffd073f2000 	C:\WINDOWS\System32\win32u.dll
0x00007ffd07f70000 - 0x00007ffd07f9b000 	C:\WINDOWS\System32\GDI32.dll
0x00007ffd07120000 - 0x00007ffd0722f000 	C:\WINDOWS\System32\gdi32full.dll
0x00007ffd07820000 - 0x00007ffd078bd000 	C:\WINDOWS\System32\msvcp_win.dll
0x00007ffd07230000 - 0x00007ffd07330000 	C:\WINDOWS\System32\ucrtbase.dll
0x00007ffce8280000 - 0x00007ffce851a000 	C:\WINDOWS\WinSxS\amd64_microsoft.windows.common-controls_6595b64144ccf1df_6.0.19041.1110_none_60b5254171f9507e\COMCTL32.dll
0x00007ffd07ad0000 - 0x00007ffd07b02000 	C:\WINDOWS\System32\IMM32.DLL
0x0000000075ee0000 - 0x0000000075fb2000 	C:\Program Files\Java\jdk1.8.0_251\jre\bin\msvcr100.dll
0x0000000074470000 - 0x0000000074d1b000 	C:\Program Files\Java\jdk1.8.0_251\jre\bin\server\jvm.dll
0x00007ffd07e40000 - 0x00007ffd07e48000 	C:\WINDOWS\System32\PSAPI.DLL
0x00007ffd01200000 - 0x00007ffd01227000 	C:\WINDOWS\SYSTEM32\WINMM.dll
0x00007ffcfd9c0000 - 0x00007ffcfd9ca000 	C:\WINDOWS\SYSTEM32\VERSION.dll
0x00007ffcecb50000 - 0x00007ffcecb59000 	C:\WINDOWS\SYSTEM32\WSOCK32.dll
0x00007ffd097d0000 - 0x00007ffd0983b000 	C:\WINDOWS\System32\WS2_32.dll
0x00007ffcf8240000 - 0x00007ffcf824f000 	C:\Program Files\Java\jdk1.8.0_251\jre\bin\verify.dll
0x00007ffcd0830000 - 0x00007ffcd0859000 	C:\Program Files\Java\jdk1.8.0_251\jre\bin\java.dll
0x00007ffcefb40000 - 0x00007ffcefb56000 	C:\Program Files\Java\jdk1.8.0_251\jre\bin\zip.dll
0x00007ffd09020000 - 0x00007ffd09765000 	C:\WINDOWS\System32\SHELL32.dll
0x00007ffd04d00000 - 0x00007ffd05492000 	C:\WINDOWS\SYSTEM32\windows.storage.dll
0x00007ffd08b10000 - 0x00007ffd08e65000 	C:\WINDOWS\System32\combase.dll
0x00007ffd06b80000 - 0x00007ffd06bb0000 	C:\WINDOWS\SYSTEM32\Wldp.dll
0x00007ffd07ec0000 - 0x00007ffd07f6d000 	C:\WINDOWS\System32\SHCORE.dll
0x00007ffd07e50000 - 0x00007ffd07ea5000 	C:\WINDOWS\System32\shlwapi.dll
0x00007ffd07060000 - 0x00007ffd0707f000 	C:\WINDOWS\SYSTEM32\profapi.dll
0x00007ffce5da0000 - 0x00007ffce5dba000 	C:\Program Files\Java\jdk1.8.0_251\jre\bin\net.dll
0x00007ffd068e0000 - 0x00007ffd0694a000 	C:\WINDOWS\system32\mswsock.dll
0x00007ffcd6df0000 - 0x00007ffcd6e02000 	C:\Program Files\Java\jdk1.8.0_251\jre\bin\nio.dll

VM Arguments:
java_command: s3m.jar C:\UFPE\miningframework\SOOTAnalysisOutput\hive\3c6a4723fee73e60f0b853e80ed09b8057bf2c7f\org\apache\hadoop\hive\conf\HiveConf\left.java C:\UFPE\miningframework\SOOTAnalysisOutput\hive\3c6a4723fee73e60f0b853e80ed09b8057bf2c7f\org\apache\hadoop\hive\conf\HiveConf\base.java C:\UFPE\miningframework\SOOTAnalysisOutput\hive\3c6a4723fee73e60f0b853e80ed09b8057bf2c7f\org\apache\hadoop\hive\conf\HiveConf\right.java -o C:\UFPE\miningframework\SOOTAnalysisOutput\hive\3c6a4723fee73e60f0b853e80ed09b8057bf2c7f\org\apache\hadoop\hive\conf\HiveConf\InsertionLevelInitializationBlockHandler.java --handle-initialization-blocks false --handle-initialization-blocks-multiple-blocks true
java_class_path (initial): s3m.jar
Launcher Type: SUN_STANDARD

Environment Variables:
JAVA_HOME=C:\Program Files\Java\jdk1.8.0_291
PATH=C:\Program Files\Common Files\Oracle\Java\javapath;C:\Program Files (x86)\Common Files\Oracle\Java\javapath;C:\Windows\system32;C:\Windows;C:\Windows\System32\Wbem;C:\Windows\System32\WindowsPowerShell\v1.0\;C:\Windows\System32\OpenSSH\;C:\Program Files (x86)\NVIDIA Corporation\PhysX\Common;C:\Program Files\NVIDIA Corporation\NVIDIA NvDLISR;C:\Program Files (x86)\Groovy\bin;C:\Program Files (x86)\GnuWin32\bin;C:\UFPE\maven\apache-maven-3.6.3\bin;C:\WINDOWS\system32;C:\WINDOWS;C:\WINDOWS\System32\Wbem;C:\WINDOWS\System32\WindowsPowerShell\v1.0\;C:\WINDOWS\System32\OpenSSH\;C:\Program Files\Git\cmd;C:\Program Files\dotnet\;C:\Users\leona\AppData\Local\Microsoft\WindowsApps;C:\Program Files\Java\jdk-11.0.15\bin;C:\UFPE\maven\apache-maven-3.6.3\bin;C:\Users\leona\AppData\Local\GitHubDesktop\bin;C:\Users\leona\AppData\Local\Programs\Microsoft VS Code\bin;C:\Program Files\JetBrains\IntelliJ IDEA Community Edition 2020.2.3\bin;;C:\Program Files (x86)\GnuWin32\bin;C:\Users\leona\AppData\Local\Microsoft\WindowsApps;C:\flutter\flutter\bin;C:\gradle\bin;
USERNAME=leona
OS=Windows_NT
PROCESSOR_IDENTIFIER=Intel64 Family 6 Model 142 Stepping 12, GenuineIntel



---------------  S Y S T E M  ---------------

OS: Windows 10.0 , 64 bit Build 19041 (10.0.19041.2546)

CPU:total 8 (initial active 8) (4 cores per cpu, 2 threads per core) family 6 model 142 stepping 12, cmov, cx8, fxsr, mmx, sse, sse2, sse3, ssse3, sse4.1, sse4.2, popcnt, avx, avx2, aes, clmul, erms, 3dnowpref, lzcnt, ht, tsc, tscinvbit, bmi1, bmi2, adx

Memory: 4k page, physical 16521856k(835996k free), swap 45574012k(5136k free)

vm_info: Java HotSpot(TM) 64-Bit Server VM (25.251-b08) for windows-amd64 JRE (1.8.0_251-b08), built on Mar 12 2020 06:31:49 by "" with MS VC++ 10.0 (VS2010)

time: Tue Mar 07 03:44:49 2023
timezone: Hora Padrão de Buenos Aires
elapsed time: 6 seconds (0d 0h 0m 6s)

