#
# There is insufficient memory for the Java Runtime Environment to continue.
# Native memory allocation (malloc) failed to allocate 2038096 bytes for Chunk::new
# Possible reasons:
#   The system is out of physical RAM or swap space
#   The process is running with CompressedOops enabled, and the Java Heap may be blocking the growth of the native heap
# Possible solutions:
#   Reduce memory load on the system
#   Increase physical memory or swap space
#   Check if swap backing store is full
#   Decrease Java heap size (-Xmx/-Xms)
#   Decrease number of Java threads
#   Decrease Java thread stack sizes (-Xss)
#   Set larger code cache with -XX:ReservedCodeCacheSize=
#   JVM is running with Zero Based Compressed Oops mode in which the Java heap is
#     placed in the first 32GB address space. The Java Heap base address is the
#     maximum limit for the native heap growth. Please use -XX:HeapBaseMinAddress
#     to set the Java Heap base and to place the Java Heap above 32GB virtual address.
# This output file may be truncated or incomplete.
#
#  Out of Memory Error (allocation.cpp:389), pid=114652, tid=0x0000000000025410
#
# JRE version: Java(TM) SE Runtime Environment (8.0_251-b08) (build 1.8.0_251-b08)
# Java VM: Java HotSpot(TM) 64-Bit Server VM (25.251-b08 mixed mode windows-amd64 compressed oops)
# Failed to write core dump. Minidumps are not enabled by default on client versions of Windows
#

---------------  T H R E A D  ---------------

Current thread (0x000000001e932800):  JavaThread "C2 CompilerThread2" daemon [_thread_in_native, id=152592, stack(0x000000001f420000,0x000000001f520000)]

Stack: [0x000000001f420000,0x000000001f520000]
[error occurred during error reporting (printing stack bounds), id 0xc0000005]

Native frames: (J=compiled Java code, j=interpreted, Vv=VM code, C=native code)


Current CompileTask:
C2:   8695 2613       4       org.eclipse.jdt.internal.compiler.lookup.BinaryTypeBinding::createMethod (1613 bytes)


---------------  P R O C E S S  ---------------

Java Threads: ( => current thread )
  0x000000001e9ca000 JavaThread "Service Thread" daemon [_thread_blocked, id=155632, stack(0x000000001f620000,0x000000001f720000)]
  0x000000001e93a800 JavaThread "C1 CompilerThread3" daemon [_thread_in_native, id=146252, stack(0x000000001f520000,0x000000001f620000)]
=>0x000000001e932800 JavaThread "C2 CompilerThread2" daemon [_thread_in_native, id=152592, stack(0x000000001f420000,0x000000001f520000)]
  0x000000001e92f800 JavaThread "C2 CompilerThread1" daemon [_thread_in_native, id=150756, stack(0x000000001f320000,0x000000001f420000)]
  0x000000001e92d000 JavaThread "C2 CompilerThread0" daemon [_thread_in_native, id=149804, stack(0x000000001f220000,0x000000001f320000)]
  0x000000001e929800 JavaThread "Attach Listener" daemon [_thread_blocked, id=158280, stack(0x000000001f120000,0x000000001f220000)]
  0x000000001e927000 JavaThread "Signal Dispatcher" daemon [_thread_blocked, id=157800, stack(0x000000001f020000,0x000000001f120000)]
  0x0000000003218000 JavaThread "Finalizer" daemon [_thread_blocked, id=158732, stack(0x000000001ee00000,0x000000001ef00000)]
  0x000000001e920800 JavaThread "Reference Handler" daemon [_thread_blocked, id=158192, stack(0x000000001ed00000,0x000000001ee00000)]
  0x0000000003122800 JavaThread "main" [_thread_in_Java, id=147880, stack(0x0000000003020000,0x0000000003120000)]

Other Threads:
  0x000000001cb09000 VMThread [stack: 0x000000001e800000,0x000000001e900000] [id=156840]
  0x000000001e95c800 WatcherThread [stack: 0x000000001f720000,0x000000001f820000] [id=157940]

VM state:not at safepoint (normal execution)

VM Mutex/Monitor currently owned by a thread: None

heap address: 0x00000006c3e00000, size: 4034 MB, Compressed Oops mode: Zero based, Oop shift amount: 3
Narrow klass base: 0x0000000000000000, Narrow klass shift: 3
Compressed class space size: 1073741824 Address: 0x00000007c0000000

Heap:
 PSYoungGen      total 1371136K, used 473709K [0x000000076bf80000, 0x00000007c0000000, 0x00000007c0000000)
  eden space 1365504K, 34% used [0x000000076bf80000,0x0000000788b13538,0x00000007bf500000)
  from space 5632K, 55% used [0x00000007bfa80000,0x00000007bfd88000,0x00000007c0000000)
  to   space 5632K, 0% used [0x00000007bf500000,0x00000007bf500000,0x00000007bfa80000)
 ParOldGen       total 173568K, used 15456K [0x00000006c3e00000, 0x00000006ce780000, 0x000000076bf80000)
  object space 173568K, 8% used [0x00000006c3e00000,0x00000006c4d181d0,0x00000006ce780000)
 Metaspace       used 19453K, capacity 19766K, committed 20096K, reserved 1067008K
  class space    used 1764K, capacity 1841K, committed 1920K, reserved 1048576K

Card table byte_map: [0x00000000125e0000,0x0000000012dd0000] byte_map_base: 0x000000000efc1000

Marking Bits: (ParMarkBitMap*) 0x0000000074c9af90
 Begin Bits: [0x0000000013b20000, 0x0000000017a28000)
 End Bits:   [0x0000000017a28000, 0x000000001b930000)

Polling page: 0x0000000001640000

CodeCache: size=245760Kb used=15378Kb max_used=15378Kb free=230381Kb
 bounds [0x0000000003220000, 0x0000000004130000, 0x0000000012220000]
 total_blobs=3529 nmethods=3102 adapters=338
 compilation: enabled

Compilation events (10 events):
Event: 8.689 Thread 0x000000001e93a800 nmethod 3085 0x0000000004120810 code [0x00000000041209a0, 0x0000000004120e98]
Event: 8.689 Thread 0x000000001e93a800 3088   !   3       org.eclipse.jdt.core.dom.ASTNode$NodeList::newCursor (50 bytes)
Event: 8.689 Thread 0x000000001e92f800 nmethod 3058% 0x0000000004121190 code [0x0000000004121300, 0x00000000041219f8]
Event: 8.689 Thread 0x000000001e92f800 3067       4       org.eclipse.jdt.core.dom.ASTNode$NodeList::size (8 bytes)
Event: 8.689 Thread 0x000000001e93a800 nmethod 3088 0x000000000411fe10 code [0x000000000411ffa0, 0x0000000004120598]
Event: 8.689 Thread 0x000000001e93a800 3095       3       org.eclipse.jdt.core.dom.DefaultASTVisitor::endVisit (6 bytes)
Event: 8.689 Thread 0x000000001e93a800 nmethod 3095 0x000000000411fa10 code [0x000000000411fb80, 0x000000000411fd88]
Event: 8.689 Thread 0x000000001e93a800 3093       3       org.eclipse.jdt.core.dom.StringLiteral::accept0 (12 bytes)
Event: 8.689 Thread 0x000000001e93a800 nmethod 3093 0x000000000411dfd0 code [0x000000000411e140, 0x000000000411e438]
Event: 8.689 Thread 0x000000001e93a800 3094       3       org.eclipse.jdt.core.dom.DefaultASTVisitor::visit (6 bytes)

GC Heap History (10 events):
Event: 2.444 GC heap before
{Heap before GC invocations=10 (full 0):
 PSYoungGen      total 525824K, used 522368K [0x000000076bf80000, 0x000000079f780000, 0x00000007c0000000)
  eden space 520192K, 100% used [0x000000076bf80000,0x000000078bb80000,0x000000078bb80000)
  from space 5632K, 38% used [0x000000078bb80000,0x000000078bda0000,0x000000078c100000)
  to   space 5632K, 0% used [0x000000079f200000,0x000000079f200000,0x000000079f780000)
 ParOldGen       total 173568K, used 4455K [0x00000006c3e00000, 0x00000006ce780000, 0x000000076bf80000)
  object space 173568K, 2% used [0x00000006c3e00000,0x00000006c4259de8,0x00000006ce780000)
 Metaspace       used 9268K, capacity 9550K, committed 9856K, reserved 1058816K
  class space    used 959K, capacity 1033K, committed 1152K, reserved 1048576K
Event: 2.449 GC heap after
Heap after GC invocations=10 (full 0):
 PSYoungGen      total 838144K, used 2624K [0x000000076bf80000, 0x000000079f780000, 0x00000007c0000000)
  eden space 832512K, 0% used [0x000000076bf80000,0x000000076bf80000,0x000000079ec80000)
  from space 5632K, 46% used [0x000000079f200000,0x000000079f490000,0x000000079f780000)
  to   space 5632K, 0% used [0x000000079ec80000,0x000000079ec80000,0x000000079f200000)
 ParOldGen       total 173568K, used 5519K [0x00000006c3e00000, 0x00000006ce780000, 0x000000076bf80000)
  object space 173568K, 3% used [0x00000006c3e00000,0x00000006c4363de8,0x00000006ce780000)
 Metaspace       used 9268K, capacity 9550K, committed 9856K, reserved 1058816K
  class space    used 959K, capacity 1033K, committed 1152K, reserved 1048576K
}
Event: 3.182 GC heap before
{Heap before GC invocations=11 (full 0):
 PSYoungGen      total 838144K, used 835136K [0x000000076bf80000, 0x000000079f780000, 0x00000007c0000000)
  eden space 832512K, 100% used [0x000000076bf80000,0x000000079ec80000,0x000000079ec80000)
  from space 5632K, 46% used [0x000000079f200000,0x000000079f490000,0x000000079f780000)
  to   space 5632K, 0% used [0x000000079ec80000,0x000000079ec80000,0x000000079f200000)
 ParOldGen       total 173568K, used 5519K [0x00000006c3e00000, 0x00000006ce780000, 0x000000076bf80000)
  object space 173568K, 3% used [0x00000006c3e00000,0x00000006c4363de8,0x00000006ce780000)
 Metaspace       used 9293K, capacity 9550K, committed 9856K, reserved 1058816K
  class space    used 959K, capacity 1033K, committed 1152K, reserved 1048576K
Event: 3.189 GC heap after
Heap after GC invocations=11 (full 0):
 PSYoungGen      total 838144K, used 2240K [0x000000076bf80000, 0x00000007bdf80000, 0x00000007c0000000)
  eden space 832512K, 0% used [0x000000076bf80000,0x000000076bf80000,0x000000079ec80000)
  from space 5632K, 39% used [0x000000079ec80000,0x000000079eeb0020,0x000000079f200000)
  to   space 5632K, 0% used [0x00000007bda00000,0x00000007bda00000,0x00000007bdf80000)
 ParOldGen       total 173568K, used 8006K [0x00000006c3e00000, 0x00000006ce780000, 0x000000076bf80000)
  object space 173568K, 4% used [0x00000006c3e00000,0x00000006c45d1878,0x00000006ce780000)
 Metaspace       used 9293K, capacity 9550K, committed 9856K, reserved 1058816K
  class space    used 959K, capacity 1033K, committed 1152K, reserved 1048576K
}
Event: 3.766 GC heap before
{Heap before GC invocations=12 (full 0):
 PSYoungGen      total 838144K, used 834752K [0x000000076bf80000, 0x00000007bdf80000, 0x00000007c0000000)
  eden space 832512K, 100% used [0x000000076bf80000,0x000000079ec80000,0x000000079ec80000)
  from space 5632K, 39% used [0x000000079ec80000,0x000000079eeb0020,0x000000079f200000)
  to   space 5632K, 0% used [0x00000007bda00000,0x00000007bda00000,0x00000007bdf80000)
 ParOldGen       total 173568K, used 8006K [0x00000006c3e00000, 0x00000006ce780000, 0x000000076bf80000)
  object space 173568K, 4% used [0x00000006c3e00000,0x00000006c45d1878,0x00000006ce780000)
 Metaspace       used 9294K, capacity 9550K, committed 9856K, reserved 1058816K
  class space    used 959K, capacity 1033K, committed 1152K, reserved 1048576K
Event: 3.771 GC heap after
Heap after GC invocations=12 (full 0):
 PSYoungGen      total 1337856K, used 1792K [0x000000076bf80000, 0x00000007bdf80000, 0x00000007c0000000)
  eden space 1332224K, 0% used [0x000000076bf80000,0x000000076bf80000,0x00000007bd480000)
  from space 5632K, 31% used [0x00000007bda00000,0x00000007bdbc0000,0x00000007bdf80000)
  to   space 5632K, 0% used [0x00000007bd480000,0x00000007bd480000,0x00000007bda00000)
 ParOldGen       total 173568K, used 10176K [0x00000006c3e00000, 0x00000006ce780000, 0x000000076bf80000)
  object space 173568K, 5% used [0x00000006c3e00000,0x00000006c47f0348,0x00000006ce780000)
 Metaspace       used 9294K, capacity 9550K, committed 9856K, reserved 1058816K
  class space    used 959K, capacity 1033K, committed 1152K, reserved 1048576K
}
Event: 4.699 GC heap before
{Heap before GC invocations=13 (full 0):
 PSYoungGen      total 1337856K, used 1334016K [0x000000076bf80000, 0x00000007bdf80000, 0x00000007c0000000)
  eden space 1332224K, 100% used [0x000000076bf80000,0x00000007bd480000,0x00000007bd480000)
  from space 5632K, 31% used [0x00000007bda00000,0x00000007bdbc0000,0x00000007bdf80000)
  to   space 5632K, 0% used [0x00000007bd480000,0x00000007bd480000,0x00000007bda00000)
 ParOldGen       total 173568K, used 10176K [0x00000006c3e00000, 0x00000006ce780000, 0x000000076bf80000)
  object space 173568K, 5% used [0x00000006c3e00000,0x00000006c47f0348,0x00000006ce780000)
 Metaspace       used 9338K, capacity 9614K, committed 9856K, reserved 1058816K
  class space    used 959K, capacity 1033K, committed 1152K, reserved 1048576K
Event: 4.704 GC heap after
Heap after GC invocations=13 (full 0):
 PSYoungGen      total 1337856K, used 3696K [0x000000076bf80000, 0x00000007c0000000, 0x00000007c0000000)
  eden space 1332224K, 0% used [0x000000076bf80000,0x000000076bf80000,0x00000007bd480000)
  from space 5632K, 65% used [0x00000007bd480000,0x00000007bd81c030,0x00000007bda00000)
  to   space 5632K, 0% used [0x00000007bfa80000,0x00000007bfa80000,0x00000007c0000000)
 ParOldGen       total 173568K, used 11896K [0x00000006c3e00000, 0x00000006ce780000, 0x000000076bf80000)
  object space 173568K, 6% used [0x00000006c3e00000,0x00000006c499e348,0x00000006ce780000)
 Metaspace       used 9338K, capacity 9614K, committed 9856K, reserved 1058816K
  class space    used 959K, capacity 1033K, committed 1152K, reserved 1048576K
}
Event: 5.383 GC heap before
{Heap before GC invocations=14 (full 0):
 PSYoungGen      total 1337856K, used 1335920K [0x000000076bf80000, 0x00000007c0000000, 0x00000007c0000000)
  eden space 1332224K, 100% used [0x000000076bf80000,0x00000007bd480000,0x00000007bd480000)
  from space 5632K, 65% used [0x00000007bd480000,0x00000007bd81c030,0x00000007bda00000)
  to   space 5632K, 0% used [0x00000007bfa80000,0x00000007bfa80000,0x00000007c0000000)
 ParOldGen       total 173568K, used 11896K [0x00000006c3e00000, 0x00000006ce780000, 0x000000076bf80000)
  object space 173568K, 6% used [0x00000006c3e00000,0x00000006c499e348,0x00000006ce780000)
 Metaspace       used 9341K, capacity 9614K, committed 9856K, reserved 1058816K
  class space    used 959K, capacity 1033K, committed 1152K, reserved 1048576K
Event: 5.391 GC heap after
Heap after GC invocations=14 (full 0):
 PSYoungGen      total 1371136K, used 3104K [0x000000076bf80000, 0x00000007c0000000, 0x00000007c0000000)
  eden space 1365504K, 0% used [0x000000076bf80000,0x000000076bf80000,0x00000007bf500000)
  from space 5632K, 55% used [0x00000007bfa80000,0x00000007bfd88000,0x00000007c0000000)
  to   space 5632K, 0% used [0x00000007bf500000,0x00000007bf500000,0x00000007bfa80000)
 ParOldGen       total 173568K, used 15456K [0x00000006c3e00000, 0x00000006ce780000, 0x000000076bf80000)
  object space 173568K, 8% used [0x00000006c3e00000,0x00000006c4d181d0,0x00000006ce780000)
 Metaspace       used 9341K, capacity 9614K, committed 9856K, reserved 1058816K
  class space    used 959K, capacity 1033K, committed 1152K, reserved 1048576K
}

Deoptimization events (10 events):
Event: 8.500 Thread 0x0000000003122800 Uncommon trap: reason=unstable_if action=reinterpret pc=0x0000000003e4616c method=org.eclipse.jdt.internal.compiler.util.Util.getLineNumber(I[III)I @ 50
Event: 8.503 Thread 0x0000000003122800 Uncommon trap: reason=predicate action=maybe_recompile pc=0x0000000003c95614 method=java.util.ArrayList.indexOf(Ljava/lang/Object;)I @ 44
Event: 8.584 Thread 0x0000000003122800 Uncommon trap: reason=class_check action=maybe_recompile pc=0x0000000003e818a8 method=org.eclipse.jdt.internal.compiler.parser.Scanner.getNextToken()I @ 47
Event: 8.586 Thread 0x0000000003122800 Uncommon trap: reason=class_check action=maybe_recompile pc=0x0000000003e818a8 method=org.eclipse.jdt.internal.compiler.parser.Scanner.getNextToken()I @ 47
Event: 8.586 Thread 0x0000000003122800 Uncommon trap: reason=class_check action=maybe_recompile pc=0x0000000003e818a8 method=org.eclipse.jdt.internal.compiler.parser.Scanner.getNextToken()I @ 47
Event: 8.586 Thread 0x0000000003122800 Uncommon trap: reason=unstable_if action=reinterpret pc=0x0000000003f74dfc method=org.eclipse.jdt.internal.compiler.parser.Scanner.scanIdentifierOrKeyword()I @ 27
Event: 8.586 Thread 0x0000000003122800 Uncommon trap: reason=class_check action=maybe_recompile pc=0x0000000003e818a8 method=org.eclipse.jdt.internal.compiler.parser.Scanner.getNextToken()I @ 47
Event: 8.589 Thread 0x0000000003122800 Uncommon trap: reason=unstable_if action=reinterpret pc=0x0000000003d8c144 method=org.eclipse.jdt.internal.compiler.parser.Scanner.scanIdentifierOrKeyword()I @ 27
Event: 8.621 Thread 0x0000000003122800 Uncommon trap: reason=unstable_if action=reinterpret pc=0x0000000003e628a4 method=org.eclipse.jdt.internal.compiler.parser.Scanner.getNextChar(C)Z @ 8
Event: 8.621 Thread 0x0000000003122800 Uncommon trap: reason=unstable_if action=reinterpret pc=0x0000000004076698 method=org.eclipse.jdt.internal.compiler.parser.Scanner.getNextChar(CC)I @ 8

Classes redefined (0 events):
No events

Internal exceptions (10 events):
Event: 0.336 Thread 0x0000000003122800 Exception <a 'java/security/PrivilegedActionException'> (0x000000076cb73760) thrown at [C:\jenkins\workspace\8-2-build-windows-amd64-cygwin\jdk8u251\737\hotspot\src\share\vm\prims\jvm.cpp, line 1502]
Event: 0.336 Thread 0x0000000003122800 Exception <a 'java/security/PrivilegedActionException'> (0x000000076cb73b58) thrown at [C:\jenkins\workspace\8-2-build-windows-amd64-cygwin\jdk8u251\737\hotspot\src\share\vm\prims\jvm.cpp, line 1502]
Event: 0.569 Thread 0x0000000003122800 Implicit null exception at 0x0000000003545a91 to 0x0000000003545abd
Event: 5.718 Thread 0x0000000003122800 Implicit null exception at 0x00000000035772e0 to 0x00000000035776d9
Event: 7.867 Thread 0x0000000003122800 Exception <a 'java/io/FileNotFoundException'> (0x0000000781e0ec38) thrown at [C:\jenkins\workspace\8-2-build-windows-amd64-cygwin\jdk8u251\737\hotspot\src\share\vm\prims\jni.cpp, line 710]
Event: 8.102 Thread 0x0000000003122800 Exception <a 'java/lang/ArrayIndexOutOfBoundsException'> (0x0000000782c0bb38) thrown at [C:\jenkins\workspace\8-2-build-windows-amd64-cygwin\jdk8u251\737\hotspot\src\share\vm\runtime\sharedRuntime.cpp, line 605]
Event: 8.102 Thread 0x0000000003122800 Exception <a 'java/lang/ArrayIndexOutOfBoundsException'> (0x0000000782c0bd78) thrown at [C:\jenkins\workspace\8-2-build-windows-amd64-cygwin\jdk8u251\737\hotspot\src\share\vm\runtime\sharedRuntime.cpp, line 605]
Event: 8.102 Thread 0x0000000003122800 Exception <a 'java/lang/ArrayIndexOutOfBoundsException'> (0x0000000782c0bfb8) thrown at [C:\jenkins\workspace\8-2-build-windows-amd64-cygwin\jdk8u251\737\hotspot\src\share\vm\runtime\sharedRuntime.cpp, line 605]
Event: 8.139 Thread 0x0000000003122800 Exception <a 'java/lang/ArrayIndexOutOfBoundsException'> (0x0000000782dacd28) thrown at [C:\jenkins\workspace\8-2-build-windows-amd64-cygwin\jdk8u251\737\hotspot\src\share\vm\runtime\sharedRuntime.cpp, line 605]
Event: 8.151 Thread 0x0000000003122800 Exception <a 'java/lang/IncompatibleClassChangeError': Found class java.lang.Object, but interface was expected> (0x0000000782e00e28) thrown at [C:\jenkins\workspace\8-2-build-windows-amd64-cygwin\jdk8u251\737\hotspot\src\share\vm\interpreter\linkResolver

Events (10 events):
Event: 8.678 loading class org/eclipse/jdt/core/dom/ASTNode$NodeList$Cursor
Event: 8.678 loading class org/eclipse/jdt/core/dom/ASTNode$NodeList$Cursor done
Event: 8.680 loading class org/eclipse/jdt/core/dom/MemberRef
Event: 8.680 loading class org/eclipse/jdt/core/dom/MemberRef done
Event: 8.680 loading class org/eclipse/jdt/core/dom/TagElement
Event: 8.680 loading class org/eclipse/jdt/core/dom/TagElement done
Event: 8.681 loading class org/eclipse/jdt/core/dom/TextElement
Event: 8.681 loading class org/eclipse/jdt/core/dom/TextElement done
Event: 8.682 loading class org/eclipse/jdt/internal/compiler/util/HashtableOfObjectToIntArray
Event: 8.682 loading class org/eclipse/jdt/internal/compiler/util/HashtableOfObjectToIntArray done


Dynamic libraries:
0x00007ff7939c0000 - 0x00007ff7939f7000 	C:\Program Files\Java\jdk1.8.0_251\bin\java.exe
0x00007ffd09a30000 - 0x00007ffd09c28000 	C:\WINDOWS\SYSTEM32\ntdll.dll
0x00007ffd08070000 - 0x00007ffd0812f000 	C:\WINDOWS\System32\KERNEL32.DLL
0x00007ffd07540000 - 0x00007ffd07812000 	C:\WINDOWS\System32\KERNELBASE.dll
0x00007ffd085a0000 - 0x00007ffd0864e000 	C:\WINDOWS\System32\ADVAPI32.dll
0x00007ffd089c0000 - 0x00007ffd08a5e000 	C:\WINDOWS\System32\msvcrt.dll
0x00007ffd08650000 - 0x00007ffd086ec000 	C:\WINDOWS\System32\sechost.dll
0x00007ffd07d10000 - 0x00007ffd07e35000 	C:\WINDOWS\System32\RPCRT4.dll
0x00007ffd08e70000 - 0x00007ffd09011000 	C:\WINDOWS\System32\USER32.dll
0x00007ffd073d0000 - 0x00007ffd073f2000 	C:\WINDOWS\System32\win32u.dll
0x00007ffd07f70000 - 0x00007ffd07f9b000 	C:\WINDOWS\System32\GDI32.dll
0x00007ffd07120000 - 0x00007ffd0722f000 	C:\WINDOWS\System32\gdi32full.dll
0x00007ffd07820000 - 0x00007ffd078bd000 	C:\WINDOWS\System32\msvcp_win.dll
0x00007ffd07230000 - 0x00007ffd07330000 	C:\WINDOWS\System32\ucrtbase.dll
0x00007ffce8280000 - 0x00007ffce851a000 	C:\WINDOWS\WinSxS\amd64_microsoft.windows.common-controls_6595b64144ccf1df_6.0.19041.1110_none_60b5254171f9507e\COMCTL32.dll
0x00007ffd07ad0000 - 0x00007ffd07b02000 	C:\WINDOWS\System32\IMM32.DLL
0x0000000075ee0000 - 0x0000000075fb2000 	C:\Program Files\Java\jdk1.8.0_251\jre\bin\msvcr100.dll
0x0000000074470000 - 0x0000000074d1b000 	C:\Program Files\Java\jdk1.8.0_251\jre\bin\server\jvm.dll
0x00007ffd07e40000 - 0x00007ffd07e48000 	C:\WINDOWS\System32\PSAPI.DLL
0x00007ffcecb50000 - 0x00007ffcecb59000 	C:\WINDOWS\SYSTEM32\WSOCK32.dll
0x00007ffcfd9c0000 - 0x00007ffcfd9ca000 	C:\WINDOWS\SYSTEM32\VERSION.dll
0x00007ffd01200000 - 0x00007ffd01227000 	C:\WINDOWS\SYSTEM32\WINMM.dll
0x00007ffd097d0000 - 0x00007ffd0983b000 	C:\WINDOWS\System32\WS2_32.dll
0x00007ffcf8240000 - 0x00007ffcf824f000 	C:\Program Files\Java\jdk1.8.0_251\jre\bin\verify.dll
0x00007ffcd0830000 - 0x00007ffcd0859000 	C:\Program Files\Java\jdk1.8.0_251\jre\bin\java.dll
0x00007ffcefb40000 - 0x00007ffcefb56000 	C:\Program Files\Java\jdk1.8.0_251\jre\bin\zip.dll
0x00007ffd09020000 - 0x00007ffd09765000 	C:\WINDOWS\System32\SHELL32.dll
0x00007ffd04d00000 - 0x00007ffd05492000 	C:\WINDOWS\SYSTEM32\windows.storage.dll
0x00007ffd08b10000 - 0x00007ffd08e65000 	C:\WINDOWS\System32\combase.dll
0x00007ffd06b80000 - 0x00007ffd06bb0000 	C:\WINDOWS\SYSTEM32\Wldp.dll
0x00007ffd07ec0000 - 0x00007ffd07f6d000 	C:\WINDOWS\System32\SHCORE.dll
0x00007ffd07e50000 - 0x00007ffd07ea5000 	C:\WINDOWS\System32\shlwapi.dll
0x00007ffd07060000 - 0x00007ffd0707f000 	C:\WINDOWS\SYSTEM32\profapi.dll
0x00007ffce5da0000 - 0x00007ffce5dba000 	C:\Program Files\Java\jdk1.8.0_251\jre\bin\net.dll
0x00007ffd068e0000 - 0x00007ffd0694a000 	C:\WINDOWS\system32\mswsock.dll
0x00007ffcd6df0000 - 0x00007ffcd6e02000 	C:\Program Files\Java\jdk1.8.0_251\jre\bin\nio.dll

VM Arguments:
java_command: s3m.jar C:\UFPE\miningframework\SOOTAnalysisOutput\hive\b3914c37aa6df1e4a3536ebe9f277a765f3eadff\org\apache\hadoop\hive\conf\HiveConf\left.java C:\UFPE\miningframework\SOOTAnalysisOutput\hive\b3914c37aa6df1e4a3536ebe9f277a765f3eadff\org\apache\hadoop\hive\conf\HiveConf\base.java C:\UFPE\miningframework\SOOTAnalysisOutput\hive\b3914c37aa6df1e4a3536ebe9f277a765f3eadff\org\apache\hadoop\hive\conf\HiveConf\right.java -o C:\UFPE\miningframework\SOOTAnalysisOutput\hive\b3914c37aa6df1e4a3536ebe9f277a765f3eadff\org\apache\hadoop\hive\conf\HiveConf\SimpleInitializationBlockHandler.java --handle-initialization-blocks true --handle-initialization-blocks-multiple-blocks false
java_class_path (initial): s3m.jar
Launcher Type: SUN_STANDARD

Environment Variables:
JAVA_HOME=C:\Program Files\Java\jdk1.8.0_291
PATH=C:\Program Files\Common Files\Oracle\Java\javapath;C:\Program Files (x86)\Common Files\Oracle\Java\javapath;C:\Windows\system32;C:\Windows;C:\Windows\System32\Wbem;C:\Windows\System32\WindowsPowerShell\v1.0\;C:\Windows\System32\OpenSSH\;C:\Program Files (x86)\NVIDIA Corporation\PhysX\Common;C:\Program Files\NVIDIA Corporation\NVIDIA NvDLISR;C:\Program Files (x86)\Groovy\bin;C:\Program Files (x86)\GnuWin32\bin;C:\UFPE\maven\apache-maven-3.6.3\bin;C:\WINDOWS\system32;C:\WINDOWS;C:\WINDOWS\System32\Wbem;C:\WINDOWS\System32\WindowsPowerShell\v1.0\;C:\WINDOWS\System32\OpenSSH\;C:\Program Files\Git\cmd;C:\Program Files\dotnet\;C:\Users\leona\AppData\Local\Microsoft\WindowsApps;C:\Program Files\Java\jdk-11.0.15\bin;C:\UFPE\maven\apache-maven-3.6.3\bin;C:\Users\leona\AppData\Local\GitHubDesktop\bin;C:\Users\leona\AppData\Local\Programs\Microsoft VS Code\bin;C:\Program Files\JetBrains\IntelliJ IDEA Community Edition 2020.2.3\bin;;C:\Program Files (x86)\GnuWin32\bin;C:\Users\leona\AppData\Local\Microsoft\WindowsApps;C:\flutter\flutter\bin;C:\gradle\bin;
USERNAME=leona
OS=Windows_NT
PROCESSOR_IDENTIFIER=Intel64 Family 6 Model 142 Stepping 12, GenuineIntel



---------------  S Y S T E M  ---------------

OS: Windows 10.0 , 64 bit Build 19041 (10.0.19041.2546)

CPU:total 8 (initial active 8) (4 cores per cpu, 2 threads per core) family 6 model 142 stepping 12, cmov, cx8, fxsr, mmx, sse, sse2, sse3, ssse3, sse4.1, sse4.2, popcnt, avx, avx2, aes, clmul, erms, 3dnowpref, lzcnt, ht, tsc, tscinvbit, bmi1, bmi2, adx

Memory: 4k page, physical 16521856k(1081808k free), swap 45574012k(5328k free)

vm_info: Java HotSpot(TM) 64-Bit Server VM (25.251-b08) for windows-amd64 JRE (1.8.0_251-b08), built on Mar 12 2020 06:31:49 by "" with MS VC++ 10.0 (VS2010)

time: Tue Mar 07 00:51:06 2023
timezone: Hora Padrão de Buenos Aires
elapsed time: 8 seconds (0d 0h 0m 8s)

