#
# There is insufficient memory for the Java Runtime Environment to continue.
# Native memory allocation (malloc) failed to allocate 32744 bytes for ChunkPool::allocate
# Possible reasons:
#   The system is out of physical RAM or swap space
#   The process is running with CompressedOops enabled, and the Java Heap may be blocking the growth of the native heap
# Possible solutions:
#   Reduce memory load on the system
#   Increase physical memory or swap space
#   Check if swap backing store is full
#   Decrease Java heap size (-Xmx/-Xms)
#   Decrease number of Java threads
#   Decrease Java thread stack sizes (-Xss)
#   Set larger code cache with -XX:ReservedCodeCacheSize=
#   JVM is running with Zero Based Compressed Oops mode in which the Java heap is
#     placed in the first 32GB address space. The Java Heap base address is the
#     maximum limit for the native heap growth. Please use -XX:HeapBaseMinAddress
#     to set the Java Heap base and to place the Java Heap above 32GB virtual address.
# This output file may be truncated or incomplete.
#
#  Out of Memory Error (allocation.cpp:272), pid=130476, tid=0x00000000000261c4
#
# JRE version: Java(TM) SE Runtime Environment (8.0_251-b08) (build 1.8.0_251-b08)
# Java VM: Java HotSpot(TM) 64-Bit Server VM (25.251-b08 mixed mode windows-amd64 compressed oops)
# Failed to write core dump. Minidumps are not enabled by default on client versions of Windows
#

---------------  T H R E A D  ---------------

Current thread (0x000000001e556000):  JavaThread "C2 CompilerThread1" daemon [_thread_in_native, id=156100, stack(0x000000001ef40000,0x000000001f040000)]

Stack: [0x000000001ef40000,0x000000001f040000]
[error occurred during error reporting (printing stack bounds), id 0xc0000005]

Native frames: (J=compiled Java code, j=interpreted, Vv=VM code, C=native code)


Current CompileTask:
C2:   7903 3136       4       org.eclipse.jdt.internal.compiler.parser.Scanner::internalScanIdentifierOrKeyword (4446 bytes)


---------------  P R O C E S S  ---------------

Java Threads: ( => current thread )
  0x000000001e5eb000 JavaThread "Service Thread" daemon [_thread_blocked, id=159032, stack(0x000000001f240000,0x000000001f340000)]
  0x000000001e55d800 JavaThread "C1 CompilerThread3" daemon [_thread_blocked, id=138148, stack(0x000000001f140000,0x000000001f240000)]
  0x000000001e556800 JavaThread "C2 CompilerThread2" daemon [_thread_in_native, id=155760, stack(0x000000001f040000,0x000000001f140000)]
=>0x000000001e556000 JavaThread "C2 CompilerThread1" daemon [_thread_in_native, id=156100, stack(0x000000001ef40000,0x000000001f040000)]
  0x000000001e54f800 JavaThread "C2 CompilerThread0" daemon [_thread_in_native, id=153176, stack(0x000000001ee40000,0x000000001ef40000)]
  0x000000001e548800 JavaThread "Attach Listener" daemon [_thread_blocked, id=159688, stack(0x000000001ed40000,0x000000001ee40000)]
  0x000000001e546800 JavaThread "Signal Dispatcher" daemon [_thread_blocked, id=149928, stack(0x000000001ec40000,0x000000001ed40000)]
  0x000000001e541000 JavaThread "Finalizer" daemon [_thread_blocked, id=153308, stack(0x000000001ea20000,0x000000001eb20000)]
  0x000000001e540800 JavaThread "Reference Handler" daemon [_thread_blocked, id=154688, stack(0x000000001e920000,0x000000001ea20000)]
  0x0000000002d12800 JavaThread "main" [_thread_in_Java, id=158628, stack(0x0000000002c10000,0x0000000002d10000)]

Other Threads:
  0x000000001c749000 VMThread [stack: 0x000000001e420000,0x000000001e520000] [id=147952]
  0x000000001e582000 WatcherThread [stack: 0x000000001f340000,0x000000001f440000] [id=157428]

VM state:not at safepoint (normal execution)

VM Mutex/Monitor currently owned by a thread: None

heap address: 0x00000006c3e00000, size: 4034 MB, Compressed Oops mode: Zero based, Oop shift amount: 3
Narrow klass base: 0x0000000000000000, Narrow klass shift: 3
Compressed class space size: 1073741824 Address: 0x00000007c0000000

Heap:
 PSYoungGen      total 1333760K, used 300166K [0x000000076bf80000, 0x00000007c0000000, 0x00000007c0000000)
  eden space 1329152K, 22% used [0x000000076bf80000,0x000000077e051a20,0x00000007bd180000)
  from space 4608K, 95% used [0x00000007bd180000,0x00000007bd5d0000,0x00000007bd600000)
  to   space 5120K, 0% used [0x00000007bfb00000,0x00000007bfb00000,0x00000007c0000000)
 ParOldGen       total 173568K, used 15065K [0x00000006c3e00000, 0x00000006ce780000, 0x000000076bf80000)
  object space 173568K, 8% used [0x00000006c3e00000,0x00000006c4cb6710,0x00000006ce780000)
 Metaspace       used 19494K, capacity 19778K, committed 20096K, reserved 1067008K
  class space    used 1771K, capacity 1843K, committed 1920K, reserved 1048576K

Card table byte_map: [0x00000000121d0000,0x00000000129c0000] byte_map_base: 0x000000000ebb1000

Marking Bits: (ParMarkBitMap*) 0x0000000074c9af90
 Begin Bits: [0x0000000013710000, 0x0000000017618000)
 End Bits:   [0x0000000017618000, 0x000000001b520000)

Polling page: 0x0000000000d00000

CodeCache: size=245760Kb used=15337Kb max_used=15337Kb free=230422Kb
 bounds [0x0000000002e10000, 0x0000000003d20000, 0x0000000011e10000]
 total_blobs=3549 nmethods=3126 adapters=335
 compilation: enabled

Compilation events (10 events):
Event: 7.887 Thread 0x000000001e55d800 3137       3       org.eclipse.jdt.internal.core.util.CommentRecorderParser::flushCommentsDefinedPriorTo (463 bytes)
Event: 7.888 Thread 0x000000001e55d800 nmethod 3137 0x0000000003cfa650 code [0x0000000003cfa8a0, 0x0000000003cfb548]
Event: 7.888 Thread 0x000000001e55d800 3132       3       org.eclipse.jdt.internal.compiler.parser.Parser::optimizedConcatNodeLists (21 bytes)
Event: 7.888 Thread 0x000000001e55d800 nmethod 3132 0x0000000003ce7350 code [0x0000000003ce74a0, 0x0000000003ce7630]
Event: 7.888 Thread 0x000000001e55d800 3144       3       org.eclipse.jdt.internal.compiler.parser.Parser::concatNodeLists (31 bytes)
Event: 7.888 Thread 0x000000001e55d800 nmethod 3144 0x0000000003cf2b90 code [0x0000000003cf2ce0, 0x0000000003cf2e90]
Event: 7.888 Thread 0x000000001e55d800 3145       3       org.eclipse.jdt.internal.compiler.parser.Parser::consumeModifiers2 (31 bytes)
Event: 7.888 Thread 0x000000001e55d800 nmethod 3145 0x0000000003cf2790 code [0x0000000003cf28e0, 0x0000000003cf2a90]
Event: 7.888 Thread 0x000000001e55d800 3147       3       org.eclipse.jdt.internal.compiler.parser.Parser::consumeMethodHeaderName (384 bytes)
Event: 7.889 Thread 0x000000001e55d800 nmethod 3147 0x0000000003d12c50 code [0x0000000003d12ea0, 0x0000000003d13e08]

GC Heap History (10 events):
Event: 2.999 GC heap before
{Heap before GC invocations=9 (full 0):
 PSYoungGen      total 523776K, used 521472K [0x000000076bf80000, 0x000000078c380000, 0x00000007c0000000)
  eden space 519168K, 100% used [0x000000076bf80000,0x000000078ba80000,0x000000078ba80000)
  from space 4608K, 50% used [0x000000078bf00000,0x000000078c140000,0x000000078c380000)
  to   space 4608K, 0% used [0x000000078ba80000,0x000000078ba80000,0x000000078bf00000)
 ParOldGen       total 173568K, used 3177K [0x00000006c3e00000, 0x00000006ce780000, 0x000000076bf80000)
  object space 173568K, 1% used [0x00000006c3e00000,0x00000006c411a750,0x00000006ce780000)
 Metaspace       used 9374K, capacity 9614K, committed 9856K, reserved 1058816K
  class space    used 967K, capacity 1033K, committed 1152K, reserved 1048576K
Event: 3.007 GC heap after
Heap after GC invocations=9 (full 0):
 PSYoungGen      total 523776K, used 3424K [0x000000076bf80000, 0x000000079f400000, 0x00000007c0000000)
  eden space 519168K, 0% used [0x000000076bf80000,0x000000076bf80000,0x000000078ba80000)
  from space 4608K, 74% used [0x000000078ba80000,0x000000078bdd8000,0x000000078bf00000)
  to   space 4608K, 0% used [0x000000079ef80000,0x000000079ef80000,0x000000079f400000)
 ParOldGen       total 173568K, used 3989K [0x00000006c3e00000, 0x00000006ce780000, 0x000000076bf80000)
  object space 173568K, 2% used [0x00000006c3e00000,0x00000006c41e57f8,0x00000006ce780000)
 Metaspace       used 9374K, capacity 9614K, committed 9856K, reserved 1058816K
  class space    used 967K, capacity 1033K, committed 1152K, reserved 1048576K
}
Event: 3.523 GC heap before
{Heap before GC invocations=10 (full 0):
 PSYoungGen      total 523776K, used 522592K [0x000000076bf80000, 0x000000079f400000, 0x00000007c0000000)
  eden space 519168K, 100% used [0x000000076bf80000,0x000000078ba80000,0x000000078ba80000)
  from space 4608K, 74% used [0x000000078ba80000,0x000000078bdd8000,0x000000078bf00000)
  to   space 4608K, 0% used [0x000000079ef80000,0x000000079ef80000,0x000000079f400000)
 ParOldGen       total 173568K, used 3989K [0x00000006c3e00000, 0x00000006ce780000, 0x000000076bf80000)
  object space 173568K, 2% used [0x00000006c3e00000,0x00000006c41e57f8,0x00000006ce780000)
 Metaspace       used 9423K, capacity 9678K, committed 9856K, reserved 1058816K
  class space    used 967K, capacity 1033K, committed 1152K, reserved 1048576K
Event: 3.529 GC heap after
Heap after GC invocations=10 (full 0):
 PSYoungGen      total 835072K, used 3920K [0x000000076bf80000, 0x000000079f500000, 0x00000007c0000000)
  eden space 830464K, 0% used [0x000000076bf80000,0x000000076bf80000,0x000000079ea80000)
  from space 4608K, 85% used [0x000000079ef80000,0x000000079f354030,0x000000079f400000)
  to   space 5120K, 0% used [0x000000079ea80000,0x000000079ea80000,0x000000079ef80000)
 ParOldGen       total 173568K, used 5477K [0x00000006c3e00000, 0x00000006ce780000, 0x000000076bf80000)
  object space 173568K, 3% used [0x00000006c3e00000,0x00000006c43597f8,0x00000006ce780000)
 Metaspace       used 9423K, capacity 9678K, committed 9856K, reserved 1058816K
  class space    used 967K, capacity 1033K, committed 1152K, reserved 1048576K
}
Event: 4.241 GC heap before
{Heap before GC invocations=11 (full 0):
 PSYoungGen      total 835072K, used 834384K [0x000000076bf80000, 0x000000079f500000, 0x00000007c0000000)
  eden space 830464K, 100% used [0x000000076bf80000,0x000000079ea80000,0x000000079ea80000)
  from space 4608K, 85% used [0x000000079ef80000,0x000000079f354030,0x000000079f400000)
  to   space 5120K, 0% used [0x000000079ea80000,0x000000079ea80000,0x000000079ef80000)
 ParOldGen       total 173568K, used 5477K [0x00000006c3e00000, 0x00000006ce780000, 0x000000076bf80000)
  object space 173568K, 3% used [0x00000006c3e00000,0x00000006c43597f8,0x00000006ce780000)
 Metaspace       used 9430K, capacity 9678K, committed 9856K, reserved 1058816K
  class space    used 967K, capacity 1033K, committed 1152K, reserved 1048576K
Event: 4.247 GC heap after
Heap after GC invocations=11 (full 0):
 PSYoungGen      total 835584K, used 2624K [0x000000076bf80000, 0x00000007bdb80000, 0x00000007c0000000)
  eden space 830464K, 0% used [0x000000076bf80000,0x000000076bf80000,0x000000079ea80000)
  from space 5120K, 51% used [0x000000079ea80000,0x000000079ed10000,0x000000079ef80000)
  to   space 5120K, 0% used [0x00000007bd680000,0x00000007bd680000,0x00000007bdb80000)
 ParOldGen       total 173568K, used 9295K [0x00000006c3e00000, 0x00000006ce780000, 0x000000076bf80000)
  object space 173568K, 5% used [0x00000006c3e00000,0x00000006c4713e60,0x00000006ce780000)
 Metaspace       used 9430K, capacity 9678K, committed 9856K, reserved 1058816K
  class space    used 967K, capacity 1033K, committed 1152K, reserved 1048576K
}
Event: 4.827 GC heap before
{Heap before GC invocations=12 (full 0):
 PSYoungGen      total 835584K, used 833088K [0x000000076bf80000, 0x00000007bdb80000, 0x00000007c0000000)
  eden space 830464K, 100% used [0x000000076bf80000,0x000000079ea80000,0x000000079ea80000)
  from space 5120K, 51% used [0x000000079ea80000,0x000000079ed10000,0x000000079ef80000)
  to   space 5120K, 0% used [0x00000007bd680000,0x00000007bd680000,0x00000007bdb80000)
 ParOldGen       total 173568K, used 9295K [0x00000006c3e00000, 0x00000006ce780000, 0x000000076bf80000)
  object space 173568K, 5% used [0x00000006c3e00000,0x00000006c4713e60,0x00000006ce780000)
 Metaspace       used 9443K, capacity 9678K, committed 9856K, reserved 1058816K
  class space    used 967K, capacity 1033K, committed 1152K, reserved 1048576K
Event: 4.833 GC heap after
Heap after GC invocations=12 (full 0):
 PSYoungGen      total 1333248K, used 3264K [0x000000076bf80000, 0x00000007bda80000, 0x00000007c0000000)
  eden space 1329152K, 0% used [0x000000076bf80000,0x000000076bf80000,0x00000007bd180000)
  from space 4096K, 79% used [0x00000007bd680000,0x00000007bd9b0020,0x00000007bda80000)
  to   space 4608K, 0% used [0x00000007bd180000,0x00000007bd180000,0x00000007bd600000)
 ParOldGen       total 173568K, used 11879K [0x00000006c3e00000, 0x00000006ce780000, 0x000000076bf80000)
  object space 173568K, 6% used [0x00000006c3e00000,0x00000006c4999f70,0x00000006ce780000)
 Metaspace       used 9443K, capacity 9678K, committed 9856K, reserved 1058816K
  class space    used 967K, capacity 1033K, committed 1152K, reserved 1048576K
}
Event: 6.050 GC heap before
{Heap before GC invocations=13 (full 0):
 PSYoungGen      total 1333248K, used 1332416K [0x000000076bf80000, 0x00000007bda80000, 0x00000007c0000000)
  eden space 1329152K, 100% used [0x000000076bf80000,0x00000007bd180000,0x00000007bd180000)
  from space 4096K, 79% used [0x00000007bd680000,0x00000007bd9b0020,0x00000007bda80000)
  to   space 4608K, 0% used [0x00000007bd180000,0x00000007bd180000,0x00000007bd600000)
 ParOldGen       total 173568K, used 11879K [0x00000006c3e00000, 0x00000006ce780000, 0x000000076bf80000)
  object space 173568K, 6% used [0x00000006c3e00000,0x00000006c4999f70,0x00000006ce780000)
 Metaspace       used 9450K, capacity 9678K, committed 9856K, reserved 1058816K
  class space    used 967K, capacity 1033K, committed 1152K, reserved 1048576K
Event: 6.058 GC heap after
Heap after GC invocations=13 (full 0):
 PSYoungGen      total 1333760K, used 4416K [0x000000076bf80000, 0x00000007c0000000, 0x00000007c0000000)
  eden space 1329152K, 0% used [0x000000076bf80000,0x000000076bf80000,0x00000007bd180000)
  from space 4608K, 95% used [0x00000007bd180000,0x00000007bd5d0000,0x00000007bd600000)
  to   space 5120K, 0% used [0x00000007bfb00000,0x00000007bfb00000,0x00000007c0000000)
 ParOldGen       total 173568K, used 15065K [0x00000006c3e00000, 0x00000006ce780000, 0x000000076bf80000)
  object space 173568K, 8% used [0x00000006c3e00000,0x00000006c4cb6710,0x00000006ce780000)
 Metaspace       used 9450K, capacity 9678K, committed 9856K, reserved 1058816K
  class space    used 967K, capacity 1033K, committed 1152K, reserved 1048576K
}

Deoptimization events (10 events):
Event: 7.530 Thread 0x0000000002d12800 Uncommon trap: reason=unstable_if action=reinterpret pc=0x0000000003aa0300 method=org.eclipse.jdt.internal.compiler.parser.Scanner.scanIdentifierOrKeyword()I @ 27
Event: 7.534 Thread 0x0000000002d12800 Uncommon trap: reason=unstable_if action=reinterpret pc=0x00000000038c43c4 method=org.eclipse.jdt.internal.compiler.parser.Scanner.scanIdentifierOrKeyword()I @ 27
Event: 7.635 Thread 0x0000000002d12800 Uncommon trap: reason=predicate action=maybe_recompile pc=0x0000000003c4cd2c method=org.eclipse.jdt.internal.compiler.parser.Scanner.scanIdentifierOrKeyword()I @ 33
Event: 7.798 Thread 0x0000000002d12800 Uncommon trap: reason=unstable_if action=reinterpret pc=0x00000000032cacf0 method=java.util.regex.Pattern.range(Ljava/util/regex/Pattern$BitClass;)Ljava/util/regex/Pattern$CharProperty; @ 8
Event: 7.798 Thread 0x0000000002d12800 Uncommon trap: reason=unstable_if action=reinterpret pc=0x00000000032ba18c method=java.util.regex.Pattern.range(Ljava/util/regex/Pattern$BitClass;)Ljava/util/regex/Pattern$CharProperty; @ 8
Event: 7.798 Thread 0x0000000002d12800 Uncommon trap: reason=bimorphic action=maybe_recompile pc=0x00000000031feea0 method=java.util.regex.Pattern$BmpCharProperty.match(Ljava/util/regex/Matcher;ILjava/lang/CharSequence;)Z @ 16
Event: 7.798 Thread 0x0000000002d12800 Uncommon trap: reason=bimorphic action=maybe_recompile pc=0x00000000031feea0 method=java.util.regex.Pattern$BmpCharProperty.match(Ljava/util/regex/Matcher;ILjava/lang/CharSequence;)Z @ 16
Event: 7.839 Thread 0x0000000002d12800 Uncommon trap: reason=null_check action=make_not_entrant pc=0x000000000375f9f8 method=de.ovgu.cide.fstgen.ast.FSTNode.equals(Ljava/lang/Object;)Z @ 1
Event: 7.861 Thread 0x0000000002d12800 Uncommon trap: reason=unstable_if action=reinterpret pc=0x0000000003c7bb8c method=org.eclipse.jdt.internal.compiler.parser.Scanner.getNextToken()I @ 23
Event: 7.861 Thread 0x0000000002d12800 Uncommon trap: reason=unstable_if action=reinterpret pc=0x0000000003cd8c38 method=org.eclipse.jdt.internal.compiler.parser.Scanner.pushLineSeparator()V @ 217

Classes redefined (0 events):
No events

Internal exceptions (10 events):
Event: 0.387 Thread 0x0000000002d12800 Exception <a 'java/security/PrivilegedActionException'> (0x000000076c8bf350) thrown at [C:\jenkins\workspace\8-2-build-windows-amd64-cygwin\jdk8u251\737\hotspot\src\share\vm\prims\jvm.cpp, line 1502]
Event: 0.388 Thread 0x0000000002d12800 Exception <a 'java/security/PrivilegedActionException'> (0x000000076c8c3630) thrown at [C:\jenkins\workspace\8-2-build-windows-amd64-cygwin\jdk8u251\737\hotspot\src\share\vm\prims\jvm.cpp, line 1502]
Event: 0.388 Thread 0x0000000002d12800 Exception <a 'java/security/PrivilegedActionException'> (0x000000076c8c3a28) thrown at [C:\jenkins\workspace\8-2-build-windows-amd64-cygwin\jdk8u251\737\hotspot\src\share\vm\prims\jvm.cpp, line 1502]
Event: 6.487 Thread 0x0000000002d12800 Exception <a 'java/io/FileNotFoundException'> (0x00000007777f2af0) thrown at [C:\jenkins\workspace\8-2-build-windows-amd64-cygwin\jdk8u251\737\hotspot\src\share\vm\prims\jni.cpp, line 710]
Event: 6.740 Thread 0x0000000002d12800 Exception <a 'java/lang/ArrayIndexOutOfBoundsException'> (0x000000077842c060) thrown at [C:\jenkins\workspace\8-2-build-windows-amd64-cygwin\jdk8u251\737\hotspot\src\share\vm\runtime\sharedRuntime.cpp, line 605]
Event: 6.756 Thread 0x0000000002d12800 Exception <a 'java/lang/IncompatibleClassChangeError': Found class java.lang.Object, but interface was expected> (0x00000007784864f0) thrown at [C:\jenkins\workspace\8-2-build-windows-amd64-cygwin\jdk8u251\737\hotspot\src\share\vm\interpreter\linkResolver
Event: 7.525 Thread 0x0000000002d12800 Implicit null exception at 0x00000000039b2bca to 0x00000000039b3299
Event: 7.839 Thread 0x0000000002d12800 Implicit null exception at 0x000000000375f78f to 0x000000000375f9e9
Event: 7.860 Thread 0x0000000002d12800 Exception <a 'java/io/FileNotFoundException'> (0x000000077d15da38) thrown at [C:\jenkins\workspace\8-2-build-windows-amd64-cygwin\jdk8u251\737\hotspot\src\share\vm\prims\jni.cpp, line 710]
Event: 7.889 Thread 0x0000000002d12800 Exception <a 'java/lang/ArrayIndexOutOfBoundsException'> (0x000000077d1ae1f8) thrown at [C:\jenkins\workspace\8-2-build-windows-amd64-cygwin\jdk8u251\737\hotspot\src\share\vm\runtime\sharedRuntime.cpp, line 605]

Events (10 events):
Event: 7.842 loading class de/ovgu/cide/fstgen/ast/FSTNode
Event: 7.842 loading class de/ovgu/cide/fstgen/ast/FSTNode done
Event: 7.842 loading class br/ufpe/cin/mergers/handlers/InitializationBlocksHandlerMultipleBlocks
Event: 7.842 loading class br/ufpe/cin/mergers/handlers/InitializationBlocksHandlerMultipleBlocks done
Event: 7.861 Thread 0x0000000002d12800 Uncommon trap: trap_request=0xffffff65 fr.pc=0x0000000003c7bb8c
Event: 7.861 Thread 0x0000000002d12800 DEOPT PACKING pc=0x0000000003c7bb8c sp=0x0000000002d0ec60
Event: 7.861 Thread 0x0000000002d12800 DEOPT UNPACKING pc=0x0000000002e5583b sp=0x0000000002d0ec18 mode 2
Event: 7.861 Thread 0x0000000002d12800 Uncommon trap: trap_request=0xffffff65 fr.pc=0x0000000003cd8c38
Event: 7.861 Thread 0x0000000002d12800 DEOPT PACKING pc=0x0000000003cd8c38 sp=0x0000000002d0eba0
Event: 7.861 Thread 0x0000000002d12800 DEOPT UNPACKING pc=0x0000000002e5583b sp=0x0000000002d0eae0 mode 2


Dynamic libraries:
0x00007ff7939c0000 - 0x00007ff7939f7000 	C:\Program Files\Java\jdk1.8.0_251\bin\java.exe
0x00007ffd09a30000 - 0x00007ffd09c28000 	C:\WINDOWS\SYSTEM32\ntdll.dll
0x00007ffd08070000 - 0x00007ffd0812f000 	C:\WINDOWS\System32\KERNEL32.DLL
0x00007ffd07540000 - 0x00007ffd07812000 	C:\WINDOWS\System32\KERNELBASE.dll
0x00007ffd085a0000 - 0x00007ffd0864e000 	C:\WINDOWS\System32\ADVAPI32.dll
0x00007ffd089c0000 - 0x00007ffd08a5e000 	C:\WINDOWS\System32\msvcrt.dll
0x00007ffd08650000 - 0x00007ffd086ec000 	C:\WINDOWS\System32\sechost.dll
0x00007ffd07d10000 - 0x00007ffd07e35000 	C:\WINDOWS\System32\RPCRT4.dll
0x00007ffd08e70000 - 0x00007ffd09011000 	C:\WINDOWS\System32\USER32.dll
0x00007ffd073d0000 - 0x00007ffd073f2000 	C:\WINDOWS\System32\win32u.dll
0x00007ffd07f70000 - 0x00007ffd07f9b000 	C:\WINDOWS\System32\GDI32.dll
0x00007ffd07120000 - 0x00007ffd0722f000 	C:\WINDOWS\System32\gdi32full.dll
0x00007ffd07820000 - 0x00007ffd078bd000 	C:\WINDOWS\System32\msvcp_win.dll
0x00007ffd07230000 - 0x00007ffd07330000 	C:\WINDOWS\System32\ucrtbase.dll
0x00007ffce8280000 - 0x00007ffce851a000 	C:\WINDOWS\WinSxS\amd64_microsoft.windows.common-controls_6595b64144ccf1df_6.0.19041.1110_none_60b5254171f9507e\COMCTL32.dll
0x00007ffd07ad0000 - 0x00007ffd07b02000 	C:\WINDOWS\System32\IMM32.DLL
0x0000000075ee0000 - 0x0000000075fb2000 	C:\Program Files\Java\jdk1.8.0_251\jre\bin\msvcr100.dll
0x0000000074470000 - 0x0000000074d1b000 	C:\Program Files\Java\jdk1.8.0_251\jre\bin\server\jvm.dll
0x00007ffd07e40000 - 0x00007ffd07e48000 	C:\WINDOWS\System32\PSAPI.DLL
0x00007ffcfd9c0000 - 0x00007ffcfd9ca000 	C:\WINDOWS\SYSTEM32\VERSION.dll
0x00007ffd01200000 - 0x00007ffd01227000 	C:\WINDOWS\SYSTEM32\WINMM.dll
0x00007ffcecb50000 - 0x00007ffcecb59000 	C:\WINDOWS\SYSTEM32\WSOCK32.dll
0x00007ffd097d0000 - 0x00007ffd0983b000 	C:\WINDOWS\System32\WS2_32.dll
0x00007ffcf8240000 - 0x00007ffcf824f000 	C:\Program Files\Java\jdk1.8.0_251\jre\bin\verify.dll
0x00007ffcd0830000 - 0x00007ffcd0859000 	C:\Program Files\Java\jdk1.8.0_251\jre\bin\java.dll
0x00007ffcefb40000 - 0x00007ffcefb56000 	C:\Program Files\Java\jdk1.8.0_251\jre\bin\zip.dll
0x00007ffd09020000 - 0x00007ffd09765000 	C:\WINDOWS\System32\SHELL32.dll
0x00007ffd04d00000 - 0x00007ffd05492000 	C:\WINDOWS\SYSTEM32\windows.storage.dll
0x00007ffd08b10000 - 0x00007ffd08e65000 	C:\WINDOWS\System32\combase.dll
0x00007ffd06b80000 - 0x00007ffd06bb0000 	C:\WINDOWS\SYSTEM32\Wldp.dll
0x00007ffd07ec0000 - 0x00007ffd07f6d000 	C:\WINDOWS\System32\SHCORE.dll
0x00007ffd07e50000 - 0x00007ffd07ea5000 	C:\WINDOWS\System32\shlwapi.dll
0x00007ffd07060000 - 0x00007ffd0707f000 	C:\WINDOWS\SYSTEM32\profapi.dll
0x00007ffce5da0000 - 0x00007ffce5dba000 	C:\Program Files\Java\jdk1.8.0_251\jre\bin\net.dll
0x00007ffd068e0000 - 0x00007ffd0694a000 	C:\WINDOWS\system32\mswsock.dll
0x00007ffcd6df0000 - 0x00007ffcd6e02000 	C:\Program Files\Java\jdk1.8.0_251\jre\bin\nio.dll

VM Arguments:
java_command: s3m.jar C:\UFPE\miningframework\SOOTAnalysisOutput\hive\7f3ba41332bc7cbcab56c72a4e1f623fa884316a\org\apache\hadoop\hive\ql\exec\Utilities\left.java C:\UFPE\miningframework\SOOTAnalysisOutput\hive\7f3ba41332bc7cbcab56c72a4e1f623fa884316a\org\apache\hadoop\hive\ql\exec\Utilities\base.java C:\UFPE\miningframework\SOOTAnalysisOutput\hive\7f3ba41332bc7cbcab56c72a4e1f623fa884316a\org\apache\hadoop\hive\ql\exec\Utilities\right.java -o C:\UFPE\miningframework\SOOTAnalysisOutput\hive\7f3ba41332bc7cbcab56c72a4e1f623fa884316a\org\apache\hadoop\hive\ql\exec\Utilities\InsertionLevelInitializationBlockHandler.java --handle-initialization-blocks false --handle-initialization-blocks-multiple-blocks true
java_class_path (initial): s3m.jar
Launcher Type: SUN_STANDARD

Environment Variables:
JAVA_HOME=C:\Program Files\Java\jdk1.8.0_291
PATH=C:\Program Files\Common Files\Oracle\Java\javapath;C:\Program Files (x86)\Common Files\Oracle\Java\javapath;C:\Windows\system32;C:\Windows;C:\Windows\System32\Wbem;C:\Windows\System32\WindowsPowerShell\v1.0\;C:\Windows\System32\OpenSSH\;C:\Program Files (x86)\NVIDIA Corporation\PhysX\Common;C:\Program Files\NVIDIA Corporation\NVIDIA NvDLISR;C:\Program Files (x86)\Groovy\bin;C:\Program Files (x86)\GnuWin32\bin;C:\UFPE\maven\apache-maven-3.6.3\bin;C:\WINDOWS\system32;C:\WINDOWS;C:\WINDOWS\System32\Wbem;C:\WINDOWS\System32\WindowsPowerShell\v1.0\;C:\WINDOWS\System32\OpenSSH\;C:\Program Files\Git\cmd;C:\Program Files\dotnet\;C:\Users\leona\AppData\Local\Microsoft\WindowsApps;C:\Program Files\Java\jdk-11.0.15\bin;C:\UFPE\maven\apache-maven-3.6.3\bin;C:\Users\leona\AppData\Local\GitHubDesktop\bin;C:\Users\leona\AppData\Local\Programs\Microsoft VS Code\bin;C:\Program Files\JetBrains\IntelliJ IDEA Community Edition 2020.2.3\bin;;C:\Program Files (x86)\GnuWin32\bin;C:\Users\leona\AppData\Local\Microsoft\WindowsApps;C:\flutter\flutter\bin;C:\gradle\bin;
USERNAME=leona
OS=Windows_NT
PROCESSOR_IDENTIFIER=Intel64 Family 6 Model 142 Stepping 12, GenuineIntel



---------------  S Y S T E M  ---------------

OS: Windows 10.0 , 64 bit Build 19041 (10.0.19041.2546)

CPU:total 8 (initial active 8) (4 cores per cpu, 2 threads per core) family 6 model 142 stepping 12, cmov, cx8, fxsr, mmx, sse, sse2, sse3, ssse3, sse4.1, sse4.2, popcnt, avx, avx2, aes, clmul, erms, 3dnowpref, lzcnt, ht, tsc, tscinvbit, bmi1, bmi2, adx

Memory: 4k page, physical 16521856k(1066708k free), swap 45574012k(4140k free)

vm_info: Java HotSpot(TM) 64-Bit Server VM (25.251-b08) for windows-amd64 JRE (1.8.0_251-b08), built on Mar 12 2020 06:31:49 by "" with MS VC++ 10.0 (VS2010)

time: Tue Mar 07 02:05:59 2023
timezone: Hora Padrão de Buenos Aires
elapsed time: 7 seconds (0d 0h 0m 7s)

