#
# There is insufficient memory for the Java Runtime Environment to continue.
# Native memory allocation (malloc) failed to allocate 1071936 bytes for Chunk::new
# Possible reasons:
#   The system is out of physical RAM or swap space
#   The process is running with CompressedOops enabled, and the Java Heap may be blocking the growth of the native heap
# Possible solutions:
#   Reduce memory load on the system
#   Increase physical memory or swap space
#   Check if swap backing store is full
#   Decrease Java heap size (-Xmx/-Xms)
#   Decrease number of Java threads
#   Decrease Java thread stack sizes (-Xss)
#   Set larger code cache with -XX:ReservedCodeCacheSize=
#   JVM is running with Zero Based Compressed Oops mode in which the Java heap is
#     placed in the first 32GB address space. The Java Heap base address is the
#     maximum limit for the native heap growth. Please use -XX:HeapBaseMinAddress
#     to set the Java Heap base and to place the Java Heap above 32GB virtual address.
# This output file may be truncated or incomplete.
#
#  Out of Memory Error (allocation.cpp:389), pid=114336, tid=0x000000000001917c
#
# JRE version: Java(TM) SE Runtime Environment (8.0_251-b08) (build 1.8.0_251-b08)
# Java VM: Java HotSpot(TM) 64-Bit Server VM (25.251-b08 mixed mode windows-amd64 compressed oops)
# Failed to write core dump. Minidumps are not enabled by default on client versions of Windows
#

---------------  T H R E A D  ---------------

Current thread (0x000000001e50c000):  JavaThread "C2 CompilerThread0" daemon [_thread_in_native, id=102780, stack(0x000000001ee00000,0x000000001ef00000)]

Stack: [0x000000001ee00000,0x000000001ef00000]
[error occurred during error reporting (printing stack bounds), id 0xc0000005]

Native frames: (J=compiled Java code, j=interpreted, Vv=VM code, C=native code)


Current CompileTask:
C2:   3860 2324       4       org.eclipse.jdt.internal.compiler.lookup.BinaryTypeBinding::createMethod (1613 bytes)


---------------  P R O C E S S  ---------------

Java Threads: ( => current thread )
  0x000000001e5a9000 JavaThread "Service Thread" daemon [_thread_blocked, id=103568, stack(0x000000001f200000,0x000000001f300000)]
  0x000000001e515800 JavaThread "C1 CompilerThread3" daemon [_thread_in_vm, id=113844, stack(0x000000001f100000,0x000000001f200000)]
  0x000000001e511800 JavaThread "C2 CompilerThread2" daemon [_thread_in_native, id=108032, stack(0x000000001f000000,0x000000001f100000)]
  0x000000001e50e800 JavaThread "C2 CompilerThread1" daemon [_thread_in_native, id=108380, stack(0x000000001ef00000,0x000000001f000000)]
=>0x000000001e50c000 JavaThread "C2 CompilerThread0" daemon [_thread_in_native, id=102780, stack(0x000000001ee00000,0x000000001ef00000)]
  0x000000001e509800 JavaThread "Attach Listener" daemon [_thread_blocked, id=17388, stack(0x000000001ed00000,0x000000001ee00000)]
  0x000000001c71e800 JavaThread "Signal Dispatcher" daemon [_thread_blocked, id=93536, stack(0x000000001ec00000,0x000000001ed00000)]
  0x0000000002d78000 JavaThread "Finalizer" daemon [_thread_blocked, id=113832, stack(0x000000001e9e0000,0x000000001eae0000)]
  0x000000001e500800 JavaThread "Reference Handler" daemon [_thread_blocked, id=112324, stack(0x000000001e8e0000,0x000000001e9e0000)]
  0x0000000002c82800 JavaThread "main" [_thread_in_Java, id=13516, stack(0x0000000002b30000,0x0000000002c30000)]

Other Threads:
  0x000000001c709000 VMThread [stack: 0x000000001e3e0000,0x000000001e4e0000] [id=114604]
  0x000000001e5c4000 WatcherThread [stack: 0x000000001f300000,0x000000001f400000] [id=112600]

VM state:not at safepoint (normal execution)

VM Mutex/Monitor currently owned by a thread: None

heap address: 0x00000006c3400000, size: 4044 MB, Compressed Oops mode: Zero based, Oop shift amount: 3
Narrow klass base: 0x0000000000000000, Narrow klass shift: 3
Compressed class space size: 1073741824 Address: 0x00000007c0000000

Heap:
 PSYoungGen      total 836608K, used 57497K [0x000000076bc00000, 0x000000079f280000, 0x00000007c0000000)
  eden space 830976K, 6% used [0x000000076bc00000,0x000000076eeac188,0x000000079e780000)
  from space 5632K, 99% used [0x000000079e780000,0x000000079ecfa388,0x000000079ed00000)
  to   space 5632K, 0% used [0x000000079ed00000,0x000000079ed00000,0x000000079f280000)
 ParOldGen       total 173568K, used 8620K [0x00000006c3400000, 0x00000006cdd80000, 0x000000076bc00000)
  object space 173568K, 4% used [0x00000006c3400000,0x00000006c3c6b238,0x00000006cdd80000)
 Metaspace       used 17382K, capacity 17652K, committed 17920K, reserved 1064960K
  class space    used 1621K, capacity 1700K, committed 1792K, reserved 1048576K

Card table byte_map: [0x0000000012140000,0x0000000012930000] byte_map_base: 0x000000000eb26000

Marking Bits: (ParMarkBitMap*) 0x000000006112af90
 Begin Bits: [0x0000000013680000, 0x00000000175b0000)
 End Bits:   [0x00000000175b0000, 0x000000001b4e0000)

Polling page: 0x0000000002ab0000

CodeCache: size=245760Kb used=11766Kb max_used=11781Kb free=233993Kb
 bounds [0x0000000002d80000, 0x0000000003910000, 0x0000000011d80000]
 total_blobs=2903 nmethods=2495 adapters=320
 compilation: enabled

Compilation events (10 events):
Event: 3.856 Thread 0x000000001e515800 nmethod 2516 0x0000000002e970d0 code [0x0000000002e97220, 0x0000000002e97330]
Event: 3.856 Thread 0x000000001e515800 2526       3       org.eclipse.jdt.internal.compiler.lookup.ReferenceBinding::isCompatibleWith (139 bytes)
Event: 3.857 Thread 0x000000001e515800 nmethod 2526 0x0000000002f5f090 code [0x0000000002f5f2a0, 0x0000000002f5fde8]
Event: 3.857 Thread 0x000000001e515800 2531       3       org.eclipse.jdt.internal.compiler.lookup.ParameterizedTypeBinding::genericType (31 bytes)
Event: 3.857 Thread 0x000000001e515800 nmethod 2531 0x0000000002f24190 code [0x0000000002f24300, 0x0000000002f246e8]
Event: 3.857 Thread 0x000000001e515800 2530       3       org.eclipse.jdt.internal.compiler.lookup.FieldBinding::original (2 bytes)
Event: 3.857 Thread 0x000000001e515800 nmethod 2530 0x0000000002e96d10 code [0x0000000002e96e60, 0x0000000002e96fb0]
Event: 3.857 Thread 0x000000001e515800 2528       3       org.eclipse.jdt.internal.compiler.lookup.LookupEnvironment::getResolvedJavaBaseType (11 bytes)
Event: 3.857 Thread 0x000000001e515800 nmethod 2528 0x0000000002f5ec90 code [0x0000000002f5ee00, 0x0000000002f5efd8]
Event: 3.857 Thread 0x000000001e515800 2529       3       org.eclipse.jdt.internal.compiler.lookup.LookupEnvironment::getResolvedType (72 bytes)

GC Heap History (10 events):
Event: 1.363 GC heap before
{Heap before GC invocations=7 (full 0):
 PSYoungGen      total 263680K, used 263621K [0x000000076bc00000, 0x000000077c300000, 0x00000007c0000000)
  eden space 259584K, 100% used [0x000000076bc00000,0x000000077b980000,0x000000077b980000)
  from space 4096K, 98% used [0x000000077be00000,0x000000077c1f1688,0x000000077c200000)
  to   space 4608K, 0% used [0x000000077b980000,0x000000077b980000,0x000000077be00000)
 ParOldGen       total 173568K, used 139K [0x00000006c3400000, 0x00000006cdd80000, 0x000000076bc00000)
  object space 173568K, 0% used [0x00000006c3400000,0x00000006c3422c10,0x00000006cdd80000)
 Metaspace       used 9620K, capacity 9806K, committed 10112K, reserved 1058816K
  class space    used 974K, capacity 1033K, committed 1152K, reserved 1048576K
Event: 1.369 GC heap after
Heap after GC invocations=7 (full 0):
 PSYoungGen      total 264192K, used 2672K [0x000000076bc00000, 0x000000078c000000, 0x00000007c0000000)
  eden space 259584K, 0% used [0x000000076bc00000,0x000000076bc00000,0x000000077b980000)
  from space 4608K, 57% used [0x000000077b980000,0x000000077bc1c180,0x000000077be00000)
  to   space 4608K, 0% used [0x000000078bb80000,0x000000078bb80000,0x000000078c000000)
 ParOldGen       total 173568K, used 2592K [0x00000006c3400000, 0x00000006cdd80000, 0x000000076bc00000)
  object space 173568K, 1% used [0x00000006c3400000,0x00000006c3688348,0x00000006cdd80000)
 Metaspace       used 9620K, capacity 9806K, committed 10112K, reserved 1058816K
  class space    used 974K, capacity 1033K, committed 1152K, reserved 1048576K
}
Event: 1.593 GC heap before
{Heap before GC invocations=8 (full 0):
 PSYoungGen      total 264192K, used 262256K [0x000000076bc00000, 0x000000078c000000, 0x00000007c0000000)
  eden space 259584K, 100% used [0x000000076bc00000,0x000000077b980000,0x000000077b980000)
  from space 4608K, 57% used [0x000000077b980000,0x000000077bc1c180,0x000000077be00000)
  to   space 4608K, 0% used [0x000000078bb80000,0x000000078bb80000,0x000000078c000000)
 ParOldGen       total 173568K, used 2592K [0x00000006c3400000, 0x00000006cdd80000, 0x000000076bc00000)
  object space 173568K, 1% used [0x00000006c3400000,0x00000006c3688348,0x00000006cdd80000)
 Metaspace       used 9653K, capacity 9870K, committed 10112K, reserved 1058816K
  class space    used 974K, capacity 1033K, committed 1152K, reserved 1048576K
Event: 1.597 GC heap after
Heap after GC invocations=8 (full 0):
 PSYoungGen      total 523776K, used 3536K [0x000000076bc00000, 0x000000078c000000, 0x00000007c0000000)
  eden space 519168K, 0% used [0x000000076bc00000,0x000000076bc00000,0x000000078b700000)
  from space 4608K, 76% used [0x000000078bb80000,0x000000078bef41a0,0x000000078c000000)
  to   space 4608K, 0% used [0x000000078b700000,0x000000078b700000,0x000000078bb80000)
 ParOldGen       total 173568K, used 3106K [0x00000006c3400000, 0x00000006cdd80000, 0x000000076bc00000)
  object space 173568K, 1% used [0x00000006c3400000,0x00000006c3708a98,0x00000006cdd80000)
 Metaspace       used 9653K, capacity 9870K, committed 10112K, reserved 1058816K
  class space    used 974K, capacity 1033K, committed 1152K, reserved 1048576K
}
Event: 2.067 GC heap before
{Heap before GC invocations=9 (full 0):
 PSYoungGen      total 523776K, used 522704K [0x000000076bc00000, 0x000000078c000000, 0x00000007c0000000)
  eden space 519168K, 100% used [0x000000076bc00000,0x000000078b700000,0x000000078b700000)
  from space 4608K, 76% used [0x000000078bb80000,0x000000078bef41a0,0x000000078c000000)
  to   space 4608K, 0% used [0x000000078b700000,0x000000078b700000,0x000000078bb80000)
 ParOldGen       total 173568K, used 3106K [0x00000006c3400000, 0x00000006cdd80000, 0x000000076bc00000)
  object space 173568K, 1% used [0x00000006c3400000,0x00000006c3708a98,0x00000006cdd80000)
 Metaspace       used 9666K, capacity 9870K, committed 10112K, reserved 1058816K
  class space    used 974K, capacity 1033K, committed 1152K, reserved 1048576K
Event: 2.071 GC heap after
Heap after GC invocations=9 (full 0):
 PSYoungGen      total 523776K, used 4577K [0x000000076bc00000, 0x000000079f280000, 0x00000007c0000000)
  eden space 519168K, 0% used [0x000000076bc00000,0x000000076bc00000,0x000000078b700000)
  from space 4608K, 99% used [0x000000078b700000,0x000000078bb78680,0x000000078bb80000)
  to   space 5632K, 0% used [0x000000079ed00000,0x000000079ed00000,0x000000079f280000)
 ParOldGen       total 173568K, used 4122K [0x00000006c3400000, 0x00000006cdd80000, 0x000000076bc00000)
  object space 173568K, 2% used [0x00000006c3400000,0x00000006c3806a98,0x00000006cdd80000)
 Metaspace       used 9666K, capacity 9870K, committed 10112K, reserved 1058816K
  class space    used 974K, capacity 1033K, committed 1152K, reserved 1048576K
}
Event: 2.403 GC heap before
{Heap before GC invocations=10 (full 0):
 PSYoungGen      total 523776K, used 523745K [0x000000076bc00000, 0x000000079f280000, 0x00000007c0000000)
  eden space 519168K, 100% used [0x000000076bc00000,0x000000078b700000,0x000000078b700000)
  from space 4608K, 99% used [0x000000078b700000,0x000000078bb78680,0x000000078bb80000)
  to   space 5632K, 0% used [0x000000079ed00000,0x000000079ed00000,0x000000079f280000)
 ParOldGen       total 173568K, used 4122K [0x00000006c3400000, 0x00000006cdd80000, 0x000000076bc00000)
  object space 173568K, 2% used [0x00000006c3400000,0x00000006c3806a98,0x00000006cdd80000)
 Metaspace       used 9679K, capacity 9870K, committed 10112K, reserved 1058816K
  class space    used 974K, capacity 1033K, committed 1152K, reserved 1048576K
Event: 2.406 GC heap after
Heap after GC invocations=10 (full 0):
 PSYoungGen      total 836608K, used 1424K [0x000000076bc00000, 0x000000079f280000, 0x00000007c0000000)
  eden space 830976K, 0% used [0x000000076bc00000,0x000000076bc00000,0x000000079e780000)
  from space 5632K, 25% used [0x000000079ed00000,0x000000079ee64360,0x000000079f280000)
  to   space 5632K, 0% used [0x000000079e780000,0x000000079e780000,0x000000079ed00000)
 ParOldGen       total 173568K, used 6235K [0x00000006c3400000, 0x00000006cdd80000, 0x000000076bc00000)
  object space 173568K, 3% used [0x00000006c3400000,0x00000006c3a16dc8,0x00000006cdd80000)
 Metaspace       used 9679K, capacity 9870K, committed 10112K, reserved 1058816K
  class space    used 974K, capacity 1033K, committed 1152K, reserved 1048576K
}
Event: 3.516 GC heap before
{Heap before GC invocations=11 (full 0):
 PSYoungGen      total 836608K, used 832400K [0x000000076bc00000, 0x000000079f280000, 0x00000007c0000000)
  eden space 830976K, 100% used [0x000000076bc00000,0x000000079e780000,0x000000079e780000)
  from space 5632K, 25% used [0x000000079ed00000,0x000000079ee64360,0x000000079f280000)
  to   space 5632K, 0% used [0x000000079e780000,0x000000079e780000,0x000000079ed00000)
 ParOldGen       total 173568K, used 6235K [0x00000006c3400000, 0x00000006cdd80000, 0x000000076bc00000)
  object space 173568K, 3% used [0x00000006c3400000,0x00000006c3a16dc8,0x00000006cdd80000)
 Metaspace       used 15934K, capacity 16260K, committed 16512K, reserved 1064960K
  class space    used 1504K, capacity 1600K, committed 1664K, reserved 1048576K
Event: 3.541 GC heap after
Heap after GC invocations=11 (full 0):
 PSYoungGen      total 836608K, used 5608K [0x000000076bc00000, 0x000000079f280000, 0x00000007c0000000)
  eden space 830976K, 0% used [0x000000076bc00000,0x000000076bc00000,0x000000079e780000)
  from space 5632K, 99% used [0x000000079e780000,0x000000079ecfa388,0x000000079ed00000)
  to   space 5632K, 0% used [0x000000079ed00000,0x000000079ed00000,0x000000079f280000)
 ParOldGen       total 173568K, used 8620K [0x00000006c3400000, 0x00000006cdd80000, 0x000000076bc00000)
  object space 173568K, 4% used [0x00000006c3400000,0x00000006c3c6b238,0x00000006cdd80000)
 Metaspace       used 15934K, capacity 16260K, committed 16512K, reserved 1064960K
  class space    used 1504K, capacity 1600K, committed 1664K, reserved 1048576K
}

Deoptimization events (10 events):
Event: 2.946 Thread 0x0000000002c82800 Uncommon trap: reason=class_check action=maybe_recompile pc=0x00000000030a8e0c method=java.util.stream.ReduceOps$3ReducingSink.accept(Ljava/lang/Object;)V @ 9
Event: 2.946 Thread 0x0000000002c82800 Uncommon trap: reason=class_check action=maybe_recompile pc=0x00000000030a8e0c method=java.util.stream.ReduceOps$3ReducingSink.accept(Ljava/lang/Object;)V @ 9
Event: 2.946 Thread 0x0000000002c82800 Uncommon trap: reason=class_check action=maybe_recompile pc=0x00000000030a8e0c method=java.util.stream.ReduceOps$3ReducingSink.accept(Ljava/lang/Object;)V @ 9
Event: 2.946 Thread 0x0000000002c82800 Uncommon trap: reason=class_check action=maybe_recompile pc=0x00000000030a8e0c method=java.util.stream.ReduceOps$3ReducingSink.accept(Ljava/lang/Object;)V @ 9
Event: 3.141 Thread 0x0000000002c82800 Uncommon trap: reason=unstable_if action=reinterpret pc=0x00000000031a184c method=java.util.regex.Pattern.RemoveQEQuoting()V @ 41
Event: 3.559 Thread 0x0000000002c82800 Uncommon trap: reason=unstable_if action=reinterpret pc=0x000000000376aeec method=java.util.zip.ZipFile$ZipEntryIterator.hasNext()Z @ 25
Event: 3.611 Thread 0x0000000002c82800 Uncommon trap: reason=predicate action=maybe_recompile pc=0x00000000036418d8 method=java.util.ArrayList.indexOf(Ljava/lang/Object;)I @ 44
Event: 3.775 Thread 0x0000000002c82800 Uncommon trap: reason=unstable_if action=reinterpret pc=0x000000000382ed38 method=org.eclipse.jdt.internal.compiler.parser.Scanner.getVanguardParser()Lorg/eclipse/jdt/internal/compiler/parser/Scanner$VanguardParser; @ 4
Event: 3.776 Thread 0x0000000002c82800 Uncommon trap: reason=class_check action=maybe_recompile pc=0x000000000385234c method=org.eclipse.jdt.internal.compiler.parser.Parser.consumeToken(I)V @ 527
Event: 3.836 Thread 0x0000000002c82800 Uncommon trap: reason=unstable_if action=reinterpret pc=0x00000000038b7a98 method=org.eclipse.jdt.internal.compiler.lookup.TypeBinding.equalsEquals(Lorg/eclipse/jdt/internal/compiler/lookup/TypeBinding;Lorg/eclipse/jdt/internal/compiler/lookup/TypeBinding

Classes redefined (0 events):
No events

Internal exceptions (10 events):
Event: 0.128 Thread 0x0000000002c82800 Exception <a 'java/lang/NoSuchFieldError': method resolution failed> (0x000000076bedd540) thrown at [C:\jenkins\workspace\8-2-build-windows-amd64-cygwin\jdk8u251\737\hotspot\src\share\vm\prims\methodHandles.cpp, line 1167]
Event: 0.190 Thread 0x0000000002c82800 Exception <a 'java/lang/ArrayIndexOutOfBoundsException'> (0x000000076c0dfaa8) thrown at [C:\jenkins\workspace\8-2-build-windows-amd64-cygwin\jdk8u251\737\hotspot\src\share\vm\runtime\sharedRuntime.cpp, line 605]
Event: 0.191 Thread 0x0000000002c82800 Exception <a 'java/lang/ArrayIndexOutOfBoundsException'> (0x000000076c0e09b0) thrown at [C:\jenkins\workspace\8-2-build-windows-amd64-cygwin\jdk8u251\737\hotspot\src\share\vm\runtime\sharedRuntime.cpp, line 605]
Event: 0.309 Thread 0x0000000002c82800 Exception <a 'java/security/PrivilegedActionException'> (0x000000076c5ce050) thrown at [C:\jenkins\workspace\8-2-build-windows-amd64-cygwin\jdk8u251\737\hotspot\src\share\vm\prims\jvm.cpp, line 1502]
Event: 0.309 Thread 0x0000000002c82800 Exception <a 'java/security/PrivilegedActionException'> (0x000000076c5ce448) thrown at [C:\jenkins\workspace\8-2-build-windows-amd64-cygwin\jdk8u251\737\hotspot\src\share\vm\prims\jvm.cpp, line 1502]
Event: 0.309 Thread 0x0000000002c82800 Exception <a 'java/security/PrivilegedActionException'> (0x000000076c5d2728) thrown at [C:\jenkins\workspace\8-2-build-windows-amd64-cygwin\jdk8u251\737\hotspot\src\share\vm\prims\jvm.cpp, line 1502]
Event: 0.309 Thread 0x0000000002c82800 Exception <a 'java/security/PrivilegedActionException'> (0x000000076c5d2b20) thrown at [C:\jenkins\workspace\8-2-build-windows-amd64-cygwin\jdk8u251\737\hotspot\src\share\vm\prims\jvm.cpp, line 1502]
Event: 3.289 Thread 0x0000000002c82800 Exception <a 'java/io/FileNotFoundException'> (0x000000079d066210) thrown at [C:\jenkins\workspace\8-2-build-windows-amd64-cygwin\jdk8u251\737\hotspot\src\share\vm\prims\jni.cpp, line 710]
Event: 3.498 Thread 0x0000000002c82800 Exception <a 'java/lang/ArrayIndexOutOfBoundsException'> (0x000000079dc84140) thrown at [C:\jenkins\workspace\8-2-build-windows-amd64-cygwin\jdk8u251\737\hotspot\src\share\vm\runtime\sharedRuntime.cpp, line 605]
Event: 3.507 Thread 0x0000000002c82800 Exception <a 'java/lang/IncompatibleClassChangeError': Found class java.lang.Object, but interface was expected> (0x000000079dcda9c0) thrown at [C:\jenkins\workspace\8-2-build-windows-amd64-cygwin\jdk8u251\737\hotspot\src\share\vm\interpreter\linkResolver

Events (10 events):
Event: 3.847 Thread 0x000000001e515800 flushing nmethod 0x0000000002f51610
Event: 3.847 Thread 0x000000001e515800 flushing nmethod 0x0000000002f51dd0
Event: 3.847 Thread 0x000000001e515800 flushing nmethod 0x0000000002f52ed0
Event: 3.847 Thread 0x000000001e515800 flushing nmethod 0x0000000002f53f50
Event: 3.847 Thread 0x000000001e515800 flushing nmethod 0x0000000002f5a9d0
Event: 3.847 Thread 0x000000001e515800 flushing nmethod 0x0000000002f5b990
Event: 3.847 Thread 0x000000001e515800 flushing nmethod 0x0000000002f5cd50
Event: 3.847 Thread 0x000000001e515800 flushing nmethod 0x0000000002f5ead0
Event: 3.847 Thread 0x000000001e515800 flushing nmethod 0x0000000002f6e990
Event: 3.847 Thread 0x000000001e515800 flushing nmethod 0x0000000002f95650


Dynamic libraries:
0x00007ff6ae770000 - 0x00007ff6ae7a7000 	C:\Program Files\Java\jdk1.8.0_251\bin\java.exe
0x00007ffce49d0000 - 0x00007ffce4bc8000 	C:\WINDOWS\SYSTEM32\ntdll.dll
0x00007ffce4620000 - 0x00007ffce46dd000 	C:\WINDOWS\System32\KERNEL32.DLL
0x00007ffce2360000 - 0x00007ffce262e000 	C:\WINDOWS\System32\KERNELBASE.dll
0x00007ffce3dc0000 - 0x00007ffce3e6e000 	C:\WINDOWS\System32\ADVAPI32.dll
0x00007ffce3e70000 - 0x00007ffce3f0e000 	C:\WINDOWS\System32\msvcrt.dll
0x00007ffce4790000 - 0x00007ffce482c000 	C:\WINDOWS\System32\sechost.dll
0x00007ffce2a30000 - 0x00007ffce2b55000 	C:\WINDOWS\System32\RPCRT4.dll
0x00007ffce4480000 - 0x00007ffce4620000 	C:\WINDOWS\System32\USER32.dll
0x00007ffce2120000 - 0x00007ffce2142000 	C:\WINDOWS\System32\win32u.dll
0x00007ffce4830000 - 0x00007ffce485a000 	C:\WINDOWS\System32\GDI32.dll
0x00007ffce2920000 - 0x00007ffce2a2b000 	C:\WINDOWS\System32\gdi32full.dll
0x00007ffce26a0000 - 0x00007ffce273d000 	C:\WINDOWS\System32\msvcp_win.dll
0x00007ffce2740000 - 0x00007ffce2840000 	C:\WINDOWS\System32\ucrtbase.dll
0x00007ffccc6d0000 - 0x00007ffccc96a000 	C:\WINDOWS\WinSxS\amd64_microsoft.windows.common-controls_6595b64144ccf1df_6.0.19041.1110_none_60b5254171f9507e\COMCTL32.dll
0x00007ffce2cc0000 - 0x00007ffce2cf0000 	C:\WINDOWS\System32\IMM32.DLL
0x00000000611b0000 - 0x0000000061282000 	C:\Program Files\Java\jdk1.8.0_251\jre\bin\msvcr100.dll
0x0000000060900000 - 0x00000000611ab000 	C:\Program Files\Java\jdk1.8.0_251\jre\bin\server\jvm.dll
0x00007ffce2c30000 - 0x00007ffce2c38000 	C:\WINDOWS\System32\PSAPI.DLL
0x00007ffccd3c0000 - 0x00007ffccd3c9000 	C:\WINDOWS\SYSTEM32\WSOCK32.dll
0x00007ffcd7520000 - 0x00007ffcd752a000 	C:\WINDOWS\SYSTEM32\VERSION.dll
0x00007ffcdc200000 - 0x00007ffcdc227000 	C:\WINDOWS\SYSTEM32\WINMM.dll
0x00007ffce3c30000 - 0x00007ffce3c9b000 	C:\WINDOWS\System32\WS2_32.dll
0x00007ffcc0e10000 - 0x00007ffcc0e1f000 	C:\Program Files\Java\jdk1.8.0_251\jre\bin\verify.dll
0x00007ffc9aa60000 - 0x00007ffc9aa89000 	C:\Program Files\Java\jdk1.8.0_251\jre\bin\java.dll
0x00007ffc9d470000 - 0x00007ffc9d486000 	C:\Program Files\Java\jdk1.8.0_251\jre\bin\zip.dll
0x00007ffce31d0000 - 0x00007ffce3914000 	C:\WINDOWS\System32\SHELL32.dll
0x00007ffcdfd10000 - 0x00007ffce04a4000 	C:\WINDOWS\SYSTEM32\windows.storage.dll
0x00007ffce3fe0000 - 0x00007ffce4334000 	C:\WINDOWS\System32\combase.dll
0x00007ffce1b50000 - 0x00007ffce1b80000 	C:\WINDOWS\SYSTEM32\Wldp.dll
0x00007ffce46e0000 - 0x00007ffce478d000 	C:\WINDOWS\System32\SHCORE.dll
0x00007ffce3b70000 - 0x00007ffce3bc5000 	C:\WINDOWS\System32\shlwapi.dll
0x00007ffce2030000 - 0x00007ffce204f000 	C:\WINDOWS\SYSTEM32\profapi.dll
0x00007ffcac710000 - 0x00007ffcac72a000 	C:\Program Files\Java\jdk1.8.0_251\jre\bin\net.dll
0x00007ffce18b0000 - 0x00007ffce191a000 	C:\WINDOWS\system32\mswsock.dll
0x00007ffca60b0000 - 0x00007ffca60c2000 	C:\Program Files\Java\jdk1.8.0_251\jre\bin\nio.dll

VM Arguments:
java_command: s3m.jar C:\UFPE\miningframework\SOOTAnalysisOutput\jenkins\8991d8a6482909a9dd0627c568e63e02d1beb7f7\hudson\model\Queue\left.java C:\UFPE\miningframework\SOOTAnalysisOutput\jenkins\8991d8a6482909a9dd0627c568e63e02d1beb7f7\hudson\model\Queue\base.java C:\UFPE\miningframework\SOOTAnalysisOutput\jenkins\8991d8a6482909a9dd0627c568e63e02d1beb7f7\hudson\model\Queue\right.java -o C:\UFPE\miningframework\SOOTAnalysisOutput\jenkins\8991d8a6482909a9dd0627c568e63e02d1beb7f7\hudson\model\Queue\SimpleInitializationBlockHandler.java --handle-initialization-blocks true --handle-initialization-blocks-multiple-blocks false
java_class_path (initial): s3m.jar
Launcher Type: SUN_STANDARD

Environment Variables:
JAVA_HOME=C:\Program Files\Java\jdk1.8.0_291
PATH=C:\Program Files\Common Files\Oracle\Java\javapath;C:\Program Files (x86)\Common Files\Oracle\Java\javapath;C:\Windows\system32;C:\Windows;C:\Windows\System32\Wbem;C:\Windows\System32\WindowsPowerShell\v1.0\;C:\Windows\System32\OpenSSH\;C:\Program Files (x86)\NVIDIA Corporation\PhysX\Common;C:\Program Files\NVIDIA Corporation\NVIDIA NvDLISR;C:\Program Files (x86)\Groovy\bin;C:\Program Files (x86)\GnuWin32\bin;C:\UFPE\maven\apache-maven-3.6.3\bin;C:\WINDOWS\system32;C:\WINDOWS;C:\WINDOWS\System32\Wbem;C:\WINDOWS\System32\WindowsPowerShell\v1.0\;C:\WINDOWS\System32\OpenSSH\;C:\Program Files\Git\cmd;C:\Program Files\dotnet\;C:\Users\leona\AppData\Local\Microsoft\WindowsApps;C:\Program Files\Java\jdk-11.0.15\bin;C:\UFPE\maven\apache-maven-3.6.3\bin;C:\Users\leona\AppData\Local\GitHubDesktop\bin;C:\Users\leona\AppData\Local\Programs\Microsoft VS Code\bin;C:\Program Files\JetBrains\IntelliJ IDEA Community Edition 2020.2.3\bin;;C:\Program Files (x86)\GnuWin32\bin;C:\Users\leona\AppData\Local\Microsoft\WindowsApps;C:\flutter\flutter\bin;C:\gradle\bin;
USERNAME=leona
OS=Windows_NT
PROCESSOR_IDENTIFIER=Intel64 Family 6 Model 142 Stepping 12, GenuineIntel



---------------  S Y S T E M  ---------------

OS: Windows 10.0 , 64 bit Build 19041 (10.0.19041.1806)

CPU:total 8 (initial active 8) (4 cores per cpu, 2 threads per core) family 6 model 142 stepping 12, cmov, cx8, fxsr, mmx, sse, sse2, sse3, ssse3, sse4.1, sse4.2, popcnt, avx, avx2, aes, clmul, erms, 3dnowpref, lzcnt, ht, tsc, tscinvbit, bmi1, bmi2, adx

Memory: 4k page, physical 16556280k(672324k free), swap 45608436k(4120k free)

vm_info: Java HotSpot(TM) 64-Bit Server VM (25.251-b08) for windows-amd64 JRE (1.8.0_251-b08), built on Mar 12 2020 06:31:49 by "" with MS VC++ 10.0 (VS2010)

time: Tue Aug 02 20:42:57 2022
timezone: Hora Padrão de Buenos Aires
elapsed time: 3 seconds (0d 0h 0m 3s)

