#
# There is insufficient memory for the Java Runtime Environment to continue.
# Native memory allocation (malloc) failed to allocate 255056 bytes for Chunk::new
# Possible reasons:
#   The system is out of physical RAM or swap space
#   The process is running with CompressedOops enabled, and the Java Heap may be blocking the growth of the native heap
# Possible solutions:
#   Reduce memory load on the system
#   Increase physical memory or swap space
#   Check if swap backing store is full
#   Decrease Java heap size (-Xmx/-Xms)
#   Decrease number of Java threads
#   Decrease Java thread stack sizes (-Xss)
#   Set larger code cache with -XX:ReservedCodeCacheSize=
#   JVM is running with Zero Based Compressed Oops mode in which the Java heap is
#     placed in the first 32GB address space. The Java Heap base address is the
#     maximum limit for the native heap growth. Please use -XX:HeapBaseMinAddress
#     to set the Java Heap base and to place the Java Heap above 32GB virtual address.
# This output file may be truncated or incomplete.
#
#  Out of Memory Error (allocation.cpp:389), pid=87892, tid=0x000000000000f8d8
#
# JRE version: Java(TM) SE Runtime Environment (8.0_251-b08) (build 1.8.0_251-b08)
# Java VM: Java HotSpot(TM) 64-Bit Server VM (25.251-b08 mixed mode windows-amd64 compressed oops)
# Failed to write core dump. Minidumps are not enabled by default on client versions of Windows
#

---------------  T H R E A D  ---------------

Current thread (0x000000001df6d800):  JavaThread "C2 CompilerThread1" daemon [_thread_in_native, id=63704, stack(0x000000001e960000,0x000000001ea60000)]

Stack: [0x000000001e960000,0x000000001ea60000]
[error occurred during error reporting (printing stack bounds), id 0xc0000005]

Native frames: (J=compiled Java code, j=interpreted, Vv=VM code, C=native code)


Current CompileTask:
C2:   2549 2103 %     4       sun.security.provider.SHA::implCompress @ 12 (491 bytes)


---------------  P R O C E S S  ---------------

Java Threads: ( => current thread )
  0x000000001e011800 JavaThread "Service Thread" daemon [_thread_blocked, id=64916, stack(0x000000001ec60000,0x000000001ed60000)]
  0x000000001df74800 JavaThread "C1 CompilerThread3" daemon [_thread_blocked, id=88068, stack(0x000000001eb60000,0x000000001ec60000)]
  0x000000001df70000 JavaThread "C2 CompilerThread2" daemon [_thread_in_native, id=65592, stack(0x000000001ea60000,0x000000001eb60000)]
=>0x000000001df6d800 JavaThread "C2 CompilerThread1" daemon [_thread_in_native, id=63704, stack(0x000000001e960000,0x000000001ea60000)]
  0x000000001df6a800 JavaThread "C2 CompilerThread0" daemon [_thread_blocked, id=7132, stack(0x000000001e860000,0x000000001e960000)]
  0x000000001df68800 JavaThread "Attach Listener" daemon [_thread_blocked, id=83888, stack(0x000000001e760000,0x000000001e860000)]
  0x000000001df67000 JavaThread "Signal Dispatcher" daemon [_thread_blocked, id=70232, stack(0x000000001e660000,0x000000001e760000)]
  0x0000000002838000 JavaThread "Finalizer" daemon [_thread_blocked, id=24484, stack(0x000000001e440000,0x000000001e540000)]
  0x000000001df60800 JavaThread "Reference Handler" daemon [_thread_blocked, id=53592, stack(0x000000001e340000,0x000000001e440000)]
  0x0000000002742800 JavaThread "main" [_thread_in_Java, id=53508, stack(0x0000000002550000,0x0000000002650000)]

Other Threads:
  0x000000001c179000 VMThread [stack: 0x000000001de40000,0x000000001df40000] [id=82584]
  0x000000001e02c800 WatcherThread [stack: 0x000000001ed60000,0x000000001ee60000] [id=5444]

VM state:not at safepoint (normal execution)

VM Mutex/Monitor currently owned by a thread: None

heap address: 0x00000006c3400000, size: 4044 MB, Compressed Oops mode: Zero based, Oop shift amount: 3
Narrow klass base: 0x0000000000000000, Narrow klass shift: 3
Compressed class space size: 1073741824 Address: 0x00000007c0000000

Heap:
 PSYoungGen      total 523776K, used 98304K [0x000000076bc00000, 0x000000078bf00000, 0x00000007c0000000)
  eden space 520192K, 18% used [0x000000076bc00000,0x0000000771ab8160,0x000000078b800000)
  from space 3584K, 36% used [0x000000078bb80000,0x000000078bcc8020,0x000000078bf00000)
  to   space 3584K, 0% used [0x000000078b800000,0x000000078b800000,0x000000078bb80000)
 ParOldGen       total 173568K, used 1512K [0x00000006c3400000, 0x00000006cdd80000, 0x000000076bc00000)
  object space 173568K, 0% used [0x00000006c3400000,0x00000006c357a238,0x00000006cdd80000)
 Metaspace       used 19868K, capacity 20176K, committed 20480K, reserved 1067008K
  class space    used 1910K, capacity 2006K, committed 2048K, reserved 1048576K

Card table byte_map: [0x0000000011c00000,0x00000000123f0000] byte_map_base: 0x000000000e5e6000

Marking Bits: (ParMarkBitMap*) 0x000000007046af90
 Begin Bits: [0x0000000013140000, 0x0000000017070000)
 End Bits:   [0x0000000017070000, 0x000000001afa0000)

Polling page: 0x0000000000b60000

CodeCache: size=245760Kb used=9352Kb max_used=9359Kb free=236407Kb
 bounds [0x0000000002840000, 0x0000000003170000, 0x0000000011840000]
 total_blobs=2557 nmethods=2122 adapters=347
 compilation: enabled

Compilation events (10 events):
Event: 2.544 Thread 0x000000001df70000 nmethod 2104% 0x00000000031624d0 code [0x0000000003162620, 0x00000000031628b8]
Event: 2.544 Thread 0x000000001df70000 2108       4       java.lang.CharacterDataLatin1::digit (91 bytes)
Event: 2.544 Thread 0x000000001df6a800 2107       4       java.lang.Character::digit (6 bytes)
Event: 2.545 Thread 0x000000001df74800 2110       3       java.math.BigInteger::getInt (63 bytes)
Event: 2.545 Thread 0x000000001df70000 nmethod 2108 0x0000000003162a50 code [0x0000000003162ba0, 0x0000000003162cd8]
Event: 2.545 Thread 0x000000001df70000 2109       4       java.util.regex.Pattern$Branch::match (66 bytes)
Event: 2.546 Thread 0x000000001df74800 nmethod 2110 0x0000000003163d50 code [0x0000000003163ee0, 0x00000000031642c8]
Event: 2.546 Thread 0x000000001df74800 2112       3       java.math.BigInteger::<init> (404 bytes)
Event: 2.546 Thread 0x000000001df6a800 nmethod 2107 0x0000000003163890 code [0x00000000031639e0, 0x0000000003163b18]
Event: 2.546 Thread 0x000000001df6a800 2111       4       java.math.BigInteger::destructiveMulAdd (150 bytes)

GC Heap History (10 events):
Event: 0.738 GC heap before
{Heap before GC invocations=4 (full 0):
 PSYoungGen      total 75776K, used 67032K [0x000000076bc00000, 0x0000000775000000, 0x00000007c0000000)
  eden space 65024K, 100% used [0x000000076bc00000,0x000000076fb80000,0x000000076fb80000)
  from space 10752K, 18% used [0x000000076fb80000,0x000000076fd761f8,0x0000000770600000)
  to   space 10752K, 0% used [0x0000000774580000,0x0000000774580000,0x0000000775000000)
 ParOldGen       total 173568K, used 32K [0x00000006c3400000, 0x00000006cdd80000, 0x000000076bc00000)
  object space 173568K, 0% used [0x00000006c3400000,0x00000006c3408000,0x00000006cdd80000)
 Metaspace       used 9001K, capacity 9230K, committed 9600K, reserved 1058816K
  class space    used 957K, capacity 1033K, committed 1152K, reserved 1048576K
Event: 0.741 GC heap after
Heap after GC invocations=4 (full 0):
 PSYoungGen      total 140800K, used 2200K [0x000000076bc00000, 0x0000000775000000, 0x00000007c0000000)
  eden space 130048K, 0% used [0x000000076bc00000,0x000000076bc00000,0x0000000773b00000)
  from space 10752K, 20% used [0x0000000774580000,0x00000007747a61f8,0x0000000775000000)
  to   space 10752K, 0% used [0x0000000773b00000,0x0000000773b00000,0x0000000774580000)
 ParOldGen       total 173568K, used 40K [0x00000006c3400000, 0x00000006cdd80000, 0x000000076bc00000)
  object space 173568K, 0% used [0x00000006c3400000,0x00000006c340a000,0x00000006cdd80000)
 Metaspace       used 9001K, capacity 9230K, committed 9600K, reserved 1058816K
  class space    used 957K, capacity 1033K, committed 1152K, reserved 1048576K
}
Event: 0.871 GC heap before
{Heap before GC invocations=5 (full 0):
 PSYoungGen      total 140800K, used 132248K [0x000000076bc00000, 0x0000000775000000, 0x00000007c0000000)
  eden space 130048K, 100% used [0x000000076bc00000,0x0000000773b00000,0x0000000773b00000)
  from space 10752K, 20% used [0x0000000774580000,0x00000007747a61f8,0x0000000775000000)
  to   space 10752K, 0% used [0x0000000773b00000,0x0000000773b00000,0x0000000774580000)
 ParOldGen       total 173568K, used 40K [0x00000006c3400000, 0x00000006cdd80000, 0x000000076bc00000)
  object space 173568K, 0% used [0x00000006c3400000,0x00000006c340a000,0x00000006cdd80000)
 Metaspace       used 9039K, capacity 9294K, committed 9600K, reserved 1058816K
  class space    used 957K, capacity 1033K, committed 1152K, reserved 1048576K
Event: 0.874 GC heap after
Heap after GC invocations=5 (full 0):
 PSYoungGen      total 140800K, used 1864K [0x000000076bc00000, 0x000000077c000000, 0x00000007c0000000)
  eden space 130048K, 0% used [0x000000076bc00000,0x000000076bc00000,0x0000000773b00000)
  from space 10752K, 17% used [0x0000000773b00000,0x0000000773cd21e8,0x0000000774580000)
  to   space 3072K, 0% used [0x000000077bd00000,0x000000077bd00000,0x000000077c000000)
 ParOldGen       total 173568K, used 48K [0x00000006c3400000, 0x00000006cdd80000, 0x000000076bc00000)
  object space 173568K, 0% used [0x00000006c3400000,0x00000006c340c000,0x00000006cdd80000)
 Metaspace       used 9039K, capacity 9294K, committed 9600K, reserved 1058816K
  class space    used 957K, capacity 1033K, committed 1152K, reserved 1048576K
}
Event: 0.980 GC heap before
{Heap before GC invocations=6 (full 0):
 PSYoungGen      total 140800K, used 131912K [0x000000076bc00000, 0x000000077c000000, 0x00000007c0000000)
  eden space 130048K, 100% used [0x000000076bc00000,0x0000000773b00000,0x0000000773b00000)
  from space 10752K, 17% used [0x0000000773b00000,0x0000000773cd21e8,0x0000000774580000)
  to   space 3072K, 0% used [0x000000077bd00000,0x000000077bd00000,0x000000077c000000)
 ParOldGen       total 173568K, used 48K [0x00000006c3400000, 0x00000006cdd80000, 0x000000076bc00000)
  object space 173568K, 0% used [0x00000006c3400000,0x00000006c340c000,0x00000006cdd80000)
 Metaspace       used 9044K, capacity 9294K, committed 9600K, reserved 1058816K
  class space    used 957K, capacity 1033K, committed 1152K, reserved 1048576K
Event: 0.984 GC heap after
Heap after GC invocations=6 (full 0):
 PSYoungGen      total 263168K, used 2072K [0x000000076bc00000, 0x000000077c000000, 0x00000007c0000000)
  eden space 260096K, 0% used [0x000000076bc00000,0x000000076bc00000,0x000000077ba00000)
  from space 3072K, 67% used [0x000000077bd00000,0x000000077bf061f8,0x000000077c000000)
  to   space 3072K, 0% used [0x000000077ba00000,0x000000077ba00000,0x000000077bd00000)
 ParOldGen       total 173568K, used 56K [0x00000006c3400000, 0x00000006cdd80000, 0x000000076bc00000)
  object space 173568K, 0% used [0x00000006c3400000,0x00000006c340e000,0x00000006cdd80000)
 Metaspace       used 9044K, capacity 9294K, committed 9600K, reserved 1058816K
  class space    used 957K, capacity 1033K, committed 1152K, reserved 1048576K
}
Event: 1.234 GC heap before
{Heap before GC invocations=7 (full 0):
 PSYoungGen      total 263168K, used 262168K [0x000000076bc00000, 0x000000077c000000, 0x00000007c0000000)
  eden space 260096K, 100% used [0x000000076bc00000,0x000000077ba00000,0x000000077ba00000)
  from space 3072K, 67% used [0x000000077bd00000,0x000000077bf061f8,0x000000077c000000)
  to   space 3072K, 0% used [0x000000077ba00000,0x000000077ba00000,0x000000077bd00000)
 ParOldGen       total 173568K, used 56K [0x00000006c3400000, 0x00000006cdd80000, 0x000000076bc00000)
  object space 173568K, 0% used [0x00000006c3400000,0x00000006c340e000,0x00000006cdd80000)
 Metaspace       used 9087K, capacity 9358K, committed 9600K, reserved 1058816K
  class space    used 957K, capacity 1033K, committed 1152K, reserved 1048576K
Event: 1.238 GC heap after
Heap after GC invocations=7 (full 0):
 PSYoungGen      total 263168K, used 576K [0x000000076bc00000, 0x000000078bf00000, 0x00000007c0000000)
  eden space 260096K, 0% used [0x000000076bc00000,0x000000076bc00000,0x000000077ba00000)
  from space 3072K, 18% used [0x000000077ba00000,0x000000077ba90020,0x000000077bd00000)
  to   space 3584K, 0% used [0x000000078bb80000,0x000000078bb80000,0x000000078bf00000)
 ParOldGen       total 173568K, used 1464K [0x00000006c3400000, 0x00000006cdd80000, 0x000000076bc00000)
  object space 173568K, 0% used [0x00000006c3400000,0x00000006c356e238,0x00000006cdd80000)
 Metaspace       used 9087K, capacity 9358K, committed 9600K, reserved 1058816K
  class space    used 957K, capacity 1033K, committed 1152K, reserved 1048576K
}
Event: 1.418 GC heap before
{Heap before GC invocations=8 (full 0):
 PSYoungGen      total 263168K, used 260672K [0x000000076bc00000, 0x000000078bf00000, 0x00000007c0000000)
  eden space 260096K, 100% used [0x000000076bc00000,0x000000077ba00000,0x000000077ba00000)
  from space 3072K, 18% used [0x000000077ba00000,0x000000077ba90020,0x000000077bd00000)
  to   space 3584K, 0% used [0x000000078bb80000,0x000000078bb80000,0x000000078bf00000)
 ParOldGen       total 173568K, used 1464K [0x00000006c3400000, 0x00000006cdd80000, 0x000000076bc00000)
  object space 173568K, 0% used [0x00000006c3400000,0x00000006c356e238,0x00000006cdd80000)
 Metaspace       used 9089K, capacity 9358K, committed 9600K, reserved 1058816K
  class space    used 957K, capacity 1033K, committed 1152K, reserved 1048576K
Event: 1.420 GC heap after
Heap after GC invocations=8 (full 0):
 PSYoungGen      total 523776K, used 1312K [0x000000076bc00000, 0x000000078bf00000, 0x00000007c0000000)
  eden space 520192K, 0% used [0x000000076bc00000,0x000000076bc00000,0x000000078b800000)
  from space 3584K, 36% used [0x000000078bb80000,0x000000078bcc8020,0x000000078bf00000)
  to   space 3584K, 0% used [0x000000078b800000,0x000000078b800000,0x000000078bb80000)
 ParOldGen       total 173568K, used 1512K [0x00000006c3400000, 0x00000006cdd80000, 0x000000076bc00000)
  object space 173568K, 0% used [0x00000006c3400000,0x00000006c357a238,0x00000006cdd80000)
 Metaspace       used 9089K, capacity 9358K, committed 9600K, reserved 1058816K
  class space    used 957K, capacity 1033K, committed 1152K, reserved 1048576K
}

Deoptimization events (10 events):
Event: 2.499 Thread 0x0000000002742800 Uncommon trap: reason=unstable_if action=reinterpret pc=0x0000000002ba42d8 method=java.util.regex.Pattern.newSlice([IIZ)Ljava/util/regex/Pattern$Node; @ 10
Event: 2.499 Thread 0x0000000002742800 Uncommon trap: reason=unstable_if action=reinterpret pc=0x0000000002b6a698 method=java.util.regex.Pattern.newSlice([IIZ)Ljava/util/regex/Pattern$Node; @ 10
Event: 2.520 Thread 0x0000000002742800 Uncommon trap: reason=class_check action=maybe_recompile pc=0x0000000002c95814 method=java.util.regex.Pattern$Slice.match(Ljava/util/regex/Matcher;ILjava/lang/CharSequence;)Z @ 75
Event: 2.520 Thread 0x0000000002742800 Uncommon trap: reason=bimorphic action=maybe_recompile pc=0x0000000002ac1b88 method=java.util.regex.Pattern$Branch.match(Ljava/util/regex/Matcher;ILjava/lang/CharSequence;)Z @ 50
Event: 2.520 Thread 0x0000000002742800 Uncommon trap: reason=bimorphic action=maybe_recompile pc=0x0000000002ac1b88 method=java.util.regex.Pattern$Branch.match(Ljava/util/regex/Matcher;ILjava/lang/CharSequence;)Z @ 50
Event: 2.520 Thread 0x0000000002742800 Uncommon trap: reason=bimorphic action=maybe_recompile pc=0x0000000002ac1b88 method=java.util.regex.Pattern$Branch.match(Ljava/util/regex/Matcher;ILjava/lang/CharSequence;)Z @ 50
Event: 2.520 Thread 0x0000000002742800 Uncommon trap: reason=bimorphic action=maybe_recompile pc=0x0000000002ac1b88 method=java.util.regex.Pattern$Branch.match(Ljava/util/regex/Matcher;ILjava/lang/CharSequence;)Z @ 50
Event: 2.522 Thread 0x0000000002742800 Uncommon trap: reason=unstable_if action=reinterpret pc=0x00000000030e8ac4 method=java.lang.CharacterDataLatin1.toUpperCase(I)I @ 12
Event: 2.522 Thread 0x0000000002742800 Uncommon trap: reason=unstable_if action=reinterpret pc=0x00000000030d4a10 method=java.lang.CharacterDataLatin1.toUpperCase(I)I @ 12
Event: 2.532 Thread 0x0000000002742800 Uncommon trap: reason=unstable_if action=reinterpret pc=0x00000000029f1418 method=java.lang.String.startsWith(Ljava/lang/String;I)Z @ 25

Classes redefined (0 events):
No events

Internal exceptions (10 events):
Event: 0.251 Thread 0x0000000002742800 Exception <a 'java/security/PrivilegedActionException'> (0x000000076c254a18) thrown at [C:\jenkins\workspace\8-2-build-windows-amd64-cygwin\jdk8u251\737\hotspot\src\share\vm\prims\jvm.cpp, line 1502]
Event: 0.252 Thread 0x0000000002742800 Exception <a 'java/security/PrivilegedActionException'> (0x000000076c258cf8) thrown at [C:\jenkins\workspace\8-2-build-windows-amd64-cygwin\jdk8u251\737\hotspot\src\share\vm\prims\jvm.cpp, line 1502]
Event: 0.252 Thread 0x0000000002742800 Exception <a 'java/security/PrivilegedActionException'> (0x000000076c2590f0) thrown at [C:\jenkins\workspace\8-2-build-windows-amd64-cygwin\jdk8u251\737\hotspot\src\share\vm\prims\jvm.cpp, line 1502]
Event: 1.809 Thread 0x0000000002742800 Exception <a 'java/io/FileNotFoundException'> (0x000000076dd114d8) thrown at [C:\jenkins\workspace\8-2-build-windows-amd64-cygwin\jdk8u251\737\hotspot\src\share\vm\prims\jni.cpp, line 710]
Event: 1.984 Thread 0x0000000002742800 Exception <a 'java/lang/ArrayIndexOutOfBoundsException': 22087> (0x000000076e8f6cb8) thrown at [C:\jenkins\workspace\8-2-build-windows-amd64-cygwin\jdk8u251\737\hotspot\src\share\vm\interpreter\interpreterRuntime.cpp, line 368]
Event: 2.022 Thread 0x0000000002742800 Exception <a 'java/lang/ArrayIndexOutOfBoundsException'> (0x000000076e980d48) thrown at [C:\jenkins\workspace\8-2-build-windows-amd64-cygwin\jdk8u251\737\hotspot\src\share\vm\runtime\sharedRuntime.cpp, line 605]
Event: 2.022 Thread 0x0000000002742800 Exception <a 'java/lang/ArrayIndexOutOfBoundsException'> (0x000000076e980f88) thrown at [C:\jenkins\workspace\8-2-build-windows-amd64-cygwin\jdk8u251\737\hotspot\src\share\vm\runtime\sharedRuntime.cpp, line 605]
Event: 2.022 Thread 0x0000000002742800 Exception <a 'java/lang/ArrayIndexOutOfBoundsException'> (0x000000076e9811c8) thrown at [C:\jenkins\workspace\8-2-build-windows-amd64-cygwin\jdk8u251\737\hotspot\src\share\vm\runtime\sharedRuntime.cpp, line 605]
Event: 2.032 Thread 0x0000000002742800 Exception <a 'java/lang/ArrayIndexOutOfBoundsException'> (0x000000076e9d5a10) thrown at [C:\jenkins\workspace\8-2-build-windows-amd64-cygwin\jdk8u251\737\hotspot\src\share\vm\runtime\sharedRuntime.cpp, line 605]
Event: 2.042 Thread 0x0000000002742800 Exception <a 'java/lang/IncompatibleClassChangeError': Found class java.lang.Object, but interface was expected> (0x000000076ea29b58) thrown at [C:\jenkins\workspace\8-2-build-windows-amd64-cygwin\jdk8u251\737\hotspot\src\share\vm\interpreter\linkResolver

Events (10 events):
Event: 2.540 loading class sun/security/ec/NamedCurve
Event: 2.540 loading class sun/security/ec/NamedCurve done
Event: 2.541 loading class java/security/spec/ECFieldFp
Event: 2.541 loading class java/security/spec/ECFieldFp done
Event: 2.541 loading class java/security/spec/EllipticCurve
Event: 2.541 loading class java/security/spec/EllipticCurve done
Event: 2.541 loading class java/security/spec/ECPoint
Event: 2.541 loading class java/security/spec/ECPoint done
Event: 2.544 loading class java/security/spec/ECFieldF2m
Event: 2.544 loading class java/security/spec/ECFieldF2m done


Dynamic libraries:
0x00007ff6586c0000 - 0x00007ff6586f7000 	C:\Program Files\Java\jdk1.8.0_251\bin\java.exe
0x00007ffbe7030000 - 0x00007ffbe7228000 	C:\WINDOWS\SYSTEM32\ntdll.dll
0x00007ffbe61a0000 - 0x00007ffbe625d000 	C:\WINDOWS\System32\KERNEL32.DLL
0x00007ffbe4750000 - 0x00007ffbe4a1e000 	C:\WINDOWS\System32\KERNELBASE.dll
0x00007ffbe6410000 - 0x00007ffbe64be000 	C:\WINDOWS\System32\ADVAPI32.dll
0x00007ffbe5d40000 - 0x00007ffbe5dde000 	C:\WINDOWS\System32\msvcrt.dll
0x00007ffbe5840000 - 0x00007ffbe58dc000 	C:\WINDOWS\System32\sechost.dll
0x00007ffbe5e40000 - 0x00007ffbe5f65000 	C:\WINDOWS\System32\RPCRT4.dll
0x00007ffbe5f70000 - 0x00007ffbe6110000 	C:\WINDOWS\System32\USER32.dll
0x00007ffbe4c20000 - 0x00007ffbe4c42000 	C:\WINDOWS\System32\win32u.dll
0x00007ffbe6170000 - 0x00007ffbe619a000 	C:\WINDOWS\System32\GDI32.dll
0x00007ffbe4b10000 - 0x00007ffbe4c1b000 	C:\WINDOWS\System32\gdi32full.dll
0x00007ffbe4a70000 - 0x00007ffbe4b0d000 	C:\WINDOWS\System32\msvcp_win.dll
0x00007ffbe4f00000 - 0x00007ffbe5000000 	C:\WINDOWS\System32\ucrtbase.dll
0x00007ffbcd7c0000 - 0x00007ffbcda5a000 	C:\WINDOWS\WinSxS\amd64_microsoft.windows.common-controls_6595b64144ccf1df_6.0.19041.1110_none_60b5254171f9507e\COMCTL32.dll
0x00007ffbe5c40000 - 0x00007ffbe5c70000 	C:\WINDOWS\System32\IMM32.DLL
0x0000000076e20000 - 0x0000000076ef2000 	C:\Program Files\Java\jdk1.8.0_251\jre\bin\msvcr100.dll
0x000000006fc40000 - 0x00000000704eb000 	C:\Program Files\Java\jdk1.8.0_251\jre\bin\server\jvm.dll
0x00007ffbe5a70000 - 0x00007ffbe5a78000 	C:\WINDOWS\System32\PSAPI.DLL
0x00007ffbcf9d0000 - 0x00007ffbcf9d9000 	C:\WINDOWS\SYSTEM32\WSOCK32.dll
0x00007ffbdb380000 - 0x00007ffbdb38a000 	C:\WINDOWS\SYSTEM32\VERSION.dll
0x00007ffbdaf40000 - 0x00007ffbdaf67000 	C:\WINDOWS\SYSTEM32\WINMM.dll
0x00007ffbe5a80000 - 0x00007ffbe5aeb000 	C:\WINDOWS\System32\WS2_32.dll
0x00007ffbdbce0000 - 0x00007ffbdbcef000 	C:\Program Files\Java\jdk1.8.0_251\jre\bin\verify.dll
0x00007ffbdb160000 - 0x00007ffbdb189000 	C:\Program Files\Java\jdk1.8.0_251\jre\bin\java.dll
0x00007ffbdbc80000 - 0x00007ffbdbc96000 	C:\Program Files\Java\jdk1.8.0_251\jre\bin\zip.dll
0x00007ffbe5090000 - 0x00007ffbe57d4000 	C:\WINDOWS\System32\SHELL32.dll
0x00007ffbe2370000 - 0x00007ffbe2b04000 	C:\WINDOWS\SYSTEM32\windows.storage.dll
0x00007ffbe6c30000 - 0x00007ffbe6f84000 	C:\WINDOWS\System32\combase.dll
0x00007ffbe4140000 - 0x00007ffbe4170000 	C:\WINDOWS\SYSTEM32\Wldp.dll
0x00007ffbe64e0000 - 0x00007ffbe658d000 	C:\WINDOWS\System32\SHCORE.dll
0x00007ffbe6f90000 - 0x00007ffbe6fe5000 	C:\WINDOWS\System32\shlwapi.dll
0x00007ffbe4690000 - 0x00007ffbe46af000 	C:\WINDOWS\SYSTEM32\profapi.dll
0x00007ffbd77c0000 - 0x00007ffbd77da000 	C:\Program Files\Java\jdk1.8.0_251\jre\bin\net.dll
0x00007ffbe3e20000 - 0x00007ffbe3e8a000 	C:\WINDOWS\system32\mswsock.dll
0x00007ffbd71b0000 - 0x00007ffbd71c2000 	C:\Program Files\Java\jdk1.8.0_251\jre\bin\nio.dll
0x00007ffbd84f0000 - 0x00007ffbd8514000 	C:\Program Files\Java\jdk1.8.0_251\jre\bin\sunec.dll

VM Arguments:
java_command: s3m.jar C:\UFPE\miningframework\SOOTAnalysisOutput\spring-framework\dc5807ea51b189acc7090036f9b5a4732280139a\org\springframework\cglib\core\ReflectUtils\left.java C:\UFPE\miningframework\SOOTAnalysisOutput\spring-framework\dc5807ea51b189acc7090036f9b5a4732280139a\org\springframework\cglib\core\ReflectUtils\base.java C:\UFPE\miningframework\SOOTAnalysisOutput\spring-framework\dc5807ea51b189acc7090036f9b5a4732280139a\org\springframework\cglib\core\ReflectUtils\right.java -o C:\UFPE\miningframework\SOOTAnalysisOutput\spring-framework\dc5807ea51b189acc7090036f9b5a4732280139a\org\springframework\cglib\core\ReflectUtils\SimpleInitializationBlockHandler.java --handle-initialization-blocks true --handle-initialization-blocks-multiple-blocks false
java_class_path (initial): s3m.jar
Launcher Type: SUN_STANDARD

Environment Variables:
JAVA_HOME=C:\Program Files\Java\jdk1.8.0_291
PATH=C:\Program Files\Common Files\Oracle\Java\javapath;C:\Program Files (x86)\Common Files\Oracle\Java\javapath;C:\Windows\system32;C:\Windows;C:\Windows\System32\Wbem;C:\Windows\System32\WindowsPowerShell\v1.0\;C:\Windows\System32\OpenSSH\;C:\Program Files (x86)\NVIDIA Corporation\PhysX\Common;C:\Program Files\NVIDIA Corporation\NVIDIA NvDLISR;C:\Program Files (x86)\Groovy\bin;C:\Program Files (x86)\GnuWin32\bin;C:\UFPE\maven\apache-maven-3.6.3\bin;C:\WINDOWS\system32;C:\WINDOWS;C:\WINDOWS\System32\Wbem;C:\WINDOWS\System32\WindowsPowerShell\v1.0\;C:\WINDOWS\System32\OpenSSH\;C:\Program Files\Git\cmd;C:\Program Files\dotnet\;C:\Users\leona\AppData\Local\Microsoft\WindowsApps;C:\Program Files\Java\jdk-11.0.15\bin;C:\UFPE\maven\apache-maven-3.6.3\bin;C:\Users\leona\AppData\Local\GitHubDesktop\bin;C:\Users\leona\AppData\Local\Programs\Microsoft VS Code\bin;C:\Program Files\JetBrains\IntelliJ IDEA Community Edition 2020.2.3\bin;;C:\Program Files (x86)\GnuWin32\bin;C:\Users\leona\AppData\Local\Microsoft\WindowsApps;C:\flutter\flutter\bin;C:\gradle\bin;
USERNAME=leona
OS=Windows_NT
PROCESSOR_IDENTIFIER=Intel64 Family 6 Model 142 Stepping 12, GenuineIntel



---------------  S Y S T E M  ---------------

OS: Windows 10.0 , 64 bit Build 19041 (10.0.19041.1806)

CPU:total 8 (initial active 8) (4 cores per cpu, 2 threads per core) family 6 model 142 stepping 12, cmov, cx8, fxsr, mmx, sse, sse2, sse3, ssse3, sse4.1, sse4.2, popcnt, avx, avx2, aes, clmul, erms, 3dnowpref, lzcnt, ht, tsc, tscinvbit, bmi1, bmi2, adx

Memory: 4k page, physical 16556280k(1736288k free), swap 45608436k(5132k free)

vm_info: Java HotSpot(TM) 64-Bit Server VM (25.251-b08) for windows-amd64 JRE (1.8.0_251-b08), built on Mar 12 2020 06:31:49 by "" with MS VC++ 10.0 (VS2010)

time: Thu Jul 21 14:53:44 2022
timezone: Hora Padrão de Buenos Aires
elapsed time: 2 seconds (0d 0h 0m 2s)

