#
# There is insufficient memory for the Java Runtime Environment to continue.
# Native memory allocation (malloc) failed to allocate 131088 bytes for Chunk::new
# Possible reasons:
#   The system is out of physical RAM or swap space
#   The process is running with CompressedOops enabled, and the Java Heap may be blocking the growth of the native heap
# Possible solutions:
#   Reduce memory load on the system
#   Increase physical memory or swap space
#   Check if swap backing store is full
#   Decrease Java heap size (-Xmx/-Xms)
#   Decrease number of Java threads
#   Decrease Java thread stack sizes (-Xss)
#   Set larger code cache with -XX:ReservedCodeCacheSize=
#   JVM is running with Zero Based Compressed Oops mode in which the Java heap is
#     placed in the first 32GB address space. The Java Heap base address is the
#     maximum limit for the native heap growth. Please use -XX:HeapBaseMinAddress
#     to set the Java Heap base and to place the Java Heap above 32GB virtual address.
# This output file may be truncated or incomplete.
#
#  Out of Memory Error (allocation.cpp:389), pid=157428, tid=0x00000000000268f4
#
# JRE version: Java(TM) SE Runtime Environment (8.0_251-b08) (build 1.8.0_251-b08)
# Java VM: Java HotSpot(TM) 64-Bit Server VM (25.251-b08 mixed mode windows-amd64 compressed oops)
# Failed to write core dump. Minidumps are not enabled by default on client versions of Windows
#

---------------  T H R E A D  ---------------

Current thread (0x000000001e274800):  JavaThread "C2 CompilerThread2" daemon [_thread_in_native, id=157940, stack(0x000000001ed60000,0x000000001ee60000)]

Stack: [0x000000001ed60000,0x000000001ee60000]
[error occurred during error reporting (printing stack bounds), id 0xc0000005]

Native frames: (J=compiled Java code, j=interpreted, Vv=VM code, C=native code)


Current CompileTask:
C2:   6828 2164       4       org.eclipse.jdt.internal.compiler.parser.Parser::consumeToken (2061 bytes)


---------------  P R O C E S S  ---------------

Java Threads: ( => current thread )
  0x000000001e2fe800 JavaThread "Service Thread" daemon [_thread_blocked, id=157904, stack(0x000000001ef60000,0x000000001f060000)]
  0x000000001e27a000 JavaThread "C1 CompilerThread3" daemon [_thread_blocked, id=130444, stack(0x000000001ee60000,0x000000001ef60000)]
=>0x000000001e274800 JavaThread "C2 CompilerThread2" daemon [_thread_in_native, id=157940, stack(0x000000001ed60000,0x000000001ee60000)]
  0x000000001e270800 JavaThread "C2 CompilerThread1" daemon [_thread_in_native, id=135220, stack(0x000000001ec60000,0x000000001ed60000)]
  0x000000001e26c000 JavaThread "C2 CompilerThread0" daemon [_thread_in_native, id=152500, stack(0x000000001eb60000,0x000000001ec60000)]
  0x000000001e268800 JavaThread "Attach Listener" daemon [_thread_blocked, id=155840, stack(0x000000001ea60000,0x000000001eb60000)]
  0x000000001e266000 JavaThread "Signal Dispatcher" daemon [_thread_blocked, id=10904, stack(0x000000001e960000,0x000000001ea60000)]
  0x000000001e261800 JavaThread "Finalizer" daemon [_thread_blocked, id=145440, stack(0x000000001e740000,0x000000001e840000)]
  0x000000001e260800 JavaThread "Reference Handler" daemon [_thread_blocked, id=152220, stack(0x000000001e640000,0x000000001e740000)]
  0x0000000002a62800 JavaThread "main" [_thread_in_vm, id=157464, stack(0x00000000028c0000,0x00000000029c0000)]

Other Threads:
  0x000000001c449000 VMThread [stack: 0x000000001e140000,0x000000001e240000] [id=106904]
  0x000000001e329800 WatcherThread [stack: 0x000000001f060000,0x000000001f160000] [id=155620]

VM state:not at safepoint (normal execution)

VM Mutex/Monitor currently owned by a thread: None

heap address: 0x00000006c3e00000, size: 4034 MB, Compressed Oops mode: Zero based, Oop shift amount: 3
Narrow klass base: 0x0000000000000000, Narrow klass shift: 3
Compressed class space size: 1073741824 Address: 0x00000007c0000000

Heap:
 PSYoungGen      total 1333760K, used 220555K [0x000000076bf80000, 0x00000007c0000000, 0x00000007c0000000)
  eden space 1329152K, 16% used [0x000000076bf80000,0x0000000779282e10,0x00000007bd180000)
  from space 4608K, 97% used [0x00000007bd180000,0x00000007bd5e0000,0x00000007bd600000)
  to   space 5120K, 0% used [0x00000007bfb00000,0x00000007bfb00000,0x00000007c0000000)
 ParOldGen       total 173568K, used 15053K [0x00000006c3e00000, 0x00000006ce780000, 0x000000076bf80000)
  object space 173568K, 8% used [0x00000006c3e00000,0x00000006c4cb3668,0x00000006ce780000)
 Metaspace       used 15468K, capacity 15686K, committed 15872K, reserved 1071104K
  class space    used 1449K, capacity 1521K, committed 1536K, reserved 1048576K

Card table byte_map: [0x0000000011f20000,0x0000000012710000] byte_map_base: 0x000000000e901000

Marking Bits: (ParMarkBitMap*) 0x0000000074c9af90
 Begin Bits: [0x0000000013460000, 0x0000000017368000)
 End Bits:   [0x0000000017368000, 0x000000001b270000)

Polling page: 0x0000000000aa0000

CodeCache: size=245760Kb used=11229Kb max_used=11675Kb free=234530Kb
 bounds [0x0000000002b60000, 0x0000000003700000, 0x0000000011b60000]
 total_blobs=2414 nmethods=2015 adapters=310
 compilation: disabled (not enough contiguous free space left)

Compilation events (10 events):
Event: 6.793 Thread 0x000000001e27a000 nmethod 2151 0x0000000002dafc10 code [0x0000000002db0760, 0x0000000002db9ff8]
Event: 6.793 Thread 0x000000001e27a000 2139       3       org.eclipse.jdt.internal.compiler.parser.Parser::ntAction (8 bytes)
Event: 6.793 Thread 0x000000001e27a000 nmethod 2139 0x0000000002cd4890 code [0x0000000002cd49e0, 0x0000000002cd4b50]
Event: 6.793 Thread 0x000000001e27a000 2140       3       org.eclipse.jdt.internal.compiler.parser.Parser::consumeRule (7138 bytes)
Event: 6.802 Thread 0x000000001e274800 2156       4       org.eclipse.jdt.internal.compiler.parser.Parser::actFromTokenOrSynthetic (9 bytes)
Event: 6.803 Thread 0x000000001e26c000 2158       4       org.eclipse.jdt.internal.compiler.parser.Scanner::scanIdentifierOrKeyword (196 bytes)
Event: 6.804 Thread 0x000000001e274800 nmethod 2156 0x0000000002cf9d90 code [0x0000000002cf9ee0, 0x0000000002cfa018]
Event: 6.807 Thread 0x000000001e26c000 nmethod 2158 0x0000000002e7e510 code [0x0000000002e7e660, 0x0000000002e7e968]
Event: 6.822 Thread 0x000000001e270800 2163   !   4       org.eclipse.jdt.internal.compiler.parser.Scanner::getNextToken0 (3678 bytes)
Event: 6.822 Thread 0x000000001e274800 2164       4       org.eclipse.jdt.internal.compiler.parser.Parser::consumeToken (2061 bytes)

GC Heap History (10 events):
Event: 2.994 GC heap before
{Heap before GC invocations=9 (full 0):
 PSYoungGen      total 523776K, used 521504K [0x000000076bf80000, 0x000000078c380000, 0x00000007c0000000)
  eden space 519168K, 100% used [0x000000076bf80000,0x000000078ba80000,0x000000078ba80000)
  from space 4608K, 50% used [0x000000078bf00000,0x000000078c148000,0x000000078c380000)
  to   space 4608K, 0% used [0x000000078ba80000,0x000000078ba80000,0x000000078bf00000)
 ParOldGen       total 173568K, used 3177K [0x00000006c3e00000, 0x00000006ce780000, 0x000000076bf80000)
  object space 173568K, 1% used [0x00000006c3e00000,0x00000006c411a750,0x00000006ce780000)
 Metaspace       used 9302K, capacity 9486K, committed 9856K, reserved 1058816K
  class space    used 958K, capacity 1033K, committed 1152K, reserved 1048576K
Event: 3.002 GC heap after
Heap after GC invocations=9 (full 0):
 PSYoungGen      total 523776K, used 3488K [0x000000076bf80000, 0x000000079f400000, 0x00000007c0000000)
  eden space 519168K, 0% used [0x000000076bf80000,0x000000076bf80000,0x000000078ba80000)
  from space 4608K, 75% used [0x000000078ba80000,0x000000078bde8000,0x000000078bf00000)
  to   space 4608K, 0% used [0x000000079ef80000,0x000000079ef80000,0x000000079f400000)
 ParOldGen       total 173568K, used 3969K [0x00000006c3e00000, 0x00000006ce780000, 0x000000076bf80000)
  object space 173568K, 2% used [0x00000006c3e00000,0x00000006c41e0750,0x00000006ce780000)
 Metaspace       used 9302K, capacity 9486K, committed 9856K, reserved 1058816K
  class space    used 958K, capacity 1033K, committed 1152K, reserved 1048576K
}
Event: 3.552 GC heap before
{Heap before GC invocations=10 (full 0):
 PSYoungGen      total 523776K, used 522656K [0x000000076bf80000, 0x000000079f400000, 0x00000007c0000000)
  eden space 519168K, 100% used [0x000000076bf80000,0x000000078ba80000,0x000000078ba80000)
  from space 4608K, 75% used [0x000000078ba80000,0x000000078bde8000,0x000000078bf00000)
  to   space 4608K, 0% used [0x000000079ef80000,0x000000079ef80000,0x000000079f400000)
 ParOldGen       total 173568K, used 3969K [0x00000006c3e00000, 0x00000006ce780000, 0x000000076bf80000)
  object space 173568K, 2% used [0x00000006c3e00000,0x00000006c41e0750,0x00000006ce780000)
 Metaspace       used 9353K, capacity 9550K, committed 9856K, reserved 1058816K
  class space    used 958K, capacity 1033K, committed 1152K, reserved 1048576K
Event: 3.558 GC heap after
Heap after GC invocations=10 (full 0):
 PSYoungGen      total 835072K, used 3936K [0x000000076bf80000, 0x000000079f500000, 0x00000007c0000000)
  eden space 830464K, 0% used [0x000000076bf80000,0x000000076bf80000,0x000000079ea80000)
  from space 4608K, 85% used [0x000000079ef80000,0x000000079f358020,0x000000079f400000)
  to   space 5120K, 0% used [0x000000079ea80000,0x000000079ea80000,0x000000079ef80000)
 ParOldGen       total 173568K, used 5465K [0x00000006c3e00000, 0x00000006ce780000, 0x000000076bf80000)
  object space 173568K, 3% used [0x00000006c3e00000,0x00000006c4356750,0x00000006ce780000)
 Metaspace       used 9353K, capacity 9550K, committed 9856K, reserved 1058816K
  class space    used 958K, capacity 1033K, committed 1152K, reserved 1048576K
}
Event: 4.351 GC heap before
{Heap before GC invocations=11 (full 0):
 PSYoungGen      total 835072K, used 834400K [0x000000076bf80000, 0x000000079f500000, 0x00000007c0000000)
  eden space 830464K, 100% used [0x000000076bf80000,0x000000079ea80000,0x000000079ea80000)
  from space 4608K, 85% used [0x000000079ef80000,0x000000079f358020,0x000000079f400000)
  to   space 5120K, 0% used [0x000000079ea80000,0x000000079ea80000,0x000000079ef80000)
 ParOldGen       total 173568K, used 5465K [0x00000006c3e00000, 0x00000006ce780000, 0x000000076bf80000)
  object space 173568K, 3% used [0x00000006c3e00000,0x00000006c4356750,0x00000006ce780000)
 Metaspace       used 9360K, capacity 9550K, committed 9856K, reserved 1058816K
  class space    used 958K, capacity 1033K, committed 1152K, reserved 1048576K
Event: 4.357 GC heap after
Heap after GC invocations=11 (full 0):
 PSYoungGen      total 835584K, used 2656K [0x000000076bf80000, 0x00000007bdb80000, 0x00000007c0000000)
  eden space 830464K, 0% used [0x000000076bf80000,0x000000076bf80000,0x000000079ea80000)
  from space 5120K, 51% used [0x000000079ea80000,0x000000079ed18000,0x000000079ef80000)
  to   space 5120K, 0% used [0x00000007bd680000,0x00000007bd680000,0x00000007bdb80000)
 ParOldGen       total 173568K, used 9299K [0x00000006c3e00000, 0x00000006ce780000, 0x000000076bf80000)
  object space 173568K, 5% used [0x00000006c3e00000,0x00000006c4714db8,0x00000006ce780000)
 Metaspace       used 9360K, capacity 9550K, committed 9856K, reserved 1058816K
  class space    used 958K, capacity 1033K, committed 1152K, reserved 1048576K
}
Event: 4.878 GC heap before
{Heap before GC invocations=12 (full 0):
 PSYoungGen      total 835584K, used 833120K [0x000000076bf80000, 0x00000007bdb80000, 0x00000007c0000000)
  eden space 830464K, 100% used [0x000000076bf80000,0x000000079ea80000,0x000000079ea80000)
  from space 5120K, 51% used [0x000000079ea80000,0x000000079ed18000,0x000000079ef80000)
  to   space 5120K, 0% used [0x00000007bd680000,0x00000007bd680000,0x00000007bdb80000)
 ParOldGen       total 173568K, used 9299K [0x00000006c3e00000, 0x00000006ce780000, 0x000000076bf80000)
  object space 173568K, 5% used [0x00000006c3e00000,0x00000006c4714db8,0x00000006ce780000)
 Metaspace       used 9371K, capacity 9550K, committed 9856K, reserved 1058816K
  class space    used 958K, capacity 1033K, committed 1152K, reserved 1048576K
Event: 4.884 GC heap after
Heap after GC invocations=12 (full 0):
 PSYoungGen      total 1333248K, used 3264K [0x000000076bf80000, 0x00000007bda80000, 0x00000007c0000000)
  eden space 1329152K, 0% used [0x000000076bf80000,0x000000076bf80000,0x00000007bd180000)
  from space 4096K, 79% used [0x00000007bd680000,0x00000007bd9b0020,0x00000007bda80000)
  to   space 4608K, 0% used [0x00000007bd180000,0x00000007bd180000,0x00000007bd600000)
 ParOldGen       total 173568K, used 11851K [0x00000006c3e00000, 0x00000006ce780000, 0x000000076bf80000)
  object space 173568K, 6% used [0x00000006c3e00000,0x00000006c4992ec8,0x00000006ce780000)
 Metaspace       used 9371K, capacity 9550K, committed 9856K, reserved 1058816K
  class space    used 958K, capacity 1033K, committed 1152K, reserved 1048576K
}
Event: 6.165 GC heap before
{Heap before GC invocations=13 (full 0):
 PSYoungGen      total 1333248K, used 1332416K [0x000000076bf80000, 0x00000007bda80000, 0x00000007c0000000)
  eden space 1329152K, 100% used [0x000000076bf80000,0x00000007bd180000,0x00000007bd180000)
  from space 4096K, 79% used [0x00000007bd680000,0x00000007bd9b0020,0x00000007bda80000)
  to   space 4608K, 0% used [0x00000007bd180000,0x00000007bd180000,0x00000007bd600000)
 ParOldGen       total 173568K, used 11851K [0x00000006c3e00000, 0x00000006ce780000, 0x000000076bf80000)
  object space 173568K, 6% used [0x00000006c3e00000,0x00000006c4992ec8,0x00000006ce780000)
 Metaspace       used 9378K, capacity 9550K, committed 9856K, reserved 1058816K
  class space    used 958K, capacity 1033K, committed 1152K, reserved 1048576K
Event: 6.174 GC heap after
Heap after GC invocations=13 (full 0):
 PSYoungGen      total 1333760K, used 4480K [0x000000076bf80000, 0x00000007c0000000, 0x00000007c0000000)
  eden space 1329152K, 0% used [0x000000076bf80000,0x000000076bf80000,0x00000007bd180000)
  from space 4608K, 97% used [0x00000007bd180000,0x00000007bd5e0000,0x00000007bd600000)
  to   space 5120K, 0% used [0x00000007bfb00000,0x00000007bfb00000,0x00000007c0000000)
 ParOldGen       total 173568K, used 15053K [0x00000006c3e00000, 0x00000006ce780000, 0x000000076bf80000)
  object space 173568K, 8% used [0x00000006c3e00000,0x00000006c4cb3668,0x00000006ce780000)
 Metaspace       used 9378K, capacity 9550K, committed 9856K, reserved 1058816K
  class space    used 958K, capacity 1033K, committed 1152K, reserved 1048576K
}

Deoptimization events (10 events):
Event: 6.317 Thread 0x0000000002a62800 Uncommon trap: reason=class_check action=maybe_recompile pc=0x0000000002f34d08 method=org.eclipse.jgit.diff.SubsequenceComparator.equals(Lorg/eclipse/jgit/diff/Subsequence;ILorg/eclipse/jgit/diff/Subsequence;I)Z @ 25
Event: 6.382 Thread 0x0000000002a62800 Uncommon trap: reason=unstable_if action=reinterpret pc=0x000000000300e588 method=java.util.regex.Pattern.sequence(Ljava/util/regex/Pattern$Node;)Ljava/util/regex/Pattern$Node; @ 388
Event: 6.382 Thread 0x0000000002a62800 Uncommon trap: reason=unstable_if action=reinterpret pc=0x0000000002fca7e0 method=java.util.regex.Pattern.closure(Ljava/util/regex/Pattern$Node;)Ljava/util/regex/Pattern$Node; @ 113
Event: 6.382 Thread 0x0000000002a62800 Uncommon trap: reason=unstable_if action=reinterpret pc=0x000000000300e4c8 method=java.util.regex.Pattern.sequence(Ljava/util/regex/Pattern$Node;)Ljava/util/regex/Pattern$Node; @ 151
Event: 6.382 Thread 0x0000000002a62800 Uncommon trap: reason=unstable_if action=reinterpret pc=0x00000000030289f0 method=java.util.regex.Pattern.expr(Ljava/util/regex/Pattern$Node;)Ljava/util/regex/Pattern$Node; @ 129
Event: 6.421 Thread 0x0000000002a62800 Uncommon trap: reason=class_check action=maybe_recompile pc=0x0000000002d5a724 method=java.util.stream.ReduceOps$3ReducingSink.accept(Ljava/lang/Object;)V @ 9
Event: 6.421 Thread 0x0000000002a62800 Uncommon trap: reason=class_check action=maybe_recompile pc=0x0000000002d5a724 method=java.util.stream.ReduceOps$3ReducingSink.accept(Ljava/lang/Object;)V @ 9
Event: 6.421 Thread 0x0000000002a62800 Uncommon trap: reason=class_check action=maybe_recompile pc=0x0000000002d5a724 method=java.util.stream.ReduceOps$3ReducingSink.accept(Ljava/lang/Object;)V @ 9
Event: 6.421 Thread 0x0000000002a62800 Uncommon trap: reason=class_check action=maybe_recompile pc=0x0000000002d5a724 method=java.util.stream.ReduceOps$3ReducingSink.accept(Ljava/lang/Object;)V @ 9
Event: 6.425 Thread 0x0000000002a62800 Uncommon trap: reason=unstable_if action=reinterpret pc=0x0000000002ff538c method=java.util.regex.Pattern.RemoveQEQuoting()V @ 41

Classes redefined (0 events):
No events

Internal exceptions (10 events):
Event: 0.187 Thread 0x0000000002a62800 Exception <a 'java/lang/NoSuchFieldError': method resolution failed> (0x000000076c25dad8) thrown at [C:\jenkins\workspace\8-2-build-windows-amd64-cygwin\jdk8u251\737\hotspot\src\share\vm\prims\methodHandles.cpp, line 1167]
Event: 0.213 Thread 0x0000000002a62800 Exception <a 'sun/nio/fs/WindowsException'> (0x000000076c2dc348) thrown at [C:\jenkins\workspace\8-2-build-windows-amd64-cygwin\jdk8u251\737\hotspot\src\share\vm\prims\jni.cpp, line 710]
Event: 0.292 Thread 0x0000000002a62800 Exception <a 'java/lang/ArrayIndexOutOfBoundsException'> (0x000000076c461380) thrown at [C:\jenkins\workspace\8-2-build-windows-amd64-cygwin\jdk8u251\737\hotspot\src\share\vm\runtime\sharedRuntime.cpp, line 605]
Event: 0.292 Thread 0x0000000002a62800 Exception <a 'java/lang/ArrayIndexOutOfBoundsException'> (0x000000076c462288) thrown at [C:\jenkins\workspace\8-2-build-windows-amd64-cygwin\jdk8u251\737\hotspot\src\share\vm\runtime\sharedRuntime.cpp, line 605]
Event: 0.383 Thread 0x0000000002a62800 Exception <a 'java/security/PrivilegedActionException'> (0x000000076c8be9d0) thrown at [C:\jenkins\workspace\8-2-build-windows-amd64-cygwin\jdk8u251\737\hotspot\src\share\vm\prims\jvm.cpp, line 1502]
Event: 0.383 Thread 0x0000000002a62800 Exception <a 'java/security/PrivilegedActionException'> (0x000000076c8bedc8) thrown at [C:\jenkins\workspace\8-2-build-windows-amd64-cygwin\jdk8u251\737\hotspot\src\share\vm\prims\jvm.cpp, line 1502]
Event: 0.383 Thread 0x0000000002a62800 Exception <a 'java/security/PrivilegedActionException'> (0x000000076c8c30a8) thrown at [C:\jenkins\workspace\8-2-build-windows-amd64-cygwin\jdk8u251\737\hotspot\src\share\vm\prims\jvm.cpp, line 1502]
Event: 0.383 Thread 0x0000000002a62800 Exception <a 'java/security/PrivilegedActionException'> (0x000000076c8c34a0) thrown at [C:\jenkins\workspace\8-2-build-windows-amd64-cygwin\jdk8u251\737\hotspot\src\share\vm\prims\jvm.cpp, line 1502]
Event: 0.653 Thread 0x0000000002a62800 Implicit null exception at 0x0000000002e7dbd1 to 0x0000000002e7dbfd
Event: 6.587 Thread 0x0000000002a62800 Exception <a 'java/io/FileNotFoundException'> (0x0000000777b1d470) thrown at [C:\jenkins\workspace\8-2-build-windows-amd64-cygwin\jdk8u251\737\hotspot\src\share\vm\prims\jni.cpp, line 710]

Events (10 events):
Event: 6.808 loading class org/eclipse/jdt/internal/compiler/ast/IntLiteralMinValue
Event: 6.808 loading class org/eclipse/jdt/internal/compiler/ast/IntLiteralMinValue done
Event: 6.809 loading class org/eclipse/jdt/internal/compiler/impl/IntConstant
Event: 6.809 loading class org/eclipse/jdt/internal/compiler/impl/IntConstant done
Event: 6.809 loading class org/eclipse/jdt/internal/compiler/impl/Constant
Event: 6.809 loading class org/eclipse/jdt/internal/compiler/impl/Constant done
Event: 6.811 loading class org/eclipse/jdt/internal/compiler/impl/DoubleConstant
Event: 6.811 loading class org/eclipse/jdt/internal/compiler/impl/DoubleConstant done
Event: 6.814 loading class org/eclipse/jdt/internal/compiler/ast/StringLiteralConcatenation
Event: 6.814 loading class org/eclipse/jdt/internal/compiler/ast/StringLiteralConcatenation done


Dynamic libraries:
0x00007ff7939c0000 - 0x00007ff7939f7000 	C:\Program Files\Java\jdk1.8.0_251\bin\java.exe
0x00007ffd09a30000 - 0x00007ffd09c28000 	C:\WINDOWS\SYSTEM32\ntdll.dll
0x00007ffd08070000 - 0x00007ffd0812f000 	C:\WINDOWS\System32\KERNEL32.DLL
0x00007ffd07540000 - 0x00007ffd07812000 	C:\WINDOWS\System32\KERNELBASE.dll
0x00007ffd085a0000 - 0x00007ffd0864e000 	C:\WINDOWS\System32\ADVAPI32.dll
0x00007ffd089c0000 - 0x00007ffd08a5e000 	C:\WINDOWS\System32\msvcrt.dll
0x00007ffd08650000 - 0x00007ffd086ec000 	C:\WINDOWS\System32\sechost.dll
0x00007ffd07d10000 - 0x00007ffd07e35000 	C:\WINDOWS\System32\RPCRT4.dll
0x00007ffd08e70000 - 0x00007ffd09011000 	C:\WINDOWS\System32\USER32.dll
0x00007ffd073d0000 - 0x00007ffd073f2000 	C:\WINDOWS\System32\win32u.dll
0x00007ffd07f70000 - 0x00007ffd07f9b000 	C:\WINDOWS\System32\GDI32.dll
0x00007ffd07120000 - 0x00007ffd0722f000 	C:\WINDOWS\System32\gdi32full.dll
0x00007ffd07820000 - 0x00007ffd078bd000 	C:\WINDOWS\System32\msvcp_win.dll
0x00007ffd07230000 - 0x00007ffd07330000 	C:\WINDOWS\System32\ucrtbase.dll
0x00007ffce8280000 - 0x00007ffce851a000 	C:\WINDOWS\WinSxS\amd64_microsoft.windows.common-controls_6595b64144ccf1df_6.0.19041.1110_none_60b5254171f9507e\COMCTL32.dll
0x00007ffd07ad0000 - 0x00007ffd07b02000 	C:\WINDOWS\System32\IMM32.DLL
0x0000000075ee0000 - 0x0000000075fb2000 	C:\Program Files\Java\jdk1.8.0_251\jre\bin\msvcr100.dll
0x0000000074470000 - 0x0000000074d1b000 	C:\Program Files\Java\jdk1.8.0_251\jre\bin\server\jvm.dll
0x00007ffd07e40000 - 0x00007ffd07e48000 	C:\WINDOWS\System32\PSAPI.DLL
0x00007ffd01200000 - 0x00007ffd01227000 	C:\WINDOWS\SYSTEM32\WINMM.dll
0x00007ffcfd9c0000 - 0x00007ffcfd9ca000 	C:\WINDOWS\SYSTEM32\VERSION.dll
0x00007ffcecb50000 - 0x00007ffcecb59000 	C:\WINDOWS\SYSTEM32\WSOCK32.dll
0x00007ffd097d0000 - 0x00007ffd0983b000 	C:\WINDOWS\System32\WS2_32.dll
0x00007ffcf8240000 - 0x00007ffcf824f000 	C:\Program Files\Java\jdk1.8.0_251\jre\bin\verify.dll
0x00007ffcd0830000 - 0x00007ffcd0859000 	C:\Program Files\Java\jdk1.8.0_251\jre\bin\java.dll
0x00007ffcefb40000 - 0x00007ffcefb56000 	C:\Program Files\Java\jdk1.8.0_251\jre\bin\zip.dll
0x00007ffd09020000 - 0x00007ffd09765000 	C:\WINDOWS\System32\SHELL32.dll
0x00007ffd04d00000 - 0x00007ffd05492000 	C:\WINDOWS\SYSTEM32\windows.storage.dll
0x00007ffd08b10000 - 0x00007ffd08e65000 	C:\WINDOWS\System32\combase.dll
0x00007ffd06b80000 - 0x00007ffd06bb0000 	C:\WINDOWS\SYSTEM32\Wldp.dll
0x00007ffd07ec0000 - 0x00007ffd07f6d000 	C:\WINDOWS\System32\SHCORE.dll
0x00007ffd07e50000 - 0x00007ffd07ea5000 	C:\WINDOWS\System32\shlwapi.dll
0x00007ffd07060000 - 0x00007ffd0707f000 	C:\WINDOWS\SYSTEM32\profapi.dll
0x00007ffce5da0000 - 0x00007ffce5dba000 	C:\Program Files\Java\jdk1.8.0_251\jre\bin\net.dll
0x00007ffd068e0000 - 0x00007ffd0694a000 	C:\WINDOWS\system32\mswsock.dll
0x00007ffcd6df0000 - 0x00007ffcd6e02000 	C:\Program Files\Java\jdk1.8.0_251\jre\bin\nio.dll

VM Arguments:
java_command: s3m.jar C:\UFPE\miningframework\SOOTAnalysisOutput\hive\7f3ba41332bc7cbcab56c72a4e1f623fa884316a\org\apache\hadoop\hive\ql\exec\Utilities\left.java C:\UFPE\miningframework\SOOTAnalysisOutput\hive\7f3ba41332bc7cbcab56c72a4e1f623fa884316a\org\apache\hadoop\hive\ql\exec\Utilities\base.java C:\UFPE\miningframework\SOOTAnalysisOutput\hive\7f3ba41332bc7cbcab56c72a4e1f623fa884316a\org\apache\hadoop\hive\ql\exec\Utilities\right.java -o C:\UFPE\miningframework\SOOTAnalysisOutput\hive\7f3ba41332bc7cbcab56c72a4e1f623fa884316a\org\apache\hadoop\hive\ql\exec\Utilities\SimpleInitializationBlockHandler.java --handle-initialization-blocks true --handle-initialization-blocks-multiple-blocks false
java_class_path (initial): s3m.jar
Launcher Type: SUN_STANDARD

Environment Variables:
JAVA_HOME=C:\Program Files\Java\jdk1.8.0_291
PATH=C:\Program Files\Common Files\Oracle\Java\javapath;C:\Program Files (x86)\Common Files\Oracle\Java\javapath;C:\Windows\system32;C:\Windows;C:\Windows\System32\Wbem;C:\Windows\System32\WindowsPowerShell\v1.0\;C:\Windows\System32\OpenSSH\;C:\Program Files (x86)\NVIDIA Corporation\PhysX\Common;C:\Program Files\NVIDIA Corporation\NVIDIA NvDLISR;C:\Program Files (x86)\Groovy\bin;C:\Program Files (x86)\GnuWin32\bin;C:\UFPE\maven\apache-maven-3.6.3\bin;C:\WINDOWS\system32;C:\WINDOWS;C:\WINDOWS\System32\Wbem;C:\WINDOWS\System32\WindowsPowerShell\v1.0\;C:\WINDOWS\System32\OpenSSH\;C:\Program Files\Git\cmd;C:\Program Files\dotnet\;C:\Users\leona\AppData\Local\Microsoft\WindowsApps;C:\Program Files\Java\jdk-11.0.15\bin;C:\UFPE\maven\apache-maven-3.6.3\bin;C:\Users\leona\AppData\Local\GitHubDesktop\bin;C:\Users\leona\AppData\Local\Programs\Microsoft VS Code\bin;C:\Program Files\JetBrains\IntelliJ IDEA Community Edition 2020.2.3\bin;;C:\Program Files (x86)\GnuWin32\bin;C:\Users\leona\AppData\Local\Microsoft\WindowsApps;C:\flutter\flutter\bin;C:\gradle\bin;
USERNAME=leona
OS=Windows_NT
PROCESSOR_IDENTIFIER=Intel64 Family 6 Model 142 Stepping 12, GenuineIntel



---------------  S Y S T E M  ---------------

OS: Windows 10.0 , 64 bit Build 19041 (10.0.19041.2546)

CPU:total 8 (initial active 8) (4 cores per cpu, 2 threads per core) family 6 model 142 stepping 12, cmov, cx8, fxsr, mmx, sse, sse2, sse3, ssse3, sse4.1, sse4.2, popcnt, avx, avx2, aes, clmul, erms, 3dnowpref, lzcnt, ht, tsc, tscinvbit, bmi1, bmi2, adx

Memory: 4k page, physical 16521856k(1299576k free), swap 45574012k(5168k free)

vm_info: Java HotSpot(TM) 64-Bit Server VM (25.251-b08) for windows-amd64 JRE (1.8.0_251-b08), built on Mar 12 2020 06:31:49 by "" with MS VC++ 10.0 (VS2010)

time: Tue Mar 07 02:07:06 2023
timezone: Hora Padrão de Buenos Aires
elapsed time: 6 seconds (0d 0h 0m 6s)

